#
# A fatal error has been detected by the Java Runtime Environment:
#
#  EXCEPTION_ACCESS_VIOLATION (0xc0000005) at pc=0x0000029be6c81724, pid=14448, tid=13020
#
# JRE version: Java(TM) SE Runtime Environment (20.0+36) (build 20+36-2344)
# Java VM: Java HotSpot(TM) 64-Bit Server VM (20+36-2344, mixed mode, emulated-client, sharing, tiered, compressed oops, compressed class ptrs, g1 gc, windows-amd64)
# Problematic frame:
# v  ~BufferBlob::MethodHandles adapters 0x0000029be6c81724
#
# No core dump will be written. Minidumps are not enabled by default on client versions of Windows
#
# If you would like to submit a bug report, please visit:
#   https://bugreport.java.com/bugreport/crash.jsp
#

---------------  S U M M A R Y ------------

Command Line: -XX:+ShowCodeDetailsInExceptionMessages -agentlib:jdwp=transport=dt_socket,suspend=y,address=localhost:55782 -Dcom.sun.management.jmxremote -Dcom.sun.management.jmxremote.port=55781 -Dcom.sun.management.jmxremote.authenticate=false -Dcom.sun.management.jmxremote.ssl=false -Djava.rmi.server.hostname=localhost -Dspring.jmx.enabled=true -Dmanagement.endpoints.jmx.exposure.include=* -Dspring.application.admin.enabled=true -XX:TieredStopAtLevel=1 -Dspring.boot.project.name=enkai -javaagent:C:\pleiades\eclipse\configuration\org.eclipse.osgi\231\0\.cp\lib\javaagent-shaded.jar -Dfile.encoding=UTF-8 com.example.demo.EnkaiApplication --spring.output.ansi.enabled=always

Host: 11th Gen Intel(R) Core(TM) i5-1135G7 @ 2.40GHz, 8 cores, 15G,  Windows 10 , 64 bit Build 19041 (10.0.19041.2913)
Time: Mon Jun 12 15:36:35 2023  Windows 10 , 64 bit Build 19041 (10.0.19041.2913) elapsed time: 794.461196 seconds (0d 0h 13m 14s)

---------------  T H R E A D  ---------------

Current thread (0x0000029bf7a002a0):  JavaThread "http-nio-8080-exec-7" daemon [_thread_in_Java, id=13020, stack(0x000000ec5da00000,0x000000ec5db00000)]

Stack: [0x000000ec5da00000,0x000000ec5db00000],  sp=0x000000ec5dafb168,  free space=1004k
Native frames: (J=compiled Java code, j=interpreted, Vv=VM code, C=native code)
C  0x0000029be6c81724


siginfo: EXCEPTION_ACCESS_VIOLATION (0xc0000005), reading address 0x00000010f3d8444e


Registers:
RAX=0x0000029be6c4ebb6, RBX=0x000000070aa000d8, RCX=0x000000ec5dafb180, RDX=0x0000000000000004
RSP=0x000000ec5dafb168, RBP=0x000000ec5dafb1c8, RSI=0x0000029bdd1acf68, RDI=0x0000029bf7456ac0
R8 =0x0000000000000004, R9 =0x0000000000000004, R10=0x00000008f3d8428e, R11=0x0000000100000000
R12=0x0000000000000000, R13=0x000000ec5dafb168, R14=0x000000ec5dafb1f8, R15=0x0000029bf7a002a0
RIP=0x0000029be6c81724, EFLAGS=0x0000000000010206


Register to memory mapping:

RIP=0x0000029be6c81724 is at begin+65 in a stub
MethodHandle::interpreter_entry::_linkToVirtual [0x0000029be6c816e3, 0x0000029be6c8174a] (103 bytes)
RAX=0x0000029be6c4ebb6 is at code_begin+4278 in an Interpreter codelet
return entry points  [0x0000029be6c4db00, 0x0000029be6c4f888]  7560 bytes
RBX=0x000000070aa000d8 is an oop: org.springframework.validation.support.BindingAwareModelMap 
{0x000000070aa000d8} - klass: 'org/springframework/validation/support/BindingAwareModelMap'
 - ---- fields (total size 7 words):
 - transient 'keySet' 'Ljava/util/Set;' @12  NULL (0x00000000)
 - transient 'values' 'Ljava/util/Collection;' @16  NULL (0x00000000)
 - transient 'size' 'I' @20  1 (0x00000001)
 - transient 'modCount' 'I' @24  1 (0x00000001)
 - 'threshold' 'I' @28  12 (0x0000000c)
 - final 'loadFactor' 'F' @32  0.750000 (0x3f400000)
 - transient 'table' '[Ljava/util/HashMap$Node;' @36  a 'java/util/HashMap$Node'[16] {0x000000070a973c88} (0xe152e791)
 - transient 'entrySet' 'Ljava/util/Set;' @40  a 'java/util/LinkedHashMap$LinkedEntrySet'{0x000000070a973c78} (0xe152e78f)
 - final 'accessOrder' 'Z' @44  false (0x00)
 - transient 'head' 'Ljava/util/LinkedHashMap$Entry;' @48  a 'java/util/LinkedHashMap$Entry'{0x000000070a973c50} (0xe152e78a)
 - transient 'tail' 'Ljava/util/LinkedHashMap$Entry;' @52  a 'java/util/LinkedHashMap$Entry'{0x000000070a973c50} (0xe152e78a)
RCX=0x000000ec5dafb180 is pointing into the stack for thread: 0x0000029bf7a002a0
RDX=0x0000000000000004 is an unknown value
RSP=0x000000ec5dafb168 is pointing into the stack for thread: 0x0000029bf7a002a0
RBP=0x000000ec5dafb1c8 is pointing into the stack for thread: 0x0000029bf7a002a0
RSI=0x0000029bdd1acf68 points into unknown readable memory: 0x80003100cf88fb4d | 4d fb 88 cf 00 31 00 80
RDI=0x0000029bf7456ac0 points into unknown readable memory: 0x0000002800000080 | 80 00 00 00 28 00 00 00
R8 =0x0000000000000004 is an unknown value
R9 =0x0000000000000004 is an unknown value
R10=0x00000008f3d8428e is an unknown value
R11=0x0000000100000000 is an unknown value
R12=0x0 is NULL
R13=0x000000ec5dafb168 is pointing into the stack for thread: 0x0000029bf7a002a0
R14=0x000000ec5dafb1f8 is pointing into the stack for thread: 0x0000029bf7a002a0
R15=0x0000029bf7a002a0 is a thread


Top of Stack: (sp=0x000000ec5dafb168)
0x000000ec5dafb168:   0000029be6c4ebb6 000000070627df48
0x000000ec5dafb178:   000000070705f228 000000ec5dafb180
0x000000ec5dafb188:   0000029bf3d8428e 000000ec5dafb1f8
0x000000ec5dafb198:   0000029bf3d843c0 000000ec5dafb268
0x000000ec5dafb1a8:   000000070670eb00 0000029bf3d842a0
0x000000ec5dafb1b8:   000000ec5dafb168 000000ec5dafb200
0x000000ec5dafb1c8:   000000ec5dafb268 0000029be6c4ebb6
0x000000ec5dafb1d8:   000000070aa001a8 000000070aa000d8
0x000000ec5dafb1e8:   000000070627df48 000000070705f228
0x000000ec5dafb1f8:   000000070aa00180 000000070f2ff2f0
0x000000ec5dafb208:   000000070627df48 000000070705f228
0x000000ec5dafb218:   000000070a0cd400 000000ec5dafb220
0x000000ec5dafb228:   0000029bf4bbcb19 000000ec5dafb2c8
0x000000ec5dafb238:   0000029bf4bbcc48 0000000000000000
0x000000ec5dafb248:   0000000705b232e8 0000029bf4bbcb28
0x000000ec5dafb258:   000000ec5dafb200 000000ec5dafb2d0
0x000000ec5dafb268:   000000ec5dafb598 0000029be77cfded
0x000000ec5dafb278:   000000070aa00180 000000070705f228
0x000000ec5dafb288:   000000070aa00258 000000070aa000d8
0x000000ec5dafb298:   000000070aa00230 000000070627df48
0x000000ec5dafb2a8:   000000070aa00208 000000070aa000d8
0x000000ec5dafb2b8:   000000070627df48 000000070705f228
0x000000ec5dafb2c8:   000000070aa001d8 0000029bf3237cae
0x000000ec5dafb2d8:   000000ec5dafb320 0000029bf32387a8
0x000000ec5dafb2e8:   0000000000000000 00000007063af640
0x000000ec5dafb2f8:   0000029bf3237cd0 0000000000000000
0x000000ec5dafb308:   000000ec5dafb330 000000ec5dafb470
0x000000ec5dafb318:   0000029be6dad5e4 0000000706f46778
0x000000ec5dafb328:   0000029be6dad5e4 0000000000000000
0x000000ec5dafb338:   000000ec5dafb360 000000ec5dafb4a0
0x000000ec5dafb348:   0000029be6dad5e4 0000000706f46778
0x000000ec5dafb358:   0000029be6dad5e4 0000000000000001 

Instructions: (pc=0x0000029be6c81724)
0x0000029be6c81624:   9b 02 00 00 80 16 c8 e6 9b 02 00 00 00 27 c8 e6
0x0000029be6c81634:   9b 02 00 00 70 16 c8 e6 9b 02 00 00 70 16 c8 e6
0x0000029be6c81644:   9b 02 00 00 00 00 00 00 00 00 00 00 18 26 5f 5f
0x0000029be6c81654:   ff 7f 00 00 f0 10 00 00 60 00 00 00 ff ff ff ff
0x0000029be6c81664:   f0 10 00 00 00 00 00 00 00 00 00 00 00 00 00 00
0x0000029be6c81674:   00 00 00 00 00 00 00 00 00 00 00 00 f4 66 66 66
0x0000029be6c81684:   0f 1f 84 00 00 00 00 00 66 66 66 90 66 66 66 0f
0x0000029be6c81694:   1f 84 00 00 00 00 00 66 66 66 90 90 48 8b 53 08
0x0000029be6c816a4:   0f b7 52 2c 48 8b 0c d4 8b 59 14 48 c1 e3 03 8b
0x0000029be6c816b4:   5b 28 48 c1 e3 03 8b 5b 24 48 c1 e3 03 48 8b 5b
0x0000029be6c816c4:   10 48 85 db 0f 84 10 00 00 00 41 80 bf 08 05 00
0x0000029be6c816d4:   00 00 74 03 ff 63 38 ff 63 50 e9 1d b5 01 00 66
0x0000029be6c816e4:   66 66 0f 1f 84 00 00 00 00 00 66 66 66 90 66 66
0x0000029be6c816f4:   0f 1f 84 00 00 00 00 00 66 66 66 90 48 8b 53 08
0x0000029be6c81704:   0f b7 52 2c 48 8b 0c d4 58 5b 50 44 8b 51 08 49
0x0000029be6c81714:   bb 00 00 00 00 08 00 00 00 4d 03 d3 4c 8b 5b 10
0x0000029be6c81724:   4b 8b 9c da c0 01 00 00 48 85 db 0f 84 10 00 00
0x0000029be6c81734:   00 41 80 bf 08 05 00 00 00 74 03 ff 63 38 ff 63
0x0000029be6c81744:   50 e9 b6 b4 01 00 66 66 66 0f 1f 84 00 00 00 00
0x0000029be6c81754:   00 66 66 66 90 0f 1f 80 00 00 00 00 58 5b 50 8b
0x0000029be6c81764:   5b 24 48 c1 e3 03 48 8b 5b 10 48 85 db 0f 84 10
0x0000029be6c81774:   00 00 00 41 80 bf 08 05 00 00 00 74 03 ff 63 38
0x0000029be6c81784:   ff 63 50 e9 74 b4 01 00 66 66 66 0f 1f 84 00 00
0x0000029be6c81794:   00 00 00 66 66 66 90 0f 1f 44 00 00 48 8b 53 08
0x0000029be6c817a4:   0f b7 52 2c 48 8b 0c d4 58 5b 50 48 3b 01 8b 5b
0x0000029be6c817b4:   24 48 c1 e3 03 48 8b 5b 10 48 85 db 0f 84 10 00
0x0000029be6c817c4:   00 00 41 80 bf 08 05 00 00 00 74 03 ff 63 38 ff
0x0000029be6c817d4:   63 50 e9 25 b4 01 00 0f 1f 44 00 00 48 8b 53 08
0x0000029be6c817e4:   0f b7 52 2c 48 8b 0c d4 58 5b 50 44 8b 51 08 49
0x0000029be6c817f4:   bb 00 00 00 00 08 00 00 00 4d 03 d3 8b 43 18 48
0x0000029be6c81804:   c1 e0 03 48 8b 40 10 48 8b 5b 10 45 8b 9a a0 00
0x0000029be6c81814:   00 00 4f 8d 9c da c0 01 00 00 4d 8d 14 da 49 8b 


Stack slot to memory mapping:
stack at sp + 0 slots: 0x0000029be6c4ebb6 is at code_begin+4278 in an Interpreter codelet
return entry points  [0x0000029be6c4db00, 0x0000029be6c4f888]  7560 bytes
stack at sp + 1 slots: 0x000000070627df48 is an oop: java.lang.Integer 
{0x000000070627df48} - klass: 'java/lang/Integer'
 - ---- fields (total size 2 words):
 - private final 'value' 'I' @12  3 (0x00000003)
stack at sp + 2 slots: 0x000000070705f228 is an oop: com.example.demo.controller.admin.AdminEventController 
{0x000000070705f228} - klass: 'com/example/demo/controller/admin/AdminEventController'
 - ---- fields (total size 4 words):
 - 'eventService' 'Lcom/example/demo/service/BaseService;' @12  a 'com/example/demo/service/EventService'{0x0000000706fcde48} (0xe0df9bc9)
 - 'userService' 'Lcom/example/demo/service/UserService;' @16  a 'com/example/demo/service/UserService'{0x0000000706f7d848} (0xe0defb09)
 - 'eventsService' 'Lcom/example/demo/service/EventService;' @20  a 'com/example/demo/service/EventService'{0x0000000706fcde48} (0xe0df9bc9)
 - 'eventUserService' 'Lcom/example/demo/service/EventUserService;' @24  a 'com/example/demo/service/EventUserService'{0x0000000706fbcca0} (0xe0df7994)
stack at sp + 3 slots: 0x000000ec5dafb180 is pointing into the stack for thread: 0x0000029bf7a002a0
stack at sp + 4 slots: 0x0000029bf3d8428e is pointing into metadata
stack at sp + 5 slots: 0x000000ec5dafb1f8 is pointing into the stack for thread: 0x0000029bf7a002a0
stack at sp + 6 slots: 0x0000029bf3d843c0 is pointing into metadata
stack at sp + 7 slots: 0x000000ec5dafb268 is pointing into the stack for thread: 0x0000029bf7a002a0

MethodHandle::interpreter_entry::_linkToVirtual [0x0000029be6c816e3, 0x0000029be6c8174a] (103 bytes)
[MachCode]
  0x0000029be6c816e3: 6666 660f | 1f84 0000 | 0000 0066 | 6666 9066 | 660f 1f84 | 0000 0000 | 0066 6666 | 9048 8b53 
  0x0000029be6c81703: 080f b752 | 2c48 8b0c | d458 5b50 | 448b 5108 | 49bb 0000 | 0000 0800 | 0000 4d03 | d34c 8b5b 
  0x0000029be6c81723: 104b 8b9c | dac0 0100 | 0048 85db | 0f84 1000 | 0000 4180 | bf08 0500 | 0000 7403 | ff63 38ff 
  0x0000029be6c81743: 6350 e9b6 | 
[/MachCode]

---------------  P R O C E S S  ---------------

Threads class SMR info:
_java_thread_list=0x0000029bf81078c0, length=38, elements={
0x0000029bf20061e0, 0x0000029bf200a680, 0x0000029bf200bb90, 0x0000029bf200c990,
0x0000029bf2011c00, 0x0000029bf2012ce0, 0x0000029bf20192d0, 0x0000029bf202e920,
0x0000029bf6955d40, 0x0000029bf6961160, 0x0000029bf6963a50, 0x0000029bf71f4170,
0x0000029bf73444a0, 0x0000029bf71e51a0, 0x0000029bf73f61f0, 0x0000029bf7ba45b0,
0x0000029bf7ba8470, 0x0000029bf7ba5f40, 0x0000029bf7ba6490, 0x0000029bf7ba6f30,
0x0000029bf7ba7480, 0x0000029bf7ba79d0, 0x0000029bf7ba7f20, 0x0000029bf79fb840,
0x0000029bf79fcd80, 0x0000029bf79fc2e0, 0x0000029bf79fbd90, 0x0000029bf79fd2d0,
0x0000029bf79fdd70, 0x0000029bf79fc830, 0x0000029bf79fe2c0, 0x0000029bf7a002a0,
0x0000029bf79fe810, 0x0000029bf79fed60, 0x0000029bf7a017e0, 0x0000029bf7a01d30,
0x0000029bf7a007f0, 0x0000029bf7a01290
}

Java Threads: ( => current thread )
  0x0000029bf20061e0 JavaThread "Reference Handler" daemon [_thread_blocked, id=12740, stack(0x000000ec5aa00000,0x000000ec5ab00000)]
  0x0000029bf200a680 JavaThread "Finalizer" daemon [_thread_blocked, id=11676, stack(0x000000ec5ab00000,0x000000ec5ac00000)]
  0x0000029bf200bb90 JavaThread "Signal Dispatcher" daemon [_thread_blocked, id=10388, stack(0x000000ec5ac00000,0x000000ec5ad00000)]
  0x0000029bf200c990 JavaThread "Attach Listener" daemon [_thread_blocked, id=5936, stack(0x000000ec5ad00000,0x000000ec5ae00000)]
  0x0000029bf2011c00 JavaThread "Service Thread" daemon [_thread_blocked, id=14068, stack(0x000000ec5ae00000,0x000000ec5af00000)]
  0x0000029bf2012ce0 JavaThread "Monitor Deflation Thread" daemon [_thread_blocked, id=1908, stack(0x000000ec5af00000,0x000000ec5b000000)]
  0x0000029bf20192d0 JavaThread "C1 CompilerThread0" daemon [_thread_blocked, id=3492, stack(0x000000ec5b000000,0x000000ec5b100000)]
  0x0000029bf202e920 JavaThread "Common-Cleaner" daemon [_thread_blocked, id=11416, stack(0x000000ec5b100000,0x000000ec5b200000)]
  0x0000029bf6955d40 JavaThread "JDWP Transport Listener: dt_socket" daemon [_thread_blocked, id=12128, stack(0x000000ec5b400000,0x000000ec5b500000)]
  0x0000029bf6961160 JavaThread "JDWP Event Helper Thread" daemon [_thread_blocked, id=13684, stack(0x000000ec5b500000,0x000000ec5b600000)]
  0x0000029bf6963a50 JavaThread "JDWP Command Reader" daemon [_thread_in_native, id=11940, stack(0x000000ec5b600000,0x000000ec5b700000)]
  0x0000029bf71f4170 JavaThread "Notification Thread" daemon [_thread_blocked, id=11612, stack(0x000000ec5b700000,0x000000ec5b800000)]
  0x0000029bf73444a0 JavaThread "RMI TCP Accept-0" daemon [_thread_in_native, id=7688, stack(0x000000ec5b800000,0x000000ec5b900000)]
  0x0000029bf71e51a0 JavaThread "RMI TCP Accept-55781" daemon [_thread_in_native, id=13068, stack(0x000000ec5c000000,0x000000ec5c100000)]
  0x0000029bf73f61f0 JavaThread "RMI TCP Accept-0" daemon [_thread_in_native, id=9860, stack(0x000000ec5c100000,0x000000ec5c200000)]
  0x0000029bf7ba45b0 JavaThread "RMI Scheduler(0)" daemon [_thread_blocked, id=11688, stack(0x000000ec5c600000,0x000000ec5c700000)]
  0x0000029bf7ba8470 JavaThread "RMI TCP Connection(15)-127.0.0.1" daemon [_thread_in_native, id=1300, stack(0x000000ec5c700000,0x000000ec5c800000)]
  0x0000029bf7ba5f40 JavaThread "JMX server connection timeout 41" daemon [_thread_blocked, id=12008, stack(0x000000ec5c800000,0x000000ec5c900000)]
  0x0000029bf7ba6490 JavaThread "Catalina-utility-1" [_thread_blocked, id=10028, stack(0x000000ec5c900000,0x000000ec5ca00000)]
  0x0000029bf7ba6f30 JavaThread "Catalina-utility-2" [_thread_blocked, id=5892, stack(0x000000ec5cc00000,0x000000ec5cd00000)]
  0x0000029bf7ba7480 JavaThread "container-0" [_thread_blocked, id=3984, stack(0x000000ec5cd00000,0x000000ec5ce00000)]
  0x0000029bf7ba79d0 JavaThread "mysql-cj-abandoned-connection-cleanup" daemon [_thread_blocked, id=2112, stack(0x000000ec5ce00000,0x000000ec5cf00000)]
  0x0000029bf7ba7f20 JavaThread "HikariPool-1 housekeeper" daemon [_thread_blocked, id=1212, stack(0x000000ec5d000000,0x000000ec5d100000)]
  0x0000029bf79fb840 JavaThread "File Watcher" daemon [_thread_blocked, id=4652, stack(0x000000ec5d200000,0x000000ec5d300000)]
  0x0000029bf79fcd80 JavaThread "Live Reload Server" daemon [_thread_in_native, id=15884, stack(0x000000ec5d300000,0x000000ec5d400000)]
  0x0000029bf79fc2e0 JavaThread "http-nio-8080-exec-1" daemon [_thread_blocked, id=12432, stack(0x000000ec5d400000,0x000000ec5d500000)]
  0x0000029bf79fbd90 JavaThread "http-nio-8080-exec-2" daemon [_thread_blocked, id=9052, stack(0x000000ec5d500000,0x000000ec5d600000)]
  0x0000029bf79fd2d0 JavaThread "http-nio-8080-exec-3" daemon [_thread_blocked, id=10400, stack(0x000000ec5d600000,0x000000ec5d700000)]
  0x0000029bf79fdd70 JavaThread "http-nio-8080-exec-4" daemon [_thread_blocked, id=12716, stack(0x000000ec5d700000,0x000000ec5d800000)]
  0x0000029bf79fc830 JavaThread "http-nio-8080-exec-5" daemon [_thread_blocked, id=7396, stack(0x000000ec5d800000,0x000000ec5d900000)]
  0x0000029bf79fe2c0 JavaThread "http-nio-8080-exec-6" daemon [_thread_blocked, id=3684, stack(0x000000ec5d900000,0x000000ec5da00000)]
=>0x0000029bf7a002a0 JavaThread "http-nio-8080-exec-7" daemon [_thread_in_Java, id=13020, stack(0x000000ec5da00000,0x000000ec5db00000)]
  0x0000029bf79fe810 JavaThread "http-nio-8080-exec-8" daemon [_thread_blocked, id=10052, stack(0x000000ec5db00000,0x000000ec5dc00000)]
  0x0000029bf79fed60 JavaThread "http-nio-8080-exec-9" daemon [_thread_blocked, id=4680, stack(0x000000ec5dc00000,0x000000ec5dd00000)]
  0x0000029bf7a017e0 JavaThread "http-nio-8080-exec-10" daemon [_thread_blocked, id=15756, stack(0x000000ec5dd00000,0x000000ec5de00000)]
  0x0000029bf7a01d30 JavaThread "http-nio-8080-Poller" daemon [_thread_in_native, id=3788, stack(0x000000ec5de00000,0x000000ec5df00000)]
  0x0000029bf7a007f0 JavaThread "http-nio-8080-Acceptor" daemon [_thread_in_native, id=13944, stack(0x000000ec5df00000,0x000000ec5e000000)]
  0x0000029bf7a01290 JavaThread "DestroyJavaVM" [_thread_blocked, id=4980, stack(0x000000ec5a300000,0x000000ec5a400000)]

Other Threads:
  0x0000029bf1fe7a40 VMThread "VM Thread" [stack: 0x000000ec5a900000,0x000000ec5aa00000] [id=16240]
  0x0000029bf73bb570 WatcherThread "VM Periodic Task Thread" [stack: 0x000000ec5c200000,0x000000ec5c300000] [id=15548]
  0x0000029bdd41c510 WorkerThread "GC Thread#0" [stack: 0x000000ec5a400000,0x000000ec5a500000] [id=4648]
  0x0000029bf73449f0 WorkerThread "GC Thread#1" [stack: 0x000000ec5b900000,0x000000ec5ba00000] [id=10992]
  0x0000029bf7344cc0 WorkerThread "GC Thread#2" [stack: 0x000000ec5ba00000,0x000000ec5bb00000] [id=4248]
  0x0000029bf7344f90 WorkerThread "GC Thread#3" [stack: 0x000000ec5bb00000,0x000000ec5bc00000] [id=10232]
  0x0000029bf734b590 WorkerThread "GC Thread#4" [stack: 0x000000ec5bc00000,0x000000ec5bd00000] [id=5820]
  0x0000029bf734b860 WorkerThread "GC Thread#5" [stack: 0x000000ec5bd00000,0x000000ec5be00000] [id=1840]
  0x0000029bf73d3db0 WorkerThread "GC Thread#6" [stack: 0x000000ec5be00000,0x000000ec5bf00000] [id=10016]
  0x0000029bf73d2fa0 WorkerThread "GC Thread#7" [stack: 0x000000ec5bf00000,0x000000ec5c000000] [id=10176]
  0x0000029bdd42e790 ConcurrentGCThread "G1 Main Marker" [stack: 0x000000ec5a500000,0x000000ec5a600000] [id=2828]
  0x0000029bdd42f0d0 WorkerThread "G1 Conc#0" [stack: 0x000000ec5a600000,0x000000ec5a700000] [id=10420]
  0x0000029bf73d3810 WorkerThread "G1 Conc#1" [stack: 0x000000ec5ca00000,0x000000ec5cb00000] [id=13644]
  0x0000029bf1ea8fe0 ConcurrentGCThread "G1 Refine#0" [stack: 0x000000ec5a700000,0x000000ec5a800000] [id=15704]
  0x0000029bf1ea9990 ConcurrentGCThread "G1 Service" [stack: 0x000000ec5a800000,0x000000ec5a900000] [id=2300]

Threads with active compile tasks:

VM state: not at safepoint (normal execution)

VM Mutex/Monitor currently owned by a thread: None

OutOfMemory and StackOverflow Exception counts:
StackOverflowErrors=14
LinkageErrors=209

Heap address: 0x0000000704e00000, size: 4018 MB, Compressed Oops mode: Zero based, Oop shift amount: 3

CDS archive(s) mapped at: [0x0000000800000000-0x0000000800c60000-0x0000000800c60000), size 12976128, SharedBaseAddress: 0x0000000800000000, ArchiveRelocationMode: 0.
Compressed class space mapped at: 0x0000000801000000-0x0000000841000000, reserved size: 1073741824
Narrow klass base: 0x0000000800000000, Narrow klass shift: 0, Narrow klass range: 0x100000000

GC Precious Log:
 CardTable entry size: 512
 Card Set container configuration: InlinePtr #cards 4 size 8 Array Of Cards #cards 16 size 48 Howl #buckets 8 coarsen threshold 3686 Howl Bitmap #cards 512 size 80 coarsen threshold 460 Card regions per heap region 1 cards per card region 4096
 CPUs: 8 total, 8 available
 Memory: 16064M
 Large Page Support: Disabled
 NUMA Support: Disabled
 Compressed Oops: Enabled (Zero based)
 Heap Region Size: 2M
 Heap Min Capacity: 8M
 Heap Initial Capacity: 252M
 Heap Max Capacity: 4018M
 Pre-touch: Disabled
 Parallel Workers: 8
 Concurrent Workers: 2
 Concurrent Refinement Workers: 8
 Periodic GC: Disabled

Heap:
 garbage-first heap   total 178176K, used 89277K [0x0000000704e00000, 0x0000000800000000)
  region size 2048K, 15 young (30720K), 2 survivors (4096K)
 Metaspace       used 82791K, committed 84608K, reserved 1179648K
  class space    used 11382K, committed 12096K, reserved 1048576K

Heap Regions: E=young(eden), S=young(survivor), O=old, HS=humongous(starts), HC=humongous(continues), CS=collection set, F=free, OA=open archive, CA=closed archive, TAMS=top-at-mark-start, PB=parsable bottom
|   0|0x0000000704e00000, 0x0000000705000000, 0x0000000705000000|100%| O|  |TAMS 0x0000000704e00000| PB 0x0000000704e00000| Untracked 
|   1|0x0000000705000000, 0x0000000705200000, 0x0000000705200000|100%| O|  |TAMS 0x0000000705000000| PB 0x0000000705000000| Untracked 
|   2|0x0000000705200000, 0x0000000705400000, 0x0000000705400000|100%| O|  |TAMS 0x0000000705200000| PB 0x0000000705200000| Untracked 
|   3|0x0000000705400000, 0x0000000705600000, 0x0000000705600000|100%| O|  |TAMS 0x0000000705400000| PB 0x0000000705400000| Untracked 
|   4|0x0000000705600000, 0x0000000705800000, 0x0000000705800000|100%| O|  |TAMS 0x0000000705600000| PB 0x0000000705600000| Untracked 
|   5|0x0000000705800000, 0x0000000705a00000, 0x0000000705a00000|100%| O|  |TAMS 0x0000000705800000| PB 0x0000000705800000| Untracked 
|   6|0x0000000705a00000, 0x0000000705c00000, 0x0000000705c00000|100%| O|  |TAMS 0x0000000705a00000| PB 0x0000000705a00000| Untracked 
|   7|0x0000000705c00000, 0x0000000705e00000, 0x0000000705e00000|100%| O|  |TAMS 0x0000000705c00000| PB 0x0000000705c00000| Untracked 
|   8|0x0000000705e00000, 0x0000000706000000, 0x0000000706000000|100%| O|  |TAMS 0x0000000705e00000| PB 0x0000000705e00000| Untracked 
|   9|0x0000000706000000, 0x0000000706200000, 0x0000000706200000|100%| O|  |TAMS 0x0000000706000000| PB 0x0000000706000000| Untracked 
|  10|0x0000000706200000, 0x0000000706400000, 0x0000000706400000|100%| O|  |TAMS 0x0000000706200000| PB 0x0000000706200000| Untracked 
|  11|0x0000000706400000, 0x0000000706600000, 0x0000000706600000|100%| O|  |TAMS 0x0000000706400000| PB 0x0000000706400000| Untracked 
|  12|0x0000000706600000, 0x0000000706800000, 0x0000000706800000|100%| O|  |TAMS 0x0000000706600000| PB 0x0000000706600000| Untracked 
|  13|0x0000000706800000, 0x0000000706a00000, 0x0000000706a00000|100%| O|  |TAMS 0x0000000706800000| PB 0x0000000706800000| Untracked 
|  14|0x0000000706a00000, 0x0000000706c00000, 0x0000000706c00000|100%| O|  |TAMS 0x0000000706a00000| PB 0x0000000706a00000| Untracked 
|  15|0x0000000706c00000, 0x0000000706e00000, 0x0000000706e00000|100%| O|  |TAMS 0x0000000706c00000| PB 0x0000000706c00000| Untracked 
|  16|0x0000000706e00000, 0x0000000707000000, 0x0000000707000000|100%| O|  |TAMS 0x0000000706e00000| PB 0x0000000706e00000| Complete 
|  17|0x0000000707000000, 0x0000000707200000, 0x0000000707200000|100%| O|  |TAMS 0x0000000707000000| PB 0x0000000707000000| Complete 
|  18|0x0000000707200000, 0x0000000707400000, 0x0000000707400000|100%| O|  |TAMS 0x0000000707200000| PB 0x0000000707200000| Complete 
|  19|0x0000000707400000, 0x0000000707600000, 0x0000000707600000|100%| O|  |TAMS 0x0000000707400000| PB 0x0000000707400000| Untracked 
|  20|0x0000000707600000, 0x0000000707800000, 0x0000000707800000|100%| O|  |TAMS 0x0000000707600000| PB 0x0000000707600000| Complete 
|  21|0x0000000707800000, 0x000000070792f600, 0x0000000707a00000| 59%| O|  |TAMS 0x0000000707800000| PB 0x0000000707800000| Untracked 
|  22|0x0000000707a00000, 0x0000000707c00000, 0x0000000707c00000|100%| O|  |TAMS 0x0000000707a00000| PB 0x0000000707a00000| Complete 
|  23|0x0000000707c00000, 0x0000000707e00000, 0x0000000707e00000|100%| O|  |TAMS 0x0000000707c00000| PB 0x0000000707c00000| Complete 
|  24|0x0000000707e00000, 0x0000000707e00000, 0x0000000708000000|  0%| F|  |TAMS 0x0000000707e00000| PB 0x0000000707e00000| Untracked 
|  25|0x0000000708000000, 0x0000000708200000, 0x0000000708200000|100%| O|  |TAMS 0x0000000708000000| PB 0x0000000708000000| Complete 
|  26|0x0000000708200000, 0x0000000708400000, 0x0000000708400000|100%| O|  |TAMS 0x0000000708200000| PB 0x0000000708200000| Complete 
|  27|0x0000000708400000, 0x0000000708600000, 0x0000000708600000|100%| O|  |TAMS 0x0000000708400000| PB 0x0000000708400000| Complete 
|  28|0x0000000708600000, 0x0000000708800000, 0x0000000708800000|100%| O|  |TAMS 0x0000000708600000| PB 0x0000000708600000| Complete 
|  29|0x0000000708800000, 0x0000000708800000, 0x0000000708a00000|  0%| F|  |TAMS 0x0000000708800000| PB 0x0000000708800000| Untracked 
|  30|0x0000000708a00000, 0x0000000708a00000, 0x0000000708c00000|  0%| F|  |TAMS 0x0000000708a00000| PB 0x0000000708a00000| Untracked 
|  31|0x0000000708c00000, 0x0000000708c00000, 0x0000000708e00000|  0%| F|  |TAMS 0x0000000708c00000| PB 0x0000000708c00000| Untracked 
|  32|0x0000000708e00000, 0x0000000708e00000, 0x0000000709000000|  0%| F|  |TAMS 0x0000000708e00000| PB 0x0000000708e00000| Untracked 
|  33|0x0000000709000000, 0x0000000709200000, 0x0000000709200000|100%| O|  |TAMS 0x0000000709000000| PB 0x0000000709000000| Untracked 
|  34|0x0000000709200000, 0x0000000709200000, 0x0000000709400000|  0%| F|  |TAMS 0x0000000709200000| PB 0x0000000709200000| Untracked 
|  35|0x0000000709400000, 0x0000000709400000, 0x0000000709600000|  0%| F|  |TAMS 0x0000000709400000| PB 0x0000000709400000| Untracked 
|  36|0x0000000709600000, 0x0000000709600000, 0x0000000709800000|  0%| F|  |TAMS 0x0000000709600000| PB 0x0000000709600000| Untracked 
|  37|0x0000000709800000, 0x0000000709800000, 0x0000000709a00000|  0%| F|  |TAMS 0x0000000709800000| PB 0x0000000709800000| Untracked 
|  38|0x0000000709a00000, 0x0000000709a00000, 0x0000000709c00000|  0%| F|  |TAMS 0x0000000709a00000| PB 0x0000000709a00000| Untracked 
|  39|0x0000000709c00000, 0x0000000709c00000, 0x0000000709e00000|  0%| F|  |TAMS 0x0000000709c00000| PB 0x0000000709c00000| Untracked 
|  40|0x0000000709e00000, 0x0000000709e00000, 0x000000070a000000|  0%| F|  |TAMS 0x0000000709e00000| PB 0x0000000709e00000| Untracked 
|  41|0x000000070a000000, 0x000000070a000000, 0x000000070a200000|  0%| F|  |TAMS 0x000000070a000000| PB 0x000000070a000000| Untracked 
|  42|0x000000070a200000, 0x000000070a200000, 0x000000070a400000|  0%| F|  |TAMS 0x000000070a200000| PB 0x000000070a200000| Untracked 
|  43|0x000000070a400000, 0x000000070a400000, 0x000000070a600000|  0%| F|  |TAMS 0x000000070a400000| PB 0x000000070a400000| Untracked 
|  44|0x000000070a600000, 0x000000070a600000, 0x000000070a800000|  0%| F|  |TAMS 0x000000070a600000| PB 0x000000070a600000| Untracked 
|  45|0x000000070a800000, 0x000000070aa00000, 0x000000070aa00000|100%| S|CS|TAMS 0x000000070a800000| PB 0x000000070a800000| Complete 
|  46|0x000000070aa00000, 0x000000070ac00000, 0x000000070ac00000|100%| S|CS|TAMS 0x000000070aa00000| PB 0x000000070aa00000| Complete 
|  47|0x000000070ac00000, 0x000000070ac00000, 0x000000070ae00000|  0%| F|  |TAMS 0x000000070ac00000| PB 0x000000070ac00000| Untracked 
|  48|0x000000070ae00000, 0x000000070ae00000, 0x000000070b000000|  0%| F|  |TAMS 0x000000070ae00000| PB 0x000000070ae00000| Untracked 
|  49|0x000000070b000000, 0x000000070b000000, 0x000000070b200000|  0%| F|  |TAMS 0x000000070b000000| PB 0x000000070b000000| Untracked 
|  50|0x000000070b200000, 0x000000070b200000, 0x000000070b400000|  0%| F|  |TAMS 0x000000070b200000| PB 0x000000070b200000| Untracked 
|  51|0x000000070b400000, 0x000000070b400000, 0x000000070b600000|  0%| F|  |TAMS 0x000000070b400000| PB 0x000000070b400000| Untracked 
|  52|0x000000070b600000, 0x000000070b600000, 0x000000070b800000|  0%| F|  |TAMS 0x000000070b600000| PB 0x000000070b600000| Untracked 
|  53|0x000000070b800000, 0x000000070b800000, 0x000000070ba00000|  0%| F|  |TAMS 0x000000070b800000| PB 0x000000070b800000| Untracked 
|  54|0x000000070ba00000, 0x000000070ba00000, 0x000000070bc00000|  0%| F|  |TAMS 0x000000070ba00000| PB 0x000000070ba00000| Untracked 
|  55|0x000000070bc00000, 0x000000070bc00000, 0x000000070be00000|  0%| F|  |TAMS 0x000000070bc00000| PB 0x000000070bc00000| Untracked 
|  56|0x000000070be00000, 0x000000070be00000, 0x000000070c000000|  0%| F|  |TAMS 0x000000070be00000| PB 0x000000070be00000| Untracked 
|  57|0x000000070c000000, 0x000000070c000000, 0x000000070c200000|  0%| F|  |TAMS 0x000000070c000000| PB 0x000000070c000000| Untracked 
|  58|0x000000070c200000, 0x000000070c200000, 0x000000070c400000|  0%| F|  |TAMS 0x000000070c200000| PB 0x000000070c200000| Untracked 
|  59|0x000000070c400000, 0x000000070c400000, 0x000000070c600000|  0%| F|  |TAMS 0x000000070c400000| PB 0x000000070c400000| Untracked 
|  60|0x000000070c600000, 0x000000070c600000, 0x000000070c800000|  0%| F|  |TAMS 0x000000070c600000| PB 0x000000070c600000| Untracked 
|  61|0x000000070c800000, 0x000000070c800000, 0x000000070ca00000|  0%| F|  |TAMS 0x000000070c800000| PB 0x000000070c800000| Untracked 
|  62|0x000000070ca00000, 0x000000070ca00000, 0x000000070cc00000|  0%| F|  |TAMS 0x000000070ca00000| PB 0x000000070ca00000| Untracked 
|  63|0x000000070cc00000, 0x000000070cc00000, 0x000000070ce00000|  0%| F|  |TAMS 0x000000070cc00000| PB 0x000000070cc00000| Untracked 
|  64|0x000000070ce00000, 0x000000070ce00000, 0x000000070d000000|  0%| F|  |TAMS 0x000000070ce00000| PB 0x000000070ce00000| Untracked 
|  65|0x000000070d000000, 0x000000070d000000, 0x000000070d200000|  0%| F|  |TAMS 0x000000070d000000| PB 0x000000070d000000| Untracked 
|  66|0x000000070d200000, 0x000000070d200000, 0x000000070d400000|  0%| F|  |TAMS 0x000000070d200000| PB 0x000000070d200000| Untracked 
|  67|0x000000070d400000, 0x000000070d400000, 0x000000070d600000|  0%| F|  |TAMS 0x000000070d400000| PB 0x000000070d400000| Untracked 
|  68|0x000000070d600000, 0x000000070d600000, 0x000000070d800000|  0%| F|  |TAMS 0x000000070d600000| PB 0x000000070d600000| Untracked 
|  69|0x000000070d800000, 0x000000070d800000, 0x000000070da00000|  0%| F|  |TAMS 0x000000070d800000| PB 0x000000070d800000| Untracked 
|  70|0x000000070da00000, 0x000000070da00000, 0x000000070dc00000|  0%| F|  |TAMS 0x000000070da00000| PB 0x000000070da00000| Untracked 
|  71|0x000000070dc00000, 0x000000070dc00000, 0x000000070de00000|  0%| F|  |TAMS 0x000000070dc00000| PB 0x000000070dc00000| Untracked 
|  72|0x000000070de00000, 0x000000070de00000, 0x000000070e000000|  0%| F|  |TAMS 0x000000070de00000| PB 0x000000070de00000| Untracked 
|  73|0x000000070e000000, 0x000000070e16c1e8, 0x000000070e200000| 71%| E|  |TAMS 0x000000070e000000| PB 0x000000070e000000| Complete 
|  74|0x000000070e200000, 0x000000070e400000, 0x000000070e400000|100%| E|CS|TAMS 0x000000070e200000| PB 0x000000070e200000| Complete 
|  75|0x000000070e400000, 0x000000070e600000, 0x000000070e600000|100%| E|CS|TAMS 0x000000070e400000| PB 0x000000070e400000| Complete 
|  76|0x000000070e600000, 0x000000070e800000, 0x000000070e800000|100%| E|CS|TAMS 0x000000070e600000| PB 0x000000070e600000| Complete 
|  77|0x000000070e800000, 0x000000070ea00000, 0x000000070ea00000|100%| E|CS|TAMS 0x000000070e800000| PB 0x000000070e800000| Complete 
|  78|0x000000070ea00000, 0x000000070ec00000, 0x000000070ec00000|100%| E|CS|TAMS 0x000000070ea00000| PB 0x000000070ea00000| Complete 
|  79|0x000000070ec00000, 0x000000070ee00000, 0x000000070ee00000|100%| E|CS|TAMS 0x000000070ec00000| PB 0x000000070ec00000| Complete 
|  80|0x000000070ee00000, 0x000000070f000000, 0x000000070f000000|100%| E|CS|TAMS 0x000000070ee00000| PB 0x000000070ee00000| Complete 
|  81|0x000000070f000000, 0x000000070f200000, 0x000000070f200000|100%| E|CS|TAMS 0x000000070f000000| PB 0x000000070f000000| Complete 
|  82|0x000000070f200000, 0x000000070f400000, 0x000000070f400000|100%| E|CS|TAMS 0x000000070f200000| PB 0x000000070f200000| Complete 
|  83|0x000000070f400000, 0x000000070f600000, 0x000000070f600000|100%| E|CS|TAMS 0x000000070f400000| PB 0x000000070f400000| Complete 
| 125|0x0000000714800000, 0x0000000714a00000, 0x0000000714a00000|100%| E|CS|TAMS 0x0000000714800000| PB 0x0000000714800000| Complete 
|2007|0x00000007ffc00000, 0x00000007ffe00000, 0x00000007ffe00000|100%| O|  |TAMS 0x00000007ffc00000| PB 0x00000007ffc00000| Complete 
|2008|0x00000007ffe00000, 0x0000000800000000, 0x0000000800000000|100%| E|CS|TAMS 0x00000007ffe00000| PB 0x00000007ffe00000| Complete 

Card table byte_map: [0x0000029beacf0000,0x0000029beb4d0000] _byte_map_base: 0x0000029be74c9000

Marking Bits: (CMBitMap*) 0x0000029bdd41da60
 Bits: [0x0000029bebcb0000, 0x0000029befb78000)

Polling page: 0x0000029bdd470000

Metaspace:

Usage:
  Non-class:     69.74 MB used.
      Class:     11.12 MB used.
       Both:     80.85 MB used.

Virtual space:
  Non-class space:      128.00 MB reserved,      70.81 MB ( 55%) committed,  2 nodes.
      Class space:        1.00 GB reserved,      11.81 MB (  1%) committed,  1 nodes.
             Both:        1.12 GB reserved,      82.62 MB (  7%) committed. 

Chunk freelists:
   Non-Class:  1.43 MB
       Class:  530.00 KB
        Both:  1.94 MB

MaxMetaspaceSize: unlimited
CompressedClassSpaceSize: 1.00 GB
Initial GC threshold: 21.00 MB
Current GC threshold: 137.75 MB
CDS: on
MetaspaceReclaimPolicy: balanced
 - commit_granule_bytes: 65536.
 - commit_granule_words: 8192.
 - virtual_space_node_default_size: 8388608.
 - enlarge_chunks_in_place: 1.
 - new_chunks_are_fully_committed: 0.
 - uncommit_free_chunks: 1.
 - use_allocation_guard: 0.


Internal statistics:

num_allocs_failed_limit: 6.
num_arena_births: 1940.
num_arena_deaths: 666.
num_vsnodes_births: 3.
num_vsnodes_deaths: 0.
num_space_committed: 1322.
num_space_uncommitted: 0.
num_chunks_returned_to_freelist: 775.
num_chunks_taken_from_freelist: 5031.
num_chunk_merges: 205.
num_chunk_splits: 3599.
num_chunks_enlarged: 2665.
num_inconsistent_stats: 0.

CodeCache: size=49152Kb used=17005Kb max_used=19321Kb free=32146Kb
 bounds [0x0000029be6c30000, 0x0000029be7f10000, 0x0000029be9c30000]
 total_blobs=8910 nmethods=7920 adapters=913
 compilation: enabled
              stopped_count=0, restarted_count=0
 full_count=0

Compilation events (20 events):
Event: 601.074 Thread 0x0000029bf20192d0 9021       1       java.io.ObjectStreamField::getField (5 bytes)
Event: 601.074 Thread 0x0000029bf20192d0 nmethod 9021 0x0000029be6efb210 code [0x0000029be6efb380, 0x0000029be6efb450]
Event: 601.074 Thread 0x0000029bf20192d0 9025       1       java.io.ObjectStreamClass::checkSerialize (20 bytes)
Event: 601.074 Thread 0x0000029bf20192d0 nmethod 9025 0x0000029be6f6cf90 code [0x0000029be6f6d140, 0x0000029be6f6d358]
Event: 633.199 Thread 0x0000029bf20192d0 9027   !   1       org.apache.catalina.core.ContainerBase::getRealmInternal (38 bytes)
Event: 633.200 Thread 0x0000029bf20192d0 nmethod 9027 0x0000029be73a3790 code [0x0000029be73a3960, 0x0000029be73a3c90]
Event: 643.201 Thread 0x0000029bf20192d0 9028   !   1       org.apache.catalina.core.ContainerBase::getClusterInternal (38 bytes)
Event: 643.202 Thread 0x0000029bf20192d0 nmethod 9028 0x0000029be74cb190 code [0x0000029be74cb360, 0x0000029be74cb690]
Event: 643.202 Thread 0x0000029bf20192d0 9029   !   1       org.apache.catalina.core.ContainerBase$ContainerBackgroundProcessor::processChildren (202 bytes)
Event: 643.204 Thread 0x0000029bf20192d0 nmethod 9029 0x0000029be764bd10 code [0x0000029be764c040, 0x0000029be764d3d8]
Event: 643.204 Thread 0x0000029bf20192d0 9030   !   1       org.apache.catalina.core.ContainerBase::backgroundProcess (168 bytes)
Event: 643.206 Thread 0x0000029bf20192d0 nmethod 9030 0x0000029be74ced10 code [0x0000029be74cef80, 0x0000029be74cf968]
Event: 643.206 Thread 0x0000029bf20192d0 9031       1       org.apache.catalina.mapper.MapperListener::lifecycleEvent (178 bytes)
Event: 643.207 Thread 0x0000029bf20192d0 nmethod 9031 0x0000029be759aa90 code [0x0000029be759ad00, 0x0000029be759b5c0]
Event: 693.242 Thread 0x0000029bf20192d0 9032   !   1       org.apache.catalina.core.StandardContext::getLoader (38 bytes)
Event: 693.243 Thread 0x0000029bf20192d0 nmethod 9032 0x0000029be7561a10 code [0x0000029be7561be0, 0x0000029be7561f10]
Event: 743.292 Thread 0x0000029bf20192d0 9033       1       org.apache.catalina.loader.WebappLoader::getClassLoader (5 bytes)
Event: 743.292 Thread 0x0000029bf20192d0 nmethod 9033 0x0000029be6f0ca90 code [0x0000029be6f0cc00, 0x0000029be6f0ccd0]
Event: 781.139 Thread 0x0000029bf20192d0 9034       1       java.io.Bits::getShort (18 bytes)
Event: 781.139 Thread 0x0000029bf20192d0 nmethod 9034 0x0000029be6fe1b90 code [0x0000029be6fe1d20, 0x0000029be6fe1e28]

GC Heap History (20 events):
Event: 4.608 GC heap before
{Heap before GC invocations=18 (full 0):
 garbage-first heap   total 98304K, used 82235K [0x0000000704e00000, 0x0000000800000000)
  region size 2048K, 28 young (57344K), 2 survivors (4096K)
 Metaspace       used 62349K, committed 63040K, reserved 1114112K
  class space    used 8625K, committed 8896K, reserved 1048576K
}
Event: 4.611 GC heap after
{Heap after GC invocations=19 (full 0):
 garbage-first heap   total 98304K, used 30080K [0x0000000704e00000, 0x0000000800000000)
  region size 2048K, 3 young (6144K), 3 survivors (6144K)
 Metaspace       used 62349K, committed 63040K, reserved 1114112K
  class space    used 8625K, committed 8896K, reserved 1048576K
}
Event: 4.917 GC heap before
{Heap before GC invocations=19 (full 0):
 garbage-first heap   total 98304K, used 79232K [0x0000000704e00000, 0x0000000800000000)
  region size 2048K, 28 young (57344K), 3 survivors (6144K)
 Metaspace       used 65752K, committed 66496K, reserved 1114112K
  class space    used 9101K, committed 9408K, reserved 1048576K
}
Event: 4.922 GC heap after
{Heap after GC invocations=20 (full 0):
 garbage-first heap   total 98304K, used 31854K [0x0000000704e00000, 0x0000000800000000)
  region size 2048K, 3 young (6144K), 3 survivors (6144K)
 Metaspace       used 65752K, committed 66496K, reserved 1114112K
  class space    used 9101K, committed 9408K, reserved 1048576K
}
Event: 5.259 GC heap before
{Heap before GC invocations=20 (full 0):
 garbage-first heap   total 98304K, used 81006K [0x0000000704e00000, 0x0000000800000000)
  region size 2048K, 28 young (57344K), 3 survivors (6144K)
 Metaspace       used 68137K, committed 68864K, reserved 1114112K
  class space    used 9435K, committed 9792K, reserved 1048576K
}
Event: 5.263 GC heap after
{Heap after GC invocations=21 (full 0):
 garbage-first heap   total 118784K, used 33848K [0x0000000704e00000, 0x0000000800000000)
  region size 2048K, 4 young (8192K), 4 survivors (8192K)
 Metaspace       used 68137K, committed 68864K, reserved 1114112K
  class space    used 9435K, committed 9792K, reserved 1048576K
}
Event: 5.423 GC heap before
{Heap before GC invocations=21 (full 0):
 garbage-first heap   total 118784K, used 93240K [0x0000000704e00000, 0x0000000800000000)
  region size 2048K, 34 young (69632K), 4 survivors (8192K)
 Metaspace       used 69239K, committed 70016K, reserved 1114112K
  class space    used 9560K, committed 9920K, reserved 1048576K
}
Event: 5.431 GC heap after
{Heap after GC invocations=22 (full 0):
 garbage-first heap   total 118784K, used 46303K [0x0000000704e00000, 0x0000000800000000)
  region size 2048K, 5 young (10240K), 5 survivors (10240K)
 Metaspace       used 69239K, committed 70016K, reserved 1114112K
  class space    used 9560K, committed 9920K, reserved 1048576K
}
Event: 5.505 GC heap before
{Heap before GC invocations=22 (full 0):
 garbage-first heap   total 118784K, used 97503K [0x0000000704e00000, 0x0000000800000000)
  region size 2048K, 31 young (63488K), 5 survivors (10240K)
 Metaspace       used 69325K, committed 70144K, reserved 1114112K
  class space    used 9573K, committed 9920K, reserved 1048576K
}
Event: 5.514 GC heap after
{Heap after GC invocations=23 (full 0):
 garbage-first heap   total 122880K, used 57660K [0x0000000704e00000, 0x0000000800000000)
  region size 2048K, 4 young (8192K), 4 survivors (8192K)
 Metaspace       used 69325K, committed 70144K, reserved 1114112K
  class space    used 9573K, committed 9920K, reserved 1048576K
}
Event: 5.745 GC heap before
{Heap before GC invocations=23 (full 0):
 garbage-first heap   total 122880K, used 100668K [0x0000000704e00000, 0x0000000800000000)
  region size 2048K, 25 young (51200K), 4 survivors (8192K)
 Metaspace       used 71047K, committed 71936K, reserved 1114112K
  class space    used 9832K, committed 10240K, reserved 1048576K
}
Event: 5.751 GC heap after
{Heap after GC invocations=24 (full 0):
 garbage-first heap   total 122880K, used 63572K [0x0000000704e00000, 0x0000000800000000)
  region size 2048K, 3 young (6144K), 3 survivors (6144K)
 Metaspace       used 71047K, committed 71936K, reserved 1114112K
  class space    used 9832K, committed 10240K, reserved 1048576K
}
Event: 22.024 GC heap before
{Heap before GC invocations=25 (full 0):
 garbage-first heap   total 122880K, used 100436K [0x0000000704e00000, 0x0000000800000000)
  region size 2048K, 22 young (45056K), 3 survivors (6144K)
 Metaspace       used 73843K, committed 74752K, reserved 1114112K
  class space    used 10248K, committed 10624K, reserved 1048576K
}
Event: 22.031 GC heap after
{Heap after GC invocations=26 (full 0):
 garbage-first heap   total 178176K, used 63956K [0x0000000704e00000, 0x0000000800000000)
  region size 2048K, 2 young (4096K), 2 survivors (4096K)
 Metaspace       used 73843K, committed 74752K, reserved 1114112K
  class space    used 10248K, committed 10624K, reserved 1048576K
}
Event: 22.607 GC heap before
{Heap before GC invocations=26 (full 0):
 garbage-first heap   total 178176K, used 145876K [0x0000000704e00000, 0x0000000800000000)
  region size 2048K, 39 young (79872K), 2 survivors (4096K)
 Metaspace       used 78616K, committed 79744K, reserved 1179648K
  class space    used 10847K, committed 11328K, reserved 1048576K
}
Event: 22.614 GC heap after
{Heap after GC invocations=27 (full 0):
 garbage-first heap   total 178176K, used 63107K [0x0000000704e00000, 0x0000000800000000)
  region size 2048K, 5 young (10240K), 5 survivors (10240K)
 Metaspace       used 78616K, committed 79744K, reserved 1179648K
  class space    used 10847K, committed 11328K, reserved 1048576K
}
Event: 56.374 GC heap before
{Heap before GC invocations=27 (full 0):
 garbage-first heap   total 178176K, used 140931K [0x0000000704e00000, 0x0000000800000000)
  region size 2048K, 44 young (90112K), 5 survivors (10240K)
 Metaspace       used 83401K, committed 84608K, reserved 1179648K
  class space    used 11540K, committed 12096K, reserved 1048576K
}
Event: 56.380 GC heap after
{Heap after GC invocations=28 (full 0):
 garbage-first heap   total 178176K, used 67071K [0x0000000704e00000, 0x0000000800000000)
  region size 2048K, 3 young (6144K), 3 survivors (6144K)
 Metaspace       used 83401K, committed 84608K, reserved 1179648K
  class space    used 11540K, committed 12096K, reserved 1048576K
}
Event: 568.591 GC heap before
{Heap before GC invocations=28 (full 0):
 garbage-first heap   total 178176K, used 144895K [0x0000000704e00000, 0x0000000800000000)
  region size 2048K, 42 young (86016K), 3 survivors (6144K)
 Metaspace       used 83407K, committed 84608K, reserved 1179648K
  class space    used 11541K, committed 12096K, reserved 1048576K
}
Event: 568.598 GC heap after
{Heap after GC invocations=29 (full 0):
 garbage-first heap   total 178176K, used 66749K [0x0000000704e00000, 0x0000000800000000)
  region size 2048K, 2 young (4096K), 2 survivors (4096K)
 Metaspace       used 83407K, committed 84608K, reserved 1179648K
  class space    used 11541K, committed 12096K, reserved 1048576K
}

Dll operation events (13 events):
Event: 0.008 Loaded shared library C:\Program Files\Java\jdk-20\bin\java.dll
Event: 0.019 Loaded shared library C:\Program Files\Java\jdk-20\bin\jsvml.dll
Event: 0.228 Loaded shared library C:\Program Files\Java\jdk-20\bin\zip.dll
Event: 0.230 Loaded shared library C:\Program Files\Java\jdk-20\bin\instrument.dll
Event: 0.234 Loaded shared library C:\Program Files\Java\jdk-20\bin\net.dll
Event: 0.235 Loaded shared library C:\Program Files\Java\jdk-20\bin\nio.dll
Event: 0.237 Loaded shared library C:\Program Files\Java\jdk-20\bin\zip.dll
Event: 0.330 Loaded shared library C:\Program Files\Java\jdk-20\bin\jimage.dll
Event: 0.363 Loaded shared library C:\Program Files\Java\jdk-20\bin\management.dll
Event: 0.370 Loaded shared library C:\Program Files\Java\jdk-20\bin\management_ext.dll
Event: 0.553 Loaded shared library C:\Program Files\Java\jdk-20\bin\extnet.dll
Event: 0.574 Loaded shared library C:\Program Files\Java\jdk-20\bin\verify.dll
Event: 2.652 Loaded shared library C:\Program Files\Java\jdk-20\bin\sunmscapi.dll

Deoptimization events (20 events):
Event: 601.073 Thread 0x0000029bf7ba8470 DEOPT PACKING pc=0x0000029be77fd81c sp=0x000000ec5c7fd740
Event: 601.073 Thread 0x0000029bf7ba8470 DEOPT UNPACKING pc=0x0000029be6c9e462 sp=0x000000ec5c7fcca8 mode 1
Event: 601.073 Thread 0x0000029bf7ba8470 DEOPT PACKING pc=0x0000029be77fd81c sp=0x000000ec5c7fd740
Event: 601.073 Thread 0x0000029bf7ba8470 DEOPT UNPACKING pc=0x0000029be6c9e462 sp=0x000000ec5c7fcca8 mode 1
Event: 601.119 Thread 0x0000029bf7ba8470 DEOPT PACKING pc=0x0000029be77fd81c sp=0x000000ec5c7fdfe0
Event: 601.119 Thread 0x0000029bf7ba8470 DEOPT UNPACKING pc=0x0000029be6c9e462 sp=0x000000ec5c7fd548 mode 1
Event: 601.119 Thread 0x0000029bf7ba8470 DEOPT PACKING pc=0x0000029be77fd81c sp=0x000000ec5c7fdfe0
Event: 601.119 Thread 0x0000029bf7ba8470 DEOPT UNPACKING pc=0x0000029be6c9e462 sp=0x000000ec5c7fd548 mode 1
Event: 601.119 Thread 0x0000029bf7ba8470 DEOPT PACKING pc=0x0000029be77fd81c sp=0x000000ec5c7fdfe0
Event: 601.119 Thread 0x0000029bf7ba8470 DEOPT UNPACKING pc=0x0000029be6c9e462 sp=0x000000ec5c7fd548 mode 1
Event: 601.119 Thread 0x0000029bf7ba8470 DEOPT PACKING pc=0x0000029be77fd81c sp=0x000000ec5c7fdfe0
Event: 601.119 Thread 0x0000029bf7ba8470 DEOPT UNPACKING pc=0x0000029be6c9e462 sp=0x000000ec5c7fd548 mode 1
Event: 601.119 Thread 0x0000029bf7ba8470 DEOPT PACKING pc=0x0000029be77fd81c sp=0x000000ec5c7fdfe0
Event: 601.119 Thread 0x0000029bf7ba8470 DEOPT UNPACKING pc=0x0000029be6c9e462 sp=0x000000ec5c7fd548 mode 1
Event: 601.119 Thread 0x0000029bf7ba8470 DEOPT PACKING pc=0x0000029be77fd81c sp=0x000000ec5c7fdfe0
Event: 601.119 Thread 0x0000029bf7ba8470 DEOPT UNPACKING pc=0x0000029be6c9e462 sp=0x000000ec5c7fd548 mode 1
Event: 601.119 Thread 0x0000029bf7ba8470 DEOPT PACKING pc=0x0000029be77fd81c sp=0x000000ec5c7fdfe0
Event: 601.119 Thread 0x0000029bf7ba8470 DEOPT UNPACKING pc=0x0000029be6c9e462 sp=0x000000ec5c7fd548 mode 1
Event: 794.356 Thread 0x0000029bf7a002a0 DEOPT PACKING pc=0x0000029be7d4caa4 sp=0x000000ec5dafb180
Event: 794.356 Thread 0x0000029bf7a002a0 DEOPT UNPACKING pc=0x0000029be6c9e462 sp=0x000000ec5dafa628 mode 0

Classes loaded (20 events):
Event: 22.712 Loading class java/util/Collections$UnmodifiableListBeanInfo
Event: 22.712 Loading class java/util/Collections$UnmodifiableListBeanInfo done
Event: 22.712 Loading class java/util/Collections$UnmodifiableListBeanInfo
Event: 22.712 Loading class java/util/Collections$UnmodifiableListBeanInfo done
Event: 22.713 Loading class java/util/Collections$UnmodifiableListCustomizer
Event: 22.713 Loading class java/util/Collections$UnmodifiableListCustomizer done
Event: 22.713 Loading class java/util/Collections$UnmodifiableListCustomizer
Event: 22.713 Loading class java/util/Collections$UnmodifiableListCustomizer done
Event: 22.714 Loading class java/util/Collections$UnmodifiableRandomAccessListCustomizer
Event: 22.714 Loading class java/util/Collections$UnmodifiableRandomAccessListCustomizer done
Event: 22.715 Loading class java/util/Collections$UnmodifiableRandomAccessListCustomizer
Event: 22.715 Loading class java/util/Collections$UnmodifiableRandomAccessListCustomizer done
Event: 22.849 Loading class java/util/concurrent/locks/ReentrantReadWriteLock$Sync$HoldCounter
Event: 22.849 Loading class java/util/concurrent/locks/ReentrantReadWriteLock$Sync$HoldCounter done
Event: 22.856 Loading class java/util/ArrayList$SubList$2
Event: 22.857 Loading class java/util/ArrayList$SubList$2 done
Event: 22.868 Loading class java/time/format/DateTimeFormatterBuilder$ZoneTextPrinterParser
Event: 22.868 Loading class java/time/format/DateTimeFormatterBuilder$ZoneTextPrinterParser done
Event: 22.868 Loading class java/time/format/DateTimeFormatterBuilder$ReducedPrinterParser
Event: 22.868 Loading class java/time/format/DateTimeFormatterBuilder$ReducedPrinterParser done

Classes unloaded (20 events):
Event: 568.625 Thread 0x0000029bf1fe7a40 Unloading class 0x00000008010c0800 'java/lang/invoke/LambdaForm$MH+0x00000008010c0800'
Event: 568.625 Thread 0x0000029bf1fe7a40 Unloading class 0x00000008010c0400 'java/lang/invoke/LambdaForm$DMH+0x00000008010c0400'
Event: 568.625 Thread 0x0000029bf1fe7a40 Unloading class 0x00000008010c0000 'java/lang/invoke/LambdaForm$DMH+0x00000008010c0000'
Event: 568.625 Thread 0x0000029bf1fe7a40 Unloading class 0x000000080100b800 'java/lang/invoke/LambdaForm$MH+0x000000080100b800'
Event: 568.625 Thread 0x0000029bf1fe7a40 Unloading class 0x000000080100ac00 'java/lang/invoke/LambdaForm$MH+0x000000080100ac00'
Event: 568.625 Thread 0x0000029bf1fe7a40 Unloading class 0x000000080100a800 'java/lang/invoke/LambdaForm$MH+0x000000080100a800'
Event: 568.625 Thread 0x0000029bf1fe7a40 Unloading class 0x000000080100a400 'java/lang/invoke/LambdaForm$MH+0x000000080100a400'
Event: 568.625 Thread 0x0000029bf1fe7a40 Unloading class 0x0000000801009c00 'java/lang/invoke/LambdaForm$MH+0x0000000801009c00'
Event: 568.625 Thread 0x0000029bf1fe7a40 Unloading class 0x0000000801009000 'java/lang/invoke/LambdaForm$MH+0x0000000801009000'
Event: 568.625 Thread 0x0000029bf1fe7a40 Unloading class 0x0000000801008000 'java/lang/invoke/LambdaForm$MH+0x0000000801008000'
Event: 568.625 Thread 0x0000029bf1fe7a40 Unloading class 0x0000000801007c00 'java/lang/invoke/LambdaForm$MH+0x0000000801007c00'
Event: 568.625 Thread 0x0000029bf1fe7a40 Unloading class 0x0000000801007400 'java/lang/invoke/LambdaForm$MH+0x0000000801007400'
Event: 568.625 Thread 0x0000029bf1fe7a40 Unloading class 0x0000000801006c00 'java/lang/invoke/LambdaForm$MH+0x0000000801006c00'
Event: 568.625 Thread 0x0000029bf1fe7a40 Unloading class 0x0000000801006400 'java/lang/invoke/LambdaForm$MH+0x0000000801006400'
Event: 568.625 Thread 0x0000029bf1fe7a40 Unloading class 0x0000000801005c00 'java/lang/invoke/LambdaForm$MH+0x0000000801005c00'
Event: 568.625 Thread 0x0000029bf1fe7a40 Unloading class 0x0000000801005400 'java/lang/invoke/LambdaForm$MH+0x0000000801005400'
Event: 568.625 Thread 0x0000029bf1fe7a40 Unloading class 0x0000000801004000 'java/lang/invoke/LambdaForm$MH+0x0000000801004000'
Event: 568.625 Thread 0x0000029bf1fe7a40 Unloading class 0x0000000801003c00 'java/lang/invoke/LambdaForm$MH+0x0000000801003c00'
Event: 568.625 Thread 0x0000029bf1fe7a40 Unloading class 0x0000000801003800 'java/lang/invoke/LambdaForm$MH+0x0000000801003800'
Event: 568.625 Thread 0x0000029bf1fe7a40 Unloading class 0x0000000801003400 'java/lang/invoke/LambdaForm$MH+0x0000000801003400'

Classes redefined (1 events):
Event: 794.376 Thread 0x0000029bf1fe7a40 redefined class name=com.example.demo.controller.admin.AdminEventController, count=1

Internal exceptions (20 events):
Event: 170.567 Thread 0x0000029bf7a002a0 Exception <a 'java/lang/StackOverflowError'{0x000000070e09a498}> (0x000000070e09a498) 
thrown [s\open\src\hotspot\share\runtime\sharedRuntime.cpp, line 709]
Event: 173.258 Thread 0x0000029bf7a002a0 StackOverflowError at 0x0000029be6da7860
Event: 173.259 Thread 0x0000029bf7a002a0 Exception <a 'java/lang/StackOverflowError'{0x000000070dc1ea50}> (0x000000070dc1ea50) 
thrown [s\open\src\hotspot\share\runtime\sharedRuntime.cpp, line 709]
Event: 202.462 Thread 0x0000029bf7a002a0 StackOverflowError at 0x0000029be6f548a0
Event: 202.462 Thread 0x0000029bf7a002a0 Exception <a 'java/lang/StackOverflowError'{0x000000070d9aaab8}> (0x000000070d9aaab8) 
thrown [s\open\src\hotspot\share\runtime\sharedRuntime.cpp, line 709]
Event: 203.924 Thread 0x0000029bf7a002a0 StackOverflowError at 0x0000029be6f548a0
Event: 203.926 Thread 0x0000029bf7a002a0 Exception <a 'java/lang/StackOverflowError'{0x000000070d511780}> (0x000000070d511780) 
thrown [s\open\src\hotspot\share\runtime\sharedRuntime.cpp, line 709]
Event: 214.269 Thread 0x0000029bf7a002a0 StackOverflowError at 0x0000029be718ce40
Event: 214.271 Thread 0x0000029bf7a002a0 Exception <a 'java/lang/StackOverflowError'{0x000000070d13a990}> (0x000000070d13a990) 
thrown [s\open\src\hotspot\share\runtime\sharedRuntime.cpp, line 709]
Event: 215.018 Thread 0x0000029bf7a002a0 StackOverflowError at 0x0000029be718ce40
Event: 215.020 Thread 0x0000029bf7a002a0 Exception <a 'java/lang/StackOverflowError'{0x000000070cca1180}> (0x000000070cca1180) 
thrown [s\open\src\hotspot\share\runtime\sharedRuntime.cpp, line 709]
Event: 215.368 Thread 0x0000029bf7a002a0 StackOverflowError at 0x0000029be718ce40
Event: 215.370 Thread 0x0000029bf7a002a0 Exception <a 'java/lang/StackOverflowError'{0x000000070c8078c8}> (0x000000070c8078c8) 
thrown [s\open\src\hotspot\share\runtime\sharedRuntime.cpp, line 709]
Event: 215.736 Thread 0x0000029bf7a002a0 StackOverflowError at 0x0000029be718ce40
Event: 215.738 Thread 0x0000029bf7a002a0 Exception <a 'java/lang/StackOverflowError'{0x000000070c75f190}> (0x000000070c75f190) 
thrown [s\open\src\hotspot\share\runtime\sharedRuntime.cpp, line 709]
Event: 573.278 Thread 0x0000029bf7a002a0 StackOverflowError at 0x0000029be6f548a0
Event: 573.279 Thread 0x0000029bf7a002a0 Exception <a 'java/lang/StackOverflowError'{0x000000070f414dc0}> (0x000000070f414dc0) 
thrown [s\open\src\hotspot\share\runtime\sharedRuntime.cpp, line 709]
Event: 580.759 Thread 0x0000029bf7a002a0 StackOverflowError at 0x0000029be6f548a0
Event: 580.760 Thread 0x0000029bf7a002a0 Exception <a 'java/lang/StackOverflowError'{0x000000070f014848}> (0x000000070f014848) 
thrown [s\open\src\hotspot\share\runtime\sharedRuntime.cpp, line 709]
Event: 601.073 Thread 0x0000029bf7ba8470 Exception <a 'java/lang/NoSuchMethodError'{0x000000070f1f8cf0}: static [B.<clinit>()V> (0x000000070f1f8cf0) 
thrown [s\open\src\hotspot\share\prims\jni.cpp, line 1105]

VM Operations (20 events):
Event: 573.330 Executing VM operation: get/set locals
Event: 573.330 Executing VM operation: get/set locals done
Event: 580.756 Executing VM operation: get/set locals
Event: 580.756 Executing VM operation: get/set locals done
Event: 580.813 Executing VM operation: get/set locals
Event: 580.814 Executing VM operation: get/set locals done
Event: 653.851 Executing VM operation: Cleanup
Event: 653.851 Executing VM operation: Cleanup done
Event: 794.356 Executing VM operation: ChangeSingleStep
Event: 794.356 Executing VM operation: ChangeSingleStep done
Event: 794.356 Executing VM operation: ChangeSingleStep
Event: 794.357 Executing VM operation: ChangeSingleStep done
Event: 794.370 Executing VM operation: RedefineClasses
Event: 794.392 Executing VM operation: RedefineClasses done
Event: 794.409 Executing VM operation: ChangeBreakpoints
Event: 794.410 Executing VM operation: ChangeBreakpoints done
Event: 794.425 Executing VM operation: ChangeBreakpoints
Event: 794.427 Executing VM operation: ChangeBreakpoints done
Event: 794.431 Executing VM operation: ChangeSingleStep
Event: 794.431 Executing VM operation: ChangeSingleStep done

Events (20 events):
Event: 568.637 Thread 0x0000029bf1fe7a40 flushing nmethod 0x0000029be7075a10
Event: 568.637 Thread 0x0000029bf1fe7a40 flushing nmethod 0x0000029be7052a10
Event: 568.637 Thread 0x0000029bf1fe7a40 flushing nmethod 0x0000029be7037a10
Event: 568.637 Thread 0x0000029bf1fe7a40 flushing nmethod 0x0000029be7037710
Event: 568.637 Thread 0x0000029bf1fe7a40 flushing nmethod 0x0000029be7037410
Event: 568.637 Thread 0x0000029bf1fe7a40 flushing nmethod 0x0000029be6fe1b90
Event: 568.637 Thread 0x0000029bf1fe7a40 flushing nmethod 0x0000029be6ffd890
Event: 568.637 Thread 0x0000029bf1fe7a40 flushing nmethod 0x0000029be6fad110
Event: 568.637 Thread 0x0000029bf1fe7a40 flushing nmethod 0x0000029be6facd90
Event: 568.637 Thread 0x0000029bf1fe7a40 flushing nmethod 0x0000029be6fac590
Event: 568.637 Thread 0x0000029bf1fe7a40 flushing nmethod 0x0000029be6fb4f10
Event: 568.637 Thread 0x0000029bf1fe7a40 flushing nmethod 0x0000029be6f8b790
Event: 568.637 Thread 0x0000029bf1fe7a40 flushing nmethod 0x0000029be6f86d10
Event: 568.637 Thread 0x0000029bf1fe7a40 flushing nmethod 0x0000029be6f6cf90
Event: 568.637 Thread 0x0000029bf1fe7a40 flushing nmethod 0x0000029be6f4ab90
Event: 568.637 Thread 0x0000029bf1fe7a40 flushing nmethod 0x0000029be6f0fc10
Event: 568.637 Thread 0x0000029bf1fe7a40 flushing nmethod 0x0000029be6f0f910
Event: 568.637 Thread 0x0000029bf1fe7a40 flushing nmethod 0x0000029be6f0ca90
Event: 568.637 Thread 0x0000029bf1fe7a40 flushing nmethod 0x0000029be6efb210
Event: 568.637 Thread 0x0000029bf1fe7a40 flushing nmethod 0x0000029be6eda290


Dynamic libraries:
0x00007ff6f7fa0000 - 0x00007ff6f7fb0000 	C:\Program Files\Java\jdk-20\bin\javaw.exe
0x00007fffc9b30000 - 0x00007fffc9d28000 	C:\WINDOWS\SYSTEM32\ntdll.dll
0x00007fffc87b0000 - 0x00007fffc886f000 	C:\WINDOWS\System32\KERNEL32.DLL
0x00007fffc7670000 - 0x00007fffc7966000 	C:\WINDOWS\System32\KERNELBASE.dll
0x00007fffc7410000 - 0x00007fffc7510000 	C:\WINDOWS\System32\ucrtbase.dll
0x00007fffbc610000 - 0x00007fffbc629000 	C:\Program Files\Java\jdk-20\bin\jli.dll
0x00007fffc8870000 - 0x00007fffc891f000 	C:\WINDOWS\System32\ADVAPI32.dll
0x00007fffc8930000 - 0x00007fffc89ce000 	C:\WINDOWS\System32\msvcrt.dll
0x00007fffc93d0000 - 0x00007fffc946c000 	C:\WINDOWS\System32\sechost.dll
0x00007fffc9890000 - 0x00007fffc99b6000 	C:\WINDOWS\System32\RPCRT4.dll
0x00007fffc9470000 - 0x00007fffc960d000 	C:\WINDOWS\System32\USER32.dll
0x00007fffc7970000 - 0x00007fffc7992000 	C:\WINDOWS\System32\win32u.dll
0x00007fffc9620000 - 0x00007fffc964c000 	C:\WINDOWS\System32\GDI32.dll
0x00007fffc72c0000 - 0x00007fffc73d5000 	C:\WINDOWS\System32\gdi32full.dll
0x00007fffc7af0000 - 0x00007fffc7b8d000 	C:\WINDOWS\System32\msvcp_win.dll
0x00007fffa7790000 - 0x00007fffa7a2a000 	C:\WINDOWS\WinSxS\amd64_microsoft.windows.common-controls_6595b64144ccf1df_6.0.19041.1110_none_60b5254171f9507e\COMCTL32.dll
0x00007fffbe570000 - 0x00007fffbe57a000 	C:\WINDOWS\SYSTEM32\VERSION.dll
0x00007fffbc050000 - 0x00007fffbc06b000 	C:\Program Files\Java\jdk-20\bin\VCRUNTIME140.dll
0x00007fffc8fb0000 - 0x00007fffc8fe0000 	C:\WINDOWS\System32\IMM32.DLL
0x00007fffbf700000 - 0x00007fffbf70c000 	C:\Program Files\Java\jdk-20\bin\vcruntime140_1.dll
0x00007fff9aec0000 - 0x00007fff9af4e000 	C:\Program Files\Java\jdk-20\bin\msvcp140.dll
0x00007fff5ec90000 - 0x00007fff5f927000 	C:\Program Files\Java\jdk-20\bin\server\jvm.dll
0x00007fffbc630000 - 0x00007fffbc639000 	C:\WINDOWS\SYSTEM32\WSOCK32.dll
0x00007fffbc3f0000 - 0x00007fffbc417000 	C:\WINDOWS\SYSTEM32\WINMM.dll
0x00007fffc8b80000 - 0x00007fffc8beb000 	C:\WINDOWS\System32\WS2_32.dll
0x00007fffc5a10000 - 0x00007fffc5a22000 	C:\WINDOWS\SYSTEM32\kernel.appcore.dll
0x00007fffbc040000 - 0x00007fffbc04a000 	C:\Program Files\Java\jdk-20\bin\jimage.dll
0x00007fffc5800000 - 0x00007fffc59e4000 	C:\WINDOWS\SYSTEM32\DBGHELP.DLL
0x00007fffa5270000 - 0x00007fffa52a4000 	C:\WINDOWS\SYSTEM32\dbgcore.DLL
0x00007fffc7a60000 - 0x00007fffc7ae2000 	C:\WINDOWS\System32\bcryptPrimitives.dll
0x00007fff9c630000 - 0x00007fff9c66c000 	C:\Program Files\Java\jdk-20\bin\jdwp.dll
0x00007fffbbfa0000 - 0x00007fffbbfae000 	C:\Program Files\Java\jdk-20\bin\instrument.dll
0x00007fff9c4d0000 - 0x00007fff9c4f6000 	C:\Program Files\Java\jdk-20\bin\java.dll
0x00007fff8d660000 - 0x00007fff8d737000 	C:\Program Files\Java\jdk-20\bin\jsvml.dll
0x00007fffc7bf0000 - 0x00007fffc8334000 	C:\WINDOWS\System32\SHELL32.dll
0x00007fffc4fa0000 - 0x00007fffc5733000 	C:\WINDOWS\SYSTEM32\windows.storage.dll
0x00007fffc8c50000 - 0x00007fffc8fa4000 	C:\WINDOWS\System32\combase.dll
0x00007fffc6c70000 - 0x00007fffc6c9e000 	C:\WINDOWS\SYSTEM32\Wldp.dll
0x00007fffc9a40000 - 0x00007fffc9aed000 	C:\WINDOWS\System32\SHCORE.dll
0x00007fffc99c0000 - 0x00007fffc9a15000 	C:\WINDOWS\System32\shlwapi.dll
0x00007fffc7150000 - 0x00007fffc716f000 	C:\WINDOWS\SYSTEM32\profapi.dll
0x00007fffbbd00000 - 0x00007fffbbd0c000 	C:\Program Files\Java\jdk-20\bin\dt_socket.dll
0x00007fffc6670000 - 0x00007fffc66ac000 	C:\WINDOWS\SYSTEM32\IPHLPAPI.DLL
0x00007fffc69d0000 - 0x00007fffc6a3a000 	C:\WINDOWS\system32\mswsock.dll
0x00007fffc66b0000 - 0x00007fffc677b000 	C:\WINDOWS\SYSTEM32\DNSAPI.dll
0x00007fffc8920000 - 0x00007fffc8928000 	C:\WINDOWS\System32\NSI.dll
0x00007fffbc330000 - 0x00007fffbc33a000 	C:\Windows\System32\rasadhlp.dll
0x00007fffbb830000 - 0x00007fffbb8b2000 	C:\WINDOWS\System32\fwpuclnt.dll
0x00007fffc73e0000 - 0x00007fffc7407000 	C:\WINDOWS\System32\bcrypt.dll
0x00007fffa88f0000 - 0x00007fffa8908000 	C:\Program Files\Java\jdk-20\bin\zip.dll
0x00007fffa4980000 - 0x00007fffa4993000 	C:\Program Files\Java\jdk-20\bin\net.dll
0x00007fffc15f0000 - 0x00007fffc16fa000 	C:\WINDOWS\SYSTEM32\WINHTTP.dll
0x00007fff9c610000 - 0x00007fff9c626000 	C:\Program Files\Java\jdk-20\bin\nio.dll
0x00007fffbbc90000 - 0x00007fffbbc9a000 	C:\Program Files\Java\jdk-20\bin\management.dll
0x00007fffbb9b0000 - 0x00007fffbb9bb000 	C:\Program Files\Java\jdk-20\bin\management_ext.dll
0x00007fffc9610000 - 0x00007fffc9618000 	C:\WINDOWS\System32\PSAPI.DLL
0x00007fff88e60000 - 0x00007fff88e77000 	C:\WINDOWS\system32\napinsp.dll
0x00007fff8f430000 - 0x00007fff8f44b000 	C:\WINDOWS\system32\pnrpnsp.dll
0x00007fffc1e80000 - 0x00007fffc1e95000 	C:\WINDOWS\system32\wshbth.dll
0x00007fffc26f0000 - 0x00007fffc270d000 	C:\WINDOWS\system32\NLAapi.dll
0x00007fff92910000 - 0x00007fff92922000 	C:\WINDOWS\System32\winrnr.dll
0x00007fffc6bc0000 - 0x00007fffc6bd8000 	C:\WINDOWS\SYSTEM32\CRYPTSP.dll
0x00007fffc6250000 - 0x00007fffc6284000 	C:\WINDOWS\system32\rsaenh.dll
0x00007fffc70d0000 - 0x00007fffc70fe000 	C:\WINDOWS\SYSTEM32\USERENV.dll
0x00007fffc6be0000 - 0x00007fffc6bec000 	C:\WINDOWS\SYSTEM32\CRYPTBASE.dll
0x00007fffbe840000 - 0x00007fffbe857000 	C:\WINDOWS\SYSTEM32\dhcpcsvc6.DLL
0x00007fffbe7e0000 - 0x00007fffbe7fd000 	C:\WINDOWS\SYSTEM32\dhcpcsvc.DLL
0x00007fffa6e60000 - 0x00007fffa6e67000 	C:\Program Files\Java\jdk-20\bin\extnet.dll
0x00007fffa6d50000 - 0x00007fffa6d60000 	C:\Program Files\Java\jdk-20\bin\verify.dll
0x00007fffa5970000 - 0x00007fffa597e000 	C:\Program Files\Java\jdk-20\bin\sunmscapi.dll
0x00007fffc7510000 - 0x00007fffc766e000 	C:\WINDOWS\System32\CRYPT32.dll
0x00007fffc6ce0000 - 0x00007fffc6d08000 	C:\WINDOWS\SYSTEM32\ncrypt.dll
0x00007fffc6ca0000 - 0x00007fffc6cdb000 	C:\WINDOWS\SYSTEM32\NTASN1.dll
0x00007fffa44a0000 - 0x00007fffa44a7000 	C:\WINDOWS\system32\wshunix.dll

dbghelp: loaded successfully - version: 4.0.5 - missing functions: none
symbol engine: initialized successfully - sym options: 0x614 - pdb path: .;C:\Program Files\Java\jdk-20\bin;C:\WINDOWS\SYSTEM32;C:\WINDOWS\WinSxS\amd64_microsoft.windows.common-controls_6595b64144ccf1df_6.0.19041.1110_none_60b5254171f9507e;C:\Program Files\Java\jdk-20\bin\server

VM Arguments:
jvm_args: -XX:+ShowCodeDetailsInExceptionMessages -agentlib:jdwp=transport=dt_socket,suspend=y,address=localhost:55782 -Dcom.sun.management.jmxremote -Dcom.sun.management.jmxremote.port=55781 -Dcom.sun.management.jmxremote.authenticate=false -Dcom.sun.management.jmxremote.ssl=false -Djava.rmi.server.hostname=localhost -Dspring.jmx.enabled=true -Dmanagement.endpoints.jmx.exposure.include=* -Dspring.application.admin.enabled=true -XX:TieredStopAtLevel=1 -Dspring.boot.project.name=enkai -javaagent:C:\pleiades\eclipse\configuration\org.eclipse.osgi\231\0\.cp\lib\javaagent-shaded.jar -Dfile.encoding=UTF-8 
java_command: com.example.demo.EnkaiApplication --spring.output.ansi.enabled=always
java_class_path (initial): C:\pleiades\workspace\enkai\target\classes;C:\Users\no1s\.m2\repository\org\springframework\boot\spring-boot-starter-data-jpa\3.1.0\spring-boot-starter-data-jpa-3.1.0.jar;C:\Users\no1s\.m2\repository\org\springframework\boot\spring-boot-starter-aop\3.1.0\spring-boot-starter-aop-3.1.0.jar;C:\Users\no1s\.m2\repository\org\aspectj\aspectjweaver\1.9.19\aspectjweaver-1.9.19.jar;C:\Users\no1s\.m2\repository\org\springframework\boot\spring-boot-starter-jdbc\3.1.0\spring-boot-starter-jdbc-3.1.0.jar;C:\Users\no1s\.m2\repository\com\zaxxer\HikariCP\5.0.1\HikariCP-5.0.1.jar;C:\Users\no1s\.m2\repository\org\springframework\spring-jdbc\6.0.9\spring-jdbc-6.0.9.jar;C:\Users\no1s\.m2\repository\org\hibernate\orm\hibernate-core\6.2.2.Final\hibernate-core-6.2.2.Final.jar;C:\Users\no1s\.m2\repository\jakarta\persistence\jakarta.persistence-api\3.1.0\jakarta.persistence-api-3.1.0.jar;C:\Users\no1s\.m2\repository\jakarta\transaction\jakarta.transaction-api\2.0.1\jakarta.transaction-api-2.0.1.jar;C:\Users\no1s\.m2\repository\org\jboss\logging\jboss-logging\3.5.0.Final\jboss-logging-3.5.0.Final.jar;C:\Users\no1s\.m2\repository\org\hibernate\common\hibernate-commons-annotations\6.0.6.Final\hibernate-commons-annotations-6.0.6.Final.jar;C:\Users\no1s\.m2\repository\io\smallrye\jandex\3.0.5\jandex-3.0.5.jar;C:\Users\no1s\.m2\repository\com\fasterxml\classmate\1.5.1\classmate-1.5.1.jar;C:\Users\no1s\.m2\repository\net\bytebuddy\byte-buddy\1.14.4\byte-buddy-1.14.4.jar;C:\Users\no1s\.m2\repository\org\glassfish\jaxb\jaxb-runtime\4.0.2\jaxb-runtime-4.0.2.jar;C:\Users\no1s\.m2\repository\org\glassfish\jaxb\jaxb-core\4.0.2\jaxb-core-4.0.2.jar;C:\Users\no1s\.m2\repository\org\eclipse\angus\angus-activation\2.0.0\angus-activation-2.0.0.jar;C:\Users\no1s\.m2\repository\org\glassfish\jaxb\txw2\4.0.2\txw2-4.0.2.jar;C:\Users\no1s\.m2\repository\com\sun\istack\istack-commons-runtime\4.1.1\istack-commons-runtime-4.1.1.jar;C:\Users\no1s\.m2\repository\jakarta\inject\jakarta.inject-api\2.0.1\jakarta.inject-api-2.0.1.jar;C:\Users\no1s\.m2\repository\org\antlr\antlr4-runtime\4.10.1\antlr4-runtime-4.10.1.jar;C:\Users\no1s\.m2\repository\org\springframework\data\spring-data-jpa\3.1.0\spring-data-jpa-3.1.0.jar;C:\Users\no1s\.m2\repository\org\springframework\data\spring-data-commons\3.1.0\spring-data-commons-3.1.0.jar;C:\Users\no1s\.m2\repository\org\springframework\spring-orm\6.0.9\spring-orm-6.0.9.jar;C:\Users\no1s\.m2\repository\org\springframework\spring-context\6.0.9\spring-context-6.0.9.jar;C:\Users\no1s\.m2\repository\org\springframework\spring-tx\6.0.9\spring-tx-6.0.9.jar;C:\Users\no1s\.m2\repository\org\springframework\spring-beans\6.0.9\spring-beans-6.0.9.jar;C:\Users\no1s\.m2\repository\jakarta\annotation\jakarta.annotation-api\2.1.1\jakarta.annotation-api-2.1.1.jar;C:\Users\no1s\.m2\repository\org\springframework\spring-aspects\6.0.9\spring-aspects-6.0.9.jar;C:\Users\no1s\.m2\repository\org\springframework\boot\spring-boot-starter-thymeleaf\3.1.0\spring-boot-starter-thymeleaf-3.1.0.jar;C:\Users\no1s\.m2\repository\org\springframework\boot\spring-boot-starter\3.1.0\spring-boot-starter-3.1.0.jar;C:\Users\no1s\.m2\repository\org\springframework\boot\spring-boot-starter-logging\3.1.0\spring-boot-starter-logging-3.1.0.jar;C:\Users\no1s\.m2\repository\ch\qos\logback\logback-classic\1.4.7\logback-classic-1.4.7.jar;C:\Users\no1s\.m2\repository\ch\qos\logback\logback-core\1.4.7\logback-core-1.4.7.jar;C:\Users\no1s\.m2\repository\org\apache\logging\log4j\log4j-to-slf4j\2.20.0\log4j-to-slf4j-2.20.0.jar;C:\Users\no1s\.m2\repository\org\apache\logging\log4j\log4j-api\2.20.0\log4j-api-2.20.0.jar;C:\Users\no1s\.m2\repository\org\slf4j\jul-to-slf4j\2.0.7\jul-to-slf4j-2.0.7.jar;C:\Users\no1s\.m2\repository\org\yaml\snakeyaml\1.33\snakeyaml-1.33.jar;C:\Users\no1s\.m2\repository\org\thymeleaf\thymeleaf-spring6\3.1.1.RELEASE\thymeleaf-spring6-3.1.1.RELEASE.jar;C:\Users\no1s\.m2\repository\org\springframework\boot\spring-boot-starter-validation\3.1.0\spring-boot-starter-validation-3.1.0.jar;C:\Users\no1s\.m2\repository\org\apache\tomcat\embed\tomcat-embed-el\10.1.8\tomcat-embed-el-10.1.8.jar;C:\Users\no1s\.m2\repository\org\hibernate\validator\hibernate-validator\8.0.0.Final\hibernate-validator-8.0.0.Final.jar;C:\Users\no1s\.m2\repository\jakarta\validation\jakarta.validation-api\3.0.2\jakarta.validation-api-3.0.2.jar;C:\Users\no1s\.m2\repository\org\springframework\boot\spring-boot-starter-web\3.1.0\spring-boot-starter-web-3.1.0.jar;C:\Users\no1s\.m2\repository\org\springframework\boot\spring-boot-starter-json\3.1.0\spring-boot-starter-json-3.1.0.jar;C:\Users\no1s\.m2\repository\com\fasterxml\jackson\core\jackson-databind\2.15.0\jackson-databind-2.15.0.jar;C:\Users\no1s\.m2\repository\com\fasterxml\jackson\core\jackson-annotations\2.15.0\jackson-annotations-2.15.0.jar;C:\Users\no1s\.m2\repository\com\fasterxml\jackson\datatype\jackson-datatype-jdk8\2.15.0\jackson-datatype-jdk8-2.15.0.jar;C:\Users\no1s\.m2\repository\com\fasterxml\jackson\datatype\jackson-datatype-jsr310\2.15.0\jackson-datatype-jsr310-2.15.0.jar;C:\Users\no1s\.m2\repository\com\fasterxml\jackson\module\jackson-module-parameter-names\2.15.0\jackson-module-parameter-names-2.15.0.jar;C:\Users\no1s\.m2\repository\org\springframework\boot\spring-boot-starter-tomcat\3.1.0\spring-boot-starter-tomcat-3.1.0.jar;C:\Users\no1s\.m2\repository\org\apache\tomcat\embed\tomcat-embed-core\10.1.8\tomcat-embed-core-10.1.8.jar;C:\Users\no1s\.m2\repository\org\apache\tomcat\embed\tomcat-embed-websocket\10.1.8\tomcat-embed-websocket-10.1.8.jar;C:\Users\no1s\.m2\repository\org\springframework\spring-web\6.0.9\spring-web-6.0.9.jar;C:\Users\no1s\.m2\repository\io\micrometer\micrometer-observation\1.11.0\micrometer-observation-1.11.0.jar;C:\Users\no1s\.m2\repository\io\micrometer\micrometer-commons\1.11.0\micrometer-commons-1.11.0.jar;C:\Users\no1s\.m2\repository\org\springframework\spring-webmvc\6.0.9\spring-webmvc-6.0.9.jar;C:\Users\no1s\.m2\repository\org\springframework\spring-expression\6.0.9\spring-expression-6.0.9.jar;C:\Users\no1s\.m2\repository\org\springframework\boot\spring-boot-devtools\3.1.0\spring-boot-devtools-3.1.0.jar;C:\Users\no1s\.m2\repository\org\springframework\boot\spring-boot\3.1.0\spring-boot-3.1.0.jar;C:\Users\no1s\.m2\repository\org\springframework\boot\spring-boot-autoconfigure\3.1.0\spring-boot-autoconfigure-3.1.0.jar;C:\Users\no1s\.m2\repository\com\mysql\mysql-connector-j\8.0.33\mysql-connector-j-8.0.33.jar;C:\Users\no1s\.m2\repository\org\projectlombok\lombok\1.18.26\lombok-1.18.26.jar;C:\Users\no1s\.m2\repository\jakarta\xml\bind\jakarta.xml.bind-api\4.0.0\jakarta.xml.bind-api-4.0.0.jar;C:\Users\no1s\.m2\repository\jakarta\activation\jakarta.activation-api\2.1.2\jakarta.activation-api-2.1.2.jar;C:\Users\no1s\.m2\repository\org\springframework\spring-core\6.0.9\spring-core-6.0.9.jar;C:\Users\no1s\.m2\repository\org\springframework\spring-jcl\6.0.9\spring-jcl-6.0.9.jar;C:\Users\no1s\.m2\repository\org\flywaydb\flyway-mysql\9.16.3\flyway-mysql-9.16.3.jar;C:\Users\no1s\.m2\repository\org\flywaydb\flyway-core\9.16.3\flyway-core-9.16.3.jar;C:\Users\no1s\.m2\repository\com\fasterxml\jackson\dataformat\jackson-dataformat-toml\2.15.0\jackson-dataformat-toml-2.15.0.jar;C:\Users\no1s\.m2\repository\org\apache\commons\commons-text\1.10.0\commons-text-1.10.0.jar;C:\Users\no1s\.m2\repository\org\apache\commons\commons-lang3\3.12.0\commons-lang3-3.12.0.jar;C:\Users\no1s\.m2\repository\org\springframework\boot\spring-boot-starter-security\3.1.0\spring-boot-starter-security-3.1.0.jar;C:\Users\no1s\.m2\repository\org\springframework\spring-aop\6.0.9\spring-aop-6.0.9.jar;C:\Users\no1s\.m2\repository\org\springframework\security\spring-security-config\6.1.0\spring-security-config-6.1.0.jar;C:\Users\no1s\.m2\repository\org\springframework\security\spring-security-core\6.1.0\spring-security-core-6.1.0.jar;C:\Users\no1s\.m2\repository\org\springframework\security\spring-security-crypto\6.1.0\spring-security-crypto-6.1.0.jar;C:\Users\no1s\.m2\repository\org\springframework\security\spring-security-web\6.1.0\spring-security-web-6.1.0.jar;C:\Users\no1s\.m2\repository\org\thymeleaf\extras\thymeleaf-extras-springsecurity6\3.1.1.RELEASE\thymeleaf-extras-springsecurity6-3.1.1.RELEASE.jar;C:\Users\no1s\.m2\repository\org\slf4j\slf4j-api\2.0.7\slf4j-api-2.0.7.jar;C:\Users\no1s\.m2\repository\org\webjars\bootstrap\5.2.3\bootstrap-5.2.3.jar;C:\Users\no1s\.m2\repository\org\webjars\webjars-locator-core\0.52\webjars-locator-core-0.52.jar;C:\Users\no1s\.m2\repository\io\github\classgraph\classgraph\4.8.147\classgraph-4.8.147.jar;C:\Users\no1s\.m2\repository\com\fasterxml\jackson\core\jackson-core\2.15.0\jackson-core-2.15.0.jar;C:\Users\no1s\.m2\repository\org\webjars\npm\bootstrap-icons\1.10.5\bootstrap-icons-1.10.5.jar;C:\Users\no1s\.m2\repository\nz\net\ultraq\thymeleaf\thymeleaf-layout-dialect\3.2.1\thymeleaf-layout-dialect-3.2.1.jar;C:\Users\no1s\.m2\repository\org\apache\groovy\groovy\4.0.12\groovy-4.0.12.jar;C:\Users\no1s\.m2\repository\nz\net\ultraq\groovy\groovy-extensions\2.1.0\groovy-extensions-2.1.0.jar;C:\Users\no1s\.m2\repository\nz\net\ultraq\thymeleaf\thymeleaf-expression-processor\3.1.1\thymeleaf-expression-processor-3.1.1.jar;C:\Users\no1s\.m2\repository\org\thymeleaf\thymeleaf\3.1.1.RELEASE\thymeleaf-3.1.1.RELEASE.jar;C:\Users\no1s\.m2\repository\ognl\ognl\3.3.4\ognl-3.3.4.jar;C:\Users\no1s\.m2\repository\org\javassist\javassist\3.29.0-GA\javassist-3.29.0-GA.jar;C:\Users\no1s\.m2\repository\org\attoparser\attoparser\2.0.6.RELEASE\attoparser-2.0.6.RELEASE.jar;C:\Users\no1s\.m2\repository\org\unbescape\unbescape\1.1.6.RELEASE\unbescape-1.1.6.RELEASE.jar
Launcher Type: SUN_STANDARD

[Global flags]
     intx CICompilerCount                          = 4                                         {product} {ergonomic}
     uint ConcGCThreads                            = 2                                         {product} {ergonomic}
     uint G1ConcRefinementThreads                  = 8                                         {product} {ergonomic}
   size_t G1HeapRegionSize                         = 2097152                                   {product} {ergonomic}
    uintx GCDrainStackTargetSize                   = 64                                        {product} {ergonomic}
   size_t InitialHeapSize                          = 264241152                                 {product} {ergonomic}
     bool ManagementServer                         = true                                      {product} {command line}
   size_t MarkStackSize                            = 4194304                                   {product} {ergonomic}
   size_t MaxHeapSize                              = 4213178368                                {product} {ergonomic}
   size_t MaxNewSize                               = 2527068160                                {product} {ergonomic}
   size_t MinHeapDeltaBytes                        = 2097152                                   {product} {ergonomic}
   size_t MinHeapSize                              = 8388608                                   {product} {ergonomic}
    uintx NonProfiledCodeHeapSize                  = 0                                      {pd product} {ergonomic}
     bool ProfileInterpreter                       = false                                  {pd product} {command line}
    uintx ProfiledCodeHeapSize                     = 0                                      {pd product} {ergonomic}
     bool ShowCodeDetailsInExceptionMessages       = true                                   {manageable} {command line}
   size_t SoftMaxHeapSize                          = 4213178368                             {manageable} {ergonomic}
     intx TieredStopAtLevel                        = 1                                         {product} {command line}
     bool UseCompressedClassPointers               = true                           {product lp64_product} {ergonomic}
     bool UseCompressedOops                        = true                           {product lp64_product} {ergonomic}
     bool UseG1GC                                  = true                                      {product} {ergonomic}
     bool UseLargePagesIndividualAllocation        = false                                  {pd product} {ergonomic}

Logging:
Log output configuration:
 #0: stdout all=warning uptime,level,tags foldmultilines=false
 #1: stderr all=off uptime,level,tags foldmultilines=false

Environment Variables:
JAVA_HOME=C:\Program Files\Java\jdk-20
PATH=C:/pleiades/java/17/bin/server;C:/pleiades/java/17/bin;C:\Program Files\Java\jdk-20\bin;C:\Program Files\Common Files\Oracle\Java\javapath;C:\WINDOWS\system32;C:\WINDOWS;C:\WINDOWS\System32\Wbem;C:\WINDOWS\System32\WindowsPowerShell\v1.0\;C:\WINDOWS\System32\OpenSSH\;C:\xampp\php;C:\composer;C:\ProgramData\chocolatey\bin;C:\ProgramData\chocolatey\lib\maven\apache-maven-3.9.1\bin;C:\Program Files\Docker\Docker\resources\bin;C:\Program Files\Java\jdk-20\bin;C:\Users\no1s\AppData\Local\Microsoft\WindowsApps;;C:\Users\no1s\AppData\Local\Programs\Microsoft VS Code\bin;C:\Users\no1s\AppData\Roaming\Composer\vendor\bin;C:\pleiades\eclipse;
USERNAME=no1s
OS=Windows_NT
PROCESSOR_IDENTIFIER=Intel64 Family 6 Model 140 Stepping 1, GenuineIntel
TMP=C:\Users\no1s\AppData\Local\Temp
TEMP=C:\Users\no1s\AppData\Local\Temp




---------------  S Y S T E M  ---------------

OS:
 Windows 10 , 64 bit Build 19041 (10.0.19041.2913)
OS uptime: 12 days 6:54 hours
Hyper-V role detected

CPU: total 8 (initial active 8) (4 cores per cpu, 2 threads per core) family 6 model 140 stepping 1 microcode 0xa6, cx8, cmov, fxsr, ht, mmx, 3dnowpref, sse, sse2, sse3, ssse3, sse4.1, sse4.2, popcnt, lzcnt, tsc, tscinvbit, avx, avx2, aes, erms, clmul, bmi1, bmi2, adx, avx512f, avx512dq, avx512cd, avx512bw, avx512vl, sha, fma, vzeroupper, avx512_vpopcntdq, avx512_vpclmulqdq, avx512_vaes, avx512_vnni, clflush, clflushopt, clwb, avx512_vbmi2, avx512_vbmi, hv, rdtscp, rdpid, fsrm, gfni, avx512_bitalg, f16c, cet_ibt, cet_ss, avx512_ifma

Memory: 4k page, system-wide physical 16064M (8405M free)
TotalPageFile size 18496M (AvailPageFile size 8638M)
current process WorkingSet (physical memory assigned to process): 368M, peak: 368M
current process commit charge ("private bytes"): 411M, peak: 411M

vm_info: Java HotSpot(TM) 64-Bit Server VM (20+36-2344) for windows-amd64 JRE (20+36-2344), built on 2023-02-10T19:30:15Z by "mach5one" with MS VC++ 17.1 (VS2022)

END.
