#
# A fatal error has been detected by the Java Runtime Environment:
#
#  EXCEPTION_ACCESS_VIOLATION (0xc0000005) at pc=0x00007fff5efecf02, pid=8796, tid=11456
#
# JRE version: Java(TM) SE Runtime Environment (20.0+36) (build 20+36-2344)
# Java VM: Java HotSpot(TM) 64-Bit Server VM (20+36-2344, mixed mode, emulated-client, sharing, tiered, compressed oops, compressed class ptrs, g1 gc, windows-amd64)
# Problematic frame:
# V  [jvm.dll+0x35cf02]
#
# No core dump will be written. Minidumps are not enabled by default on client versions of Windows
#
# If you would like to submit a bug report, please visit:
#   https://bugreport.java.com/bugreport/crash.jsp
#

---------------  S U M M A R Y ------------

Command Line: -XX:+ShowCodeDetailsInExceptionMessages -agentlib:jdwp=transport=dt_socket,suspend=y,address=localhost:59758 -Dcom.sun.management.jmxremote -Dcom.sun.management.jmxremote.port=59757 -Dcom.sun.management.jmxremote.authenticate=false -Dcom.sun.management.jmxremote.ssl=false -Djava.rmi.server.hostname=localhost -Dspring.jmx.enabled=true -Dmanagement.endpoints.jmx.exposure.include=* -Dspring.application.admin.enabled=true -XX:TieredStopAtLevel=1 -Dspring.boot.project.name=enkai -javaagent:C:\pleiades\eclipse\configuration\org.eclipse.osgi\231\0\.cp\lib\javaagent-shaded.jar -Dfile.encoding=UTF-8 com.example.demo.EnkaiApplication --spring.output.ansi.enabled=always

Host: 11th Gen Intel(R) Core(TM) i5-1135G7 @ 2.40GHz, 8 cores, 15G,  Windows 10 , 64 bit Build 19041 (10.0.19041.2913)
Time: Tue Jun 13 10:34:56 2023  Windows 10 , 64 bit Build 19041 (10.0.19041.2913) elapsed time: 60880.856544 seconds (0d 16h 54m 40s)

---------------  T H R E A D  ---------------

Current thread (0x000001cca87f3b40):  WorkerThread "GC Thread#1" [stack: 0x00000016f4900000,0x00000016f4a00000] [id=11456]

Stack: [0x00000016f4900000,0x00000016f4a00000],  sp=0x00000016f49fe230,  free space=1016k
Native frames: (J=compiled Java code, j=interpreted, Vv=VM code, C=native code)
V  [jvm.dll+0x35cf02]
V  [jvm.dll+0x36c22d]
V  [jvm.dll+0x31781d]
V  [jvm.dll+0x31725d]
V  [jvm.dll+0x3f19b5]
V  [jvm.dll+0x7f4c86]
V  [jvm.dll+0x7fe811]
V  [jvm.dll+0x36ca1a]
V  [jvm.dll+0x36c8b4]
V  [jvm.dll+0x373eb4]
V  [jvm.dll+0x37402b]
V  [jvm.dll+0x875777]
V  [jvm.dll+0x7f4906]
V  [jvm.dll+0x6ba5cb]
C  [ucrtbase.dll+0x21bb2]
C  [KERNEL32.DLL+0x17614]
C  [ntdll.dll+0x526a1]

JavaThread 0x000001ccab71d770 (nid = 14784) was being processed
Java frames: (J=compiled Java code, j=interpreted, Vv=VM code)
j  java.lang.invoke.DirectMethodHandle$Holder.newInvokeSpecial(Ljava/lang/Object;)Ljava/lang/Object;+15 java.base@20
J 864 c1 jdk.internal.reflect.DirectConstructorHandleAccessor.newInstance([Ljava/lang/Object;)Ljava/lang/Object; java.base@20 (148 bytes) @ 0x000001cc98d2f934 [0x000001cc98d2f720+0x0000000000000214]
J 863 c1 java.lang.reflect.Constructor.newInstanceWithCaller([Ljava/lang/Object;ZLjava/lang/Class;)Ljava/lang/Object; java.base@20 (51 bytes) @ 0x000001cc98d2ab8c [0x000001cc98d2aac0+0x00000000000000cc]
J 3525 c1 org.springframework.beans.BeanUtils.instantiateClass(Ljava/lang/reflect/Constructor;[Ljava/lang/Object;)Ljava/lang/Object; (208 bytes) @ 0x000001cc992cad64 [0x000001cc992ca7c0+0x00000000000005a4]
J 10078 c1 org.springframework.beans.factory.support.SimpleInstantiationStrategy.instantiate(Lorg/springframework/beans/factory/support/RootBeanDefinition;Ljava/lang/String;Lorg/springframework/beans/factory/BeanFactory;)Ljava/lang/Object; (123 bytes) @ 0x000001cc99cd23a4 [0x000001cc99cd1f00+0x00000000000004a4]
J 10077 c1 org.springframework.beans.factory.support.AbstractAutowireCapableBeanFactory.instantiateBean(Ljava/lang/String;Lorg/springframework/beans/factory/support/RootBeanDefinition;)Lorg/springframework/beans/BeanWrapper; (51 bytes) @ 0x000001cc98c9d3d4 [0x000001cc98c9d320+0x00000000000000b4]
J 6895 c1 org.springframework.beans.factory.support.AbstractAutowireCapableBeanFactory.createBeanInstance(Ljava/lang/String;Lorg/springframework/beans/factory/support/RootBeanDefinition;[Ljava/lang/Object;)Lorg/springframework/beans/BeanWrapper; (241 bytes) @ 0x000001cc9988aaac [0x000001cc9988a4c0+0x00000000000005ec]
J 6894 c1 org.springframework.beans.factory.support.AbstractAutowireCapableBeanFactory.doCreateBean(Ljava/lang/String;Lorg/springframework/beans/factory/support/RootBeanDefinition;[Ljava/lang/Object;)Ljava/lang/Object; (469 bytes) @ 0x000001cc9988bec4 [0x000001cc9988bd20+0x00000000000001a4]
J 6893 c1 org.springframework.beans.factory.support.AbstractAutowireCapableBeanFactory.createBean(Ljava/lang/String;Lorg/springframework/beans/factory/support/RootBeanDefinition;[Ljava/lang/Object;)Ljava/lang/Object; (214 bytes) @ 0x000001cc99888adc [0x000001cc99888600+0x00000000000004dc]
J 6907 c1 org.springframework.beans.factory.support.AbstractBeanFactory$$Lambda$450+0x00000008012f2110.getObject()Ljava/lang/Object; (20 bytes) @ 0x000001cc99896e1c [0x000001cc99896d80+0x000000000000009c]
J 6902 c1 org.springframework.beans.factory.support.DefaultSingletonBeanRegistry.getSingleton(Ljava/lang/String;Lorg/springframework/beans/factory/ObjectFactory;)Ljava/lang/Object; (279 bytes) @ 0x000001cc998924cc [0x000001cc998921a0+0x000000000000032c]
J 3361 c1 org.springframework.beans.factory.support.AbstractBeanFactory.doGetBean(Ljava/lang/String;Ljava/lang/Class;[Ljava/lang/Object;Z)Ljava/lang/Object; (714 bytes) @ 0x000001cc9928b9ec [0x000001cc9928b3c0+0x000000000000062c]
J 9067 c1 org.springframework.beans.factory.support.DefaultListableBeanFactory.doResolveDependency(Lorg/springframework/beans/factory/config/DependencyDescriptor;Ljava/lang/String;Ljava/util/Set;Lorg/springframework/beans/TypeConverter;)Ljava/lang/Object; (534 bytes) @ 0x000001cc99949e7c [0x000001cc999490a0+0x0000000000000ddc]
J 9053 c1 org.springframework.beans.factory.support.DefaultListableBeanFactory.resolveDependency(Lorg/springframework/beans/factory/config/DependencyDescriptor;Ljava/lang/String;Ljava/util/Set;Lorg/springframework/beans/TypeConverter;)Ljava/lang/Object; (115 bytes) @ 0x000001cc99953464 [0x000001cc999532c0+0x00000000000001a4]
j  org.springframework.beans.factory.annotation.AutowiredAnnotationBeanPostProcessor$AutowiredFieldElement.resolveFieldValue(Ljava/lang/reflect/Field;Ljava/lang/Object;Ljava/lang/String;)Ljava/lang/Object;+81
j  org.springframework.beans.factory.annotation.AutowiredAnnotationBeanPostProcessor$AutowiredFieldElement.inject(Ljava/lang/Object;Ljava/lang/String;Lorg/springframework/beans/PropertyValues;)V+53
J 5763 c1 org.springframework.beans.factory.annotation.InjectionMetadata.inject(Ljava/lang/Object;Ljava/lang/String;Lorg/springframework/beans/PropertyValues;)V (75 bytes) @ 0x000001cc9967568c [0x000001cc99675560+0x000000000000012c]
J 6863 c1 org.springframework.beans.factory.annotation.AutowiredAnnotationBeanPostProcessor.postProcessProperties(Lorg/springframework/beans/PropertyValues;Ljava/lang/Object;Ljava/lang/String;)Lorg/springframework/beans/PropertyValues; (46 bytes) @ 0x000001cc9987c46c [0x000001cc9987c3c0+0x00000000000000ac]
J 6260 c1 org.springframework.beans.factory.support.AbstractAutowireCapableBeanFactory.populateBean(Ljava/lang/String;Lorg/springframework/beans/factory/support/RootBeanDefinition;Lorg/springframework/beans/BeanWrapper;)V (355 bytes) @ 0x000001cc99755cb4 [0x000001cc997551a0+0x0000000000000b14]
J 6894 c1 org.springframework.beans.factory.support.AbstractAutowireCapableBeanFactory.doCreateBean(Ljava/lang/String;Lorg/springframework/beans/factory/support/RootBeanDefinition;[Ljava/lang/Object;)Ljava/lang/Object; (469 bytes) @ 0x000001cc9988c30c [0x000001cc9988bd20+0x00000000000005ec]
J 6893 c1 org.springframework.beans.factory.support.AbstractAutowireCapableBeanFactory.createBean(Ljava/lang/String;Lorg/springframework/beans/factory/support/RootBeanDefinition;[Ljava/lang/Object;)Ljava/lang/Object; (214 bytes) @ 0x000001cc99888adc [0x000001cc99888600+0x00000000000004dc]
J 6907 c1 org.springframework.beans.factory.support.AbstractBeanFactory$$Lambda$450+0x00000008012f2110.getObject()Ljava/lang/Object; (20 bytes) @ 0x000001cc99896e1c [0x000001cc99896d80+0x000000000000009c]
J 6902 c1 org.springframework.beans.factory.support.DefaultSingletonBeanRegistry.getSingleton(Ljava/lang/String;Lorg/springframework/beans/factory/ObjectFactory;)Ljava/lang/Object; (279 bytes) @ 0x000001cc998924cc [0x000001cc998921a0+0x000000000000032c]
J 3361 c1 org.springframework.beans.factory.support.AbstractBeanFactory.doGetBean(Ljava/lang/String;Ljava/lang/Class;[Ljava/lang/Object;Z)Ljava/lang/Object; (714 bytes) @ 0x000001cc9928b9ec [0x000001cc9928b3c0+0x000000000000062c]
J 9067 c1 org.springframework.beans.factory.support.DefaultListableBeanFactory.doResolveDependency(Lorg/springframework/beans/factory/config/DependencyDescriptor;Ljava/lang/String;Ljava/util/Set;Lorg/springframework/beans/TypeConverter;)Ljava/lang/Object; (534 bytes) @ 0x000001cc99949e7c [0x000001cc999490a0+0x0000000000000ddc]
J 9053 c1 org.springframework.beans.factory.support.DefaultListableBeanFactory.resolveDependency(Lorg/springframework/beans/factory/config/DependencyDescriptor;Ljava/lang/String;Ljava/util/Set;Lorg/springframework/beans/TypeConverter;)Ljava/lang/Object; (115 bytes) @ 0x000001cc99953464 [0x000001cc999532c0+0x00000000000001a4]
j  org.springframework.beans.factory.annotation.AutowiredAnnotationBeanPostProcessor$AutowiredFieldElement.resolveFieldValue(Ljava/lang/reflect/Field;Ljava/lang/Object;Ljava/lang/String;)Ljava/lang/Object;+81
j  org.springframework.beans.factory.annotation.AutowiredAnnotationBeanPostProcessor$AutowiredFieldElement.inject(Ljava/lang/Object;Ljava/lang/String;Lorg/springframework/beans/PropertyValues;)V+53
J 5763 c1 org.springframework.beans.factory.annotation.InjectionMetadata.inject(Ljava/lang/Object;Ljava/lang/String;Lorg/springframework/beans/PropertyValues;)V (75 bytes) @ 0x000001cc9967568c [0x000001cc99675560+0x000000000000012c]
J 6863 c1 org.springframework.beans.factory.annotation.AutowiredAnnotationBeanPostProcessor.postProcessProperties(Lorg/springframework/beans/PropertyValues;Ljava/lang/Object;Ljava/lang/String;)Lorg/springframework/beans/PropertyValues; (46 bytes) @ 0x000001cc9987c46c [0x000001cc9987c3c0+0x00000000000000ac]
J 6260 c1 org.springframework.beans.factory.support.AbstractAutowireCapableBeanFactory.populateBean(Ljava/lang/String;Lorg/springframework/beans/factory/support/RootBeanDefinition;Lorg/springframework/beans/BeanWrapper;)V (355 bytes) @ 0x000001cc99755cb4 [0x000001cc997551a0+0x0000000000000b14]
J 6894 c1 org.springframework.beans.factory.support.AbstractAutowireCapableBeanFactory.doCreateBean(Ljava/lang/String;Lorg/springframework/beans/factory/support/RootBeanDefinition;[Ljava/lang/Object;)Ljava/lang/Object; (469 bytes) @ 0x000001cc9988c30c [0x000001cc9988bd20+0x00000000000005ec]
J 6893 c1 org.springframework.beans.factory.support.AbstractAutowireCapableBeanFactory.createBean(Ljava/lang/String;Lorg/springframework/beans/factory/support/RootBeanDefinition;[Ljava/lang/Object;)Ljava/lang/Object; (214 bytes) @ 0x000001cc99888adc [0x000001cc99888600+0x00000000000004dc]
J 6907 c1 org.springframework.beans.factory.support.AbstractBeanFactory$$Lambda$450+0x00000008012f2110.getObject()Ljava/lang/Object; (20 bytes) @ 0x000001cc99896e1c [0x000001cc99896d80+0x000000000000009c]
J 6902 c1 org.springframework.beans.factory.support.DefaultSingletonBeanRegistry.getSingleton(Ljava/lang/String;Lorg/springframework/beans/factory/ObjectFactory;)Ljava/lang/Object; (279 bytes) @ 0x000001cc998924cc [0x000001cc998921a0+0x000000000000032c]
J 3361 c1 org.springframework.beans.factory.support.AbstractBeanFactory.doGetBean(Ljava/lang/String;Ljava/lang/Class;[Ljava/lang/Object;Z)Ljava/lang/Object; (714 bytes) @ 0x000001cc9928b9ec [0x000001cc9928b3c0+0x000000000000062c]
J 6345 c1 org.springframework.beans.factory.support.AbstractBeanFactory.getBean(Ljava/lang/String;)Ljava/lang/Object; (9 bytes) @ 0x000001cc9977ba94 [0x000001cc9977ba20+0x0000000000000074]
j  org.springframework.beans.factory.support.DefaultListableBeanFactory.preInstantiateSingletons()V+152
j  org.springframework.context.support.AbstractApplicationContext.finishBeanFactoryInitialization(Lorg/springframework/beans/factory/config/ConfigurableListableBeanFactory;)V+130
j  org.springframework.context.support.AbstractApplicationContext.refresh()V+86
j  org.springframework.boot.web.servlet.context.ServletWebServerApplicationContext.refresh()V+1
j  org.springframework.boot.SpringApplication.refresh(Lorg/springframework/context/ConfigurableApplicationContext;)V+1
j  org.springframework.boot.SpringApplication.refreshContext(Lorg/springframework/context/ConfigurableApplicationContext;)V+16
j  org.springframework.boot.SpringApplication.run([Ljava/lang/String;)Lorg/springframework/context/ConfigurableApplicationContext;+101
j  org.springframework.boot.SpringApplication.run([Ljava/lang/Class;[Ljava/lang/String;)Lorg/springframework/context/ConfigurableApplicationContext;+9
j  org.springframework.boot.SpringApplication.run(Ljava/lang/Class;[Ljava/lang/String;)Lorg/springframework/context/ConfigurableApplicationContext;+9
j  com.example.demo.EnkaiApplication.main([Ljava/lang/String;)V+3
J 7791 c1 java.lang.invoke.LambdaForm$DMH+0x0000000801004c00.invokeStatic(Ljava/lang/Object;Ljava/lang/Object;)V java.base@20 (14 bytes) @ 0x000001cc98e70b94 [0x000001cc98e70b20+0x0000000000000074]
j  java.lang.invoke.LambdaForm$MH+0x0000000801abc400.invoke(Ljava/lang/Object;Ljava/lang/Object;Ljava/lang/Object;)Ljava/lang/Object;+33 java.base@20
J 4877 c1 java.lang.reflect.Method.invoke(Ljava/lang/Object;[Ljava/lang/Object;)Ljava/lang/Object; java.base@20 (108 bytes) @ 0x000001cc99513b14 [0x000001cc99513160+0x00000000000009b4]
j  org.springframework.boot.devtools.restart.RestartLauncher.run()V+42
v  ~StubRoutines::call_stub 0x000001cc989710e7

siginfo: EXCEPTION_ACCESS_VIOLATION (0xc0000005), reading address 0x0000000000000098


Registers:
RAX=0x0000000000000000, RBX=0x0000000000000001, RCX=0x0000000000007f83, RDX=0x0000000000007f83
RSP=0x00000016f49fe230, RBP=0x0000000000000008, RSI=0x00000016f54fbac0, RDI=0x00000016f54fbac0
R8 =0x000001cc908d6a80, R9 =0x000000000e453100, R10=0x000001cc908d6a80, R11=0x00000016f49fe488
R12=0x000000000e453100, R13=0x0000000800722977, R14=0x00000016f54fbac0, R15=0x000001ccab46b3f0
RIP=0x00007fff5efecf02, EFLAGS=0x0000000000010202


Register to memory mapping:

RIP=0x00007fff5efecf02 jvm.dll
RAX=0x0 is NULL
RBX=0x0000000000000001 is an unknown value
RCX=0x0000000000007f83 is an unknown value
RDX=0x0000000000007f83 is an unknown value
RSP=0x00000016f49fe230 points into unknown readable memory: 0x0000000000000000 | 00 00 00 00 00 00 00 00
RBP=0x0000000000000008 is an unknown value
RSI=0x00000016f54fbac0 is pointing into the stack for thread: 0x000001ccab71d770
RDI=0x00000016f54fbac0 is pointing into the stack for thread: 0x000001ccab71d770
R8 =0x000001cc908d6a80 points into unknown readable memory: 0x00007fff5f60e3e8 | e8 e3 60 5f ff 7f 00 00
R9 =0x000000000e453100 is an unknown value
R10=0x000001cc908d6a80 points into unknown readable memory: 0x00007fff5f60e3e8 | e8 e3 60 5f ff 7f 00 00
R11=0x00000016f49fe488 points into unknown readable memory: 0x00007fff5efa725d | 5d 72 fa 5e ff 7f 00 00
R12=0x000000000e453100 is an unknown value
R13=0x0000000800722977 is pointing into metadata
R14=0x00000016f54fbac0 is pointing into the stack for thread: 0x000001ccab71d770
R15=0x000001ccab46b3f0 points into unknown readable memory: 0x00007fff5f615aa0 | a0 5a 61 5f ff 7f 00 00


Top of Stack: (sp=0x00000016f49fe230)
0x00000016f49fe230:   0000000000000000 0000000000000000
0x00000016f49fe240:   0000000000000322 00007fff5f33abc5
0x00000016f49fe250:   0000000000000322 00007fff5efacb16
0x00000016f49fe260:   00000016f54fbac0 0000000000000000
0x00000016f49fe270:   00000016f54fbac0 0000000000000008
0x00000016f49fe280:   000001cca8648a78 000001cca87bebd0
0x00000016f49fe290:   0000000000000001 00000000000003d8
0x00000016f49fe2a0:   0000000000000000 00000016f54fbac0
0x00000016f49fe2b0:   00000016f54fbac0 00000016f49fe400
0x00000016f49fe2c0:   000001cca8648a78 00007fff5effc22d
0x00000016f49fe2d0:   00000016f49f0000 00000016f49f0100
0x00000016f49fe2e0:   0000000800480090 0000000000000000
0x00000016f49fe2f0:   000001cca8648a78 00007fff5efa781d
0x00000016f49fe300:   0000000000000003 00000016f49fe5e0
0x00000016f49fe310:   000001cca8648a78 00000016f49fe5e0
0x00000016f49fe320:   0000000f99bb9c01 00000008000b8e90
0x00000016f49fe330:   000001cca87f3b40 0000000800540120
0x00000016f49fe340:   000001cca7d6c490 00000000000003d8
0x00000016f49fe350:   000001cca7d6c4a0 000001cca7d6c878
0x00000016f49fe360:   0000000800722977 00007fff000000b8
0x00000016f49fe370:   00000008000b8e90 00000016f49fe3e8
0x00000016f49fe380:   00000016f31ff758 000001cca8648a78
0x00000016f49fe390:   0000000000000968 0000000800540120
0x00000016f49fe3a0:   0000001300000001 0000000000000032
0x00000016f49fe3b0:   000000010000000c 0000000800480090
0x00000016f49fe3c0:   0000000000000000 0000001600000006
0x00000016f49fe3d0:   0000000500000003 0000000000000000
0x00000016f49fe3e0:   000001cc99bb9c90 000001cca88136d0
0x00000016f49fe3f0:   000001cca8648a78 00007fff5efacb16
0x00000016f49fe400:   000001cca7d6c878 00000016f49fe618
0x00000016f49fe410:   00000016f49fe5e0 000001cca8648a78
0x00000016f49fe420:   000001cca8648a78 00007fff5effc298 

Instructions: (pc=0x00007fff5efecf02)
0x00007fff5efece02:   00 00 00 cc cc cc cc cc cc cc cc cc cc cc 40 53
0x00007fff5efece12:   55 56 57 41 54 41 55 41 56 41 57 48 83 ec 58 80
0x00007fff5efece22:   3d c3 39 85 00 00 49 8b f9 4d 8b f0 0f b7 da 4c
0x00007fff5efece32:   8b f9 74 16 45 8b 68 08 8b 0d a8 61 7e 00 49 d3
0x00007fff5efece42:   e5 4c 03 2d 96 61 7e 00 eb 04 4d 8b 68 08 49 8b
0x00007fff5efece52:   d5 49 8b ce e8 55 38 de ff 4c 8b e0 48 89 7c 24
0x00007fff5efece62:   30 33 c0 8b e8 0f b7 c3 66 c1 e8 08 66 89 84 24
0x00007fff5efece72:   a0 00 00 00 84 c0 75 3c 40 0f b6 cf f6 d1 f6 c1
0x00007fff5efece82:   01 75 05 48 8b ef eb 12 48 8d 54 24 40 48 8d 4c
0x00007fff5efece92:   24 30 e8 17 7a 2e 00 48 8b 28 48 c1 ed 03 83 e5
0x00007fff5efecea2:   0f 41 3b af 78 01 00 00 73 0a 66 89 9c 24 a8 00
0x00007fff5efeceb2:   00 00 eb 12 66 c7 84 24 a8 00 00 00 00 01 0f b7
0x00007fff5efecec2:   9c 24 a8 00 00 00 4d 8b 47 08 49 8b d6 66 c1 eb
0x00007fff5efeced2:   08 41 8b 88 48 02 00 00 49 8b 80 40 02 00 00 48
0x00007fff5efecee2:   d3 e0 8b 0d a6 42 85 00 48 2b d0 49 8b 80 28 02
0x00007fff5efecef2:   00 00 48 d3 ea 8b ca 48 8b 04 c8 48 89 44 24 38
0x00007fff5efecf02:   44 8b 80 98 00 00 00 48 0f be c3 48 6b c8 38 49
0x00007fff5efecf12:   8b 47 70 44 89 84 24 b0 00 00 00 48 8b 54 01 10
0x00007fff5efecf22:   84 db 75 04 4a 8d 14 c2 48 8b 0a 4a 8d 1c e5 00
0x00007fff5efecf32:   00 00 00 48 89 9c 24 b8 00 00 00 48 8b 71 30 48
0x00007fff5efecf42:   8b 41 38 48 2b c6 48 c1 e8 03 49 3b c4 72 0d 48
0x00007fff5efecf52:   8d 04 33 48 89 41 30 48 85 f6 75 3d 44 89 44 24
0x00007fff5efecf62:   28 48 8d 94 24 a8 00 00 00 4d 8b c6 89 6c 24 20
0x00007fff5efecf72:   4d 8b cc 49 8b cf e8 43 fc ff ff 48 8b f0 48 85
0x00007fff5efecf82:   c0 75 16 4d 8b cc 4c 8b c7 49 8b d6 49 8b cf e8
0x00007fff5efecf92:   6a 07 00 00 e9 68 03 00 00 48 8d 0d 5e 30 ca ff
0x00007fff5efecfa2:   49 83 fc 08 77 4d 42 8b 84 a1 14 d3 35 00 48 03
0x00007fff5efecfb2:   c1 ff e0 49 8b 46 38 48 89 46 38 49 8b 46 30 48
0x00007fff5efecfc2:   89 46 30 49 8b 46 28 48 89 46 28 49 8b 46 20 48
0x00007fff5efecfd2:   89 46 20 49 8b 46 18 48 89 46 18 49 8b 46 10 48
0x00007fff5efecfe2:   89 46 10 49 8b 46 08 48 89 46 08 49 8b 06 48 89
0x00007fff5efecff2:   06 eb 0e 4c 8b c3 49 8b d6 48 8b ce e8 4d 9d 54 


Stack slot to memory mapping:
stack at sp + 0 slots: 0x0 is NULL
stack at sp + 1 slots: 0x0 is NULL
stack at sp + 2 slots: 0x0000000000000322 is an unknown value
stack at sp + 3 slots: 0x00007fff5f33abc5 jvm.dll
stack at sp + 4 slots: 0x0000000000000322 is an unknown value
stack at sp + 5 slots: 0x00007fff5efacb16 jvm.dll
stack at sp + 6 slots: 0x00000016f54fbac0 is pointing into the stack for thread: 0x000001ccab71d770
stack at sp + 7 slots: 0x0 is NULL


---------------  P R O C E S S  ---------------

Threads class SMR info:
_java_thread_list=0x000001cca8a0f3b0, length=32, elements={
0x000001cca3b271d0, 0x000001cca3b27ed0, 0x000001cca3b28f50, 0x000001cca3b29d50,
0x000001cca3b2eac0, 0x000001cca3b39420, 0x000001cca3b46b10, 0x000001cca7d68b60,
0x000001cca7e02ee0, 0x000001cca7e08720, 0x000001cca7e0a0c0, 0x000001cca7d69b50,
0x000001cca7d6a5f0, 0x000001cca7d67620, 0x000001cca7d680c0, 0x000001cca7d68610,
0x000001cca7d670d0, 0x000001cca7d690b0, 0x000001cca8fd7410, 0x000001cca8fdc3c0,
0x000001ccab71ecb0, 0x000001ccab71d220, 0x000001ccab71e760, 0x000001ccab7221d0,
0x000001ccab71f750, 0x000001ccab71e210, 0x000001ccab720740, 0x000001ccab71d770,
0x000001ccab720c90, 0x000001ccab7211e0, 0x000001ccab721730, 0x000001ccab721c80
}

Java Threads: ( => current thread )
  0x000001cca3b271d0 JavaThread "Reference Handler" daemon [_thread_blocked, id=4848, stack(0x00000016f3a00000,0x00000016f3b00000)]
  0x000001cca3b27ed0 JavaThread "Finalizer" daemon [_thread_blocked, id=9388, stack(0x00000016f3b00000,0x00000016f3c00000)]
  0x000001cca3b28f50 JavaThread "Signal Dispatcher" daemon [_thread_blocked, id=6152, stack(0x00000016f3c00000,0x00000016f3d00000)]
  0x000001cca3b29d50 JavaThread "Attach Listener" daemon [_thread_blocked, id=1312, stack(0x00000016f3d00000,0x00000016f3e00000)]
  0x000001cca3b2eac0 JavaThread "Service Thread" daemon [_thread_blocked, id=10888, stack(0x00000016f3e00000,0x00000016f3f00000)]
  0x000001cca3b39420 JavaThread "Monitor Deflation Thread" daemon [_thread_blocked, id=13224, stack(0x00000016f3f00000,0x00000016f4000000)]
  0x000001cca3b46b10 JavaThread "C1 CompilerThread0" daemon [_thread_blocked, id=2676, stack(0x00000016f4000000,0x00000016f4100000)]
  0x000001cca7d68b60 JavaThread "Common-Cleaner" daemon [_thread_blocked, id=5496, stack(0x00000016f4100000,0x00000016f4200000)]
  0x000001cca7e02ee0 JavaThread "JDWP Transport Listener: dt_socket" daemon [_thread_blocked, id=14436, stack(0x00000016f4400000,0x00000016f4500000)]
  0x000001cca7e08720 JavaThread "JDWP Event Helper Thread" daemon [_thread_blocked, id=15236, stack(0x00000016f4500000,0x00000016f4600000)]
  0x000001cca7e0a0c0 JavaThread "JDWP Command Reader" daemon [_thread_in_native, id=2984, stack(0x00000016f4600000,0x00000016f4700000)]
  0x000001cca7d69b50 JavaThread "Notification Thread" daemon [_thread_blocked, id=8840, stack(0x00000016f4700000,0x00000016f4800000)]
  0x000001cca7d6a5f0 JavaThread "RMI TCP Accept-0" daemon [_thread_in_native, id=16044, stack(0x00000016f5000000,0x00000016f5100000)]
  0x000001cca7d67620 JavaThread "RMI TCP Accept-59757" daemon [_thread_in_native, id=5532, stack(0x00000016f5100000,0x00000016f5200000)]
  0x000001cca7d680c0 JavaThread "RMI TCP Accept-0" daemon [_thread_in_native, id=1744, stack(0x00000016f5200000,0x00000016f5300000)]
  0x000001cca7d68610 JavaThread "RMI Scheduler(0)" daemon [_thread_blocked, id=12448, stack(0x00000016f5500000,0x00000016f5600000)]
  0x000001cca7d670d0 JavaThread "RMI TCP Connection(idle)" daemon [_thread_blocked, id=5804, stack(0x00000016f5600000,0x00000016f5700000)]
  0x000001cca7d690b0 JavaThread "JMX server connection timeout 38" daemon [_thread_blocked, id=4588, stack(0x00000016f5700000,0x00000016f5800000)]
  0x000001cca8fd7410 JavaThread "mysql-cj-abandoned-connection-cleanup" daemon [_thread_blocked, id=10096, stack(0x00000016f5e00000,0x00000016f5f00000)]
  0x000001cca8fdc3c0 JavaThread "Live Reload Server" daemon [_thread_in_native, id=10156, stack(0x00000016f6400000,0x00000016f6500000)]
  0x000001ccab71ecb0 JavaThread "DestroyJavaVM" [_thread_blocked, id=10136, stack(0x00000016f3300000,0x00000016f3400000)]
  0x000001ccab71d220 JavaThread "Thread-11" [_thread_blocked, id=13492, stack(0x00000016f3000000,0x00000016f3100000)]
  0x000001ccab71e760 JavaThread "File Watcher" daemon [_thread_blocked, id=14252, stack(0x00000016f3100000,0x00000016f3200000)]
  0x000001ccab7221d0 JavaThread "File Watcher" daemon [_thread_blocked, id=15776, stack(0x00000016f4200000,0x00000016f4300000)]
  0x000001ccab71f750 JavaThread "File Watcher" daemon [_thread_blocked, id=10208, stack(0x00000016f3200000,0x00000016f3300000)]
  0x000001ccab71e210 JavaThread "File Watcher" daemon [_thread_blocked, id=6288, stack(0x00000016f4300000,0x00000016f4400000)]
  0x000001ccab720740 JavaThread "File Watcher" daemon [_thread_blocked, id=14332, stack(0x00000016f4800000,0x00000016f4900000)]
  0x000001ccab71d770 JavaThread "restartedMain" [_thread_blocked, id=14784, stack(0x00000016f5400000,0x00000016f5500000)]
  0x000001ccab720c90 JavaThread "Catalina-utility-1" [_thread_blocked, id=8624, stack(0x00000016f5900000,0x00000016f5a00000)]
  0x000001ccab7211e0 JavaThread "Catalina-utility-2" [_thread_blocked, id=6096, stack(0x00000016f5a00000,0x00000016f5b00000)]
  0x000001ccab721730 JavaThread "container-5" [_thread_blocked, id=12568, stack(0x00000016f5c00000,0x00000016f5d00000)]
  0x000001ccab721c80 JavaThread "HikariPool-9 housekeeper" daemon [_thread_blocked, id=11128, stack(0x00000016f5d00000,0x00000016f5e00000)]

Other Threads:
  0x000001cca3b05960 VMThread "VM Thread" [stack: 0x00000016f3900000,0x00000016f3a00000] [id=13936]
  0x000001cca88b2450 WatcherThread "VM Periodic Task Thread" [stack: 0x00000016f5300000,0x00000016f5400000] [id=5972]
  0x000001cc9092d7a0 WorkerThread "GC Thread#0" [stack: 0x00000016f3400000,0x00000016f3500000] [id=1560]
=>0x000001cca87f3b40 WorkerThread "GC Thread#1" [stack: 0x00000016f4900000,0x00000016f4a00000] [id=11456]
  0x000001cca87fb400 WorkerThread "GC Thread#2" [stack: 0x00000016f4a00000,0x00000016f4b00000] [id=5456]
  0x000001cca87f2210 WorkerThread "GC Thread#3" [stack: 0x00000016f4b00000,0x00000016f4c00000] [id=11148]
  0x000001cca87f24e0 WorkerThread "GC Thread#4" [stack: 0x00000016f4c00000,0x00000016f4d00000] [id=5136]
  0x000001cca87eeb10 WorkerThread "GC Thread#5" [stack: 0x00000016f4d00000,0x00000016f4e00000] [id=12356]
  0x000001cca8892da0 WorkerThread "GC Thread#6" [stack: 0x00000016f4e00000,0x00000016f4f00000] [id=12580]
  0x000001cca8893070 WorkerThread "GC Thread#7" [stack: 0x00000016f4f00000,0x00000016f5000000] [id=7820]
  0x000001cc90941a40 ConcurrentGCThread "G1 Main Marker" [stack: 0x00000016f3500000,0x00000016f3600000] [id=15712]
  0x000001cc90942380 WorkerThread "G1 Conc#0" [stack: 0x00000016f3600000,0x00000016f3700000] [id=14932]
  0x000001cca8894150 WorkerThread "G1 Conc#1" [stack: 0x00000016f5b00000,0x00000016f5c00000] [id=9320]
  0x000001cc9097ec10 ConcurrentGCThread "G1 Refine#0" [stack: 0x00000016f3700000,0x00000016f3800000] [id=15748]
  0x000001cca39c9bb0 ConcurrentGCThread "G1 Service" [stack: 0x00000016f3800000,0x00000016f3900000] [id=10684]

Threads with active compile tasks:

VM state: at safepoint (normal execution)

VM Mutex/Monitor currently owned by a thread:  ([mutex/lock_event])
[0x000001cc908bbc70] Threads_lock - owner thread: 0x000001cca3b05960
[0x000001cc908bc720] Heap_lock - owner thread: 0x000001ccab720740

Heap address: 0x0000000704e00000, size: 4018 MB, Compressed Oops mode: Zero based, Oop shift amount: 3

CDS archive(s) mapped at: [0x0000000800000000-0x0000000800c60000-0x0000000800c60000), size 12976128, SharedBaseAddress: 0x0000000800000000, ArchiveRelocationMode: 0.
Compressed class space mapped at: 0x0000000801000000-0x0000000841000000, reserved size: 1073741824
Narrow klass base: 0x0000000800000000, Narrow klass shift: 0, Narrow klass range: 0x100000000

GC Precious Log:
 CardTable entry size: 512
 Card Set container configuration: InlinePtr #cards 4 size 8 Array Of Cards #cards 16 size 48 Howl #buckets 8 coarsen threshold 3686 Howl Bitmap #cards 512 size 80 coarsen threshold 460 Card regions per heap region 1 cards per card region 4096
 CPUs: 8 total, 8 available
 Memory: 16064M
 Large Page Support: Disabled
 NUMA Support: Disabled
 Compressed Oops: Enabled (Zero based)
 Heap Region Size: 2M
 Heap Min Capacity: 8M
 Heap Initial Capacity: 252M
 Heap Max Capacity: 4018M
 Pre-touch: Disabled
 Parallel Workers: 8
 Concurrent Workers: 2
 Concurrent Refinement Workers: 8
 Periodic GC: Disabled

Heap:
 garbage-first heap   total 157696K, used 136379K [0x0000000704e00000, 0x0000000800000000)
  region size 2048K, 41 young (83968K), 3 survivors (6144K)
 Metaspace       used 88098K, committed 89024K, reserved 1179648K
  class space    used 11922K, committed 12352K, reserved 1048576K

Heap Regions: E=young(eden), S=young(survivor), O=old, HS=humongous(starts), HC=humongous(continues), CS=collection set, F=free, OA=open archive, CA=closed archive, TAMS=top-at-mark-start, PB=parsable bottom
|   0|0x0000000704e00000, 0x0000000705000000, 0x0000000705000000|100%| O|  |TAMS 0x0000000705000000| PB 0x0000000704e00000| Untracked 
|   1|0x0000000705000000, 0x00000007051ffff8, 0x0000000705200000| 99%| O|  |TAMS 0x00000007051ffff8| PB 0x0000000705000000| Untracked 
|   2|0x0000000705200000, 0x00000007053ffff8, 0x0000000705400000| 99%| O|  |TAMS 0x00000007053ffff8| PB 0x0000000705200000| Untracked 
|   3|0x0000000705400000, 0x0000000705600000, 0x0000000705600000|100%| O|  |TAMS 0x0000000705600000| PB 0x0000000705400000| Untracked 
|   4|0x0000000705600000, 0x00000007057fffe8, 0x0000000705800000| 99%| O|  |TAMS 0x00000007057fffe8| PB 0x0000000705600000| Untracked 
|   5|0x0000000705800000, 0x00000007059ffff0, 0x0000000705a00000| 99%| O|  |TAMS 0x00000007059ffff0| PB 0x0000000705800000| Untracked 
|   6|0x0000000705a00000, 0x0000000705c00000, 0x0000000705c00000|100%| O|  |TAMS 0x0000000705c00000| PB 0x0000000705a00000| Untracked 
|   7|0x0000000705c00000, 0x0000000705dfffe0, 0x0000000705e00000| 99%| O|  |TAMS 0x0000000705dfffe0| PB 0x0000000705c00000| Untracked 
|   8|0x0000000705e00000, 0x0000000705ff89e8, 0x0000000706000000| 98%| O|  |TAMS 0x0000000705ff89e8| PB 0x0000000705e00000| Untracked 
|   9|0x0000000706000000, 0x00000007061ffff0, 0x0000000706200000| 99%| O|  |TAMS 0x00000007061ffff0| PB 0x0000000706000000| Untracked 
|  10|0x0000000706200000, 0x00000007063fffb8, 0x0000000706400000| 99%| O|  |TAMS 0x00000007063fffb8| PB 0x0000000706200000| Untracked 
|  11|0x0000000706400000, 0x00000007065fb088, 0x0000000706600000| 99%| O|  |TAMS 0x00000007065fb088| PB 0x0000000706400000| Untracked 
|  12|0x0000000706600000, 0x00000007067ffff8, 0x0000000706800000| 99%| O|  |TAMS 0x00000007067ffff8| PB 0x0000000706600000| Untracked 
|  13|0x0000000706800000, 0x0000000706a00000, 0x0000000706a00000|100%| O|  |TAMS 0x0000000706a00000| PB 0x0000000706800000| Untracked 
|  14|0x0000000706a00000, 0x0000000706bfffe8, 0x0000000706c00000| 99%| O|  |TAMS 0x0000000706bfffe8| PB 0x0000000706a00000| Untracked 
|  15|0x0000000706c00000, 0x0000000706cdb1f0, 0x0000000706e00000| 42%| O|  |TAMS 0x0000000706c00000| PB 0x0000000706c00000| Untracked 
|  16|0x0000000706e00000, 0x0000000706f4ee48, 0x0000000707000000| 65%| O|  |TAMS 0x0000000706f4ee48| PB 0x0000000706e00000| Untracked 
|  17|0x0000000707000000, 0x0000000707200000, 0x0000000707200000|100%| O|  |TAMS 0x0000000707200000| PB 0x0000000707000000| Untracked 
|  18|0x0000000707200000, 0x0000000707400000, 0x0000000707400000|100%| O|  |TAMS 0x0000000707400000| PB 0x0000000707200000| Untracked 
|  19|0x0000000707400000, 0x0000000707561870, 0x0000000707600000| 69%| O|  |TAMS 0x0000000707561870| PB 0x0000000707400000| Untracked 
|  20|0x0000000707600000, 0x0000000707800000, 0x0000000707800000|100%| O|  |TAMS 0x0000000707800000| PB 0x0000000707600000| Untracked 
|  21|0x0000000707800000, 0x0000000707a00000, 0x0000000707a00000|100%| O|  |TAMS 0x0000000707a00000| PB 0x0000000707800000| Untracked 
|  22|0x0000000707a00000, 0x0000000707c00000, 0x0000000707c00000|100%| O|  |TAMS 0x0000000707c00000| PB 0x0000000707a00000| Untracked 
|  23|0x0000000707c00000, 0x0000000707e00000, 0x0000000707e00000|100%| O|  |TAMS 0x0000000707e00000| PB 0x0000000707c00000| Untracked 
|  24|0x0000000707e00000, 0x0000000708000000, 0x0000000708000000|100%| O|  |TAMS 0x0000000708000000| PB 0x0000000707e00000| Untracked 
|  25|0x0000000708000000, 0x0000000708200000, 0x0000000708200000|100%| O|  |TAMS 0x0000000708200000| PB 0x0000000708000000| Untracked 
|  26|0x0000000708200000, 0x0000000708400000, 0x0000000708400000|100%| O|  |TAMS 0x000000070837f400| PB 0x0000000708200000| Untracked 
|  27|0x0000000708400000, 0x0000000708400000, 0x0000000708600000|  0%| F|  |TAMS 0x0000000708400000| PB 0x0000000708400000| Untracked 
|  28|0x0000000708600000, 0x0000000708600000, 0x0000000708800000|  0%| F|  |TAMS 0x0000000708600000| PB 0x0000000708600000| Untracked 
|  29|0x0000000708800000, 0x0000000708800000, 0x0000000708a00000|  0%| F|  |TAMS 0x0000000708800000| PB 0x0000000708800000| Untracked 
|  30|0x0000000708a00000, 0x0000000708a00000, 0x0000000708c00000|  0%| F|  |TAMS 0x0000000708a00000| PB 0x0000000708a00000| Untracked 
|  31|0x0000000708c00000, 0x0000000708c00000, 0x0000000708e00000|  0%| F|  |TAMS 0x0000000708c00000| PB 0x0000000708c00000| Untracked 
|  32|0x0000000708e00000, 0x0000000708eef880, 0x0000000709000000| 46%| S|  |TAMS 0x0000000708e00000| PB 0x0000000708e00000| Complete 
|  33|0x0000000709000000, 0x0000000709200000, 0x0000000709200000|100%| S|  |TAMS 0x0000000709000000| PB 0x0000000709000000| Complete 
|  34|0x0000000709200000, 0x000000070930b928, 0x0000000709400000| 52%| E|CS|TAMS 0x000000070930b928| PB 0x0000000709200000| Complete 
|  35|0x0000000709400000, 0x0000000709600000, 0x0000000709600000|100%| E|CS|TAMS 0x0000000709600000| PB 0x0000000709400000| Complete 
|  36|0x0000000709600000, 0x0000000709800000, 0x0000000709800000|100%| E|CS|TAMS 0x0000000709800000| PB 0x0000000709600000| Complete 
|  37|0x0000000709800000, 0x0000000709a00000, 0x0000000709a00000|100%| E|CS|TAMS 0x0000000709a00000| PB 0x0000000709800000| Complete 
|  38|0x0000000709a00000, 0x0000000709c00000, 0x0000000709c00000|100%| S|  |TAMS 0x0000000709a00000| PB 0x0000000709a00000| Complete 
|  39|0x0000000709c00000, 0x0000000709e00000, 0x0000000709e00000|100%| E|CS|TAMS 0x0000000709e00000| PB 0x0000000709c00000| Complete 
|  40|0x0000000709e00000, 0x000000070a000000, 0x000000070a000000|100%| E|CS|TAMS 0x000000070a000000| PB 0x0000000709e00000| Complete 
|  41|0x000000070a000000, 0x000000070a200000, 0x000000070a200000|100%| E|CS|TAMS 0x000000070a200000| PB 0x000000070a000000| Complete 
|  42|0x000000070a200000, 0x000000070a400000, 0x000000070a400000|100%| E|CS|TAMS 0x000000070a400000| PB 0x000000070a200000| Complete 
|  43|0x000000070a400000, 0x000000070a600000, 0x000000070a600000|100%| E|CS|TAMS 0x000000070a600000| PB 0x000000070a400000| Complete 
|  44|0x000000070a600000, 0x000000070a800000, 0x000000070a800000|100%| E|CS|TAMS 0x000000070a800000| PB 0x000000070a600000| Complete 
|  45|0x000000070a800000, 0x000000070aa00000, 0x000000070aa00000|100%| E|CS|TAMS 0x000000070aa00000| PB 0x000000070a800000| Complete 
|  46|0x000000070aa00000, 0x000000070ac00000, 0x000000070ac00000|100%| E|CS|TAMS 0x000000070ac00000| PB 0x000000070aa00000| Complete 
|  47|0x000000070ac00000, 0x000000070ae00000, 0x000000070ae00000|100%| E|CS|TAMS 0x000000070ae00000| PB 0x000000070ac00000| Complete 
|  48|0x000000070ae00000, 0x000000070b000000, 0x000000070b000000|100%| E|CS|TAMS 0x000000070b000000| PB 0x000000070ae00000| Complete 
|  49|0x000000070b000000, 0x000000070b200000, 0x000000070b200000|100%| E|CS|TAMS 0x000000070b200000| PB 0x000000070b000000| Complete 
|  50|0x000000070b200000, 0x000000070b400000, 0x000000070b400000|100%| E|CS|TAMS 0x000000070b400000| PB 0x000000070b200000| Complete 
|  51|0x000000070b400000, 0x000000070b600000, 0x000000070b600000|100%| E|CS|TAMS 0x000000070b600000| PB 0x000000070b400000| Complete 
|  52|0x000000070b600000, 0x000000070b800000, 0x000000070b800000|100%| E|CS|TAMS 0x000000070b800000| PB 0x000000070b600000| Complete 
|  53|0x000000070b800000, 0x000000070ba00000, 0x000000070ba00000|100%| E|CS|TAMS 0x000000070ba00000| PB 0x000000070b800000| Complete 
|  54|0x000000070ba00000, 0x000000070bc00000, 0x000000070bc00000|100%| E|CS|TAMS 0x000000070bc00000| PB 0x000000070ba00000| Complete 
|  55|0x000000070bc00000, 0x000000070be00000, 0x000000070be00000|100%| E|CS|TAMS 0x000000070be00000| PB 0x000000070bc00000| Complete 
|  56|0x000000070be00000, 0x000000070c000000, 0x000000070c000000|100%| E|CS|TAMS 0x000000070c000000| PB 0x000000070be00000| Complete 
|  57|0x000000070c000000, 0x000000070c200000, 0x000000070c200000|100%| E|CS|TAMS 0x000000070c200000| PB 0x000000070c000000| Complete 
|  58|0x000000070c200000, 0x000000070c400000, 0x000000070c400000|100%| E|CS|TAMS 0x000000070c400000| PB 0x000000070c200000| Complete 
|  59|0x000000070c400000, 0x000000070c600000, 0x000000070c600000|100%| E|CS|TAMS 0x000000070c600000| PB 0x000000070c400000| Complete 
|  60|0x000000070c600000, 0x000000070c800000, 0x000000070c800000|100%| E|CS|TAMS 0x000000070c800000| PB 0x000000070c600000| Complete 
|  61|0x000000070c800000, 0x000000070ca00000, 0x000000070ca00000|100%| E|CS|TAMS 0x000000070ca00000| PB 0x000000070c800000| Complete 
|  62|0x000000070ca00000, 0x000000070cc00000, 0x000000070cc00000|100%| E|CS|TAMS 0x000000070cc00000| PB 0x000000070ca00000| Complete 
|  63|0x000000070cc00000, 0x000000070ce00000, 0x000000070ce00000|100%| E|CS|TAMS 0x000000070ce00000| PB 0x000000070cc00000| Complete 
|  64|0x000000070ce00000, 0x000000070d000000, 0x000000070d000000|100%| E|CS|TAMS 0x000000070d000000| PB 0x000000070ce00000| Complete 
|  65|0x000000070d000000, 0x000000070d200000, 0x000000070d200000|100%| E|CS|TAMS 0x000000070d200000| PB 0x000000070d000000| Complete 
|  66|0x000000070d200000, 0x000000070d400000, 0x000000070d400000|100%| E|CS|TAMS 0x000000070d400000| PB 0x000000070d200000| Complete 
|  67|0x000000070d400000, 0x000000070d600000, 0x000000070d600000|100%| E|CS|TAMS 0x000000070d600000| PB 0x000000070d400000| Complete 
|  68|0x000000070d600000, 0x000000070d800000, 0x000000070d800000|100%| E|CS|TAMS 0x000000070d800000| PB 0x000000070d600000| Complete 
|  69|0x000000070d800000, 0x000000070da00000, 0x000000070da00000|100%| E|CS|TAMS 0x000000070da00000| PB 0x000000070d800000| Complete 
|  70|0x000000070da00000, 0x000000070dc00000, 0x000000070dc00000|100%| E|CS|TAMS 0x000000070dc00000| PB 0x000000070da00000| Complete 
|  71|0x000000070dc00000, 0x000000070de00000, 0x000000070de00000|100%| E|CS|TAMS 0x000000070de00000| PB 0x000000070dc00000| Complete 
|  72|0x000000070de00000, 0x000000070e000000, 0x000000070e000000|100%| E|CS|TAMS 0x000000070e000000| PB 0x000000070de00000| Complete 
|  73|0x000000070e000000, 0x000000070e200000, 0x000000070e200000|100%| E|CS|TAMS 0x000000070e200000| PB 0x000000070e000000| Complete 
|  74|0x000000070e200000, 0x000000070e400000, 0x000000070e400000|100%| E|CS|TAMS 0x000000070e400000| PB 0x000000070e200000| Complete 
|  75|0x000000070e400000, 0x000000070e600000, 0x000000070e600000|100%| E|CS|TAMS 0x000000070e600000| PB 0x000000070e400000| Complete 
|  76|0x000000070e600000, 0x000000070e800000, 0x000000070e800000|100%| E|CS|TAMS 0x000000070e800000| PB 0x000000070e600000| Complete 

Card table byte_map: [0x000001cc9c260000,0x000001cc9ca40000] _byte_map_base: 0x000001cc98a39000

Marking Bits: (CMBitMap*) 0x000001cc9092ecf0
 Bits: [0x000001cc9d220000, 0x000001cca10e8000)

Polling page: 0x000001cc8e800000

Metaspace:

Usage:
  Non-class:     74.39 MB used.
      Class:     11.64 MB used.
       Both:     86.03 MB used.

Virtual space:
  Non-class space:      128.00 MB reserved,      74.88 MB ( 58%) committed,  2 nodes.
      Class space:        1.00 GB reserved,      12.06 MB (  1%) committed,  1 nodes.
             Both:        1.12 GB reserved,      86.94 MB (  8%) committed. 

Chunk freelists:
   Non-Class:  676.00 KB
       Class:  4.00 MB
        Both:  4.66 MB

MaxMetaspaceSize: unlimited
CompressedClassSpaceSize: 1.00 GB
Initial GC threshold: 21.00 MB
Current GC threshold: 144.19 MB
CDS: on
MetaspaceReclaimPolicy: balanced
 - commit_granule_bytes: 65536.
 - commit_granule_words: 8192.
 - virtual_space_node_default_size: 8388608.
 - enlarge_chunks_in_place: 1.
 - new_chunks_are_fully_committed: 0.
 - uncommit_free_chunks: 1.
 - use_allocation_guard: 0.


Internal statistics:

num_allocs_failed_limit: 9.
num_arena_births: 3510.
num_arena_deaths: 2336.
num_vsnodes_births: 3.
num_vsnodes_deaths: 0.
num_space_committed: 1392.
num_space_uncommitted: 1.
num_chunks_returned_to_freelist: 2859.
num_chunks_taken_from_freelist: 7860.
num_chunk_merges: 832.
num_chunk_splits: 4514.
num_chunks_enlarged: 3064.
num_inconsistent_stats: 0.

CodeCache: size=49152Kb used=20487Kb max_used=24018Kb free=28664Kb
 bounds [0x000001cc98970000, 0x000001cc9a0f0000, 0x000001cc9b970000]
 total_blobs=10334 nmethods=9342 adapters=915
 compilation: enabled
              stopped_count=0, restarted_count=0
 full_count=0

Compilation events (20 events):
Event: 60584.831 Thread 0x000001ccb0033300 16536       1       org.springframework.aop.framework.AdvisedSupport::getTargetClass (10 bytes)
Event: 60584.831 Thread 0x000001ccb0033300 nmethod 16536 0x000001cc99333110 code [0x000001cc993332a0, 0x000001cc99333398]
Event: 60584.841 Thread 0x000001cca3b46b10 16537       1       org.springframework.data.mapping.model.AbstractPersistentProperty::getActualTypeInformation (29 bytes)
Event: 60584.841 Thread 0x000001cca3b46b10 nmethod 16537 0x000001cc99204010 code [0x000001cc992041e0, 0x000001cc99204520]
Event: 60584.842 Thread 0x000001cca3b46b10 16538       1       org.springframework.aop.framework.ProxyCreatorSupport::getAopProxyFactory (5 bytes)
Event: 60584.842 Thread 0x000001cca3b46b10 nmethod 16538 0x000001cc99358c90 code [0x000001cc99358e00, 0x000001cc99358ed0]
Event: 60584.851 Thread 0x000001cca3b46b10 16539       1       org.hibernate.query.sqm.tree.expression.AbstractSqmExpression::<init> (7 bytes)
Event: 60584.851 Thread 0x000001ccb0033300 16540       1       org.hibernate.query.sqm.tree.jpa.AbstractJpaSelection::<init> (7 bytes)
Event: 60584.851 Thread 0x000001cca3b46b10 nmethod 16539 0x000001cc98ebf090 code [0x000001cc98ebf220, 0x000001cc98ebf3a0]
Event: 60584.851 Thread 0x000001cca3b46b10 16541       1       org.hibernate.query.sqm.tree.jpa.AbstractJpaTupleElement::<init> (11 bytes)
Event: 60584.851 Thread 0x000001cca3b46b10 nmethod 16541 0x000001cc98f4b410 code [0x000001cc98f4b5a0, 0x000001cc98f4b710]
Event: 60584.852 Thread 0x000001ccb0033300 nmethod 16540 0x000001cc98f6ad90 code [0x000001cc98f6af20, 0x000001cc98f6b090]
Event: 60584.860 Thread 0x000001cca3b46b10 16542       1       org.springframework.beans.factory.annotation.AutowiredAnnotationBeanPostProcessor::registerDependentBeans (97 bytes)
Event: 60584.860 Thread 0x000001cca3b46b10 nmethod 16542 0x000001cc9932a910 code [0x000001cc9932ab00, 0x000001cc9932ae80]
Event: 60674.599 Thread 0x000001cca3b46b10 16543       1       org.apache.catalina.webresources.CachedResource::getNextCheck (5 bytes)
Event: 60674.600 Thread 0x000001cca3b46b10 nmethod 16543 0x000001cc993c8390 code [0x000001cc993c8500, 0x000001cc993c85d0]
Event: 60684.613 Thread 0x000001cca3b46b10 16544       1       org.apache.catalina.webresources.Cache$$Lambda$1736/0x0000000801a13520::applyAsLong (8 bytes)
Event: 60684.614 Thread 0x000001cca3b46b10 nmethod 16544 0x000001cc98f73810 code [0x000001cc98f739a0, 0x000001cc98f73ab8]
Event: 60794.704 Thread 0x000001cca3b46b10 16545       1       org.apache.catalina.valves.ValveBase::backgroundProcess (1 bytes)
Event: 60794.704 Thread 0x000001cca3b46b10 nmethod 16545 0x000001cc9940c110 code [0x000001cc9940c280, 0x000001cc9940c348]

GC Heap History (20 events):
Event: 59711.612 GC heap after
{Heap after GC invocations=57 (full 3):
 garbage-first heap   total 131072K, used 44283K [0x0000000704e00000, 0x0000000800000000)
  region size 2048K, 3 young (6144K), 3 survivors (6144K)
 Metaspace       used 86116K, committed 87104K, reserved 1179648K
  class space    used 11734K, committed 12224K, reserved 1048576K
}
Event: 60152.819 GC heap before
{Heap before GC invocations=57 (full 3):
 garbage-first heap   total 131072K, used 111867K [0x0000000704e00000, 0x0000000800000000)
  region size 2048K, 36 young (73728K), 3 survivors (6144K)
 Metaspace       used 86127K, committed 87104K, reserved 1179648K
  class space    used 11736K, committed 12224K, reserved 1048576K
}
Event: 60152.827 GC heap after
{Heap after GC invocations=58 (full 3):
 garbage-first heap   total 131072K, used 44197K [0x0000000704e00000, 0x0000000800000000)
  region size 2048K, 3 young (6144K), 3 survivors (6144K)
 Metaspace       used 86127K, committed 87104K, reserved 1179648K
  class space    used 11736K, committed 12224K, reserved 1048576K
}
Event: 60411.208 GC heap before
{Heap before GC invocations=59 (full 3):
 garbage-first heap   total 131072K, used 111781K [0x0000000704e00000, 0x0000000800000000)
  region size 2048K, 36 young (73728K), 3 survivors (6144K)
 Metaspace       used 86136K, committed 87104K, reserved 1179648K
  class space    used 11726K, committed 12224K, reserved 1048576K
}
Event: 60411.212 GC heap after
{Heap after GC invocations=60 (full 3):
 garbage-first heap   total 131072K, used 45794K [0x0000000704e00000, 0x0000000800000000)
  region size 2048K, 4 young (8192K), 4 survivors (8192K)
 Metaspace       used 86136K, committed 87104K, reserved 1179648K
  class space    used 11726K, committed 12224K, reserved 1048576K
}
Event: 60411.607 GC heap before
{Heap before GC invocations=60 (full 3):
 garbage-first heap   total 131072K, used 109282K [0x0000000704e00000, 0x0000000800000000)
  region size 2048K, 35 young (71680K), 4 survivors (8192K)
 Metaspace       used 86612K, committed 87552K, reserved 1179648K
  class space    used 11794K, committed 12224K, reserved 1048576K
}
Event: 60411.612 GC heap after
{Heap after GC invocations=61 (full 3):
 garbage-first heap   total 131072K, used 49231K [0x0000000704e00000, 0x0000000800000000)
  region size 2048K, 4 young (8192K), 4 survivors (8192K)
 Metaspace       used 86612K, committed 87552K, reserved 1179648K
  class space    used 11794K, committed 12224K, reserved 1048576K
}
Event: 60494.719 GC heap before
{Heap before GC invocations=61 (full 3):
 garbage-first heap   total 131072K, used 110671K [0x0000000704e00000, 0x0000000800000000)
  region size 2048K, 34 young (69632K), 4 survivors (8192K)
 Metaspace       used 86868K, committed 87808K, reserved 1179648K
  class space    used 11824K, committed 12224K, reserved 1048576K
}
Event: 60494.723 GC heap after
{Heap after GC invocations=62 (full 3):
 garbage-first heap   total 131072K, used 50891K [0x0000000704e00000, 0x0000000800000000)
  region size 2048K, 4 young (8192K), 4 survivors (8192K)
 Metaspace       used 86868K, committed 87808K, reserved 1179648K
  class space    used 11824K, committed 12224K, reserved 1048576K
}
Event: 60495.149 GC heap before
{Heap before GC invocations=63 (full 3):
 garbage-first heap   total 131072K, used 110283K [0x0000000704e00000, 0x0000000800000000)
  region size 2048K, 33 young (67584K), 4 survivors (8192K)
 Metaspace       used 87157K, committed 88064K, reserved 1179648K
  class space    used 11836K, committed 12224K, reserved 1048576K
}
Event: 60495.153 GC heap after
{Heap after GC invocations=64 (full 3):
 garbage-first heap   total 131072K, used 52523K [0x0000000704e00000, 0x0000000800000000)
  region size 2048K, 3 young (6144K), 3 survivors (6144K)
 Metaspace       used 87157K, committed 88064K, reserved 1179648K
  class space    used 11836K, committed 12224K, reserved 1048576K
}
Event: 60545.867 GC heap before
{Heap before GC invocations=64 (full 3):
 garbage-first heap   total 131072K, used 111915K [0x0000000704e00000, 0x0000000800000000)
  region size 2048K, 32 young (65536K), 3 survivors (6144K)
 Metaspace       used 87340K, committed 88256K, reserved 1179648K
  class space    used 11865K, committed 12288K, reserved 1048576K
}
Event: 60545.872 GC heap after
{Heap after GC invocations=65 (full 3):
 garbage-first heap   total 131072K, used 53138K [0x0000000704e00000, 0x0000000800000000)
  region size 2048K, 3 young (6144K), 3 survivors (6144K)
 Metaspace       used 87340K, committed 88256K, reserved 1179648K
  class space    used 11865K, committed 12288K, reserved 1048576K
}
Event: 60546.820 GC heap before
{Heap before GC invocations=65 (full 3):
 garbage-first heap   total 131072K, used 112530K [0x0000000704e00000, 0x0000000800000000)
  region size 2048K, 32 young (65536K), 3 survivors (6144K)
 Metaspace       used 87681K, committed 88576K, reserved 1179648K
  class space    used 11890K, committed 12288K, reserved 1048576K
}
Event: 60546.828 GC heap after
{Heap after GC invocations=66 (full 3):
 garbage-first heap   total 131072K, used 53720K [0x0000000704e00000, 0x0000000800000000)
  region size 2048K, 3 young (6144K), 3 survivors (6144K)
 Metaspace       used 87681K, committed 88576K, reserved 1179648K
  class space    used 11890K, committed 12288K, reserved 1048576K
}
Event: 60584.545 GC heap before
{Heap before GC invocations=67 (full 3):
 garbage-first heap   total 131072K, used 113112K [0x0000000704e00000, 0x0000000800000000)
  region size 2048K, 32 young (65536K), 3 survivors (6144K)
 Metaspace       used 87738K, committed 88640K, reserved 1179648K
  class space    used 11892K, committed 12288K, reserved 1048576K
}
Event: 60584.549 GC heap after
{Heap after GC invocations=68 (full 3):
 garbage-first heap   total 157696K, used 56632K [0x0000000704e00000, 0x0000000800000000)
  region size 2048K, 4 young (8192K), 4 survivors (8192K)
 Metaspace       used 87738K, committed 88640K, reserved 1179648K
  class space    used 11892K, committed 12288K, reserved 1048576K
}
Event: 60679.556 GC heap before
{Heap before GC invocations=68 (full 3):
 garbage-first heap   total 157696K, used 136504K [0x0000000704e00000, 0x0000000800000000)
  region size 2048K, 43 young (88064K), 4 survivors (8192K)
 Metaspace       used 88091K, committed 89024K, reserved 1179648K
  class space    used 11920K, committed 12352K, reserved 1048576K
}
Event: 60679.561 GC heap after
{Heap after GC invocations=69 (full 3):
 garbage-first heap   total 157696K, used 58555K [0x0000000704e00000, 0x0000000800000000)
  region size 2048K, 4 young (8192K), 4 survivors (8192K)
 Metaspace       used 88091K, committed 89024K, reserved 1179648K
  class space    used 11920K, committed 12352K, reserved 1048576K
}
Event: 60880.821 GC heap before
{Heap before GC invocations=69 (full 3):
 garbage-first heap   total 157696K, used 136379K [0x0000000704e00000, 0x0000000800000000)
  region size 2048K, 42 young (86016K), 4 survivors (8192K)
 Metaspace       used 88098K, committed 89024K, reserved 1179648K
  class space    used 11922K, committed 12352K, reserved 1048576K
}

Dll operation events (13 events):
Event: 0.006 Loaded shared library C:\Program Files\Java\jdk-20\bin\java.dll
Event: 0.015 Loaded shared library C:\Program Files\Java\jdk-20\bin\jsvml.dll
Event: 0.110 Loaded shared library C:\Program Files\Java\jdk-20\bin\zip.dll
Event: 0.112 Loaded shared library C:\Program Files\Java\jdk-20\bin\instrument.dll
Event: 0.118 Loaded shared library C:\Program Files\Java\jdk-20\bin\net.dll
Event: 0.119 Loaded shared library C:\Program Files\Java\jdk-20\bin\nio.dll
Event: 0.121 Loaded shared library C:\Program Files\Java\jdk-20\bin\zip.dll
Event: 0.203 Loaded shared library C:\Program Files\Java\jdk-20\bin\jimage.dll
Event: 0.233 Loaded shared library C:\Program Files\Java\jdk-20\bin\management.dll
Event: 0.240 Loaded shared library C:\Program Files\Java\jdk-20\bin\management_ext.dll
Event: 0.406 Loaded shared library C:\Program Files\Java\jdk-20\bin\extnet.dll
Event: 0.427 Loaded shared library C:\Program Files\Java\jdk-20\bin\verify.dll
Event: 2.378 Loaded shared library C:\Program Files\Java\jdk-20\bin\sunmscapi.dll

Deoptimization events (20 events):
Event: 60644.200 Thread 0x000001cca7d670d0 DEOPT PACKING pc=0x000001cc9953831c sp=0x00000016f56fda80
Event: 60644.200 Thread 0x000001cca7d670d0 DEOPT UNPACKING pc=0x000001cc989de462 sp=0x00000016f56fcfe8 mode 1
Event: 60644.200 Thread 0x000001cca7d670d0 DEOPT PACKING pc=0x000001cc98cd77cc sp=0x00000016f56fd5d0
Event: 60644.200 Thread 0x000001cca7d670d0 DEOPT UNPACKING pc=0x000001cc989de462 sp=0x00000016f56fcb38 mode 1
Event: 60644.200 Thread 0x000001cca7d670d0 DEOPT PACKING pc=0x000001cc9953831c sp=0x00000016f56fd640
Event: 60644.200 Thread 0x000001cca7d670d0 DEOPT UNPACKING pc=0x000001cc989de462 sp=0x00000016f56fcba8 mode 1
Event: 60644.200 Thread 0x000001cca7d670d0 DEOPT PACKING pc=0x000001cc9953831c sp=0x00000016f56fd640
Event: 60644.200 Thread 0x000001cca7d670d0 DEOPT UNPACKING pc=0x000001cc989de462 sp=0x00000016f56fcba8 mode 1
Event: 60644.200 Thread 0x000001cca7d670d0 DEOPT PACKING pc=0x000001cc9953831c sp=0x00000016f56fd640
Event: 60644.200 Thread 0x000001cca7d670d0 DEOPT UNPACKING pc=0x000001cc989de462 sp=0x00000016f56fcba8 mode 1
Event: 60644.200 Thread 0x000001cca7d670d0 DEOPT PACKING pc=0x000001cc9953831c sp=0x00000016f56fd640
Event: 60644.200 Thread 0x000001cca7d670d0 DEOPT UNPACKING pc=0x000001cc989de462 sp=0x00000016f56fcba8 mode 1
Event: 60644.200 Thread 0x000001cca7d670d0 DEOPT PACKING pc=0x000001cc9953831c sp=0x00000016f56fd640
Event: 60644.200 Thread 0x000001cca7d670d0 DEOPT UNPACKING pc=0x000001cc989de462 sp=0x00000016f56fcba8 mode 1
Event: 60644.200 Thread 0x000001cca7d670d0 DEOPT PACKING pc=0x000001cc9953831c sp=0x00000016f56fd640
Event: 60644.200 Thread 0x000001cca7d670d0 DEOPT UNPACKING pc=0x000001cc989de462 sp=0x00000016f56fcba8 mode 1
Event: 60644.200 Thread 0x000001cca7d670d0 DEOPT PACKING pc=0x000001cc9953831c sp=0x00000016f56fd640
Event: 60644.200 Thread 0x000001cca7d670d0 DEOPT UNPACKING pc=0x000001cc989de462 sp=0x00000016f56fcba8 mode 1
Event: 60705.692 Thread 0x000001ccab71d770 DEOPT PACKING pc=0x000001cc98d31b0c sp=0x00000016f54fbac0
Event: 60705.692 Thread 0x000001ccab71d770 DEOPT UNPACKING pc=0x000001cc989de462 sp=0x00000016f54faf78 mode 0

Classes loaded (20 events):
Event: 60410.964 Loading class java/lang/ObjectCustomizer
Event: 60410.964 Loading class java/lang/ObjectCustomizer done
Event: 60410.964 Loading class java/lang/ObjectCustomizer
Event: 60410.964 Loading class java/lang/ObjectCustomizer done
Event: 60494.412 Loading class java/lang/ObjectBeanInfo
Event: 60494.412 Loading class java/lang/ObjectBeanInfo done
Event: 60494.412 Loading class java/lang/ObjectBeanInfo
Event: 60494.412 Loading class java/lang/ObjectBeanInfo done
Event: 60494.412 Loading class java/lang/ObjectCustomizer
Event: 60494.412 Loading class java/lang/ObjectCustomizer done
Event: 60494.412 Loading class java/lang/ObjectCustomizer
Event: 60494.412 Loading class java/lang/ObjectCustomizer done
Event: 60545.572 Loading class java/lang/ObjectBeanInfo
Event: 60545.572 Loading class java/lang/ObjectBeanInfo done
Event: 60545.572 Loading class java/lang/ObjectBeanInfo
Event: 60545.572 Loading class java/lang/ObjectBeanInfo done
Event: 60545.573 Loading class java/lang/ObjectCustomizer
Event: 60545.573 Loading class java/lang/ObjectCustomizer done
Event: 60545.573 Loading class java/lang/ObjectCustomizer
Event: 60545.573 Loading class java/lang/ObjectCustomizer done

Classes unloaded (20 events):
Event: 60546.861 Thread 0x000001cca3b05960 Unloading class 0x000000080145c800 'java/lang/invoke/LambdaForm$BMH+0x000000080145c800'
Event: 60546.861 Thread 0x000001cca3b05960 Unloading class 0x0000000801a01c00 'java/lang/invoke/LambdaForm$MH+0x0000000801a01c00'
Event: 60546.861 Thread 0x000001cca3b05960 Unloading class 0x0000000801a26000 'java/lang/invoke/LambdaForm$MH+0x0000000801a26000'
Event: 60546.861 Thread 0x000001cca3b05960 Unloading class 0x0000000801b24000 'java/lang/invoke/LambdaForm$MH+0x0000000801b24000'
Event: 60546.861 Thread 0x000001cca3b05960 Unloading class 0x00000008019f9000 'java/lang/invoke/LambdaForm$MH+0x00000008019f9000'
Event: 60546.861 Thread 0x000001cca3b05960 Unloading class 0x00000008019ea400 'java/lang/invoke/LambdaForm$MH+0x00000008019ea400'
Event: 60546.861 Thread 0x000001cca3b05960 Unloading class 0x0000000801b39800 'java/lang/invoke/LambdaForm$MH+0x0000000801b39800'
Event: 60546.861 Thread 0x000001cca3b05960 Unloading class 0x0000000801b21000 'java/lang/invoke/LambdaForm$MH+0x0000000801b21000'
Event: 60546.861 Thread 0x000001cca3b05960 Unloading class 0x0000000801b13c00 'java/lang/invoke/LambdaForm$MH+0x0000000801b13c00'
Event: 60546.861 Thread 0x000001cca3b05960 Unloading class 0x0000000801ad9000 'jdk/internal/reflect/GeneratedSerializationConstructorAccessor85'
Event: 60546.861 Thread 0x000001cca3b05960 Unloading class 0x0000000801519800 'jdk/internal/reflect/GeneratedSerializationConstructorAccessor84'
Event: 60546.861 Thread 0x000001cca3b05960 Unloading class 0x00000008014be800 'jdk/internal/reflect/GeneratedSerializationConstructorAccessor83'
Event: 60546.861 Thread 0x000001cca3b05960 Unloading class 0x00000008014be400 'jdk/internal/reflect/GeneratedSerializationConstructorAccessor82'
Event: 60546.861 Thread 0x000001cca3b05960 Unloading class 0x000000080142d800 'jdk/internal/reflect/GeneratedSerializationConstructorAccessor81'
Event: 60546.861 Thread 0x000001cca3b05960 Unloading class 0x0000000801409800 'jdk/internal/reflect/GeneratedSerializationConstructorAccessor80'
Event: 60546.861 Thread 0x000001cca3b05960 Unloading class 0x0000000801858c00 'java/lang/invoke/LambdaForm$MH+0x0000000801858c00'
Event: 60546.861 Thread 0x000001cca3b05960 Unloading class 0x0000000801005c00 'java/lang/invoke/LambdaForm$MH+0x0000000801005c00'
Event: 60546.861 Thread 0x000001cca3b05960 Unloading class 0x0000000801006400 'java/lang/invoke/LambdaForm$MH+0x0000000801006400'
Event: 60546.861 Thread 0x000001cca3b05960 Unloading class 0x000000080100a400 'java/lang/invoke/LambdaForm$MH+0x000000080100a400'
Event: 60546.861 Thread 0x000001cca3b05960 Unloading class 0x000000080100b800 'java/lang/invoke/LambdaForm$MH+0x000000080100b800'

Classes redefined (3 events):
Event: 98.833 Thread 0x000001cca3b05960 redefined class name=com.example.demo.controller.admin.EventUsersController, count=1
Event: 1054.851 Thread 0x000001cca3b05960 redefined class name=com.example.demo.controller.admin.EventUsersController, count=1
Event: 1054.851 Thread 0x000001cca3b05960 redefined class name=com.example.demo.controller.admin.EventUsersController, count=2

Internal exceptions (20 events):
Event: 60545.572 Thread 0x000001ccab71b240 Exception <a 'java/lang/ClassNotFoundException'{0x000000070b53e768}: java/lang/ObjectBeanInfo> (0x000000070b53e768) 
thrown [s\open\src\hotspot\share\classfile\systemDictionary.cpp, line 305]
Event: 60545.573 Thread 0x000001ccab71b240 Exception <a 'java/lang/ClassNotFoundException'{0x000000070b53fe28}: java/lang/ObjectCustomizer> (0x000000070b53fe28) 
thrown [s\open\src\hotspot\share\classfile\systemDictionary.cpp, line 305]
Event: 60545.573 Thread 0x000001ccab71b240 Exception <a 'java/lang/ClassNotFoundException'{0x000000070b549628}: org/springframework/beans/factory/support/AbstractBeanDefinitionReaderCustomizer> (0x000000070b549628) 
thrown [s\open\src\hotspot\share\classfile\systemDictionary.cpp, line 305]
Event: 60545.574 Thread 0x000001ccab71b240 Exception <a 'java/lang/ClassNotFoundException'{0x000000070b55b688}: org/springframework/beans/factory/groovy/GroovyBeanDefinitionReaderCustomizer> (0x000000070b55b688) 
thrown [s\open\src\hotspot\share\classfile\systemDictionary.cpp, line 305]
Event: 60545.820 Thread 0x000001ccab71b240 Exception <a 'java/lang/NoClassDefFoundError'{0x0000000709b179d0}: liquibase/integration/spring/SpringLiquibase> (0x0000000709b179d0) 
thrown [s\open\src\hotspot\share\oops\constantPool.cpp, line 848]
Event: 60545.824 Thread 0x000001ccab71b240 Exception <a 'java/lang/NoClassDefFoundError'{0x0000000709b862e0}: org/jooq/DSLContext> (0x0000000709b862e0) 
thrown [s\open\src\hotspot\share\oops\constantPool.cpp, line 848]
Event: 60545.826 Thread 0x000001ccab71b240 Exception <a 'java/lang/NoClassDefFoundError'{0x0000000709b97cf8}: org/springframework/batch/core/repository/JobRepository> (0x0000000709b97cf8) 
thrown [s\open\src\hotspot\share\oops\constantPool.cpp, line 848]
Event: 60545.827 Thread 0x000001ccab71b240 Exception <a 'java/lang/NoClassDefFoundError'{0x0000000709b98350}: org/quartz/Scheduler> (0x0000000709b98350) 
thrown [s\open\src\hotspot\share\oops\constantPool.cpp, line 848]
Event: 60545.828 Thread 0x000001ccab71b240 Exception <a 'java/lang/NoClassDefFoundError'{0x0000000709b989d0}: org/springframework/session/jdbc/JdbcIndexedSessionRepository> (0x0000000709b989d0) 
thrown [s\open\src\hotspot\share\oops\constantPool.cpp, line 848]
Event: 60545.888 Thread 0x000001ccab71b240 Exception <a 'java/io/FileNotFoundException'{0x000000070cb3f800}> (0x000000070cb3f800) 
thrown [s\open\src\hotspot\share\prims\jni.cpp, line 519]
Event: 60546.207 Thread 0x000001ccab71c230 Exception <a 'java/lang/InterruptedException'{0x0000000709554488}: sleep interrupted> (0x0000000709554488) 
thrown [s\open\src\hotspot\share\prims\jvm.cpp, line 3086]
Event: 60546.213 Thread 0x000001ccab71b240 Exception <a 'java/lang/NoClassDefFoundError'{0x000000070957a6e8}: liquibase/exception/ChangeLogParseException> (0x000000070957a6e8) 
thrown [s\open\src\hotspot\share\classfile\systemDictionary.cpp, line 294]
Event: 60584.199 Thread 0x000001ccab71d770 Exception <a 'sun/nio/fs/WindowsException'{0x000000070bf26630}> (0x000000070bf26630) 
thrown [s\open\src\hotspot\share\prims\jni.cpp, line 519]
Event: 60584.446 Thread 0x000001ccab71d770 Exception <a 'java/lang/NoClassDefFoundError'{0x000000070a27e9d0}: liquibase/integration/spring/SpringLiquibase> (0x000000070a27e9d0) 
thrown [s\open\src\hotspot\share\oops\constantPool.cpp, line 848]
Event: 60584.450 Thread 0x000001ccab71d770 Exception <a 'java/lang/NoClassDefFoundError'{0x000000070a2ece98}: org/jooq/DSLContext> (0x000000070a2ece98) 
thrown [s\open\src\hotspot\share\oops\constantPool.cpp, line 848]
Event: 60584.452 Thread 0x000001ccab71d770 Exception <a 'java/lang/NoClassDefFoundError'{0x000000070a2fe8b0}: org/springframework/batch/core/repository/JobRepository> (0x000000070a2fe8b0) 
thrown [s\open\src\hotspot\share\oops\constantPool.cpp, line 848]
Event: 60584.453 Thread 0x000001ccab71d770 Exception <a 'java/lang/NoClassDefFoundError'{0x000000070a2fef08}: org/quartz/Scheduler> (0x000000070a2fef08) 
thrown [s\open\src\hotspot\share\oops\constantPool.cpp, line 848]
Event: 60584.454 Thread 0x000001ccab71d770 Exception <a 'java/lang/NoClassDefFoundError'{0x000000070a2ff588}: org/springframework/session/jdbc/JdbcIndexedSessionRepository> (0x000000070a2ff588) 
thrown [s\open\src\hotspot\share\oops\constantPool.cpp, line 848]
Event: 60584.509 Thread 0x000001ccab71d770 Exception <a 'java/io/FileNotFoundException'{0x00000007098a2070}> (0x00000007098a2070) 
thrown [s\open\src\hotspot\share\prims\jni.cpp, line 519]
Event: 60644.201 Thread 0x000001cca7d670d0 Exception <a 'java/lang/NoSuchMethodError'{0x000000070a6ce4f8}: static [B.<clinit>()V> (0x000000070a6ce4f8) 
thrown [s\open\src\hotspot\share\prims\jni.cpp, line 1105]

VM Operations (20 events):
Event: 60707.133 Executing VM operation: get/set locals done
Event: 60707.133 Executing VM operation: get/set locals
Event: 60707.133 Executing VM operation: get/set locals done
Event: 60707.133 Executing VM operation: get/set locals
Event: 60707.133 Executing VM operation: get/set locals done
Event: 60707.134 Executing VM operation: get/set locals
Event: 60707.134 Executing VM operation: get/set locals done
Event: 60707.134 Executing VM operation: get/set locals
Event: 60707.134 Executing VM operation: get/set locals done
Event: 60707.134 Executing VM operation: get/set locals
Event: 60707.134 Executing VM operation: get/set locals done
Event: 60707.134 Executing VM operation: get/set locals
Event: 60707.134 Executing VM operation: get/set locals done
Event: 60707.135 Executing VM operation: get/set locals
Event: 60707.135 Executing VM operation: get/set locals done
Event: 60707.135 Executing VM operation: get/set locals
Event: 60707.135 Executing VM operation: get/set locals done
Event: 60707.135 Executing VM operation: get/set locals
Event: 60707.135 Executing VM operation: get/set locals done
Event: 60880.821 Executing VM operation: G1CollectForAllocation

Events (20 events):
Event: 60546.876 Thread 0x000001cca3b05960 flushing nmethod 0x000001cc98b1f510
Event: 60546.876 Thread 0x000001cca3b05960 flushing nmethod 0x000001cc98b1c990
Event: 60546.876 Thread 0x000001cca3b05960 flushing nmethod 0x000001cc98b11290
Event: 60546.876 Thread 0x000001cca3b05960 flushing nmethod 0x000001cc98b03290
Event: 60546.876 Thread 0x000001cca3b05960 flushing nmethod 0x000001cc98b02210
Event: 60546.876 Thread 0x000001cca3b05960 flushing nmethod 0x000001cc98ae6790
Event: 60546.876 Thread 0x000001cca3b05960 flushing nmethod 0x000001cc98acaa90
Event: 60546.876 Thread 0x000001cca3b05960 flushing nmethod 0x000001cc98ac1610
Event: 60546.876 Thread 0x000001cca3b05960 flushing nmethod 0x000001cc98abca90
Event: 60584.185 Thread 0x000001ccab71d770 Thread added: 0x000001ccab71d770
Event: 60584.249 Thread 0x000001ccab71b240 Thread added: 0x000001ccab71b240
Event: 60584.274 Thread 0x000001ccab71b240 Thread exited: 0x000001ccab71b240
Event: 60584.538 Thread 0x000001ccab720c90 Thread added: 0x000001ccab720c90
Event: 60584.538 Thread 0x000001ccab7211e0 Thread added: 0x000001ccab7211e0
Event: 60584.538 Thread 0x000001ccab721730 Thread added: 0x000001ccab721730
Event: 60584.571 Thread 0x000001ccab721c80 Thread added: 0x000001ccab721c80
Event: 60584.616 Thread 0x000001ccb0033300 Thread added: 0x000001ccb0033300
Event: 60584.672 Thread 0x000001ccab71bce0 Thread added: 0x000001ccab71bce0
Event: 60589.809 Thread 0x000001ccab71bce0 Thread exited: 0x000001ccab71bce0
Event: 60589.871 Thread 0x000001ccb0033300 Thread exited: 0x000001ccb0033300


Dynamic libraries:
0x00007ff6f7fa0000 - 0x00007ff6f7fb0000 	C:\Program Files\Java\jdk-20\bin\javaw.exe
0x00007fffc9b30000 - 0x00007fffc9d28000 	C:\WINDOWS\SYSTEM32\ntdll.dll
0x00007fffc87b0000 - 0x00007fffc886f000 	C:\WINDOWS\System32\KERNEL32.DLL
0x00007fffc7670000 - 0x00007fffc7966000 	C:\WINDOWS\System32\KERNELBASE.dll
0x00007fffc7410000 - 0x00007fffc7510000 	C:\WINDOWS\System32\ucrtbase.dll
0x00007fffbc610000 - 0x00007fffbc629000 	C:\Program Files\Java\jdk-20\bin\jli.dll
0x00007fffbc050000 - 0x00007fffbc06b000 	C:\Program Files\Java\jdk-20\bin\VCRUNTIME140.dll
0x00007fffc8870000 - 0x00007fffc891f000 	C:\WINDOWS\System32\ADVAPI32.dll
0x00007fffc8930000 - 0x00007fffc89ce000 	C:\WINDOWS\System32\msvcrt.dll
0x00007fffc93d0000 - 0x00007fffc946c000 	C:\WINDOWS\System32\sechost.dll
0x00007fffc9890000 - 0x00007fffc99b6000 	C:\WINDOWS\System32\RPCRT4.dll
0x00007fffc9470000 - 0x00007fffc960d000 	C:\WINDOWS\System32\USER32.dll
0x00007fffa7790000 - 0x00007fffa7a2a000 	C:\WINDOWS\WinSxS\amd64_microsoft.windows.common-controls_6595b64144ccf1df_6.0.19041.1110_none_60b5254171f9507e\COMCTL32.dll
0x00007fffc7970000 - 0x00007fffc7992000 	C:\WINDOWS\System32\win32u.dll
0x00007fffc9620000 - 0x00007fffc964c000 	C:\WINDOWS\System32\GDI32.dll
0x00007fffc72c0000 - 0x00007fffc73d5000 	C:\WINDOWS\System32\gdi32full.dll
0x00007fffc7af0000 - 0x00007fffc7b8d000 	C:\WINDOWS\System32\msvcp_win.dll
0x00007fffbe570000 - 0x00007fffbe57a000 	C:\WINDOWS\SYSTEM32\VERSION.dll
0x00007fffc8fb0000 - 0x00007fffc8fe0000 	C:\WINDOWS\System32\IMM32.DLL
0x00007fffbf700000 - 0x00007fffbf70c000 	C:\Program Files\Java\jdk-20\bin\vcruntime140_1.dll
0x00007fff9aec0000 - 0x00007fff9af4e000 	C:\Program Files\Java\jdk-20\bin\msvcp140.dll
0x00007fff5ec90000 - 0x00007fff5f927000 	C:\Program Files\Java\jdk-20\bin\server\jvm.dll
0x00007fffbc630000 - 0x00007fffbc639000 	C:\WINDOWS\SYSTEM32\WSOCK32.dll
0x00007fffbc3f0000 - 0x00007fffbc417000 	C:\WINDOWS\SYSTEM32\WINMM.dll
0x00007fffc8b80000 - 0x00007fffc8beb000 	C:\WINDOWS\System32\WS2_32.dll
0x00007fffc5a10000 - 0x00007fffc5a22000 	C:\WINDOWS\SYSTEM32\kernel.appcore.dll
0x00007fffbc040000 - 0x00007fffbc04a000 	C:\Program Files\Java\jdk-20\bin\jimage.dll
0x00007fffc5800000 - 0x00007fffc59e4000 	C:\WINDOWS\SYSTEM32\DBGHELP.DLL
0x00007fffa5270000 - 0x00007fffa52a4000 	C:\WINDOWS\SYSTEM32\dbgcore.DLL
0x00007fffc7a60000 - 0x00007fffc7ae2000 	C:\WINDOWS\System32\bcryptPrimitives.dll
0x00007fffbbfb0000 - 0x00007fffbbfec000 	C:\Program Files\Java\jdk-20\bin\jdwp.dll
0x00007fffbbfa0000 - 0x00007fffbbfae000 	C:\Program Files\Java\jdk-20\bin\instrument.dll
0x00007fff9c640000 - 0x00007fff9c666000 	C:\Program Files\Java\jdk-20\bin\java.dll
0x00007fff88d60000 - 0x00007fff88e37000 	C:\Program Files\Java\jdk-20\bin\jsvml.dll
0x00007fffc7bf0000 - 0x00007fffc8334000 	C:\WINDOWS\System32\SHELL32.dll
0x00007fffc4fa0000 - 0x00007fffc5733000 	C:\WINDOWS\SYSTEM32\windows.storage.dll
0x00007fffc8c50000 - 0x00007fffc8fa4000 	C:\WINDOWS\System32\combase.dll
0x00007fffc6c70000 - 0x00007fffc6c9e000 	C:\WINDOWS\SYSTEM32\Wldp.dll
0x00007fffc9a40000 - 0x00007fffc9aed000 	C:\WINDOWS\System32\SHCORE.dll
0x00007fffc99c0000 - 0x00007fffc9a15000 	C:\WINDOWS\System32\shlwapi.dll
0x00007fffc7150000 - 0x00007fffc716f000 	C:\WINDOWS\SYSTEM32\profapi.dll
0x00007fffbbd00000 - 0x00007fffbbd0c000 	C:\Program Files\Java\jdk-20\bin\dt_socket.dll
0x00007fffc6670000 - 0x00007fffc66ac000 	C:\WINDOWS\SYSTEM32\IPHLPAPI.DLL
0x00007fffc69d0000 - 0x00007fffc6a3a000 	C:\WINDOWS\system32\mswsock.dll
0x00007fffc66b0000 - 0x00007fffc677b000 	C:\WINDOWS\SYSTEM32\DNSAPI.dll
0x00007fffc8920000 - 0x00007fffc8928000 	C:\WINDOWS\System32\NSI.dll
0x00007fffbc330000 - 0x00007fffbc33a000 	C:\Windows\System32\rasadhlp.dll
0x00007fffbb830000 - 0x00007fffbb8b2000 	C:\WINDOWS\System32\fwpuclnt.dll
0x00007fffc73e0000 - 0x00007fffc7407000 	C:\WINDOWS\System32\bcrypt.dll
0x00007fffa88f0000 - 0x00007fffa8908000 	C:\Program Files\Java\jdk-20\bin\zip.dll
0x00007fffa4980000 - 0x00007fffa4993000 	C:\Program Files\Java\jdk-20\bin\net.dll
0x00007fffc15f0000 - 0x00007fffc16fa000 	C:\WINDOWS\SYSTEM32\WINHTTP.dll
0x00007fff9c620000 - 0x00007fff9c636000 	C:\Program Files\Java\jdk-20\bin\nio.dll
0x00007fffbbc90000 - 0x00007fffbbc9a000 	C:\Program Files\Java\jdk-20\bin\management.dll
0x00007fffbb9b0000 - 0x00007fffbb9bb000 	C:\Program Files\Java\jdk-20\bin\management_ext.dll
0x00007fffc9610000 - 0x00007fffc9618000 	C:\WINDOWS\System32\PSAPI.DLL
0x00007fff88e60000 - 0x00007fff88e77000 	C:\WINDOWS\system32\napinsp.dll
0x00007fff8f430000 - 0x00007fff8f44b000 	C:\WINDOWS\system32\pnrpnsp.dll
0x00007fffc1e80000 - 0x00007fffc1e95000 	C:\WINDOWS\system32\wshbth.dll
0x00007fffc26f0000 - 0x00007fffc270d000 	C:\WINDOWS\system32\NLAapi.dll
0x00007fff92910000 - 0x00007fff92922000 	C:\WINDOWS\System32\winrnr.dll
0x00007fffc6bc0000 - 0x00007fffc6bd8000 	C:\WINDOWS\SYSTEM32\CRYPTSP.dll
0x00007fffc6250000 - 0x00007fffc6284000 	C:\WINDOWS\system32\rsaenh.dll
0x00007fffc70d0000 - 0x00007fffc70fe000 	C:\WINDOWS\SYSTEM32\USERENV.dll
0x00007fffc6be0000 - 0x00007fffc6bec000 	C:\WINDOWS\SYSTEM32\CRYPTBASE.dll
0x00007fffbe840000 - 0x00007fffbe857000 	C:\WINDOWS\SYSTEM32\dhcpcsvc6.DLL
0x00007fffbe7e0000 - 0x00007fffbe7fd000 	C:\WINDOWS\SYSTEM32\dhcpcsvc.DLL
0x00007fffaa190000 - 0x00007fffaa197000 	C:\Program Files\Java\jdk-20\bin\extnet.dll
0x00007fffa6e60000 - 0x00007fffa6e70000 	C:\Program Files\Java\jdk-20\bin\verify.dll
0x00007fffa6d50000 - 0x00007fffa6d5e000 	C:\Program Files\Java\jdk-20\bin\sunmscapi.dll
0x00007fffc7510000 - 0x00007fffc766e000 	C:\WINDOWS\System32\CRYPT32.dll
0x00007fffc6ce0000 - 0x00007fffc6d08000 	C:\WINDOWS\SYSTEM32\ncrypt.dll
0x00007fffc6ca0000 - 0x00007fffc6cdb000 	C:\WINDOWS\SYSTEM32\NTASN1.dll
0x00007fffa44a0000 - 0x00007fffa44a7000 	C:\WINDOWS\system32\wshunix.dll

dbghelp: loaded successfully - version: 4.0.5 - missing functions: none
symbol engine: initialized successfully - sym options: 0x614 - pdb path: .;C:\Program Files\Java\jdk-20\bin;C:\WINDOWS\SYSTEM32;C:\WINDOWS\WinSxS\amd64_microsoft.windows.common-controls_6595b64144ccf1df_6.0.19041.1110_none_60b5254171f9507e;C:\Program Files\Java\jdk-20\bin\server

VM Arguments:
jvm_args: -XX:+ShowCodeDetailsInExceptionMessages -agentlib:jdwp=transport=dt_socket,suspend=y,address=localhost:59758 -Dcom.sun.management.jmxremote -Dcom.sun.management.jmxremote.port=59757 -Dcom.sun.management.jmxremote.authenticate=false -Dcom.sun.management.jmxremote.ssl=false -Djava.rmi.server.hostname=localhost -Dspring.jmx.enabled=true -Dmanagement.endpoints.jmx.exposure.include=* -Dspring.application.admin.enabled=true -XX:TieredStopAtLevel=1 -Dspring.boot.project.name=enkai -javaagent:C:\pleiades\eclipse\configuration\org.eclipse.osgi\231\0\.cp\lib\javaagent-shaded.jar -Dfile.encoding=UTF-8 
java_command: com.example.demo.EnkaiApplication --spring.output.ansi.enabled=always
java_class_path (initial): C:\pleiades\workspace\enkai\target\classes;C:\Users\no1s\.m2\repository\org\springframework\boot\spring-boot-starter-data-jpa\3.1.0\spring-boot-starter-data-jpa-3.1.0.jar;C:\Users\no1s\.m2\repository\org\springframework\boot\spring-boot-starter-aop\3.1.0\spring-boot-starter-aop-3.1.0.jar;C:\Users\no1s\.m2\repository\org\aspectj\aspectjweaver\1.9.19\aspectjweaver-1.9.19.jar;C:\Users\no1s\.m2\repository\org\springframework\boot\spring-boot-starter-jdbc\3.1.0\spring-boot-starter-jdbc-3.1.0.jar;C:\Users\no1s\.m2\repository\com\zaxxer\HikariCP\5.0.1\HikariCP-5.0.1.jar;C:\Users\no1s\.m2\repository\org\springframework\spring-jdbc\6.0.9\spring-jdbc-6.0.9.jar;C:\Users\no1s\.m2\repository\org\hibernate\orm\hibernate-core\6.2.2.Final\hibernate-core-6.2.2.Final.jar;C:\Users\no1s\.m2\repository\jakarta\persistence\jakarta.persistence-api\3.1.0\jakarta.persistence-api-3.1.0.jar;C:\Users\no1s\.m2\repository\jakarta\transaction\jakarta.transaction-api\2.0.1\jakarta.transaction-api-2.0.1.jar;C:\Users\no1s\.m2\repository\org\jboss\logging\jboss-logging\3.5.0.Final\jboss-logging-3.5.0.Final.jar;C:\Users\no1s\.m2\repository\org\hibernate\common\hibernate-commons-annotations\6.0.6.Final\hibernate-commons-annotations-6.0.6.Final.jar;C:\Users\no1s\.m2\repository\io\smallrye\jandex\3.0.5\jandex-3.0.5.jar;C:\Users\no1s\.m2\repository\com\fasterxml\classmate\1.5.1\classmate-1.5.1.jar;C:\Users\no1s\.m2\repository\net\bytebuddy\byte-buddy\1.14.4\byte-buddy-1.14.4.jar;C:\Users\no1s\.m2\repository\org\glassfish\jaxb\jaxb-runtime\4.0.2\jaxb-runtime-4.0.2.jar;C:\Users\no1s\.m2\repository\org\glassfish\jaxb\jaxb-core\4.0.2\jaxb-core-4.0.2.jar;C:\Users\no1s\.m2\repository\org\eclipse\angus\angus-activation\2.0.0\angus-activation-2.0.0.jar;C:\Users\no1s\.m2\repository\org\glassfish\jaxb\txw2\4.0.2\txw2-4.0.2.jar;C:\Users\no1s\.m2\repository\com\sun\istack\istack-commons-runtime\4.1.1\istack-commons-runtime-4.1.1.jar;C:\Users\no1s\.m2\repository\jakarta\inject\jakarta.inject-api\2.0.1\jakarta.inject-api-2.0.1.jar;C:\Users\no1s\.m2\repository\org\antlr\antlr4-runtime\4.10.1\antlr4-runtime-4.10.1.jar;C:\Users\no1s\.m2\repository\org\springframework\data\spring-data-jpa\3.1.0\spring-data-jpa-3.1.0.jar;C:\Users\no1s\.m2\repository\org\springframework\data\spring-data-commons\3.1.0\spring-data-commons-3.1.0.jar;C:\Users\no1s\.m2\repository\org\springframework\spring-orm\6.0.9\spring-orm-6.0.9.jar;C:\Users\no1s\.m2\repository\org\springframework\spring-context\6.0.9\spring-context-6.0.9.jar;C:\Users\no1s\.m2\repository\org\springframework\spring-tx\6.0.9\spring-tx-6.0.9.jar;C:\Users\no1s\.m2\repository\org\springframework\spring-beans\6.0.9\spring-beans-6.0.9.jar;C:\Users\no1s\.m2\repository\jakarta\annotation\jakarta.annotation-api\2.1.1\jakarta.annotation-api-2.1.1.jar;C:\Users\no1s\.m2\repository\org\springframework\spring-aspects\6.0.9\spring-aspects-6.0.9.jar;C:\Users\no1s\.m2\repository\org\springframework\boot\spring-boot-starter-thymeleaf\3.1.0\spring-boot-starter-thymeleaf-3.1.0.jar;C:\Users\no1s\.m2\repository\org\springframework\boot\spring-boot-starter\3.1.0\spring-boot-starter-3.1.0.jar;C:\Users\no1s\.m2\repository\org\springframework\boot\spring-boot-starter-logging\3.1.0\spring-boot-starter-logging-3.1.0.jar;C:\Users\no1s\.m2\repository\ch\qos\logback\logback-classic\1.4.7\logback-classic-1.4.7.jar;C:\Users\no1s\.m2\repository\ch\qos\logback\logback-core\1.4.7\logback-core-1.4.7.jar;C:\Users\no1s\.m2\repository\org\apache\logging\log4j\log4j-to-slf4j\2.20.0\log4j-to-slf4j-2.20.0.jar;C:\Users\no1s\.m2\repository\org\apache\logging\log4j\log4j-api\2.20.0\log4j-api-2.20.0.jar;C:\Users\no1s\.m2\repository\org\slf4j\jul-to-slf4j\2.0.7\jul-to-slf4j-2.0.7.jar;C:\Users\no1s\.m2\repository\org\yaml\snakeyaml\1.33\snakeyaml-1.33.jar;C:\Users\no1s\.m2\repository\org\thymeleaf\thymeleaf-spring6\3.1.1.RELEASE\thymeleaf-spring6-3.1.1.RELEASE.jar;C:\Users\no1s\.m2\repository\org\springframework\boot\spring-boot-starter-validation\3.1.0\spring-boot-starter-validation-3.1.0.jar;C:\Users\no1s\.m2\repository\org\apache\tomcat\embed\tomcat-embed-el\10.1.8\tomcat-embed-el-10.1.8.jar;C:\Users\no1s\.m2\repository\org\hibernate\validator\hibernate-validator\8.0.0.Final\hibernate-validator-8.0.0.Final.jar;C:\Users\no1s\.m2\repository\jakarta\validation\jakarta.validation-api\3.0.2\jakarta.validation-api-3.0.2.jar;C:\Users\no1s\.m2\repository\org\springframework\boot\spring-boot-starter-web\3.1.0\spring-boot-starter-web-3.1.0.jar;C:\Users\no1s\.m2\repository\org\springframework\boot\spring-boot-starter-json\3.1.0\spring-boot-starter-json-3.1.0.jar;C:\Users\no1s\.m2\repository\com\fasterxml\jackson\core\jackson-databind\2.15.0\jackson-databind-2.15.0.jar;C:\Users\no1s\.m2\repository\com\fasterxml\jackson\core\jackson-annotations\2.15.0\jackson-annotations-2.15.0.jar;C:\Users\no1s\.m2\repository\com\fasterxml\jackson\datatype\jackson-datatype-jdk8\2.15.0\jackson-datatype-jdk8-2.15.0.jar;C:\Users\no1s\.m2\repository\com\fasterxml\jackson\datatype\jackson-datatype-jsr310\2.15.0\jackson-datatype-jsr310-2.15.0.jar;C:\Users\no1s\.m2\repository\com\fasterxml\jackson\module\jackson-module-parameter-names\2.15.0\jackson-module-parameter-names-2.15.0.jar;C:\Users\no1s\.m2\repository\org\springframework\boot\spring-boot-starter-tomcat\3.1.0\spring-boot-starter-tomcat-3.1.0.jar;C:\Users\no1s\.m2\repository\org\apache\tomcat\embed\tomcat-embed-core\10.1.8\tomcat-embed-core-10.1.8.jar;C:\Users\no1s\.m2\repository\org\apache\tomcat\embed\tomcat-embed-websocket\10.1.8\tomcat-embed-websocket-10.1.8.jar;C:\Users\no1s\.m2\repository\org\springframework\spring-web\6.0.9\spring-web-6.0.9.jar;C:\Users\no1s\.m2\repository\io\micrometer\micrometer-observation\1.11.0\micrometer-observation-1.11.0.jar;C:\Users\no1s\.m2\repository\io\micrometer\micrometer-commons\1.11.0\micrometer-commons-1.11.0.jar;C:\Users\no1s\.m2\repository\org\springframework\spring-webmvc\6.0.9\spring-webmvc-6.0.9.jar;C:\Users\no1s\.m2\repository\org\springframework\spring-expression\6.0.9\spring-expression-6.0.9.jar;C:\Users\no1s\.m2\repository\org\springframework\boot\spring-boot-devtools\3.1.0\spring-boot-devtools-3.1.0.jar;C:\Users\no1s\.m2\repository\org\springframework\boot\spring-boot\3.1.0\spring-boot-3.1.0.jar;C:\Users\no1s\.m2\repository\org\springframework\boot\spring-boot-autoconfigure\3.1.0\spring-boot-autoconfigure-3.1.0.jar;C:\Users\no1s\.m2\repository\com\mysql\mysql-connector-j\8.0.33\mysql-connector-j-8.0.33.jar;C:\Users\no1s\.m2\repository\org\projectlombok\lombok\1.18.26\lombok-1.18.26.jar;C:\Users\no1s\.m2\repository\jakarta\xml\bind\jakarta.xml.bind-api\4.0.0\jakarta.xml.bind-api-4.0.0.jar;C:\Users\no1s\.m2\repository\jakarta\activation\jakarta.activation-api\2.1.2\jakarta.activation-api-2.1.2.jar;C:\Users\no1s\.m2\repository\org\springframework\spring-core\6.0.9\spring-core-6.0.9.jar;C:\Users\no1s\.m2\repository\org\springframework\spring-jcl\6.0.9\spring-jcl-6.0.9.jar;C:\Users\no1s\.m2\repository\org\flywaydb\flyway-mysql\9.16.3\flyway-mysql-9.16.3.jar;C:\Users\no1s\.m2\repository\org\flywaydb\flyway-core\9.16.3\flyway-core-9.16.3.jar;C:\Users\no1s\.m2\repository\com\fasterxml\jackson\dataformat\jackson-dataformat-toml\2.15.0\jackson-dataformat-toml-2.15.0.jar;C:\Users\no1s\.m2\repository\org\apache\commons\commons-text\1.10.0\commons-text-1.10.0.jar;C:\Users\no1s\.m2\repository\org\apache\commons\commons-lang3\3.12.0\commons-lang3-3.12.0.jar;C:\Users\no1s\.m2\repository\org\springframework\boot\spring-boot-starter-security\3.1.0\spring-boot-starter-security-3.1.0.jar;C:\Users\no1s\.m2\repository\org\springframework\spring-aop\6.0.9\spring-aop-6.0.9.jar;C:\Users\no1s\.m2\repository\org\springframework\security\spring-security-config\6.1.0\spring-security-config-6.1.0.jar;C:\Users\no1s\.m2\repository\org\springframework\security\spring-security-core\6.1.0\spring-security-core-6.1.0.jar;C:\Users\no1s\.m2\repository\org\springframework\security\spring-security-crypto\6.1.0\spring-security-crypto-6.1.0.jar;C:\Users\no1s\.m2\repository\org\springframework\security\spring-security-web\6.1.0\spring-security-web-6.1.0.jar;C:\Users\no1s\.m2\repository\org\thymeleaf\extras\thymeleaf-extras-springsecurity6\3.1.1.RELEASE\thymeleaf-extras-springsecurity6-3.1.1.RELEASE.jar;C:\Users\no1s\.m2\repository\org\slf4j\slf4j-api\2.0.7\slf4j-api-2.0.7.jar;C:\Users\no1s\.m2\repository\org\webjars\bootstrap\5.2.3\bootstrap-5.2.3.jar;C:\Users\no1s\.m2\repository\org\webjars\webjars-locator-core\0.52\webjars-locator-core-0.52.jar;C:\Users\no1s\.m2\repository\io\github\classgraph\classgraph\4.8.147\classgraph-4.8.147.jar;C:\Users\no1s\.m2\repository\com\fasterxml\jackson\core\jackson-core\2.15.0\jackson-core-2.15.0.jar;C:\Users\no1s\.m2\repository\org\webjars\npm\bootstrap-icons\1.10.5\bootstrap-icons-1.10.5.jar;C:\Users\no1s\.m2\repository\nz\net\ultraq\thymeleaf\thymeleaf-layout-dialect\3.2.1\thymeleaf-layout-dialect-3.2.1.jar;C:\Users\no1s\.m2\repository\org\apache\groovy\groovy\4.0.12\groovy-4.0.12.jar;C:\Users\no1s\.m2\repository\nz\net\ultraq\groovy\groovy-extensions\2.1.0\groovy-extensions-2.1.0.jar;C:\Users\no1s\.m2\repository\nz\net\ultraq\thymeleaf\thymeleaf-expression-processor\3.1.1\thymeleaf-expression-processor-3.1.1.jar;C:\Users\no1s\.m2\repository\org\thymeleaf\thymeleaf\3.1.1.RELEASE\thymeleaf-3.1.1.RELEASE.jar;C:\Users\no1s\.m2\repository\ognl\ognl\3.3.4\ognl-3.3.4.jar;C:\Users\no1s\.m2\repository\org\javassist\javassist\3.29.0-GA\javassist-3.29.0-GA.jar;C:\Users\no1s\.m2\repository\org\attoparser\attoparser\2.0.6.RELEASE\attoparser-2.0.6.RELEASE.jar;C:\Users\no1s\.m2\repository\org\unbescape\unbescape\1.1.6.RELEASE\unbescape-1.1.6.RELEASE.jar
Launcher Type: SUN_STANDARD

[Global flags]
     intx CICompilerCount                          = 4                                         {product} {ergonomic}
     uint ConcGCThreads                            = 2                                         {product} {ergonomic}
     uint G1ConcRefinementThreads                  = 8                                         {product} {ergonomic}
   size_t G1HeapRegionSize                         = 2097152                                   {product} {ergonomic}
    uintx GCDrainStackTargetSize                   = 64                                        {product} {ergonomic}
   size_t InitialHeapSize                          = 264241152                                 {product} {ergonomic}
     bool ManagementServer                         = true                                      {product} {command line}
   size_t MarkStackSize                            = 4194304                                   {product} {ergonomic}
   size_t MaxHeapSize                              = 4213178368                                {product} {ergonomic}
   size_t MaxNewSize                               = 2527068160                                {product} {ergonomic}
   size_t MinHeapDeltaBytes                        = 2097152                                   {product} {ergonomic}
   size_t MinHeapSize                              = 8388608                                   {product} {ergonomic}
    uintx NonProfiledCodeHeapSize                  = 0                                      {pd product} {ergonomic}
     bool ProfileInterpreter                       = false                                  {pd product} {command line}
    uintx ProfiledCodeHeapSize                     = 0                                      {pd product} {ergonomic}
     bool ShowCodeDetailsInExceptionMessages       = true                                   {manageable} {command line}
   size_t SoftMaxHeapSize                          = 4213178368                             {manageable} {ergonomic}
     intx TieredStopAtLevel                        = 1                                         {product} {command line}
     bool UseCompressedClassPointers               = true                           {product lp64_product} {ergonomic}
     bool UseCompressedOops                        = true                           {product lp64_product} {ergonomic}
     bool UseG1GC                                  = true                                      {product} {ergonomic}
     bool UseLargePagesIndividualAllocation        = false                                  {pd product} {ergonomic}

Logging:
Log output configuration:
 #0: stdout all=warning uptime,level,tags foldmultilines=false
 #1: stderr all=off uptime,level,tags foldmultilines=false

Environment Variables:
JAVA_HOME=C:\Program Files\Java\jdk-20
PATH=C:/pleiades/java/17/bin/server;C:/pleiades/java/17/bin;C:\Program Files\Java\jdk-20\bin;C:\Program Files\Common Files\Oracle\Java\javapath;C:\WINDOWS\system32;C:\WINDOWS;C:\WINDOWS\System32\Wbem;C:\WINDOWS\System32\WindowsPowerShell\v1.0\;C:\WINDOWS\System32\OpenSSH\;C:\xampp\php;C:\composer;C:\ProgramData\chocolatey\bin;C:\ProgramData\chocolatey\lib\maven\apache-maven-3.9.1\bin;C:\Program Files\Docker\Docker\resources\bin;C:\Program Files\Java\jdk-20\bin;C:\Users\no1s\AppData\Local\Microsoft\WindowsApps;;C:\Users\no1s\AppData\Local\Programs\Microsoft VS Code\bin;C:\Users\no1s\AppData\Roaming\Composer\vendor\bin;C:\pleiades\eclipse;
USERNAME=no1s
OS=Windows_NT
PROCESSOR_IDENTIFIER=Intel64 Family 6 Model 140 Stepping 1, GenuineIntel
TMP=C:\Users\no1s\AppData\Local\Temp
TEMP=C:\Users\no1s\AppData\Local\Temp




---------------  S Y S T E M  ---------------

OS:
 Windows 10 , 64 bit Build 19041 (10.0.19041.2913)
OS uptime: 13 days 1:52 hours
Hyper-V role detected

CPU: total 8 (initial active 8) (4 cores per cpu, 2 threads per core) family 6 model 140 stepping 1 microcode 0xa6, cx8, cmov, fxsr, ht, mmx, 3dnowpref, sse, sse2, sse3, ssse3, sse4.1, sse4.2, popcnt, lzcnt, tsc, tscinvbit, avx, avx2, aes, erms, clmul, bmi1, bmi2, adx, avx512f, avx512dq, avx512cd, avx512bw, avx512vl, sha, fma, vzeroupper, avx512_vpopcntdq, avx512_vpclmulqdq, avx512_vaes, avx512_vnni, clflush, clflushopt, clwb, avx512_vbmi2, avx512_vbmi, hv, rdtscp, rdpid, fsrm, gfni, avx512_bitalg, f16c, cet_ibt, cet_ss, avx512_ifma

Memory: 4k page, system-wide physical 16064M (7906M free)
TotalPageFile size 18496M (AvailPageFile size 7950M)
current process WorkingSet (physical memory assigned to process): 344M, peak: 355M
current process commit charge ("private bytes"): 402M, peak: 409M

vm_info: Java HotSpot(TM) 64-Bit Server VM (20+36-2344) for windows-amd64 JRE (20+36-2344), built on 2023-02-10T19:30:15Z by "mach5one" with MS VC++ 17.1 (VS2022)

END.
