#
# A fatal error has been detected by the Java Runtime Environment:
#
#  EXCEPTION_ACCESS_VIOLATION (0xc0000005) at pc=0x00007fff71eeccfe, pid=17860, tid=18120
#
# JRE version: Java(TM) SE Runtime Environment (20.0+36) (build 20+36-2344)
# Java VM: Java HotSpot(TM) 64-Bit Server VM (20+36-2344, mixed mode, emulated-client, sharing, tiered, compressed oops, compressed class ptrs, g1 gc, windows-amd64)
# Problematic frame:
# V  [jvm.dll+0x31ccfe]
#
# No core dump will be written. Minidumps are not enabled by default on client versions of Windows
#
# If you would like to submit a bug report, please visit:
#   https://bugreport.java.com/bugreport/crash.jsp
#

---------------  S U M M A R Y ------------

Command Line: -XX:+ShowCodeDetailsInExceptionMessages -agentlib:jdwp=transport=dt_socket,suspend=y,address=localhost:56535 -Dcom.sun.management.jmxremote -Dcom.sun.management.jmxremote.port=56534 -Dcom.sun.management.jmxremote.authenticate=false -Dcom.sun.management.jmxremote.ssl=false -Djava.rmi.server.hostname=localhost -Dspring.jmx.enabled=true -Dmanagement.endpoints.jmx.exposure.include=* -Dspring.application.admin.enabled=true -XX:TieredStopAtLevel=1 -Dspring.boot.project.name=enkai -javaagent:C:\pleiades\eclipse\configuration\org.eclipse.osgi\231\0\.cp\lib\javaagent-shaded.jar -Dfile.encoding=UTF-8 com.example.demo.EnkaiApplication --spring.output.ansi.enabled=always

Host: 11th Gen Intel(R) Core(TM) i5-1135G7 @ 2.40GHz, 8 cores, 15G,  Windows 10 , 64 bit Build 19041 (10.0.19041.2913)
Time: Wed Jun 14 15:34:59 2023  Windows 10 , 64 bit Build 19041 (10.0.19041.2913) elapsed time: 6916.595690 seconds (0d 1h 55m 16s)

---------------  T H R E A D  ---------------

Current thread (0x000001512535af40):  WorkerThread "GC Thread#2" [stack: 0x0000003c1fa00000,0x0000003c1fb00000] [id=18120]

Stack: [0x0000003c1fa00000,0x0000003c1fb00000],  sp=0x0000003c1fafe190,  free space=1016k
Native frames: (J=compiled Java code, j=interpreted, Vv=VM code, C=native code)
V  [jvm.dll+0x31ccfe]
V  [jvm.dll+0x344e7a]
V  [jvm.dll+0x344da2]
V  [jvm.dll+0x31781d]
V  [jvm.dll+0x31725d]
V  [jvm.dll+0x3f19b5]
V  [jvm.dll+0x7f4c86]
V  [jvm.dll+0x7fe811]
V  [jvm.dll+0x36ca1a]
V  [jvm.dll+0x36cad4]
V  [jvm.dll+0x349123]
V  [jvm.dll+0x875777]
V  [jvm.dll+0x7f4906]
V  [jvm.dll+0x6ba5cb]
C  [ucrtbase.dll+0x21bb2]
C  [KERNEL32.DLL+0x17614]
C  [ntdll.dll+0x526a1]

JavaThread 0x00000151283c3a70 (nid = 14732) was being processed
Java frames: (J=compiled Java code, j=interpreted, Vv=VM code)
j  java.lang.invoke.LambdaForm$DMH+0x000000080135c000.invokeVirtual(Ljava/lang/Object;Ljava/lang/Object;Ljava/lang/Object;Ljava/lang/Object;)Ljava/lang/Object;+14 java.base@20
j  java.lang.invoke.LambdaForm$MH+0x00000008014d8800.invoke(Ljava/lang/Object;Ljava/lang/Object;Ljava/lang/Object;Ljava/lang/Object;)Ljava/lang/Object;+73 java.base@20
J 4875 c1 java.lang.reflect.Method.invoke(Ljava/lang/Object;[Ljava/lang/Object;)Ljava/lang/Object; java.base@20 (108 bytes) @ 0x0000015115da0564 [0x0000015115d9fc60+0x0000000000000904]
j  org.springframework.web.method.support.InvocableHandlerMethod.doInvoke([Ljava/lang/Object;)Ljava/lang/Object;+29
j  org.springframework.web.method.support.InvocableHandlerMethod.invokeForRequest(Lorg/springframework/web/context/request/NativeWebRequest;Lorg/springframework/web/method/support/ModelAndViewContainer;[Ljava/lang/Object;)Ljava/lang/Object;+41
j  org.springframework.web.servlet.mvc.method.annotation.ServletInvocableHandlerMethod.invokeAndHandle(Lorg/springframework/web/context/request/ServletWebRequest;Lorg/springframework/web/method/support/ModelAndViewContainer;[Ljava/lang/Object;)V+4
j  org.springframework.web.servlet.mvc.method.annotation.RequestMappingHandlerAdapter.invokeHandlerMethod(Ljakarta/servlet/http/HttpServletRequest;Ljakarta/servlet/http/HttpServletResponse;Lorg/springframework/web/method/HandlerMethod;)Lorg/springframework/web/servlet/ModelAndView;+244
j  org.springframework.web.servlet.mvc.method.annotation.RequestMappingHandlerAdapter.handleInternal(Ljakarta/servlet/http/HttpServletRequest;Ljakarta/servlet/http/HttpServletResponse;Lorg/springframework/web/method/HandlerMethod;)Lorg/springframework/web/servlet/ModelAndView;+81
j  org.springframework.web.servlet.mvc.method.AbstractHandlerMethodAdapter.handle(Ljakarta/servlet/http/HttpServletRequest;Ljakarta/servlet/http/HttpServletResponse;Ljava/lang/Object;)Lorg/springframework/web/servlet/ModelAndView;+7
j  org.springframework.web.servlet.DispatcherServlet.doDispatch(Ljakarta/servlet/http/HttpServletRequest;Ljakarta/servlet/http/HttpServletResponse;)V+259
j  org.springframework.web.servlet.DispatcherServlet.doService(Ljakarta/servlet/http/HttpServletRequest;Ljakarta/servlet/http/HttpServletResponse;)V+242
j  org.springframework.web.servlet.FrameworkServlet.processRequest(Ljakarta/servlet/http/HttpServletRequest;Ljakarta/servlet/http/HttpServletResponse;)V+70
j  org.springframework.web.servlet.FrameworkServlet.doGet(Ljakarta/servlet/http/HttpServletRequest;Ljakarta/servlet/http/HttpServletResponse;)V+3
j  jakarta.servlet.http.HttpServlet.service(Ljakarta/servlet/http/HttpServletRequest;Ljakarta/servlet/http/HttpServletResponse;)V+35
j  org.springframework.web.servlet.FrameworkServlet.service(Ljakarta/servlet/http/HttpServletRequest;Ljakarta/servlet/http/HttpServletResponse;)V+20
j  jakarta.servlet.http.HttpServlet.service(Ljakarta/servlet/ServletRequest;Ljakarta/servlet/ServletResponse;)V+36
j  org.apache.catalina.core.ApplicationFilterChain.internalDoFilter(Ljakarta/servlet/ServletRequest;Ljakarta/servlet/ServletResponse;)V+305
j  org.apache.catalina.core.ApplicationFilterChain.doFilter(Ljakarta/servlet/ServletRequest;Ljakarta/servlet/ServletResponse;)V+99
j  org.apache.tomcat.websocket.server.WsFilter.doFilter(Ljakarta/servlet/ServletRequest;Ljakarta/servlet/ServletResponse;Ljakarta/servlet/FilterChain;)V+21
j  org.apache.catalina.core.ApplicationFilterChain.internalDoFilter(Ljakarta/servlet/ServletRequest;Ljakarta/servlet/ServletResponse;)V+135
j  org.apache.catalina.core.ApplicationFilterChain.doFilter(Ljakarta/servlet/ServletRequest;Ljakarta/servlet/ServletResponse;)V+99
j  org.springframework.web.servlet.resource.ResourceUrlEncodingFilter.doFilter(Ljakarta/servlet/ServletRequest;Ljakarta/servlet/ServletResponse;Ljakarta/servlet/FilterChain;)V+68
j  org.apache.catalina.core.ApplicationFilterChain.internalDoFilter(Ljakarta/servlet/ServletRequest;Ljakarta/servlet/ServletResponse;)V+135
j  org.apache.catalina.core.ApplicationFilterChain.doFilter(Ljakarta/servlet/ServletRequest;Ljakarta/servlet/ServletResponse;)V+99
j  org.springframework.security.web.FilterChainProxy.lambda$doFilterInternal$3(Lorg/springframework/security/web/firewall/FirewalledRequest;Ljakarta/servlet/FilterChain;Ljakarta/servlet/ServletRequest;Ljakarta/servlet/ServletResponse;)V+35
j  org.springframework.security.web.FilterChainProxy$$Lambda$1740+0x0000000801a29c88.doFilter(Ljakarta/servlet/ServletRequest;Ljakarta/servlet/ServletResponse;)V+10
j  org.springframework.security.web.FilterChainProxy$VirtualFilterChain.doFilter(Ljakarta/servlet/ServletRequest;Ljakarta/servlet/ServletResponse;)V+17
j  org.springframework.security.web.access.intercept.AuthorizationFilter.doFilter(Ljakarta/servlet/ServletRequest;Ljakarta/servlet/ServletResponse;Ljakarta/servlet/FilterChain;)V+143
j  org.springframework.security.web.FilterChainProxy$VirtualFilterChain.doFilter(Ljakarta/servlet/ServletRequest;Ljakarta/servlet/ServletResponse;)V+105
j  org.springframework.security.web.access.ExceptionTranslationFilter.doFilter(Ljakarta/servlet/http/HttpServletRequest;Ljakarta/servlet/http/HttpServletResponse;Ljakarta/servlet/FilterChain;)V+3
j  org.springframework.security.web.access.ExceptionTranslationFilter.doFilter(Ljakarta/servlet/ServletRequest;Ljakarta/servlet/ServletResponse;Ljakarta/servlet/FilterChain;)V+10
j  org.springframework.security.web.FilterChainProxy$VirtualFilterChain.doFilter(Ljakarta/servlet/ServletRequest;Ljakarta/servlet/ServletResponse;)V+105
j  org.springframework.security.web.authentication.AnonymousAuthenticationFilter.doFilter(Ljakarta/servlet/ServletRequest;Ljakarta/servlet/ServletResponse;Ljakarta/servlet/FilterChain;)V+33
j  org.springframework.security.web.FilterChainProxy$VirtualFilterChain.doFilter(Ljakarta/servlet/ServletRequest;Ljakarta/servlet/ServletResponse;)V+105
j  org.springframework.security.web.servletapi.SecurityContextHolderAwareRequestFilter.doFilter(Ljakarta/servlet/ServletRequest;Ljakarta/servlet/ServletResponse;Ljakarta/servlet/FilterChain;)V+19
j  org.springframework.security.web.FilterChainProxy$VirtualFilterChain.doFilter(Ljakarta/servlet/ServletRequest;Ljakarta/servlet/ServletResponse;)V+105
j  org.springframework.security.web.savedrequest.RequestCacheAwareFilter.doFilter(Ljakarta/servlet/ServletRequest;Ljakarta/servlet/ServletResponse;Ljakarta/servlet/FilterChain;)V+32
j  org.springframework.security.web.FilterChainProxy$VirtualFilterChain.doFilter(Ljakarta/servlet/ServletRequest;Ljakarta/servlet/ServletResponse;)V+105
j  org.springframework.security.web.authentication.AbstractAuthenticationProcessingFilter.doFilter(Ljakarta/servlet/http/HttpServletRequest;Ljakarta/servlet/http/HttpServletResponse;Ljakarta/servlet/FilterChain;)V+12
j  org.springframework.security.web.authentication.AbstractAuthenticationProcessingFilter.doFilter(Ljakarta/servlet/ServletRequest;Ljakarta/servlet/ServletResponse;Ljakarta/servlet/FilterChain;)V+10
j  org.springframework.security.web.FilterChainProxy$VirtualFilterChain.doFilter(Ljakarta/servlet/ServletRequest;Ljakarta/servlet/ServletResponse;)V+105
j  org.springframework.security.web.authentication.logout.LogoutFilter.doFilter(Ljakarta/servlet/http/HttpServletRequest;Ljakarta/servlet/http/HttpServletResponse;Ljakarta/servlet/FilterChain;)V+83
j  org.springframework.security.web.authentication.logout.LogoutFilter.doFilter(Ljakarta/servlet/ServletRequest;Ljakarta/servlet/ServletResponse;Ljakarta/servlet/FilterChain;)V+10
j  org.springframework.security.web.FilterChainProxy$VirtualFilterChain.doFilter(Ljakarta/servlet/ServletRequest;Ljakarta/servlet/ServletResponse;)V+105
j  org.springframework.security.web.header.HeaderWriterFilter.doHeadersAfter(Ljakarta/servlet/http/HttpServletRequest;Ljakarta/servlet/http/HttpServletResponse;Ljakarta/servlet/FilterChain;)V+29
j  org.springframework.security.web.header.HeaderWriterFilter.doFilterInternal(Ljakarta/servlet/http/HttpServletRequest;Ljakarta/servlet/http/HttpServletResponse;Ljakarta/servlet/FilterChain;)V+21
j  org.springframework.web.filter.OncePerRequestFilter.doFilter(Ljakarta/servlet/ServletRequest;Ljakarta/servlet/ServletResponse;Ljakarta/servlet/FilterChain;)V+150
j  org.springframework.security.web.FilterChainProxy$VirtualFilterChain.doFilter(Ljakarta/servlet/ServletRequest;Ljakarta/servlet/ServletResponse;)V+105
j  org.springframework.security.web.context.SecurityContextHolderFilter.doFilter(Ljakarta/servlet/http/HttpServletRequest;Ljakarta/servlet/http/HttpServletResponse;Ljakarta/servlet/FilterChain;)V+59
j  org.springframework.security.web.context.SecurityContextHolderFilter.doFilter(Ljakarta/servlet/ServletRequest;Ljakarta/servlet/ServletResponse;Ljakarta/servlet/FilterChain;)V+10
j  org.springframework.security.web.FilterChainProxy$VirtualFilterChain.doFilter(Ljakarta/servlet/ServletRequest;Ljakarta/servlet/ServletResponse;)V+105
j  org.springframework.security.web.context.request.async.WebAsyncManagerIntegrationFilter.doFilterInternal(Ljakarta/servlet/http/HttpServletRequest;Ljakarta/servlet/http/HttpServletResponse;Ljakarta/servlet/FilterChain;)V+55
j  org.springframework.web.filter.OncePerRequestFilter.doFilter(Ljakarta/servlet/ServletRequest;Ljakarta/servlet/ServletResponse;Ljakarta/servlet/FilterChain;)V+150
j  org.springframework.security.web.FilterChainProxy$VirtualFilterChain.doFilter(Ljakarta/servlet/ServletRequest;Ljakarta/servlet/ServletResponse;)V+105
j  org.springframework.security.web.session.DisableEncodeUrlFilter.doFilterInternal(Ljakarta/servlet/http/HttpServletRequest;Ljakarta/servlet/http/HttpServletResponse;Ljakarta/servlet/FilterChain;)V+10
j  org.springframework.web.filter.OncePerRequestFilter.doFilter(Ljakarta/servlet/ServletRequest;Ljakarta/servlet/ServletResponse;Ljakarta/servlet/FilterChain;)V+150
j  org.springframework.security.web.FilterChainProxy$VirtualFilterChain.doFilter(Ljakarta/servlet/ServletRequest;Ljakarta/servlet/ServletResponse;)V+105
j  org.springframework.security.web.FilterChainProxy.doFilterInternal(Ljakarta/servlet/ServletRequest;Ljakarta/servlet/ServletResponse;Ljakarta/servlet/FilterChain;)V+163
j  org.springframework.security.web.FilterChainProxy.doFilter(Ljakarta/servlet/ServletRequest;Ljakarta/servlet/ServletResponse;Ljakarta/servlet/FilterChain;)V+48
j  org.springframework.web.filter.DelegatingFilterProxy.invokeDelegate(Ljakarta/servlet/Filter;Ljakarta/servlet/ServletRequest;Ljakarta/servlet/ServletResponse;Ljakarta/servlet/FilterChain;)V+5
j  org.springframework.web.filter.DelegatingFilterProxy.doFilter(Ljakarta/servlet/ServletRequest;Ljakarta/servlet/ServletResponse;Ljakarta/servlet/FilterChain;)V+85
j  org.apache.catalina.core.ApplicationFilterChain.internalDoFilter(Ljakarta/servlet/ServletRequest;Ljakarta/servlet/ServletResponse;)V+135
j  org.apache.catalina.core.ApplicationFilterChain.doFilter(Ljakarta/servlet/ServletRequest;Ljakarta/servlet/ServletResponse;)V+99
j  org.springframework.web.filter.RequestContextFilter.doFilterInternal(Ljakarta/servlet/http/HttpServletRequest;Ljakarta/servlet/http/HttpServletResponse;Ljakarta/servlet/FilterChain;)V+21
j  org.springframework.web.filter.OncePerRequestFilter.doFilter(Ljakarta/servlet/ServletRequest;Ljakarta/servlet/ServletResponse;Ljakarta/servlet/FilterChain;)V+150
j  org.apache.catalina.core.ApplicationFilterChain.internalDoFilter(Ljakarta/servlet/ServletRequest;Ljakarta/servlet/ServletResponse;)V+135
j  org.apache.catalina.core.ApplicationFilterChain.doFilter(Ljakarta/servlet/ServletRequest;Ljakarta/servlet/ServletResponse;)V+99
j  org.springframework.web.filter.FormContentFilter.doFilterInternal(Ljakarta/servlet/http/HttpServletRequest;Ljakarta/servlet/http/HttpServletResponse;Ljakarta/servlet/FilterChain;)V+38
j  org.springframework.web.filter.OncePerRequestFilter.doFilter(Ljakarta/servlet/ServletRequest;Ljakarta/servlet/ServletResponse;Ljakarta/servlet/FilterChain;)V+150
j  org.apache.catalina.core.ApplicationFilterChain.internalDoFilter(Ljakarta/servlet/ServletRequest;Ljakarta/servlet/ServletResponse;)V+135
j  org.apache.catalina.core.ApplicationFilterChain.doFilter(Ljakarta/servlet/ServletRequest;Ljakarta/servlet/ServletResponse;)V+99
j  org.springframework.web.filter.CharacterEncodingFilter.doFilterInternal(Ljakarta/servlet/http/HttpServletRequest;Ljakarta/servlet/http/HttpServletResponse;Ljakarta/servlet/FilterChain;)V+53
j  org.springframework.web.filter.OncePerRequestFilter.doFilter(Ljakarta/servlet/ServletRequest;Ljakarta/servlet/ServletResponse;Ljakarta/servlet/FilterChain;)V+150
j  org.apache.catalina.core.ApplicationFilterChain.internalDoFilter(Ljakarta/servlet/ServletRequest;Ljakarta/servlet/ServletResponse;)V+135
j  org.apache.catalina.core.ApplicationFilterChain.doFilter(Ljakarta/servlet/ServletRequest;Ljakarta/servlet/ServletResponse;)V+99
j  org.apache.catalina.core.StandardWrapperValve.invoke(Lorg/apache/catalina/connector/Request;Lorg/apache/catalina/connector/Response;)V+514
j  org.apache.catalina.core.StandardContextValve.invoke(Lorg/apache/catalina/connector/Request;Lorg/apache/catalina/connector/Response;)V+169
j  org.apache.catalina.authenticator.AuthenticatorBase.invoke(Lorg/apache/catalina/connector/Request;Lorg/apache/catalina/connector/Response;)V+218
j  org.apache.catalina.core.StandardHostValve.invoke(Lorg/apache/catalina/connector/Request;Lorg/apache/catalina/connector/Response;)V+131
j  org.apache.catalina.valves.ErrorReportValve.invoke(Lorg/apache/catalina/connector/Request;Lorg/apache/catalina/connector/Response;)V+6
j  org.apache.catalina.core.StandardEngineValve.invoke(Lorg/apache/catalina/connector/Request;Lorg/apache/catalina/connector/Response;)V+59
j  org.apache.catalina.connector.CoyoteAdapter.service(Lorg/apache/coyote/Request;Lorg/apache/coyote/Response;)V+187
j  org.apache.coyote.http11.Http11Processor.service(Lorg/apache/tomcat/util/net/SocketWrapperBase;)Lorg/apache/tomcat/util/net/AbstractEndpoint$Handler$SocketState;+785
j  org.apache.coyote.AbstractProcessorLight.process(Lorg/apache/tomcat/util/net/SocketWrapperBase;Lorg/apache/tomcat/util/net/SocketEvent;)Lorg/apache/tomcat/util/net/AbstractEndpoint$Handler$SocketState;+152
j  org.apache.coyote.AbstractProtocol$ConnectionHandler.process(Lorg/apache/tomcat/util/net/SocketWrapperBase;Lorg/apache/tomcat/util/net/SocketEvent;)Lorg/apache/tomcat/util/net/AbstractEndpoint$Handler$SocketState;+482
j  org.apache.tomcat.util.net.NioEndpoint$SocketProcessor.doRun()V+249
j  org.apache.tomcat.util.net.SocketProcessorBase.run()V+32
j  org.apache.tomcat.util.threads.ThreadPoolExecutor.runWorker(Lorg/apache/tomcat/util/threads/ThreadPoolExecutor$Worker;)V+92
j  org.apache.tomcat.util.threads.ThreadPoolExecutor$Worker.run()V+5
j  org.apache.tomcat.util.threads.TaskThread$WrappingRunnable.run()V+4
J 15895 c1 java.lang.Thread.run()V java.base@20 (23 bytes) @ 0x0000015115b2b8b4 [0x0000015115b2b820+0x0000000000000094]
v  ~StubRoutines::call_stub 0x00000151152010e7

siginfo: EXCEPTION_ACCESS_VIOLATION (0xc0000005), reading address 0x00000151ee1b7ef8


Registers:
RAX=0x0000015119ab0000, RBX=0x000001510d1beb50, RCX=0x000000000000002a, RDX=0x0000000000000001
RSP=0x0000003c1fafe190, RBP=0x0000003c1fafe330, RSI=0x0000003c1fafe510, RDI=0x00000006a383f7ea
R8 =0x00000151ee1b7ef8, R9 =0x0000015121d88038, R10=0x0000015115200000, R11=0x0000003c1fafe3b8
R12=0x0000000000000000, R13=0x00000000000003d8, R14=0x0000000000000003, R15=0x00000151253161b0
RIP=0x00007fff71eeccfe, EFLAGS=0x0000000000010202


Register to memory mapping:

RIP=0x00007fff71eeccfe jvm.dll
RAX=0x0000015119ab0000 points into unknown readable memory: 0x0000000000000001 | 01 00 00 00 00 00 00 00
RBX=0x000001510d1beb50 points into unknown readable memory: 0x00007fff72551200 | 00 12 55 72 ff 7f 00 00
RCX=0x000000000000002a is an unknown value
RDX=0x0000000000000001 is an unknown value
RSP=0x0000003c1fafe190 points into unknown readable memory: 0x00007fff727c165a | 5a 16 7c 72 ff 7f 00 00
RBP=0x0000003c1fafe330 points into unknown readable memory: 0x0000003c1fafe468 | 68 e4 af 1f 3c 00 00 00
RSI=0x0000003c1fafe510 points into unknown readable memory: 0x0000003c20ffbf38 | 38 bf ff 20 3c 00 00 00
RDI=0x00000006a383f7ea is an unknown value
R8 =0x00000151ee1b7ef8 is an unknown value
R9 =0x0000015121d88038 is pointing into metadata
R10=0x0000015115200000 points into unknown readable memory: 0x0000000000000006 | 06 00 00 00 00 00 00 00
R11=0x0000003c1fafe3b8 points into unknown readable memory: 0x00007fff71ee725d | 5d 72 ee 71 ff 7f 00 00
R12=0x0 is NULL
R13=0x00000000000003d8 is an unknown value
R14=0x0000000000000003 is an unknown value
R15=0x00000151253161b0 points into unknown readable memory: 0x0000000000000002 | 02 00 00 00 00 00 00 00


Top of Stack: (sp=0x0000003c1fafe190)
0x0000003c1fafe190:   00007fff727c165a 00007fff723052e2
0x0000003c1fafe1a0:   0000000000000000 0000003c1fafe238
0x0000003c1fafe1b0:   0000015126023d50 00007fff71f14e7a
0x0000003c1fafe1c0:   0000003c20ffbf50 00007fff723052e2
0x0000003c1fafe1d0:   0000000000000000 0000003c1fafe510
0x0000003c1fafe1e0:   0000000000000968 00007fff7227832d
0x0000003c1fafe1f0:   0000015126023d50 00007fff71f14da2
0x0000003c1fafe200:   0000003c1fafe2c8 0000003c20ffbf50
0x0000003c1fafe210:   0000000800480090 0000000000000000
0x0000003c1fafe220:   0000000000000005 00007fff71ee781d
0x0000003c1fafe230:   0000015126024300 0000000000000005
0x0000003c1fafe240:   0000015126024300 00000000000003d8
0x0000003c1fafe250:   0000000e248d7d01 0000015121d882a0
0x0000003c1fafe260:   000001512535af40 000000080053f268
0x0000003c1fafe270:   00000151248d7980 00000000000003d8
0x0000003c1fafe280:   00000151248d7990 00000151248d7d68
0x0000003c1fafe290:   0000015121d8828e 00007fff000000b8
0x0000003c1fafe2a0:   0000015121d882a0 00007fff71fb1d2d
0x0000003c1fafe2b0:   000001512606bcf8 000001512606bda0
0x0000003c1fafe2c0:   00007fff7254e1d0 000000080053f268
0x0000003c1fafe2d0:   0000001300000001 0000000000000067
0x0000003c1fafe2e0:   000000010000000c 0000000800480090
0x0000003c1fafe2f0:   0000000000000000 000001512606bcf8
0x0000003c1fafe300:   0000005e00000000 0000000000000000
0x0000003c1fafe310:   0000003c21cfe5a0 00000000000003d8
0x0000003c1fafe320:   0000000000000000 0000003c1fafe468
0x0000003c1fafe330:   0000003c1fafe468 00007fff71d7df18
0x0000003c1fafe340:   0000003c1fafe3f0 0000003c21cfe5b0
0x0000003c1fafe350:   0000003c1fafe430 000001511526c300
0x0000003c1fafe360:   000001512535a2e0 000001512606bcf0
0x0000003c1fafe370:   0000b39e99ef3cf8 00007fff71d7dd0e
0x0000003c1fafe380:   0000000000000000 0000015126024300 

Instructions: (pc=0x00007fff71eeccfe)
0x00007fff71eecbfe:   38 f0 4c 0f c1 04 c8 48 c7 42 08 00 00 00 00 44
0x00007fff71eecc0e:   89 12 49 ff 41 58 4c 01 5a 08 e9 49 ff ff ff 49
0x00007fff71eecc1e:   ff 41 50 4c 01 5a 08 e9 3c ff ff ff cc cc cc cc
0x00007fff71eecc2e:   cc cc 48 89 5c 24 08 57 48 83 ec 20 48 8b 01 48
0x00007fff71eecc3e:   8b fa 48 8b d9 ff 50 08 4c 8b c8 48 85 c0 74 66
0x00007fff71eecc4e:   4c 8b 40 10 4c 2b 00 48 c7 40 28 00 00 00 00 4c
0x00007fff71eecc5e:   89 43 18 48 8b 50 10 48 8b 48 08 48 8b c7 48 2b
0x00007fff71eecc6e:   ca 48 c1 e9 03 48 3b cf 48 0f 42 c1 48 3b c7 72
0x00007fff71eecc7e:   1e 48 8d 04 c2 49 89 41 10 90 ff 43 10 48 8b c2
0x00007fff71eecc8e:   4c 89 4b 08 48 8b 5c 24 30 48 83 c4 20 5f c3 33
0x00007fff71eecc9e:   d2 90 ff 43 10 8b c2 4c 89 4b 08 48 8b 5c 24 30
0x00007fff71eeccae:   48 83 c4 20 5f c3 48 8b 5c 24 30 48 83 c4 20 5f
0x00007fff71eeccbe:   c3 cc 48 89 5c 24 08 57 48 83 ec 20 48 8b 01 48
0x00007fff71eeccce:   8b fa 48 8b d9 ff 10 48 2b 7b 08 8b 4b 18 48 8b
0x00007fff71eeccde:   43 20 48 c1 ef 03 48 d3 ef 40 0f b6 cf 48 8b d7
0x00007fff71eeccee:   48 c1 ea 06 80 e1 3f 4c 8d 04 d0 ba 01 00 00 00
0x00007fff71eeccfe:   49 8b 00 48 d3 e2 48 8b c8 48 0b ca 48 3b c8 74
0x00007fff71eecd0e:   13 90 f0 49 0f b1 08 74 18 48 8b c8 48 0b ca 48
0x00007fff71eecd1e:   3b c8 75 ee 32 c0 48 8b 5c 24 30 48 83 c4 20 5f
0x00007fff71eecd2e:   c3 48 8b 5c 24 30 b0 01 48 83 c4 20 5f c3 cc cc
0x00007fff71eecd3e:   cc cc 48 89 5c 24 08 57 48 83 ec 20 4c 8b 41 30
0x00007fff71eecd4e:   48 8b da 48 8b f9 45 8b 88 80 00 00 00 41 8b 80
0x00007fff71eecd5e:   00 01 00 00 41 8b d1 2b d0 81 e2 ff ff 01 00 81
0x00007fff71eecd6e:   fa fe ff 01 00 73 26 49 8b 80 80 01 00 00 4a 89
0x00007fff71eecd7e:   1c c8 41 8d 41 01 25 ff ff 01 00 41 89 80 80 00
0x00007fff71eecd8e:   00 00 48 8b 5c 24 30 48 83 c4 20 5f c3 e8 90 9d
0x00007fff71eecd9e:   01 00 48 8b 57 30 44 8b 82 80 00 00 00 8b 82 00
0x00007fff71eecdae:   01 00 00 41 8b c8 2b c8 81 e1 ff ff 01 00 81 f9
0x00007fff71eecdbe:   fe ff 01 00 73 1a 48 8b 82 80 01 00 00 4a 89 1c
0x00007fff71eecdce:   c0 41 8d 40 01 25 ff ff 01 00 89 82 80 00 00 00
0x00007fff71eecdde:   48 8b 5c 24 30 48 83 c4 20 5f c3 cc cc cc cc cc
0x00007fff71eecdee:   cc cc 48 89 5c 24 08 57 48 83 ec 20 48 8b 79 08 


Stack slot to memory mapping:
stack at sp + 0 slots: 0x00007fff727c165a jvm.dll
stack at sp + 1 slots: 0x00007fff723052e2 jvm.dll
stack at sp + 2 slots: 0x0 is NULL
stack at sp + 3 slots: 0x0000003c1fafe238 points into unknown readable memory: 0x0000000000000005 | 05 00 00 00 00 00 00 00
stack at sp + 4 slots: 0x0000015126023d50 points into unknown readable memory: 0x0000003c1e9ff340 | 40 f3 9f 1e 3c 00 00 00
stack at sp + 5 slots: 0x00007fff71f14e7a jvm.dll
stack at sp + 6 slots: 0x0000003c20ffbf50 is pointing into the stack for thread: 0x00000151283c3a70
stack at sp + 7 slots: 0x00007fff723052e2 jvm.dll


---------------  P R O C E S S  ---------------

Threads class SMR info:
_java_thread_list=0x000001512c8c3220, length=24, elements={
0x0000015120442ee0, 0x00000151204461e0, 0x0000015120447260, 0x0000015120448060,
0x000001512044b9c0, 0x000001512044f720, 0x0000015120450da0, 0x0000015120412fc0,
0x00000151249696f0, 0x0000015124969c50, 0x000001512496c130, 0x0000015125179300,
0x00000151249d2880, 0x0000015125344bd0, 0x0000015125345b00, 0x000001512597fb90,
0x000001512598e1d0, 0x000001512598d1e0, 0x000001512598b200, 0x0000015127030570,
0x000001512702f580, 0x00000151283bf560, 0x00000151283c3a70, 0x00000151283c2fd0
}

Java Threads: ( => current thread )
  0x0000015120442ee0 JavaThread "Reference Handler" daemon [_thread_blocked, id=12312, stack(0x0000003c1ea00000,0x0000003c1eb00000)]
  0x00000151204461e0 JavaThread "Finalizer" daemon [_thread_blocked, id=12296, stack(0x0000003c1eb00000,0x0000003c1ec00000)]
  0x0000015120447260 JavaThread "Signal Dispatcher" daemon [_thread_blocked, id=2732, stack(0x0000003c1ec00000,0x0000003c1ed00000)]
  0x0000015120448060 JavaThread "Attach Listener" daemon [_thread_blocked, id=1460, stack(0x0000003c1ed00000,0x0000003c1ee00000)]
  0x000001512044b9c0 JavaThread "Service Thread" daemon [_thread_blocked, id=6096, stack(0x0000003c1ee00000,0x0000003c1ef00000)]
  0x000001512044f720 JavaThread "Monitor Deflation Thread" daemon [_thread_blocked, id=14104, stack(0x0000003c1ef00000,0x0000003c1f000000)]
  0x0000015120450da0 JavaThread "C1 CompilerThread0" daemon [_thread_blocked, id=6956, stack(0x0000003c1f000000,0x0000003c1f100000)]
  0x0000015120412fc0 JavaThread "Common-Cleaner" daemon [_thread_blocked, id=17340, stack(0x0000003c1f100000,0x0000003c1f200000)]
  0x00000151249696f0 JavaThread "JDWP Transport Listener: dt_socket" daemon [_thread_blocked, id=9692, stack(0x0000003c1f500000,0x0000003c1f600000)]
  0x0000015124969c50 JavaThread "JDWP Event Helper Thread" daemon [_thread_blocked, id=15656, stack(0x0000003c1f600000,0x0000003c1f700000)]
  0x000001512496c130 JavaThread "JDWP Command Reader" daemon [_thread_in_native, id=3316, stack(0x0000003c1f700000,0x0000003c1f800000)]
  0x0000015125179300 JavaThread "Notification Thread" daemon [_thread_blocked, id=17312, stack(0x0000003c1f800000,0x0000003c1f900000)]
  0x00000151249d2880 JavaThread "RMI TCP Accept-0" daemon [_thread_in_native, id=12008, stack(0x0000003c20000000,0x0000003c20100000)]
  0x0000015125344bd0 JavaThread "RMI TCP Accept-56534" daemon [_thread_in_native, id=3380, stack(0x0000003c20100000,0x0000003c20200000)]
  0x0000015125345b00 JavaThread "RMI TCP Accept-0" daemon [_thread_in_native, id=17044, stack(0x0000003c20200000,0x0000003c20300000)]
  0x000001512597fb90 JavaThread "RMI Scheduler(0)" daemon [_thread_blocked, id=1104, stack(0x0000003c20700000,0x0000003c20800000)]
  0x000001512598e1d0 JavaThread "RMI TCP Connection(118)-127.0.0.1" daemon [_thread_in_native, id=2752, stack(0x0000003c20800000,0x0000003c20900000)]
  0x000001512598d1e0 JavaThread "JMX server connection timeout 41" daemon [_thread_blocked, id=11740, stack(0x0000003c20900000,0x0000003c20a00000)]
  0x000001512598b200 JavaThread "mysql-cj-abandoned-connection-cleanup" daemon [_thread_blocked, id=13480, stack(0x0000003c20e00000,0x0000003c20f00000)]
  0x0000015127030570 JavaThread "Live Reload Server" daemon [_thread_in_native, id=17368, stack(0x0000003c21400000,0x0000003c21500000)]
  0x000001512702f580 JavaThread "DestroyJavaVM" [_thread_blocked, id=8864, stack(0x0000003c1e300000,0x0000003c1e400000)]
  0x00000151283bf560 JavaThread "File Watcher" daemon [_thread_blocked, id=3888, stack(0x0000003c1e200000,0x0000003c1e300000)]
  0x00000151283c3a70 JavaThread "http-nio-8080-exec-1" daemon [_thread_blocked, id=14732, stack(0x0000003c20f00000,0x0000003c21000000)]
  0x00000151283c2fd0 JavaThread "Thread-66" [_thread_blocked, id=7564, stack(0x0000003c1e000000,0x0000003c1e100000)]

Other Threads:
  0x0000015120427870 VMThread "VM Thread" [stack: 0x0000003c1e900000,0x0000003c1ea00000] [id=6024]
  0x00000151253be550 WatcherThread "VM Periodic Task Thread" [stack: 0x0000003c20300000,0x0000003c20400000] [id=12208]
  0x000001510d1be610 WorkerThread "GC Thread#0" [stack: 0x0000003c1e400000,0x0000003c1e500000] [id=13308]
  0x000001512535ac70 WorkerThread "GC Thread#1" [stack: 0x0000003c1f900000,0x0000003c1fa00000] [id=17412]
=>0x000001512535af40 WorkerThread "GC Thread#2" [stack: 0x0000003c1fa00000,0x0000003c1fb00000] [id=18120]
  0x0000015125382030 WorkerThread "GC Thread#3" [stack: 0x0000003c1fb00000,0x0000003c1fc00000] [id=18108]
  0x0000015125382920 WorkerThread "GC Thread#4" [stack: 0x0000003c1fc00000,0x0000003c1fd00000] [id=8436]
  0x0000015125382bf0 WorkerThread "GC Thread#5" [stack: 0x0000003c1fd00000,0x0000003c1fe00000] [id=5216]
  0x00000151253984d0 WorkerThread "GC Thread#6" [stack: 0x0000003c1fe00000,0x0000003c1ff00000] [id=18228]
  0x0000015125396e50 WorkerThread "GC Thread#7" [stack: 0x0000003c1ff00000,0x0000003c20000000] [id=6964]
  0x000001510d1d18a0 ConcurrentGCThread "G1 Main Marker" [stack: 0x0000003c1e500000,0x0000003c1e600000] [id=17332]
  0x000001510d1d21e0 WorkerThread "G1 Conc#0" [stack: 0x0000003c1e600000,0x0000003c1e700000] [id=1136]
  0x00000151253976c0 WorkerThread "G1 Conc#1" [stack: 0x0000003c20b00000,0x0000003c20c00000] [id=9240]
  0x00000151202e8560 ConcurrentGCThread "G1 Refine#0" [stack: 0x0000003c1e700000,0x0000003c1e800000] [id=2576]
  0x00000151202e8e10 ConcurrentGCThread "G1 Service" [stack: 0x0000003c1e800000,0x0000003c1e900000] [id=9524]

Threads with active compile tasks:

VM state: at safepoint (normal execution)

VM Mutex/Monitor currently owned by a thread:  ([mutex/lock_event])
[0x000001510d14c700] Threads_lock - owner thread: 0x0000015120427870
[0x000001510d14c8b0] Heap_lock - owner thread: 0x00000151283c2fd0

OutOfMemory and StackOverflow Exception counts:
StackOverflowErrors=1
LinkageErrors=487

Heap address: 0x0000000704e00000, size: 4018 MB, Compressed Oops mode: Zero based, Oop shift amount: 3

CDS archive(s) mapped at: [0x0000000800000000-0x0000000800c60000-0x0000000800c60000), size 12976128, SharedBaseAddress: 0x0000000800000000, ArchiveRelocationMode: 0.
Compressed class space mapped at: 0x0000000801000000-0x0000000841000000, reserved size: 1073741824
Narrow klass base: 0x0000000800000000, Narrow klass shift: 0, Narrow klass range: 0x100000000

GC Precious Log:
 CardTable entry size: 512
 Card Set container configuration: InlinePtr #cards 4 size 8 Array Of Cards #cards 16 size 48 Howl #buckets 8 coarsen threshold 3686 Howl Bitmap #cards 512 size 80 coarsen threshold 460 Card regions per heap region 1 cards per card region 4096
 CPUs: 8 total, 8 available
 Memory: 16064M
 Large Page Support: Disabled
 NUMA Support: Disabled
 Compressed Oops: Enabled (Zero based)
 Heap Region Size: 2M
 Heap Min Capacity: 8M
 Heap Initial Capacity: 252M
 Heap Max Capacity: 4018M
 Pre-touch: Disabled
 Parallel Workers: 8
 Concurrent Workers: 2
 Concurrent Refinement Workers: 8
 Periodic GC: Disabled

Heap:
 garbage-first heap   total 143360K, used 110008K [0x0000000704e00000, 0x0000000800000000)
  region size 2048K, 27 young (55296K), 5 survivors (10240K)
 Metaspace       used 91712K, committed 92736K, reserved 1179648K
  class space    used 12273K, committed 12736K, reserved 1048576K

Heap Regions: E=young(eden), S=young(survivor), O=old, HS=humongous(starts), HC=humongous(continues), CS=collection set, F=free, OA=open archive, CA=closed archive, TAMS=top-at-mark-start, PB=parsable bottom
|   0|0x0000000704e00000, 0x0000000705000000, 0x0000000705000000|100%| O|  |TAMS 0x0000000704e00000| PB 0x0000000704e00000| Untracked 
|   1|0x0000000705000000, 0x0000000705200000, 0x0000000705200000|100%| O|  |TAMS 0x0000000705000000| PB 0x0000000705000000| Untracked 
|   2|0x0000000705200000, 0x00000007053fffb8, 0x0000000705400000| 99%| O|  |TAMS 0x0000000705200000| PB 0x0000000705200000| Untracked 
|   3|0x0000000705400000, 0x0000000705600000, 0x0000000705600000|100%| O|  |TAMS 0x0000000705400000| PB 0x0000000705400000| Untracked 
|   4|0x0000000705600000, 0x00000007057ffff8, 0x0000000705800000| 99%| O|  |TAMS 0x0000000705600000| PB 0x0000000705600000| Untracked 
|   5|0x0000000705800000, 0x00000007059fffb0, 0x0000000705a00000| 99%| O|  |TAMS 0x0000000705800000| PB 0x0000000705800000| Untracked 
|   6|0x0000000705a00000, 0x0000000705bfff70, 0x0000000705c00000| 99%| O|  |TAMS 0x0000000705a00000| PB 0x0000000705a00000| Untracked 
|   7|0x0000000705c00000, 0x0000000705dffff8, 0x0000000705e00000| 99%| O|  |TAMS 0x0000000705c00000| PB 0x0000000705c00000| Untracked 
|   8|0x0000000705e00000, 0x0000000705fffff0, 0x0000000706000000| 99%| O|  |TAMS 0x0000000705e00000| PB 0x0000000705e00000| Untracked 
|   9|0x0000000706000000, 0x00000007061fffb8, 0x0000000706200000| 99%| O|  |TAMS 0x0000000706000000| PB 0x0000000706000000| Untracked 
|  10|0x0000000706200000, 0x00000007063ffff8, 0x0000000706400000| 99%| O|  |TAMS 0x0000000706200000| PB 0x0000000706200000| Untracked 
|  11|0x0000000706400000, 0x00000007065fffe8, 0x0000000706600000| 99%| O|  |TAMS 0x0000000706400000| PB 0x0000000706400000| Untracked 
|  12|0x0000000706600000, 0x00000007067fffe8, 0x0000000706800000| 99%| O|  |TAMS 0x0000000706600000| PB 0x0000000706600000| Untracked 
|  13|0x0000000706800000, 0x00000007069fffd0, 0x0000000706a00000| 99%| O|  |TAMS 0x0000000706800000| PB 0x0000000706800000| Untracked 
|  14|0x0000000706a00000, 0x0000000706bffff0, 0x0000000706c00000| 99%| O|  |TAMS 0x0000000706a00000| PB 0x0000000706a00000| Untracked 
|  15|0x0000000706c00000, 0x0000000706d23998, 0x0000000706e00000| 56%| O|  |TAMS 0x0000000706c00000| PB 0x0000000706c00000| Untracked 
|  16|0x0000000706e00000, 0x0000000706e00000, 0x0000000707000000|  0%| F|  |TAMS 0x0000000706e00000| PB 0x0000000706e00000| Untracked 
|  17|0x0000000707000000, 0x00000007071306b8, 0x0000000707200000| 59%| O|  |TAMS 0x0000000707000000| PB 0x0000000707000000| Untracked 
|  18|0x0000000707200000, 0x0000000707400000, 0x0000000707400000|100%| O|  |TAMS 0x0000000707200000| PB 0x0000000707200000| Untracked 
|  19|0x0000000707400000, 0x00000007074b9e78, 0x0000000707600000| 36%| O|  |TAMS 0x0000000707400000| PB 0x0000000707400000| Untracked 
|  20|0x0000000707600000, 0x00000007076e0ae8, 0x0000000707800000| 43%| O|  |TAMS 0x0000000707600000| PB 0x0000000707600000| Untracked 
|  21|0x0000000707800000, 0x0000000707a00000, 0x0000000707a00000|100%| O|  |TAMS 0x0000000707800000| PB 0x0000000707800000| Untracked 
|  22|0x0000000707a00000, 0x0000000707c00000, 0x0000000707c00000|100%| O|  |TAMS 0x0000000707a00000| PB 0x0000000707a00000| Untracked 
|  23|0x0000000707c00000, 0x0000000707c00000, 0x0000000707e00000|  0%| F|  |TAMS 0x0000000707c00000| PB 0x0000000707c00000| Untracked 
|  24|0x0000000707e00000, 0x0000000707e00000, 0x0000000708000000|  0%| F|  |TAMS 0x0000000707e00000| PB 0x0000000707e00000| Untracked 
|  25|0x0000000708000000, 0x0000000708000000, 0x0000000708200000|  0%| F|  |TAMS 0x0000000708000000| PB 0x0000000708000000| Untracked 
|  26|0x0000000708200000, 0x0000000708400000, 0x0000000708400000|100%| O|  |TAMS 0x0000000708200000| PB 0x0000000708200000| Untracked 
|  27|0x0000000708400000, 0x0000000708600000, 0x0000000708600000|100%| O|  |TAMS 0x0000000708400000| PB 0x0000000708400000| Untracked 
|  28|0x0000000708600000, 0x0000000708800000, 0x0000000708800000|100%| O|  |TAMS 0x0000000708600000| PB 0x0000000708600000| Untracked 
|  29|0x0000000708800000, 0x0000000708800000, 0x0000000708a00000|  0%| F|  |TAMS 0x0000000708800000| PB 0x0000000708800000| Untracked 
|  30|0x0000000708a00000, 0x0000000708a00000, 0x0000000708c00000|  0%| F|  |TAMS 0x0000000708a00000| PB 0x0000000708a00000| Untracked 
|  31|0x0000000708c00000, 0x0000000708e00000, 0x0000000708e00000|100%| O|  |TAMS 0x0000000708c00000| PB 0x0000000708c00000| Untracked 
|  32|0x0000000708e00000, 0x0000000709000000, 0x0000000709000000|100%| S|  |TAMS 0x0000000708e00000| PB 0x0000000708e00000| Complete 
|  33|0x0000000709000000, 0x0000000709200000, 0x0000000709200000|100%| S|  |TAMS 0x0000000709000000| PB 0x0000000709000000| Complete 
|  34|0x0000000709200000, 0x0000000709400000, 0x0000000709400000|100%| S|  |TAMS 0x0000000709200000| PB 0x0000000709200000| Complete 
|  35|0x0000000709400000, 0x0000000709600000, 0x0000000709600000|100%| S|  |TAMS 0x0000000709400000| PB 0x0000000709400000| Complete 
|  36|0x0000000709600000, 0x0000000709800000, 0x0000000709800000|100%| S|  |TAMS 0x0000000709600000| PB 0x0000000709600000| Complete 
|  37|0x0000000709800000, 0x0000000709800000, 0x0000000709a00000|  0%| F|  |TAMS 0x0000000709800000| PB 0x0000000709800000| Untracked 
|  38|0x0000000709a00000, 0x0000000709a00000, 0x0000000709c00000|  0%| F|  |TAMS 0x0000000709a00000| PB 0x0000000709a00000| Untracked 
|  39|0x0000000709c00000, 0x0000000709c00000, 0x0000000709e00000|  0%| F|  |TAMS 0x0000000709c00000| PB 0x0000000709c00000| Untracked 
|  40|0x0000000709e00000, 0x0000000709e00000, 0x000000070a000000|  0%| F|  |TAMS 0x0000000709e00000| PB 0x0000000709e00000| Untracked 
|  41|0x000000070a000000, 0x000000070a000000, 0x000000070a200000|  0%| F|  |TAMS 0x000000070a000000| PB 0x000000070a000000| Untracked 
|  42|0x000000070a200000, 0x000000070a200000, 0x000000070a400000|  0%| F|  |TAMS 0x000000070a200000| PB 0x000000070a200000| Untracked 
|  43|0x000000070a400000, 0x000000070a400000, 0x000000070a600000|  0%| F|  |TAMS 0x000000070a400000| PB 0x000000070a400000| Untracked 
|  44|0x000000070a600000, 0x000000070a600000, 0x000000070a800000|  0%| F|  |TAMS 0x000000070a600000| PB 0x000000070a600000| Untracked 
|  45|0x000000070a800000, 0x000000070a9cfd70, 0x000000070aa00000| 90%| E|  |TAMS 0x000000070a800000| PB 0x000000070a800000| Complete 
|  46|0x000000070aa00000, 0x000000070ac00000, 0x000000070ac00000|100%| E|  |TAMS 0x000000070aa00000| PB 0x000000070aa00000| Complete 
|  47|0x000000070ac00000, 0x000000070ae00000, 0x000000070ae00000|100%| E|  |TAMS 0x000000070ac00000| PB 0x000000070ac00000| Complete 
|  48|0x000000070ae00000, 0x000000070b000000, 0x000000070b000000|100%| E|  |TAMS 0x000000070ae00000| PB 0x000000070ae00000| Complete 
|  49|0x000000070b000000, 0x000000070b200000, 0x000000070b200000|100%| E|  |TAMS 0x000000070b000000| PB 0x000000070b000000| Complete 
|  50|0x000000070b200000, 0x000000070b400000, 0x000000070b400000|100%| E|  |TAMS 0x000000070b200000| PB 0x000000070b200000| Complete 
|  51|0x000000070b400000, 0x000000070b600000, 0x000000070b600000|100%| E|  |TAMS 0x000000070b400000| PB 0x000000070b400000| Complete 
|  52|0x000000070b600000, 0x000000070b800000, 0x000000070b800000|100%| E|  |TAMS 0x000000070b600000| PB 0x000000070b600000| Complete 
|  53|0x000000070b800000, 0x000000070ba00000, 0x000000070ba00000|100%| E|  |TAMS 0x000000070b800000| PB 0x000000070b800000| Complete 
|  54|0x000000070ba00000, 0x000000070bc00000, 0x000000070bc00000|100%| E|  |TAMS 0x000000070ba00000| PB 0x000000070ba00000| Complete 
|  55|0x000000070bc00000, 0x000000070be00000, 0x000000070be00000|100%| E|  |TAMS 0x000000070bc00000| PB 0x000000070bc00000| Complete 
|  56|0x000000070be00000, 0x000000070c000000, 0x000000070c000000|100%| E|  |TAMS 0x000000070be00000| PB 0x000000070be00000| Complete 
|  57|0x000000070c000000, 0x000000070c200000, 0x000000070c200000|100%| E|  |TAMS 0x000000070c000000| PB 0x000000070c000000| Complete 
|  58|0x000000070c200000, 0x000000070c400000, 0x000000070c400000|100%| E|  |TAMS 0x000000070c200000| PB 0x000000070c200000| Complete 
|  59|0x000000070c400000, 0x000000070c600000, 0x000000070c600000|100%| E|  |TAMS 0x000000070c400000| PB 0x000000070c400000| Complete 
|  60|0x000000070c600000, 0x000000070c800000, 0x000000070c800000|100%| E|  |TAMS 0x000000070c600000| PB 0x000000070c600000| Complete 
|  61|0x000000070c800000, 0x000000070ca00000, 0x000000070ca00000|100%| E|  |TAMS 0x000000070c800000| PB 0x000000070c800000| Complete 
|  62|0x000000070ca00000, 0x000000070cc00000, 0x000000070cc00000|100%| E|  |TAMS 0x000000070ca00000| PB 0x000000070ca00000| Complete 
|  63|0x000000070cc00000, 0x000000070ce00000, 0x000000070ce00000|100%| E|  |TAMS 0x000000070cc00000| PB 0x000000070cc00000| Complete 
|  64|0x000000070ce00000, 0x000000070d000000, 0x000000070d000000|100%| E|  |TAMS 0x000000070ce00000| PB 0x000000070ce00000| Complete 
|  65|0x000000070d000000, 0x000000070d200000, 0x000000070d200000|100%| E|  |TAMS 0x000000070d000000| PB 0x000000070d000000| Complete 
|  66|0x000000070d200000, 0x000000070d400000, 0x000000070d400000|100%| E|  |TAMS 0x000000070d200000| PB 0x000000070d200000| Complete 
|2006|0x00000007ffa00000, 0x00000007ffbafc00, 0x00000007ffc00000| 84%| O|  |TAMS 0x00000007ffa00000| PB 0x00000007ffa00000| Untracked 
|2007|0x00000007ffc00000, 0x00000007ffe00000, 0x00000007ffe00000|100%| O|  |TAMS 0x00000007ffc00000| PB 0x00000007ffc00000| Untracked 
|2008|0x00000007ffe00000, 0x0000000800000000, 0x0000000800000000|100%| O|  |TAMS 0x00000007ffe00000| PB 0x00000007ffe00000| Untracked 

Card table byte_map: [0x0000015118af0000,0x00000151192d0000] _byte_map_base: 0x00000151152c9000

Marking Bits: (CMBitMap*) 0x000001510d1beb50
 Bits: [0x0000015119ab0000, 0x000001511d978000)

Polling page: 0x000001510b130000

Metaspace:

Usage:
  Non-class:     77.58 MB used.
      Class:     11.99 MB used.
       Both:     89.56 MB used.

Virtual space:
  Non-class space:      128.00 MB reserved,      78.12 MB ( 61%) committed,  2 nodes.
      Class space:        1.00 GB reserved,      12.44 MB (  1%) committed,  1 nodes.
             Both:        1.12 GB reserved,      90.56 MB (  8%) committed. 

Chunk freelists:
   Non-Class:  1.66 MB
       Class:  3.58 MB
        Both:  5.24 MB

MaxMetaspaceSize: unlimited
CompressedClassSpaceSize: 1.00 GB
Initial GC threshold: 21.00 MB
Current GC threshold: 150.62 MB
CDS: on
MetaspaceReclaimPolicy: balanced
 - commit_granule_bytes: 65536.
 - commit_granule_words: 8192.
 - virtual_space_node_default_size: 8388608.
 - enlarge_chunks_in_place: 1.
 - new_chunks_are_fully_committed: 0.
 - uncommit_free_chunks: 1.
 - use_allocation_guard: 0.


Internal statistics:

num_allocs_failed_limit: 6.
num_arena_births: 8826.
num_arena_deaths: 7458.
num_vsnodes_births: 3.
num_vsnodes_deaths: 0.
num_space_committed: 1465.
num_space_uncommitted: 12.
num_chunks_returned_to_freelist: 10153.
num_chunks_taken_from_freelist: 16042.
num_chunk_merges: 2683.
num_chunk_splits: 7397.
num_chunks_enlarged: 4134.
num_inconsistent_stats: 0.

CodeCache: size=49152Kb used=24822Kb max_used=32294Kb free=24330Kb
 bounds [0x0000015115200000, 0x0000015117220000, 0x0000015118200000]
 total_blobs=11534 nmethods=10542 adapters=914
 compilation: enabled
              stopped_count=0, restarted_count=0
 full_count=0

Compilation events (20 events):
Event: 6893.702 Thread 0x00000151281b01b0 nmethod 33844 0x0000015115e6ba90 code [0x0000015115e6bc60, 0x0000015115e6bec8]
Event: 6893.702 Thread 0x00000151281b01b0 33837       1       org.apache.tomcat.util.net.SocketWrapperBase::decrementKeepAlive (12 bytes)
Event: 6893.702 Thread 0x00000151281afc20 nmethod 33865 0x0000015115e30290 code [0x0000015115e30480, 0x0000015115e307c0]
Event: 6893.702 Thread 0x00000151281b01b0 nmethod 33837 0x0000015115c7f410 code [0x0000015115c7f580, 0x0000015115c7f658]
Event: 6893.703 Thread 0x0000015120450da0 nmethod 33839 0x0000015115c63d90 code [0x0000015115c63f20, 0x0000015115c64070]
Event: 6893.703 Thread 0x00000151281b0cd0 nmethod 33861 0x000001511652cc10 code [0x000001511652cee0, 0x000001511652dbc8]
Event: 6901.062 Thread 0x00000151281afc20 33866       1       java.io.DataInputStream::readUTF (501 bytes)
Event: 6901.065 Thread 0x00000151281afc20 nmethod 33866 0x000001511600c410 code [0x000001511600c740, 0x000001511600d7b8]
Event: 6901.069 Thread 0x00000151281b0cd0 33867       1       java.io.ObjectStreamField::getField (5 bytes)
Event: 6901.069 Thread 0x00000151281b0cd0 nmethod 33867 0x0000015115d52e10 code [0x0000015115d52f80, 0x0000015115d53050]
Event: 6909.281 Thread 0x0000015120450da0 33868   !   1       org.apache.tomcat.util.res.StringManager::getString (42 bytes)
Event: 6909.281 Thread 0x0000015120450da0 nmethod 33868 0x0000015116754810 code [0x00000151167549c0, 0x0000015116754bf0]
Event: 6909.281 Thread 0x0000015120450da0 33869       1       java.text.MessageFormat::format (9 bytes)
Event: 6909.281 Thread 0x0000015120450da0 nmethod 33869 0x0000015115c8a010 code [0x0000015115c8a1a0, 0x0000015115c8a2b0]
Event: 6916.585 Thread 0x0000015120450da0 33870       1       ch.qos.logback.classic.util.LoggerNameUtil::getSeparatorIndexOf (53 bytes)
Event: 6916.586 Thread 0x0000015120450da0 nmethod 33870 0x0000015116887010 code [0x00000151168871c0, 0x0000015116887420]
Event: 6916.587 Thread 0x0000015120450da0 33871   !   1       org.hibernate.validator.internal.util.ConcurrentReferenceHashMap$Segment::clear (75 bytes)
Event: 6916.588 Thread 0x0000015120450da0 nmethod 33871 0x00000151167a0590 code [0x00000151167a07a0, 0x00000151167a0f08]
Event: 6916.588 Thread 0x0000015120450da0 33872       1       org.springframework.web.filter.GenericFilterBean::destroy (1 bytes)
Event: 6916.588 Thread 0x0000015120450da0 nmethod 33872 0x0000015115d56890 code [0x0000015115d56a00, 0x0000015115d56ac8]

GC Heap History (20 events):
Event: 6632.806 GC heap after
{Heap after GC invocations=130 (full 13):
 garbage-first heap   total 131072K, used 43570K [0x0000000704e00000, 0x0000000800000000)
  region size 2048K, 2 young (4096K), 2 survivors (4096K)
 Metaspace       used 90347K, committed 91392K, reserved 1179648K
  class space    used 12154K, committed 12608K, reserved 1048576K
}
Event: 6804.277 GC heap before
{Heap before GC invocations=131 (full 13):
 garbage-first heap   total 131072K, used 80434K [0x0000000704e00000, 0x0000000800000000)
  region size 2048K, 21 young (43008K), 2 survivors (4096K)
 Metaspace       used 90635K, committed 91712K, reserved 1179648K
  class space    used 12204K, committed 12672K, reserved 1048576K
}
Event: 6804.323 GC heap after
{Heap after GC invocations=132 (full 14):
 garbage-first heap   total 131072K, used 37675K [0x0000000704e00000, 0x0000000800000000)
  region size 2048K, 0 young (0K), 0 survivors (0K)
 Metaspace       used 90567K, committed 91712K, reserved 1179648K
  class space    used 12187K, committed 12672K, reserved 1048576K
}
Event: 6804.950 GC heap before
{Heap before GC invocations=132 (full 14):
 garbage-first heap   total 131072K, used 107307K [0x0000000704e00000, 0x0000000800000000)
  region size 2048K, 35 young (71680K), 0 survivors (0K)
 Metaspace       used 90917K, committed 92032K, reserved 1179648K
  class space    used 12233K, committed 12736K, reserved 1048576K
}
Event: 6804.953 GC heap after
{Heap after GC invocations=133 (full 14):
 garbage-first heap   total 131072K, used 42846K [0x0000000704e00000, 0x0000000800000000)
  region size 2048K, 3 young (6144K), 3 survivors (6144K)
 Metaspace       used 90917K, committed 92032K, reserved 1179648K
  class space    used 12233K, committed 12736K, reserved 1048576K
}
Event: 6806.142 GC heap before
{Heap before GC invocations=134 (full 14):
 garbage-first heap   total 131072K, used 110430K [0x0000000704e00000, 0x0000000800000000)
  region size 2048K, 36 young (73728K), 3 survivors (6144K)
 Metaspace       used 91044K, committed 92160K, reserved 1179648K
  class space    used 12208K, committed 12736K, reserved 1048576K
}
Event: 6806.147 GC heap after
{Heap after GC invocations=135 (full 14):
 garbage-first heap   total 131072K, used 48507K [0x0000000704e00000, 0x0000000800000000)
  region size 2048K, 5 young (10240K), 5 survivors (10240K)
 Metaspace       used 91044K, committed 92160K, reserved 1179648K
  class space    used 12208K, committed 12736K, reserved 1048576K
}
Event: 6806.216 GC heap before
{Heap before GC invocations=135 (full 14):
 garbage-first heap   total 131072K, used 105851K [0x0000000704e00000, 0x0000000800000000)
  region size 2048K, 34 young (69632K), 5 survivors (10240K)
 Metaspace       used 91044K, committed 92160K, reserved 1179648K
  class space    used 12208K, committed 12736K, reserved 1048576K
}
Event: 6806.222 GC heap after
{Heap after GC invocations=136 (full 14):
 garbage-first heap   total 131072K, used 52913K [0x0000000704e00000, 0x0000000800000000)
  region size 2048K, 4 young (8192K), 4 survivors (8192K)
 Metaspace       used 91044K, committed 92160K, reserved 1179648K
  class space    used 12208K, committed 12736K, reserved 1048576K
}
Event: 6854.513 GC heap before
{Heap before GC invocations=136 (full 14):
 garbage-first heap   total 131072K, used 108209K [0x0000000704e00000, 0x0000000800000000)
  region size 2048K, 32 young (65536K), 4 survivors (8192K)
 Metaspace       used 91063K, committed 92160K, reserved 1179648K
  class space    used 12213K, committed 12736K, reserved 1048576K
}
Event: 6854.515 GC heap after
{Heap after GC invocations=137 (full 14):
 garbage-first heap   total 262144K, used 48533K [0x0000000704e00000, 0x0000000800000000)
  region size 2048K, 1 young (2048K), 1 survivors (2048K)
 Metaspace       used 91063K, committed 92160K, reserved 1179648K
  class space    used 12213K, committed 12736K, reserved 1048576K
}
Event: 6869.533 GC heap before
{Heap before GC invocations=138 (full 14):
 garbage-first heap   total 178176K, used 50581K [0x0000000704e00000, 0x0000000800000000)
  region size 2048K, 3 young (6144K), 1 survivors (2048K)
 Metaspace       used 91052K, committed 92160K, reserved 1179648K
  class space    used 12211K, committed 12736K, reserved 1048576K
}
Event: 6869.572 GC heap after
{Heap after GC invocations=139 (full 15):
 garbage-first heap   total 137216K, used 35452K [0x0000000704e00000, 0x0000000800000000)
  region size 2048K, 0 young (0K), 0 survivors (0K)
 Metaspace       used 91052K, committed 92160K, reserved 1179648K
  class space    used 12211K, committed 12736K, reserved 1048576K
}
Event: 6870.147 GC heap before
{Heap before GC invocations=139 (full 15):
 garbage-first heap   total 137216K, used 113276K [0x0000000704e00000, 0x0000000800000000)
  region size 2048K, 38 young (77824K), 0 survivors (0K)
 Metaspace       used 91428K, committed 92480K, reserved 1179648K
  class space    used 12251K, committed 12736K, reserved 1048576K
}
Event: 6870.150 GC heap after
{Heap after GC invocations=140 (full 15):
 garbage-first heap   total 137216K, used 40742K [0x0000000704e00000, 0x0000000800000000)
  region size 2048K, 3 young (6144K), 3 survivors (6144K)
 Metaspace       used 91428K, committed 92480K, reserved 1179648K
  class space    used 12251K, committed 12736K, reserved 1048576K
}
Event: 6870.401 GC heap before
{Heap before GC invocations=141 (full 15):
 garbage-first heap   total 137216K, used 112422K [0x0000000704e00000, 0x0000000800000000)
  region size 2048K, 39 young (79872K), 3 survivors (6144K)
 Metaspace       used 91678K, committed 92736K, reserved 1179648K
  class space    used 12266K, committed 12736K, reserved 1048576K
}
Event: 6870.407 GC heap after
{Heap after GC invocations=142 (full 15):
 garbage-first heap   total 137216K, used 50157K [0x0000000704e00000, 0x0000000800000000)
  region size 2048K, 5 young (10240K), 5 survivors (10240K)
 Metaspace       used 91678K, committed 92736K, reserved 1179648K
  class space    used 12266K, committed 12736K, reserved 1048576K
}
Event: 6870.482 GC heap before
{Heap before GC invocations=142 (full 15):
 garbage-first heap   total 137216K, used 109549K [0x0000000704e00000, 0x0000000800000000)
  region size 2048K, 35 young (71680K), 5 survivors (10240K)
 Metaspace       used 91690K, committed 92736K, reserved 1179648K
  class space    used 12269K, committed 12736K, reserved 1048576K
}
Event: 6870.491 GC heap after
{Heap after GC invocations=143 (full 15):
 garbage-first heap   total 143360K, used 65144K [0x0000000704e00000, 0x0000000800000000)
  region size 2048K, 5 young (10240K), 5 survivors (10240K)
 Metaspace       used 91690K, committed 92736K, reserved 1179648K
  class space    used 12269K, committed 12736K, reserved 1048576K
}
Event: 6916.590 GC heap before
{Heap before GC invocations=143 (full 15):
 garbage-first heap   total 143360K, used 108152K [0x0000000704e00000, 0x0000000800000000)
  region size 2048K, 27 young (55296K), 5 survivors (10240K)
 Metaspace       used 91712K, committed 92736K, reserved 1179648K
  class space    used 12273K, committed 12736K, reserved 1048576K
}

Dll operation events (13 events):
Event: 0.016 Loaded shared library C:\Program Files\Java\jdk-20\bin\java.dll
Event: 0.025 Loaded shared library C:\Program Files\Java\jdk-20\bin\jsvml.dll
Event: 0.217 Loaded shared library C:\Program Files\Java\jdk-20\bin\zip.dll
Event: 0.218 Loaded shared library C:\Program Files\Java\jdk-20\bin\instrument.dll
Event: 0.222 Loaded shared library C:\Program Files\Java\jdk-20\bin\net.dll
Event: 0.223 Loaded shared library C:\Program Files\Java\jdk-20\bin\nio.dll
Event: 0.226 Loaded shared library C:\Program Files\Java\jdk-20\bin\zip.dll
Event: 0.326 Loaded shared library C:\Program Files\Java\jdk-20\bin\jimage.dll
Event: 0.410 Loaded shared library C:\Program Files\Java\jdk-20\bin\management.dll
Event: 0.446 Loaded shared library C:\Program Files\Java\jdk-20\bin\management_ext.dll
Event: 0.605 Loaded shared library C:\Program Files\Java\jdk-20\bin\extnet.dll
Event: 0.623 Loaded shared library C:\Program Files\Java\jdk-20\bin\verify.dll
Event: 2.564 Loaded shared library C:\Program Files\Java\jdk-20\bin\sunmscapi.dll

Deoptimization events (20 events):
Event: 6916.586 Thread 0x0000015127032ff0 DEOPT PACKING pc=0x000001511540666c sp=0x0000003c204ff2a0
Event: 6916.586 Thread 0x0000015127032ff0 DEOPT UNPACKING pc=0x000001511526e462 sp=0x0000003c204fe740 mode 1
Event: 6916.586 Thread 0x0000015127032ff0 DEOPT PACKING pc=0x0000015115414d04 sp=0x0000003c204ff2e0
Event: 6916.586 Thread 0x0000015127030020 DEOPT PACKING pc=0x0000015116109fc4 sp=0x0000003c205ff050
Event: 6916.586 Thread 0x0000015127032ff0 DEOPT UNPACKING pc=0x000001511526e462 sp=0x0000003c204fe7d8 mode 1
Event: 6916.586 Thread 0x0000015127030020 DEOPT UNPACKING pc=0x000001511526e462 sp=0x0000003c205fe5f0 mode 1
Event: 6916.586 Thread 0x0000015127030020 DEOPT PACKING pc=0x0000015115406d04 sp=0x0000003c205ff1c0
Event: 6916.586 Thread 0x0000015127030020 DEOPT UNPACKING pc=0x000001511526e462 sp=0x0000003c205fe718 mode 1
Event: 6916.586 Thread 0x0000015127030020 DEOPT PACKING pc=0x000001511540666c sp=0x0000003c205ff2f0
Event: 6916.586 Thread 0x0000015127030020 DEOPT UNPACKING pc=0x000001511526e462 sp=0x0000003c205fe790 mode 1
Event: 6916.586 Thread 0x0000015127030020 DEOPT PACKING pc=0x0000015115414d04 sp=0x0000003c205ff330
Event: 6916.586 Thread 0x0000015127030020 DEOPT UNPACKING pc=0x000001511526e462 sp=0x0000003c205fe828 mode 1
Event: 6916.588 Thread 0x0000015127032550 DEOPT PACKING pc=0x000001511540b774 sp=0x0000003c20aff000
Event: 6916.588 Thread 0x0000015127032550 DEOPT UNPACKING pc=0x000001511526e462 sp=0x0000003c20afe590 mode 1
Event: 6916.588 Thread 0x0000015127032550 DEOPT PACKING pc=0x0000015115406dac sp=0x0000003c20aff190
Event: 6916.589 Thread 0x0000015127032550 DEOPT UNPACKING pc=0x000001511526e462 sp=0x0000003c20afe6e8 mode 1
Event: 6916.589 Thread 0x0000015127032550 DEOPT PACKING pc=0x000001511540666c sp=0x0000003c20aff2c0
Event: 6916.589 Thread 0x0000015127032550 DEOPT UNPACKING pc=0x000001511526e462 sp=0x0000003c20afe760 mode 1
Event: 6916.589 Thread 0x0000015127032550 DEOPT PACKING pc=0x0000015115414d04 sp=0x0000003c20aff300
Event: 6916.589 Thread 0x0000015127032550 DEOPT UNPACKING pc=0x000001511526e462 sp=0x0000003c20afe7f8 mode 1

Classes loaded (20 events):
Event: 6065.255 Loading class java/util/Collections$UnmodifiableRandomAccessListCustomizer
Event: 6065.255 Loading class java/util/Collections$UnmodifiableRandomAccessListCustomizer done
Event: 6065.277 Loading class java/lang/StringEditor
Event: 6065.277 Loading class java/lang/StringEditor done
Event: 6311.456 Loading class java/time/DurationEditor
Event: 6311.456 Loading class java/time/DurationEditor done
Event: 6631.294 Loading class java/lang/ObjectBeanInfo
Event: 6631.294 Loading class java/lang/ObjectBeanInfo done
Event: 6631.294 Loading class java/lang/ObjectBeanInfo
Event: 6631.294 Loading class java/lang/ObjectBeanInfo done
Event: 6631.294 Loading class java/lang/ObjectCustomizer
Event: 6631.294 Loading class java/lang/ObjectCustomizer done
Event: 6631.294 Loading class java/lang/ObjectCustomizer
Event: 6631.294 Loading class java/lang/ObjectCustomizer done
Event: 6632.447 Loading class java/time/DurationEditor
Event: 6632.447 Loading class java/time/DurationEditor done
Event: 6708.216 Loading class java/util/ArrayList$SubList$1
Event: 6708.216 Loading class java/util/ArrayList$SubList$1 done
Event: 6806.026 Loading class java/time/DurationEditor
Event: 6806.026 Loading class java/time/DurationEditor done

Classes unloaded (20 events):
Event: 6804.990 Thread 0x0000015120427870 Unloading class 0x00000008019f5400 'java/lang/invoke/LambdaForm$MH+0x00000008019f5400'
Event: 6804.990 Thread 0x0000015120427870 Unloading class 0x0000000801c04800 'java/lang/invoke/LambdaForm$MH+0x0000000801c04800'
Event: 6804.990 Thread 0x0000015120427870 Unloading class 0x0000000801bf3c00 'java/lang/invoke/LambdaForm$BMH+0x0000000801bf3c00'
Event: 6804.990 Thread 0x0000015120427870 Unloading class 0x00000008019e8400 'java/lang/invoke/LambdaForm$MH+0x00000008019e8400'
Event: 6804.990 Thread 0x0000015120427870 Unloading class 0x00000008019e6c00 'java/lang/invoke/LambdaForm$MH+0x00000008019e6c00'
Event: 6804.990 Thread 0x0000015120427870 Unloading class 0x0000000801008000 'java/lang/invoke/LambdaForm$MH+0x0000000801008000'
Event: 6804.990 Thread 0x0000015120427870 Unloading class 0x000000080118c000 'java/lang/invoke/LambdaForm$MH+0x000000080118c000'
Event: 6804.990 Thread 0x0000015120427870 Unloading class 0x0000000801a64c00 'java/lang/invoke/LambdaForm$MH+0x0000000801a64c00'
Event: 6804.990 Thread 0x0000015120427870 Unloading class 0x0000000801aa8c00 'java/lang/invoke/LambdaForm$MH+0x0000000801aa8c00'
Event: 6804.990 Thread 0x0000015120427870 Unloading class 0x0000000801ac0c00 'java/lang/invoke/LambdaForm$MH+0x0000000801ac0c00'
Event: 6804.990 Thread 0x0000015120427870 Unloading class 0x0000000801bd5c00 'java/lang/invoke/LambdaForm$MH+0x0000000801bd5c00'
Event: 6804.990 Thread 0x0000015120427870 Unloading class 0x0000000801698c00 'java/lang/invoke/LambdaForm$MH+0x0000000801698c00'
Event: 6804.990 Thread 0x0000015120427870 Unloading class 0x00000008014b4400 'java/lang/invoke/LambdaForm$MH+0x00000008014b4400'
Event: 6804.990 Thread 0x0000015120427870 Unloading class 0x0000000801164c00 'java/lang/invoke/LambdaForm$MH+0x0000000801164c00'
Event: 6854.539 Thread 0x0000015120427870 Unloading class 0x0000000801c54c00 'jdk/internal/reflect/GeneratedSerializationConstructorAccessor213'
Event: 6854.539 Thread 0x0000015120427870 Unloading class 0x0000000801c55c00 'jdk/internal/reflect/GeneratedSerializationConstructorAccessor212'
Event: 6854.539 Thread 0x0000015120427870 Unloading class 0x0000000801c58c00 'jdk/internal/reflect/GeneratedSerializationConstructorAccessor211'
Event: 6854.539 Thread 0x0000015120427870 Unloading class 0x0000000801c59800 'jdk/internal/reflect/GeneratedSerializationConstructorAccessor210'
Event: 6854.539 Thread 0x0000015120427870 Unloading class 0x0000000801c5a000 'jdk/internal/reflect/GeneratedSerializationConstructorAccessor209'
Event: 6854.539 Thread 0x0000015120427870 Unloading class 0x0000000801c5dc00 'org/apache/catalina/loader/JdbcLeakPrevention'

Classes redefined (0 events):
No events

Internal exceptions (20 events):
Event: 6870.458 Thread 0x00000151283c0000 Exception <a 'sun/nio/fs/WindowsException'{0x000000070bc03808}> (0x000000070bc03808) 
thrown [s\open\src\hotspot\share\prims\jni.cpp, line 519]
Event: 6870.458 Thread 0x00000151283c0000 Exception <a 'sun/nio/fs/WindowsException'{0x000000070bc03ab8}> (0x000000070bc03ab8) 
thrown [s\open\src\hotspot\share\prims\jni.cpp, line 519]
Event: 6870.458 Thread 0x00000151283c0000 Exception <a 'sun/nio/fs/WindowsException'{0x000000070bc04388}> (0x000000070bc04388) 
thrown [s\open\src\hotspot\share\prims\jni.cpp, line 519]
Event: 6870.458 Thread 0x00000151283c0000 Exception <a 'sun/nio/fs/WindowsException'{0x000000070bc04608}> (0x000000070bc04608) 
thrown [s\open\src\hotspot\share\prims\jni.cpp, line 519]
Event: 6870.458 Thread 0x00000151283c0000 Exception <a 'sun/nio/fs/WindowsException'{0x000000070bc04eb0}> (0x000000070bc04eb0) 
thrown [s\open\src\hotspot\share\prims\jni.cpp, line 519]
Event: 6870.459 Thread 0x00000151283c0000 Exception <a 'sun/nio/fs/WindowsException'{0x000000070bc050f0}> (0x000000070bc050f0) 
thrown [s\open\src\hotspot\share\prims\jni.cpp, line 519]
Event: 6870.459 Thread 0x00000151283c0000 Exception <a 'sun/nio/fs/WindowsException'{0x000000070bc059a8}> (0x000000070bc059a8) 
thrown [s\open\src\hotspot\share\prims\jni.cpp, line 519]
Event: 6870.459 Thread 0x00000151283c0000 Exception <a 'sun/nio/fs/WindowsException'{0x000000070bc05c08}> (0x000000070bc05c08) 
thrown [s\open\src\hotspot\share\prims\jni.cpp, line 519]
Event: 6870.459 Thread 0x00000151283c0000 Exception <a 'sun/nio/fs/WindowsException'{0x000000070bc064b0}> (0x000000070bc064b0) 
thrown [s\open\src\hotspot\share\prims\jni.cpp, line 519]
Event: 6870.459 Thread 0x00000151283c0000 Exception <a 'sun/nio/fs/WindowsException'{0x000000070bc06700}> (0x000000070bc06700) 
thrown [s\open\src\hotspot\share\prims\jni.cpp, line 519]
Event: 6870.459 Thread 0x00000151283c0000 Exception <a 'sun/nio/fs/WindowsException'{0x000000070bc06fb8}> (0x000000070bc06fb8) 
thrown [s\open\src\hotspot\share\prims\jni.cpp, line 519]
Event: 6870.459 Thread 0x00000151283c0000 Exception <a 'sun/nio/fs/WindowsException'{0x000000070bc07218}> (0x000000070bc07218) 
thrown [s\open\src\hotspot\share\prims\jni.cpp, line 519]
Event: 6870.460 Thread 0x00000151283c0000 Exception <a 'sun/nio/fs/WindowsException'{0x000000070bc07ae8}> (0x000000070bc07ae8) 
thrown [s\open\src\hotspot\share\prims\jni.cpp, line 519]
Event: 6870.460 Thread 0x00000151283c0000 Exception <a 'sun/nio/fs/WindowsException'{0x000000070bc07d68}> (0x000000070bc07d68) 
thrown [s\open\src\hotspot\share\prims\jni.cpp, line 519]
Event: 6870.460 Thread 0x00000151283c0000 Exception <a 'sun/nio/fs/WindowsException'{0x000000070bc08650}> (0x000000070bc08650) 
thrown [s\open\src\hotspot\share\prims\jni.cpp, line 519]
Event: 6870.460 Thread 0x00000151283c0000 Exception <a 'sun/nio/fs/WindowsException'{0x000000070bc088e8}> (0x000000070bc088e8) 
thrown [s\open\src\hotspot\share\prims\jni.cpp, line 519]
Event: 6870.460 Thread 0x00000151283c0000 Exception <a 'sun/nio/fs/WindowsException'{0x000000070bc091c8}> (0x000000070bc091c8) 
thrown [s\open\src\hotspot\share\prims\jni.cpp, line 519]
Event: 6870.460 Thread 0x00000151283c0000 Exception <a 'sun/nio/fs/WindowsException'{0x000000070bc09458}> (0x000000070bc09458) 
thrown [s\open\src\hotspot\share\prims\jni.cpp, line 519]
Event: 6901.069 Thread 0x000001512598e1d0 Exception <a 'java/lang/NoSuchMethodError'{0x000000070aae60a0}: static [B.<clinit>()V> (0x000000070aae60a0) 
thrown [s\open\src\hotspot\share\prims\jni.cpp, line 1105]
Event: 6916.585 Thread 0x0000015127031ab0 Exception <a 'java/lang/InterruptedException'{0x000000070a962d78}: sleep interrupted> (0x000000070a962d78) 
thrown [s\open\src\hotspot\share\prims\jvm.cpp, line 3086]

VM Operations (20 events):
Event: 6907.973 Executing VM operation: get/set locals done
Event: 6907.974 Executing VM operation: get/set locals
Event: 6907.974 Executing VM operation: get/set locals done
Event: 6907.974 Executing VM operation: get/set locals
Event: 6907.974 Executing VM operation: get/set locals done
Event: 6907.975 Executing VM operation: get/set locals
Event: 6907.975 Executing VM operation: get/set locals done
Event: 6907.975 Executing VM operation: get/set locals
Event: 6907.975 Executing VM operation: get/set locals done
Event: 6907.976 Executing VM operation: get/set locals
Event: 6907.976 Executing VM operation: get/set locals done
Event: 6907.976 Executing VM operation: get/set locals
Event: 6907.976 Executing VM operation: get/set locals done
Event: 6907.976 Executing VM operation: get/set locals
Event: 6907.976 Executing VM operation: get/set locals done
Event: 6909.326 Executing VM operation: get/set locals
Event: 6909.326 Executing VM operation: get/set locals done
Event: 6911.674 Executing VM operation: get/set locals
Event: 6911.674 Executing VM operation: get/set locals done
Event: 6916.590 Executing VM operation: G1CollectFull

Events (20 events):
Event: 6909.273 Thread 0x00000151283c2fd0 Thread added: 0x00000151283c2fd0
Event: 6909.274 Thread 0x00000151283beac0 Thread exited: 0x00000151283beac0
Event: 6909.281 Thread 0x00000151283c2a80 Thread exited: 0x00000151283c2a80
Event: 6909.281 Thread 0x00000151281b0cd0 Thread exited: 0x00000151281b0cd0
Event: 6911.573 Thread 0x00000151283be020 Thread exited: 0x00000151283be020
Event: 6911.574 Thread 0x00000151283c1a90 Thread exited: 0x00000151283c1a90
Event: 6911.574 Thread 0x00000151283c0000 Thread exited: 0x00000151283c0000
Event: 6911.574 Thread 0x00000151283bf010 Thread exited: 0x00000151283bf010
Event: 6911.574 Thread 0x00000151283bc590 Thread exited: 0x00000151283bc590
Event: 6911.574 Thread 0x00000151283c3520 Thread exited: 0x00000151283c3520
Event: 6911.574 Thread 0x00000151283c1fe0 Thread exited: 0x00000151283c1fe0
Event: 6911.574 Thread 0x00000151283c0aa0 Thread exited: 0x00000151283c0aa0
Event: 6911.574 Thread 0x00000151283bd580 Thread exited: 0x00000151283bd580
Event: 6911.574 Thread 0x00000151283bc040 Thread exited: 0x00000151283bc040
Event: 6916.585 Thread 0x0000015127031ab0 Thread exited: 0x0000015127031ab0
Event: 6916.586 Thread 0x0000015127032ff0 Thread exited: 0x0000015127032ff0
Event: 6916.586 Thread 0x0000015127030020 Thread exited: 0x0000015127030020
Event: 6916.588 Thread 0x00000151283c0000 Thread added: 0x00000151283c0000
Event: 6916.589 Thread 0x0000015127032550 Thread exited: 0x0000015127032550
Event: 6916.589 Thread 0x00000151283c0000 Thread exited: 0x00000151283c0000


Dynamic libraries:
0x00007ff6f7fa0000 - 0x00007ff6f7fb0000 	C:\Program Files\Java\jdk-20\bin\javaw.exe
0x00007fffc9b30000 - 0x00007fffc9d28000 	C:\WINDOWS\SYSTEM32\ntdll.dll
0x00007fffc87b0000 - 0x00007fffc886f000 	C:\WINDOWS\System32\KERNEL32.DLL
0x00007fffc7670000 - 0x00007fffc7966000 	C:\WINDOWS\System32\KERNELBASE.dll
0x00007fffc7410000 - 0x00007fffc7510000 	C:\WINDOWS\System32\ucrtbase.dll
0x00007fffbc610000 - 0x00007fffbc629000 	C:\Program Files\Java\jdk-20\bin\jli.dll
0x00007fffb7d70000 - 0x00007fffb7d8b000 	C:\Program Files\Java\jdk-20\bin\VCRUNTIME140.dll
0x00007fffc8870000 - 0x00007fffc891f000 	C:\WINDOWS\System32\ADVAPI32.dll
0x00007fffc8930000 - 0x00007fffc89ce000 	C:\WINDOWS\System32\msvcrt.dll
0x00007fffc93d0000 - 0x00007fffc946c000 	C:\WINDOWS\System32\sechost.dll
0x00007fffc9890000 - 0x00007fffc99b6000 	C:\WINDOWS\System32\RPCRT4.dll
0x00007fffc9470000 - 0x00007fffc960d000 	C:\WINDOWS\System32\USER32.dll
0x00007fffc7970000 - 0x00007fffc7992000 	C:\WINDOWS\System32\win32u.dll
0x00007fffc9620000 - 0x00007fffc964c000 	C:\WINDOWS\System32\GDI32.dll
0x00007fffa7790000 - 0x00007fffa7a2a000 	C:\WINDOWS\WinSxS\amd64_microsoft.windows.common-controls_6595b64144ccf1df_6.0.19041.1110_none_60b5254171f9507e\COMCTL32.dll
0x00007fffc72c0000 - 0x00007fffc73d5000 	C:\WINDOWS\System32\gdi32full.dll
0x00007fffc7af0000 - 0x00007fffc7b8d000 	C:\WINDOWS\System32\msvcp_win.dll
0x00007fffbe570000 - 0x00007fffbe57a000 	C:\WINDOWS\SYSTEM32\VERSION.dll
0x00007fffc8fb0000 - 0x00007fffc8fe0000 	C:\WINDOWS\System32\IMM32.DLL
0x00007fffc3c00000 - 0x00007fffc3c0c000 	C:\Program Files\Java\jdk-20\bin\vcruntime140_1.dll
0x00007fff9aec0000 - 0x00007fff9af4e000 	C:\Program Files\Java\jdk-20\bin\msvcp140.dll
0x00007fff71bd0000 - 0x00007fff72867000 	C:\Program Files\Java\jdk-20\bin\server\jvm.dll
0x00007fffbc3f0000 - 0x00007fffbc417000 	C:\WINDOWS\SYSTEM32\WINMM.dll
0x00007fffbc630000 - 0x00007fffbc639000 	C:\WINDOWS\SYSTEM32\WSOCK32.dll
0x00007fffc8b80000 - 0x00007fffc8beb000 	C:\WINDOWS\System32\WS2_32.dll
0x00007fffc5a10000 - 0x00007fffc5a22000 	C:\WINDOWS\SYSTEM32\kernel.appcore.dll
0x00007fffc2830000 - 0x00007fffc283a000 	C:\Program Files\Java\jdk-20\bin\jimage.dll
0x00007fffc5800000 - 0x00007fffc59e4000 	C:\WINDOWS\SYSTEM32\DBGHELP.DLL
0x00007fffa5270000 - 0x00007fffa52a4000 	C:\WINDOWS\SYSTEM32\dbgcore.DLL
0x00007fffc7a60000 - 0x00007fffc7ae2000 	C:\WINDOWS\System32\bcryptPrimitives.dll
0x00007fff9c4c0000 - 0x00007fff9c4fc000 	C:\Program Files\Java\jdk-20\bin\jdwp.dll
0x00007fffc0dc0000 - 0x00007fffc0dce000 	C:\Program Files\Java\jdk-20\bin\instrument.dll
0x00007fffa9d80000 - 0x00007fffa9da6000 	C:\Program Files\Java\jdk-20\bin\java.dll
0x00007fff98c40000 - 0x00007fff98d17000 	C:\Program Files\Java\jdk-20\bin\jsvml.dll
0x00007fffc7bf0000 - 0x00007fffc8334000 	C:\WINDOWS\System32\SHELL32.dll
0x00007fffc4fa0000 - 0x00007fffc5733000 	C:\WINDOWS\SYSTEM32\windows.storage.dll
0x00007fffc8c50000 - 0x00007fffc8fa4000 	C:\WINDOWS\System32\combase.dll
0x00007fffc6c70000 - 0x00007fffc6c9e000 	C:\WINDOWS\SYSTEM32\Wldp.dll
0x00007fffc9a40000 - 0x00007fffc9aed000 	C:\WINDOWS\System32\SHCORE.dll
0x00007fffc99c0000 - 0x00007fffc9a15000 	C:\WINDOWS\System32\shlwapi.dll
0x00007fffc7150000 - 0x00007fffc716f000 	C:\WINDOWS\SYSTEM32\profapi.dll
0x00007fffbf700000 - 0x00007fffbf70c000 	C:\Program Files\Java\jdk-20\bin\dt_socket.dll
0x00007fffc6670000 - 0x00007fffc66ac000 	C:\WINDOWS\SYSTEM32\IPHLPAPI.DLL
0x00007fffc69d0000 - 0x00007fffc6a3a000 	C:\WINDOWS\system32\mswsock.dll
0x00007fffc66b0000 - 0x00007fffc677b000 	C:\WINDOWS\SYSTEM32\DNSAPI.dll
0x00007fffc8920000 - 0x00007fffc8928000 	C:\WINDOWS\System32\NSI.dll
0x00007fffbc330000 - 0x00007fffbc33a000 	C:\Windows\System32\rasadhlp.dll
0x00007fffbb830000 - 0x00007fffbb8b2000 	C:\WINDOWS\System32\fwpuclnt.dll
0x00007fffc73e0000 - 0x00007fffc7407000 	C:\WINDOWS\System32\bcrypt.dll
0x00007fffa88f0000 - 0x00007fffa8908000 	C:\Program Files\Java\jdk-20\bin\zip.dll
0x00007fffa4980000 - 0x00007fffa4993000 	C:\Program Files\Java\jdk-20\bin\net.dll
0x00007fffc15f0000 - 0x00007fffc16fa000 	C:\WINDOWS\SYSTEM32\WINHTTP.dll
0x00007fff9c650000 - 0x00007fff9c666000 	C:\Program Files\Java\jdk-20\bin\nio.dll
0x00007fffbc040000 - 0x00007fffbc04a000 	C:\Program Files\Java\jdk-20\bin\management.dll
0x00007fffbbfa0000 - 0x00007fffbbfab000 	C:\Program Files\Java\jdk-20\bin\management_ext.dll
0x00007fffc9610000 - 0x00007fffc9618000 	C:\WINDOWS\System32\PSAPI.DLL
0x00007fff88e60000 - 0x00007fff88e77000 	C:\WINDOWS\system32\napinsp.dll
0x00007fff8f430000 - 0x00007fff8f44b000 	C:\WINDOWS\system32\pnrpnsp.dll
0x00007fffc1e80000 - 0x00007fffc1e95000 	C:\WINDOWS\system32\wshbth.dll
0x00007fffc26f0000 - 0x00007fffc270d000 	C:\WINDOWS\system32\NLAapi.dll
0x00007fff92910000 - 0x00007fff92922000 	C:\WINDOWS\System32\winrnr.dll
0x00007fffc6bc0000 - 0x00007fffc6bd8000 	C:\WINDOWS\SYSTEM32\CRYPTSP.dll
0x00007fffc6250000 - 0x00007fffc6284000 	C:\WINDOWS\system32\rsaenh.dll
0x00007fffc70d0000 - 0x00007fffc70fe000 	C:\WINDOWS\SYSTEM32\USERENV.dll
0x00007fffc6be0000 - 0x00007fffc6bec000 	C:\WINDOWS\SYSTEM32\CRYPTBASE.dll
0x00007fffbe840000 - 0x00007fffbe857000 	C:\WINDOWS\SYSTEM32\dhcpcsvc6.DLL
0x00007fffbe7e0000 - 0x00007fffbe7fd000 	C:\WINDOWS\SYSTEM32\dhcpcsvc.DLL
0x00007fffbbd00000 - 0x00007fffbbd07000 	C:\Program Files\Java\jdk-20\bin\extnet.dll
0x00007fffbbc90000 - 0x00007fffbbca0000 	C:\Program Files\Java\jdk-20\bin\verify.dll
0x00007fffbb9b0000 - 0x00007fffbb9be000 	C:\Program Files\Java\jdk-20\bin\sunmscapi.dll
0x00007fffc7510000 - 0x00007fffc766e000 	C:\WINDOWS\System32\CRYPT32.dll
0x00007fffc6ce0000 - 0x00007fffc6d08000 	C:\WINDOWS\SYSTEM32\ncrypt.dll
0x00007fffc6ca0000 - 0x00007fffc6cdb000 	C:\WINDOWS\SYSTEM32\NTASN1.dll
0x00007fffa44a0000 - 0x00007fffa44a7000 	C:\WINDOWS\system32\wshunix.dll

dbghelp: loaded successfully - version: 4.0.5 - missing functions: none
symbol engine: initialized successfully - sym options: 0x614 - pdb path: .;C:\Program Files\Java\jdk-20\bin;C:\WINDOWS\SYSTEM32;C:\WINDOWS\WinSxS\amd64_microsoft.windows.common-controls_6595b64144ccf1df_6.0.19041.1110_none_60b5254171f9507e;C:\Program Files\Java\jdk-20\bin\server

VM Arguments:
jvm_args: -XX:+ShowCodeDetailsInExceptionMessages -agentlib:jdwp=transport=dt_socket,suspend=y,address=localhost:56535 -Dcom.sun.management.jmxremote -Dcom.sun.management.jmxremote.port=56534 -Dcom.sun.management.jmxremote.authenticate=false -Dcom.sun.management.jmxremote.ssl=false -Djava.rmi.server.hostname=localhost -Dspring.jmx.enabled=true -Dmanagement.endpoints.jmx.exposure.include=* -Dspring.application.admin.enabled=true -XX:TieredStopAtLevel=1 -Dspring.boot.project.name=enkai -javaagent:C:\pleiades\eclipse\configuration\org.eclipse.osgi\231\0\.cp\lib\javaagent-shaded.jar -Dfile.encoding=UTF-8 
java_command: com.example.demo.EnkaiApplication --spring.output.ansi.enabled=always
java_class_path (initial): C:\pleiades\workspace\enkai\target\classes;C:\Users\no1s\.m2\repository\org\springframework\boot\spring-boot-starter-data-jpa\3.1.0\spring-boot-starter-data-jpa-3.1.0.jar;C:\Users\no1s\.m2\repository\org\springframework\boot\spring-boot-starter-aop\3.1.0\spring-boot-starter-aop-3.1.0.jar;C:\Users\no1s\.m2\repository\org\aspectj\aspectjweaver\1.9.19\aspectjweaver-1.9.19.jar;C:\Users\no1s\.m2\repository\org\springframework\boot\spring-boot-starter-jdbc\3.1.0\spring-boot-starter-jdbc-3.1.0.jar;C:\Users\no1s\.m2\repository\com\zaxxer\HikariCP\5.0.1\HikariCP-5.0.1.jar;C:\Users\no1s\.m2\repository\org\springframework\spring-jdbc\6.0.9\spring-jdbc-6.0.9.jar;C:\Users\no1s\.m2\repository\org\hibernate\orm\hibernate-core\6.2.2.Final\hibernate-core-6.2.2.Final.jar;C:\Users\no1s\.m2\repository\jakarta\persistence\jakarta.persistence-api\3.1.0\jakarta.persistence-api-3.1.0.jar;C:\Users\no1s\.m2\repository\jakarta\transaction\jakarta.transaction-api\2.0.1\jakarta.transaction-api-2.0.1.jar;C:\Users\no1s\.m2\repository\org\jboss\logging\jboss-logging\3.5.0.Final\jboss-logging-3.5.0.Final.jar;C:\Users\no1s\.m2\repository\org\hibernate\common\hibernate-commons-annotations\6.0.6.Final\hibernate-commons-annotations-6.0.6.Final.jar;C:\Users\no1s\.m2\repository\io\smallrye\jandex\3.0.5\jandex-3.0.5.jar;C:\Users\no1s\.m2\repository\com\fasterxml\classmate\1.5.1\classmate-1.5.1.jar;C:\Users\no1s\.m2\repository\net\bytebuddy\byte-buddy\1.14.4\byte-buddy-1.14.4.jar;C:\Users\no1s\.m2\repository\org\glassfish\jaxb\jaxb-runtime\4.0.2\jaxb-runtime-4.0.2.jar;C:\Users\no1s\.m2\repository\org\glassfish\jaxb\jaxb-core\4.0.2\jaxb-core-4.0.2.jar;C:\Users\no1s\.m2\repository\org\eclipse\angus\angus-activation\2.0.0\angus-activation-2.0.0.jar;C:\Users\no1s\.m2\repository\org\glassfish\jaxb\txw2\4.0.2\txw2-4.0.2.jar;C:\Users\no1s\.m2\repository\com\sun\istack\istack-commons-runtime\4.1.1\istack-commons-runtime-4.1.1.jar;C:\Users\no1s\.m2\repository\jakarta\inject\jakarta.inject-api\2.0.1\jakarta.inject-api-2.0.1.jar;C:\Users\no1s\.m2\repository\org\antlr\antlr4-runtime\4.10.1\antlr4-runtime-4.10.1.jar;C:\Users\no1s\.m2\repository\org\springframework\data\spring-data-jpa\3.1.0\spring-data-jpa-3.1.0.jar;C:\Users\no1s\.m2\repository\org\springframework\data\spring-data-commons\3.1.0\spring-data-commons-3.1.0.jar;C:\Users\no1s\.m2\repository\org\springframework\spring-orm\6.0.9\spring-orm-6.0.9.jar;C:\Users\no1s\.m2\repository\org\springframework\spring-context\6.0.9\spring-context-6.0.9.jar;C:\Users\no1s\.m2\repository\org\springframework\spring-tx\6.0.9\spring-tx-6.0.9.jar;C:\Users\no1s\.m2\repository\org\springframework\spring-beans\6.0.9\spring-beans-6.0.9.jar;C:\Users\no1s\.m2\repository\jakarta\annotation\jakarta.annotation-api\2.1.1\jakarta.annotation-api-2.1.1.jar;C:\Users\no1s\.m2\repository\org\springframework\spring-aspects\6.0.9\spring-aspects-6.0.9.jar;C:\Users\no1s\.m2\repository\org\springframework\boot\spring-boot-starter-thymeleaf\3.1.0\spring-boot-starter-thymeleaf-3.1.0.jar;C:\Users\no1s\.m2\repository\org\springframework\boot\spring-boot-starter\3.1.0\spring-boot-starter-3.1.0.jar;C:\Users\no1s\.m2\repository\org\springframework\boot\spring-boot-starter-logging\3.1.0\spring-boot-starter-logging-3.1.0.jar;C:\Users\no1s\.m2\repository\ch\qos\logback\logback-classic\1.4.7\logback-classic-1.4.7.jar;C:\Users\no1s\.m2\repository\ch\qos\logback\logback-core\1.4.7\logback-core-1.4.7.jar;C:\Users\no1s\.m2\repository\org\apache\logging\log4j\log4j-to-slf4j\2.20.0\log4j-to-slf4j-2.20.0.jar;C:\Users\no1s\.m2\repository\org\apache\logging\log4j\log4j-api\2.20.0\log4j-api-2.20.0.jar;C:\Users\no1s\.m2\repository\org\slf4j\jul-to-slf4j\2.0.7\jul-to-slf4j-2.0.7.jar;C:\Users\no1s\.m2\repository\org\yaml\snakeyaml\1.33\snakeyaml-1.33.jar;C:\Users\no1s\.m2\repository\org\thymeleaf\thymeleaf-spring6\3.1.1.RELEASE\thymeleaf-spring6-3.1.1.RELEASE.jar;C:\Users\no1s\.m2\repository\org\springframework\boot\spring-boot-starter-validation\3.1.0\spring-boot-starter-validation-3.1.0.jar;C:\Users\no1s\.m2\repository\org\apache\tomcat\embed\tomcat-embed-el\10.1.8\tomcat-embed-el-10.1.8.jar;C:\Users\no1s\.m2\repository\org\hibernate\validator\hibernate-validator\8.0.0.Final\hibernate-validator-8.0.0.Final.jar;C:\Users\no1s\.m2\repository\jakarta\validation\jakarta.validation-api\3.0.2\jakarta.validation-api-3.0.2.jar;C:\Users\no1s\.m2\repository\org\springframework\boot\spring-boot-starter-web\3.1.0\spring-boot-starter-web-3.1.0.jar;C:\Users\no1s\.m2\repository\org\springframework\boot\spring-boot-starter-json\3.1.0\spring-boot-starter-json-3.1.0.jar;C:\Users\no1s\.m2\repository\com\fasterxml\jackson\core\jackson-databind\2.15.0\jackson-databind-2.15.0.jar;C:\Users\no1s\.m2\repository\com\fasterxml\jackson\core\jackson-annotations\2.15.0\jackson-annotations-2.15.0.jar;C:\Users\no1s\.m2\repository\com\fasterxml\jackson\datatype\jackson-datatype-jdk8\2.15.0\jackson-datatype-jdk8-2.15.0.jar;C:\Users\no1s\.m2\repository\com\fasterxml\jackson\datatype\jackson-datatype-jsr310\2.15.0\jackson-datatype-jsr310-2.15.0.jar;C:\Users\no1s\.m2\repository\com\fasterxml\jackson\module\jackson-module-parameter-names\2.15.0\jackson-module-parameter-names-2.15.0.jar;C:\Users\no1s\.m2\repository\org\springframework\boot\spring-boot-starter-tomcat\3.1.0\spring-boot-starter-tomcat-3.1.0.jar;C:\Users\no1s\.m2\repository\org\apache\tomcat\embed\tomcat-embed-core\10.1.8\tomcat-embed-core-10.1.8.jar;C:\Users\no1s\.m2\repository\org\apache\tomcat\embed\tomcat-embed-websocket\10.1.8\tomcat-embed-websocket-10.1.8.jar;C:\Users\no1s\.m2\repository\org\springframework\spring-web\6.0.9\spring-web-6.0.9.jar;C:\Users\no1s\.m2\repository\io\micrometer\micrometer-observation\1.11.0\micrometer-observation-1.11.0.jar;C:\Users\no1s\.m2\repository\io\micrometer\micrometer-commons\1.11.0\micrometer-commons-1.11.0.jar;C:\Users\no1s\.m2\repository\org\springframework\spring-webmvc\6.0.9\spring-webmvc-6.0.9.jar;C:\Users\no1s\.m2\repository\org\springframework\spring-expression\6.0.9\spring-expression-6.0.9.jar;C:\Users\no1s\.m2\repository\org\springframework\boot\spring-boot-devtools\3.1.0\spring-boot-devtools-3.1.0.jar;C:\Users\no1s\.m2\repository\org\springframework\boot\spring-boot\3.1.0\spring-boot-3.1.0.jar;C:\Users\no1s\.m2\repository\org\springframework\boot\spring-boot-autoconfigure\3.1.0\spring-boot-autoconfigure-3.1.0.jar;C:\Users\no1s\.m2\repository\com\mysql\mysql-connector-j\8.0.33\mysql-connector-j-8.0.33.jar;C:\Users\no1s\.m2\repository\org\projectlombok\lombok\1.18.26\lombok-1.18.26.jar;C:\Users\no1s\.m2\repository\jakarta\xml\bind\jakarta.xml.bind-api\4.0.0\jakarta.xml.bind-api-4.0.0.jar;C:\Users\no1s\.m2\repository\jakarta\activation\jakarta.activation-api\2.1.2\jakarta.activation-api-2.1.2.jar;C:\Users\no1s\.m2\repository\org\springframework\spring-core\6.0.9\spring-core-6.0.9.jar;C:\Users\no1s\.m2\repository\org\springframework\spring-jcl\6.0.9\spring-jcl-6.0.9.jar;C:\Users\no1s\.m2\repository\org\flywaydb\flyway-mysql\9.16.3\flyway-mysql-9.16.3.jar;C:\Users\no1s\.m2\repository\org\flywaydb\flyway-core\9.16.3\flyway-core-9.16.3.jar;C:\Users\no1s\.m2\repository\com\fasterxml\jackson\dataformat\jackson-dataformat-toml\2.15.0\jackson-dataformat-toml-2.15.0.jar;C:\Users\no1s\.m2\repository\org\apache\commons\commons-text\1.10.0\commons-text-1.10.0.jar;C:\Users\no1s\.m2\repository\org\apache\commons\commons-lang3\3.12.0\commons-lang3-3.12.0.jar;C:\Users\no1s\.m2\repository\org\springframework\boot\spring-boot-starter-security\3.1.0\spring-boot-starter-security-3.1.0.jar;C:\Users\no1s\.m2\repository\org\springframework\spring-aop\6.0.9\spring-aop-6.0.9.jar;C:\Users\no1s\.m2\repository\org\springframework\security\spring-security-config\6.1.0\spring-security-config-6.1.0.jar;C:\Users\no1s\.m2\repository\org\springframework\security\spring-security-core\6.1.0\spring-security-core-6.1.0.jar;C:\Users\no1s\.m2\repository\org\springframework\security\spring-security-crypto\6.1.0\spring-security-crypto-6.1.0.jar;C:\Users\no1s\.m2\repository\org\springframework\security\spring-security-web\6.1.0\spring-security-web-6.1.0.jar;C:\Users\no1s\.m2\repository\org\thymeleaf\extras\thymeleaf-extras-springsecurity6\3.1.1.RELEASE\thymeleaf-extras-springsecurity6-3.1.1.RELEASE.jar;C:\Users\no1s\.m2\repository\org\slf4j\slf4j-api\2.0.7\slf4j-api-2.0.7.jar;C:\Users\no1s\.m2\repository\org\webjars\bootstrap\5.2.3\bootstrap-5.2.3.jar;C:\Users\no1s\.m2\repository\org\webjars\webjars-locator-core\0.52\webjars-locator-core-0.52.jar;C:\Users\no1s\.m2\repository\io\github\classgraph\classgraph\4.8.147\classgraph-4.8.147.jar;C:\Users\no1s\.m2\repository\com\fasterxml\jackson\core\jackson-core\2.15.0\jackson-core-2.15.0.jar;C:\Users\no1s\.m2\repository\org\webjars\npm\bootstrap-icons\1.10.5\bootstrap-icons-1.10.5.jar;C:\Users\no1s\.m2\repository\nz\net\ultraq\thymeleaf\thymeleaf-layout-dialect\3.2.1\thymeleaf-layout-dialect-3.2.1.jar;C:\Users\no1s\.m2\repository\org\apache\groovy\groovy\4.0.12\groovy-4.0.12.jar;C:\Users\no1s\.m2\repository\nz\net\ultraq\groovy\groovy-extensions\2.1.0\groovy-extensions-2.1.0.jar;C:\Users\no1s\.m2\repository\nz\net\ultraq\thymeleaf\thymeleaf-expression-processor\3.1.1\thymeleaf-expression-processor-3.1.1.jar;C:\Users\no1s\.m2\repository\org\thymeleaf\thymeleaf\3.1.1.RELEASE\thymeleaf-3.1.1.RELEASE.jar;C:\Users\no1s\.m2\repository\ognl\ognl\3.3.4\ognl-3.3.4.jar;C:\Users\no1s\.m2\repository\org\javassist\javassist\3.29.0-GA\javassist-3.29.0-GA.jar;C:\Users\no1s\.m2\repository\org\attoparser\attoparser\2.0.6.RELEASE\attoparser-2.0.6.RELEASE.jar;C:\Users\no1s\.m2\repository\org\unbescape\unbescape\1.1.6.RELEASE\unbescape-1.1.6.RELEASE.jar
Launcher Type: SUN_STANDARD

[Global flags]
     intx CICompilerCount                          = 4                                         {product} {ergonomic}
     uint ConcGCThreads                            = 2                                         {product} {ergonomic}
     uint G1ConcRefinementThreads                  = 8                                         {product} {ergonomic}
   size_t G1HeapRegionSize                         = 2097152                                   {product} {ergonomic}
    uintx GCDrainStackTargetSize                   = 64                                        {product} {ergonomic}
   size_t InitialHeapSize                          = 264241152                                 {product} {ergonomic}
     bool ManagementServer                         = true                                      {product} {command line}
   size_t MarkStackSize                            = 4194304                                   {product} {ergonomic}
   size_t MaxHeapSize                              = 4213178368                                {product} {ergonomic}
   size_t MaxNewSize                               = 2527068160                                {product} {ergonomic}
   size_t MinHeapDeltaBytes                        = 2097152                                   {product} {ergonomic}
   size_t MinHeapSize                              = 8388608                                   {product} {ergonomic}
    uintx NonProfiledCodeHeapSize                  = 0                                      {pd product} {ergonomic}
     bool ProfileInterpreter                       = false                                  {pd product} {command line}
    uintx ProfiledCodeHeapSize                     = 0                                      {pd product} {ergonomic}
     bool ShowCodeDetailsInExceptionMessages       = true                                   {manageable} {command line}
   size_t SoftMaxHeapSize                          = 4213178368                             {manageable} {ergonomic}
     intx TieredStopAtLevel                        = 1                                         {product} {command line}
     bool UseCompressedClassPointers               = true                           {product lp64_product} {ergonomic}
     bool UseCompressedOops                        = true                           {product lp64_product} {ergonomic}
     bool UseG1GC                                  = true                                      {product} {ergonomic}
     bool UseLargePagesIndividualAllocation        = false                                  {pd product} {ergonomic}

Logging:
Log output configuration:
 #0: stdout all=warning uptime,level,tags foldmultilines=false
 #1: stderr all=off uptime,level,tags foldmultilines=false

Environment Variables:
JAVA_HOME=C:\Program Files\Java\jdk-20
PATH=C:/pleiades/java/17/bin/server;C:/pleiades/java/17/bin;C:\Program Files\Java\jdk-20\bin;C:\Program Files\Common Files\Oracle\Java\javapath;C:\WINDOWS\system32;C:\WINDOWS;C:\WINDOWS\System32\Wbem;C:\WINDOWS\System32\WindowsPowerShell\v1.0\;C:\WINDOWS\System32\OpenSSH\;C:\xampp\php;C:\composer;C:\ProgramData\chocolatey\bin;C:\ProgramData\chocolatey\lib\maven\apache-maven-3.9.1\bin;C:\Program Files\Docker\Docker\resources\bin;C:\Program Files\Java\jdk-20\bin;C:\Users\no1s\AppData\Local\Microsoft\WindowsApps;;C:\Users\no1s\AppData\Local\Programs\Microsoft VS Code\bin;C:\Users\no1s\AppData\Roaming\Composer\vendor\bin;C:\pleiades\eclipse;
USERNAME=no1s
OS=Windows_NT
PROCESSOR_IDENTIFIER=Intel64 Family 6 Model 140 Stepping 1, GenuineIntel
TMP=C:\Users\no1s\AppData\Local\Temp
TEMP=C:\Users\no1s\AppData\Local\Temp




---------------  S Y S T E M  ---------------

OS:
 Windows 10 , 64 bit Build 19041 (10.0.19041.2913)
OS uptime: 14 days 6:53 hours
Hyper-V role detected

CPU: total 8 (initial active 8) (4 cores per cpu, 2 threads per core) family 6 model 140 stepping 1 microcode 0xa6, cx8, cmov, fxsr, ht, mmx, 3dnowpref, sse, sse2, sse3, ssse3, sse4.1, sse4.2, popcnt, lzcnt, tsc, tscinvbit, avx, avx2, aes, erms, clmul, bmi1, bmi2, adx, avx512f, avx512dq, avx512cd, avx512bw, avx512vl, sha, fma, vzeroupper, avx512_vpopcntdq, avx512_vpclmulqdq, avx512_vaes, avx512_vnni, clflush, clflushopt, clwb, avx512_vbmi2, avx512_vbmi, hv, rdtscp, rdpid, fsrm, gfni, avx512_bitalg, f16c, cet_ibt, cet_ss, avx512_ifma

Memory: 4k page, system-wide physical 16064M (7672M free)
TotalPageFile size 18496M (AvailPageFile size 6962M)
current process WorkingSet (physical memory assigned to process): 350M, peak: 461M
current process commit charge ("private bytes"): 419M, peak: 537M

vm_info: Java HotSpot(TM) 64-Bit Server VM (20+36-2344) for windows-amd64 JRE (20+36-2344), built on 2023-02-10T19:30:15Z by "mach5one" with MS VC++ 17.1 (VS2022)

END.
