#
# A fatal error has been detected by the Java Runtime Environment:
#
#  EXCEPTION_ACCESS_VIOLATION (0xc0000005) at pc=0x00000268f8751724, pid=14148, tid=6308
#
# JRE version: Java(TM) SE Runtime Environment (20.0+36) (build 20+36-2344)
# Java VM: Java HotSpot(TM) 64-Bit Server VM (20+36-2344, mixed mode, emulated-client, sharing, tiered, compressed oops, compressed class ptrs, g1 gc, windows-amd64)
# Problematic frame:
# v  ~BufferBlob::MethodHandles adapters 0x00000268f8751724
#
# No core dump will be written. Minidumps are not enabled by default on client versions of Windows
#
# If you would like to submit a bug report, please visit:
#   https://bugreport.java.com/bugreport/crash.jsp
#

---------------  S U M M A R Y ------------

Command Line: -XX:+ShowCodeDetailsInExceptionMessages -agentlib:jdwp=transport=dt_socket,suspend=y,address=localhost:53741 -Dcom.sun.management.jmxremote -Dcom.sun.management.jmxremote.port=53740 -Dcom.sun.management.jmxremote.authenticate=false -Dcom.sun.management.jmxremote.ssl=false -Djava.rmi.server.hostname=localhost -Dspring.jmx.enabled=true -Dmanagement.endpoints.jmx.exposure.include=* -Dspring.application.admin.enabled=true -XX:TieredStopAtLevel=1 -Dspring.boot.project.name=enkai -javaagent:C:\pleiades\eclipse\configuration\org.eclipse.osgi\231\0\.cp\lib\javaagent-shaded.jar -Dfile.encoding=UTF-8 com.example.demo.EnkaiApplication --spring.output.ansi.enabled=always

Host: 11th Gen Intel(R) Core(TM) i5-1135G7 @ 2.40GHz, 8 cores, 15G,  Windows 10 , 64 bit Build 19041 (10.0.19041.2913)
Time: Mon Jun 12 13:43:13 2023  Windows 10 , 64 bit Build 19041 (10.0.19041.2913) elapsed time: 114.709231 seconds (0d 0h 1m 54s)

---------------  T H R E A D  ---------------

Current thread (0x000002688ace4b20):  JavaThread "http-nio-8080-exec-10" daemon [_thread_in_Java, id=6308, stack(0x0000009f29300000,0x0000009f29400000)]

Stack: [0x0000009f29300000,0x0000009f29400000],  sp=0x0000009f293fbd88,  free space=1007k
Native frames: (J=compiled Java code, j=interpreted, Vv=VM code, C=native code)
C  0x00000268f8751724


siginfo: EXCEPTION_ACCESS_VIOLATION (0xc0000005), reading address 0x00000018859c844e


Registers:
RAX=0x00000268f871ebb6, RBX=0x000000070a482710, RCX=0x0000009f293fbda0, RDX=0x0000000000000004
RSP=0x0000009f293fbd88, RBP=0x0000009f293fbde8, RSI=0x0000026888f4fb68, RDI=0x000002688c03d090
R8 =0x0000000000000004, R9 =0x0000000000000004, R10=0x00000008859c828e, R11=0x0000000200000000
R12=0x0000000000000000, R13=0x0000009f293fbd88, R14=0x0000009f293fbe18, R15=0x000002688ace4b20
RIP=0x00000268f8751724, EFLAGS=0x0000000000010206


Register to memory mapping:

RIP=0x00000268f8751724 is at begin+65 in a stub
MethodHandle::interpreter_entry::_linkToVirtual [0x00000268f87516e3, 0x00000268f875174a] (103 bytes)
RAX=0x00000268f871ebb6 is at code_begin+4278 in an Interpreter codelet
return entry points  [0x00000268f871db00, 0x00000268f871f888]  7560 bytes
RBX=0x000000070a482710 is an oop: org.springframework.validation.support.BindingAwareModelMap 
{0x000000070a482710} - klass: 'org/springframework/validation/support/BindingAwareModelMap'
 - ---- fields (total size 7 words):
 - transient 'keySet' 'Ljava/util/Set;' @12  NULL (0x00000000)
 - transient 'values' 'Ljava/util/Collection;' @16  NULL (0x00000000)
 - transient 'size' 'I' @20  2 (0x00000002)
 - transient 'modCount' 'I' @24  2 (0x00000002)
 - 'threshold' 'I' @28  3 (0x00000003)
 - final 'loadFactor' 'F' @32  0.750000 (0x3f400000)
 - transient 'table' '[Ljava/util/HashMap$Node;' @36  a 'java/util/HashMap$Node'[4] {0x000000070a48c0f8} (0xe149181f)
 - transient 'entrySet' 'Ljava/util/Set;' @40  NULL (0x00000000)
 - final 'accessOrder' 'Z' @44  false (0x00)
 - transient 'head' 'Ljava/util/LinkedHashMap$Entry;' @48  a 'java/util/LinkedHashMap$Entry'{0x000000070a48c118} (0xe1491823)
 - transient 'tail' 'Ljava/util/LinkedHashMap$Entry;' @52  a 'java/util/LinkedHashMap$Entry'{0x000000070a48c140} (0xe1491828)
RCX=0x0000009f293fbda0 is pointing into the stack for thread: 0x000002688ace4b20
RDX=0x0000000000000004 is an unknown value
RSP=0x0000009f293fbd88 is pointing into the stack for thread: 0x000002688ace4b20
RBP=0x0000009f293fbde8 is pointing into the stack for thread: 0x000002688ace4b20
RSI=0x0000026888f4fb68 points into unknown readable memory: 0x88000f455c10a2b6 | b6 a2 10 5c 45 0f 00 88
RDI=0x000002688c03d090 points into unknown readable memory: 0x0000002800000080 | 80 00 00 00 28 00 00 00
R8 =0x0000000000000004 is an unknown value
R9 =0x0000000000000004 is an unknown value
R10=0x00000008859c828e is an unknown value
R11=0x0000000200000000 is an unknown value
R12=0x0 is NULL
R13=0x0000009f293fbd88 is pointing into the stack for thread: 0x000002688ace4b20
R14=0x0000009f293fbe18 is pointing into the stack for thread: 0x000002688ace4b20
R15=0x000002688ace4b20 is a thread


Top of Stack: (sp=0x0000009f293fbd88)
0x0000009f293fbd88:   00000268f871ebb6 000000070a483050
0x0000009f293fbd98:   0000000705a950a8 0000009f293fbda0
0x0000009f293fbda8:   00000268859c828e 0000009f293fbe18
0x0000009f293fbdb8:   00000268859c83c0 0000009f293fbe88
0x0000009f293fbdc8:   0000000705811d48 00000268859c82a0
0x0000009f293fbdd8:   0000009f293fbd88 0000009f293fbe20
0x0000009f293fbde8:   0000009f293fbe88 00000268f871ebb6
0x0000009f293fbdf8:   000000070a48c300 000000070a482710
0x0000009f293fbe08:   000000070a483050 0000000705a950a8
0x0000009f293fbe18:   000000070a48c480 000000070a482710
0x0000009f293fbe28:   000000070a483050 0000000705a950a8
0x0000009f293fbe38:   000000070a48c480 0000009f293fbe40
0x0000009f293fbe48:   0000026886805319 0000009f293fbee8
0x0000009f293fbe58:   0000026886805448 0000000000000000
0x0000009f293fbe68:   000000070686df10 0000026886805328
0x0000009f293fbe78:   0000009f293fbe20 0000009f293fbef0
0x0000009f293fbe88:   0000009f293fc1b0 00000268f929c16d
0x0000009f293fbe98:   000000070a48c480 000000070a482710
0x0000009f293fbea8:   000000070a48c680 0000000705a950a8
0x0000009f293fbeb8:   000000070a48c780 000000070a483050
0x0000009f293fbec8:   000000070a48c888 000000070a482710
0x0000009f293fbed8:   000000070a483050 0000000705a950a8
0x0000009f293fbee8:   000000070a48c8d8 0000026884e37cae
0x0000009f293fbef8:   0000009f293fbf40 0000026884e387a8
0x0000009f293fbf08:   0000000000000000 00000007062e0df0
0x0000009f293fbf18:   0000026884e37cd0 0000000000000000
0x0000009f293fbf28:   0000009f293fbf50 0000009f293fc088
0x0000009f293fbf38:   00000268f887cde4 0000000705a04de0
0x0000009f293fbf48:   00000268f887cde4 00000007ffa4c820
0x0000009f293fbf58:   0000000000000000 000001d5293fc008
0x0000009f293fbf68:   00000268f8727e21 0000000000000001
0x0000009f293fbf78:   0000000000000001 0000009f293fbf80 

Instructions: (pc=0x00000268f8751724)
0x00000268f8751624:   68 02 00 00 80 16 75 f8 68 02 00 00 00 27 75 f8
0x00000268f8751634:   68 02 00 00 70 16 75 f8 68 02 00 00 70 16 75 f8
0x00000268f8751644:   68 02 00 00 00 00 00 00 00 00 00 00 18 26 5f 5f
0x00000268f8751654:   ff 7f 00 00 f0 10 00 00 60 00 00 00 ff ff ff ff
0x00000268f8751664:   f0 10 00 00 00 00 00 00 00 00 00 00 00 00 00 00
0x00000268f8751674:   00 00 00 00 00 00 00 00 00 00 00 00 f4 66 66 66
0x00000268f8751684:   0f 1f 84 00 00 00 00 00 66 66 66 90 66 66 66 0f
0x00000268f8751694:   1f 84 00 00 00 00 00 66 66 66 90 90 48 8b 53 08
0x00000268f87516a4:   0f b7 52 2c 48 8b 0c d4 8b 59 14 48 c1 e3 03 8b
0x00000268f87516b4:   5b 28 48 c1 e3 03 8b 5b 24 48 c1 e3 03 48 8b 5b
0x00000268f87516c4:   10 48 85 db 0f 84 10 00 00 00 41 80 bf 08 05 00
0x00000268f87516d4:   00 00 74 03 ff 63 38 ff 63 50 e9 1d b5 01 00 66
0x00000268f87516e4:   66 66 0f 1f 84 00 00 00 00 00 66 66 66 90 66 66
0x00000268f87516f4:   0f 1f 84 00 00 00 00 00 66 66 66 90 48 8b 53 08
0x00000268f8751704:   0f b7 52 2c 48 8b 0c d4 58 5b 50 44 8b 51 08 49
0x00000268f8751714:   bb 00 00 00 00 08 00 00 00 4d 03 d3 4c 8b 5b 10
0x00000268f8751724:   4b 8b 9c da c0 01 00 00 48 85 db 0f 84 10 00 00
0x00000268f8751734:   00 41 80 bf 08 05 00 00 00 74 03 ff 63 38 ff 63
0x00000268f8751744:   50 e9 b6 b4 01 00 66 66 66 0f 1f 84 00 00 00 00
0x00000268f8751754:   00 66 66 66 90 0f 1f 80 00 00 00 00 58 5b 50 8b
0x00000268f8751764:   5b 24 48 c1 e3 03 48 8b 5b 10 48 85 db 0f 84 10
0x00000268f8751774:   00 00 00 41 80 bf 08 05 00 00 00 74 03 ff 63 38
0x00000268f8751784:   ff 63 50 e9 74 b4 01 00 66 66 66 0f 1f 84 00 00
0x00000268f8751794:   00 00 00 66 66 66 90 0f 1f 44 00 00 48 8b 53 08
0x00000268f87517a4:   0f b7 52 2c 48 8b 0c d4 58 5b 50 48 3b 01 8b 5b
0x00000268f87517b4:   24 48 c1 e3 03 48 8b 5b 10 48 85 db 0f 84 10 00
0x00000268f87517c4:   00 00 41 80 bf 08 05 00 00 00 74 03 ff 63 38 ff
0x00000268f87517d4:   63 50 e9 25 b4 01 00 0f 1f 44 00 00 48 8b 53 08
0x00000268f87517e4:   0f b7 52 2c 48 8b 0c d4 58 5b 50 44 8b 51 08 49
0x00000268f87517f4:   bb 00 00 00 00 08 00 00 00 4d 03 d3 8b 43 18 48
0x00000268f8751804:   c1 e0 03 48 8b 40 10 48 8b 5b 10 45 8b 9a a0 00
0x00000268f8751814:   00 00 4f 8d 9c da c0 01 00 00 4d 8d 14 da 49 8b 


Stack slot to memory mapping:
stack at sp + 0 slots: 0x00000268f871ebb6 is at code_begin+4278 in an Interpreter codelet
return entry points  [0x00000268f871db00, 0x00000268f871f888]  7560 bytes
stack at sp + 1 slots: 0x000000070a483050 is an oop: com.example.demo.entity.Event 
{0x000000070a483050} - klass: 'com/example/demo/entity/Event'
 - ---- fields (total size 6 words):
 - private 'modifiedAt' 'Ljava/util/Date;' @12  NULL (0x00000000)
 - private 'createdAt' 'Ljava/util/Date;' @16  NULL (0x00000000)
 - private 'id' 'Ljava/lang/Integer;' @20  NULL (0x00000000)
 - private 'name' 'Ljava/lang/String;' @24  NULL (0x00000000)
 - private 'detail' 'Ljava/lang/String;' @28  NULL (0x00000000)
 - private 'max_participant' 'Ljava/lang/String;' @32  NULL (0x00000000)
 - private 'category' 'Lcom/example/demo/entity/Category;' @36  NULL (0x00000000)
 - private 'user' 'Lcom/example/demo/entity/User;' @40  NULL (0x00000000)
 - 'eventuser' 'Ljava/util/List;' @44  NULL (0x00000000)
stack at sp + 2 slots: 0x0000000705a950a8 is an oop: com.example.demo.controller.admin.AdminEventController 
{0x0000000705a950a8} - klass: 'com/example/demo/controller/admin/AdminEventController'
 - ---- fields (total size 3 words):
 - 'eventService' 'Lcom/example/demo/service/BaseService;' @12  a 'com/example/demo/service/EventService'{0x0000000707925018} (0xe0f24a03)
 - 'userService' 'Lcom/example/demo/service/UserService;' @16  a 'com/example/demo/service/UserService'{0x0000000705a44500} (0xe0b488a0)
 - 'eventsService' 'Lcom/example/demo/service/EventService;' @20  a 'com/example/demo/service/EventService'{0x0000000707925018} (0xe0f24a03)
stack at sp + 3 slots: 0x0000009f293fbda0 is pointing into the stack for thread: 0x000002688ace4b20
stack at sp + 4 slots: 0x00000268859c828e is pointing into metadata
stack at sp + 5 slots: 0x0000009f293fbe18 is pointing into the stack for thread: 0x000002688ace4b20
stack at sp + 6 slots: 0x00000268859c83c0 is pointing into metadata
stack at sp + 7 slots: 0x0000009f293fbe88 is pointing into the stack for thread: 0x000002688ace4b20

MethodHandle::interpreter_entry::_linkToVirtual [0x00000268f87516e3, 0x00000268f875174a] (103 bytes)
[MachCode]
  0x00000268f87516e3: 6666 660f | 1f84 0000 | 0000 0066 | 6666 9066 | 660f 1f84 | 0000 0000 | 0066 6666 | 9048 8b53 
  0x00000268f8751703: 080f b752 | 2c48 8b0c | d458 5b50 | 448b 5108 | 49bb 0000 | 0000 0800 | 0000 4d03 | d34c 8b5b 
  0x00000268f8751723: 104b 8b9c | dac0 0100 | 0048 85db | 0f84 1000 | 0000 4180 | bf08 0500 | 0000 7403 | ff63 38ff 
  0x00000268f8751743: 6350 e9b6 | 
[/MachCode]

---------------  P R O C E S S  ---------------

Threads class SMR info:
_java_thread_list=0x000002688b682430, length=39, elements={
0x00000268841a0910, 0x00000268841a1610, 0x00000268841a8f00, 0x00000268841abb10,
0x00000268841ae870, 0x00000268841af1b0, 0x00000268841bb410, 0x00000268841710f0,
0x0000026888546d40, 0x00000268885686e0, 0x000002688856cbd0, 0x0000026888dbaca0,
0x0000026888faa660, 0x0000026888db5ff0, 0x0000026888fefd00, 0x0000026889613010,
0x0000026889785ac0, 0x0000026889785570, 0x0000026889787ff0, 0x0000026889786560,
0x0000026889786ab0, 0x0000026889787000, 0x0000026889785020, 0x000002688ace2b40,
0x000002688ace3b30, 0x000002688ace45d0, 0x000002688ace10b0, 0x000002688ace1600,
0x000002688ace7af0, 0x000002688ace00c0, 0x000002688ace25f0, 0x000002688ace4080,
0x000002688ace20a0, 0x000002688ace35e0, 0x000002688ace4b20, 0x000002688ace55c0,
0x000002688ace5b10, 0x000002688ace6060, 0x000002688ace3090
}

Java Threads: ( => current thread )
  0x00000268841a0910 JavaThread "Reference Handler" daemon [_thread_blocked, id=11844, stack(0x0000009f26000000,0x0000009f26100000)]
  0x00000268841a1610 JavaThread "Finalizer" daemon [_thread_blocked, id=3080, stack(0x0000009f26100000,0x0000009f26200000)]
  0x00000268841a8f00 JavaThread "Signal Dispatcher" daemon [_thread_blocked, id=11096, stack(0x0000009f26200000,0x0000009f26300000)]
  0x00000268841abb10 JavaThread "Attach Listener" daemon [_thread_blocked, id=9052, stack(0x0000009f26300000,0x0000009f26400000)]
  0x00000268841ae870 JavaThread "Service Thread" daemon [_thread_blocked, id=7880, stack(0x0000009f26400000,0x0000009f26500000)]
  0x00000268841af1b0 JavaThread "Monitor Deflation Thread" daemon [_thread_blocked, id=11120, stack(0x0000009f26500000,0x0000009f26600000)]
  0x00000268841bb410 JavaThread "C1 CompilerThread0" daemon [_thread_blocked, id=14124, stack(0x0000009f26600000,0x0000009f26700000)]
  0x00000268841710f0 JavaThread "Common-Cleaner" daemon [_thread_blocked, id=5932, stack(0x0000009f26700000,0x0000009f26800000)]
  0x0000026888546d40 JavaThread "JDWP Transport Listener: dt_socket" daemon [_thread_blocked, id=14364, stack(0x0000009f26b00000,0x0000009f26c00000)]
  0x00000268885686e0 JavaThread "JDWP Event Helper Thread" daemon [_thread_blocked, id=14020, stack(0x0000009f26c00000,0x0000009f26d00000)]
  0x000002688856cbd0 JavaThread "JDWP Command Reader" daemon [_thread_in_native, id=9072, stack(0x0000009f26d00000,0x0000009f26e00000)]
  0x0000026888dbaca0 JavaThread "Notification Thread" daemon [_thread_blocked, id=10492, stack(0x0000009f26e00000,0x0000009f26f00000)]
  0x0000026888faa660 JavaThread "RMI TCP Accept-0" daemon [_thread_in_native, id=3752, stack(0x0000009f26f00000,0x0000009f27000000)]
  0x0000026888db5ff0 JavaThread "RMI TCP Accept-53740" daemon [_thread_in_native, id=15300, stack(0x0000009f27700000,0x0000009f27800000)]
  0x0000026888fefd00 JavaThread "RMI TCP Accept-0" daemon [_thread_in_native, id=12900, stack(0x0000009f27800000,0x0000009f27900000)]
  0x0000026889613010 JavaThread "RMI Scheduler(0)" daemon [_thread_blocked, id=9292, stack(0x0000009f27d00000,0x0000009f27e00000)]
  0x0000026889785ac0 JavaThread "RMI TCP Connection(idle)" daemon [_thread_blocked, id=6868, stack(0x0000009f27e00000,0x0000009f27f00000)]
  0x0000026889785570 JavaThread "JMX server connection timeout 41" daemon [_thread_blocked, id=12864, stack(0x0000009f27f00000,0x0000009f28000000)]
  0x0000026889787ff0 JavaThread "Catalina-utility-1" [_thread_blocked, id=1780, stack(0x0000009f28000000,0x0000009f28100000)]
  0x0000026889786560 JavaThread "Catalina-utility-2" [_thread_blocked, id=13104, stack(0x0000009f28200000,0x0000009f28300000)]
  0x0000026889786ab0 JavaThread "container-0" [_thread_blocked, id=13684, stack(0x0000009f28300000,0x0000009f28400000)]
  0x0000026889787000 JavaThread "mysql-cj-abandoned-connection-cleanup" daemon [_thread_blocked, id=6624, stack(0x0000009f28400000,0x0000009f28500000)]
  0x0000026889785020 JavaThread "HikariPool-1 housekeeper" daemon [_thread_blocked, id=13524, stack(0x0000009f28600000,0x0000009f28700000)]
  0x000002688ace2b40 JavaThread "File Watcher" daemon [_thread_blocked, id=1104, stack(0x0000009f28800000,0x0000009f28900000)]
  0x000002688ace3b30 JavaThread "Live Reload Server" daemon [_thread_in_native, id=6116, stack(0x0000009f28a00000,0x0000009f28b00000)]
  0x000002688ace45d0 JavaThread "http-nio-8080-exec-1" daemon [_thread_blocked, id=8800, stack(0x0000009f28900000,0x0000009f28a00000)]
  0x000002688ace10b0 JavaThread "http-nio-8080-exec-2" daemon [_thread_blocked, id=7780, stack(0x0000009f28b00000,0x0000009f28c00000)]
  0x000002688ace1600 JavaThread "http-nio-8080-exec-3" daemon [_thread_blocked, id=4232, stack(0x0000009f28c00000,0x0000009f28d00000)]
  0x000002688ace7af0 JavaThread "http-nio-8080-exec-4" daemon [_thread_blocked, id=14068, stack(0x0000009f28d00000,0x0000009f28e00000)]
  0x000002688ace00c0 JavaThread "http-nio-8080-exec-5" daemon [_thread_blocked, id=15776, stack(0x0000009f28e00000,0x0000009f28f00000)]
  0x000002688ace25f0 JavaThread "http-nio-8080-exec-6" daemon [_thread_blocked, id=11572, stack(0x0000009f28f00000,0x0000009f29000000)]
  0x000002688ace4080 JavaThread "http-nio-8080-exec-7" daemon [_thread_blocked, id=12544, stack(0x0000009f29000000,0x0000009f29100000)]
  0x000002688ace20a0 JavaThread "http-nio-8080-exec-8" daemon [_thread_blocked, id=7416, stack(0x0000009f29100000,0x0000009f29200000)]
  0x000002688ace35e0 JavaThread "http-nio-8080-exec-9" daemon [_thread_blocked, id=12080, stack(0x0000009f29200000,0x0000009f29300000)]
=>0x000002688ace4b20 JavaThread "http-nio-8080-exec-10" daemon [_thread_in_Java, id=6308, stack(0x0000009f29300000,0x0000009f29400000)]
  0x000002688ace55c0 JavaThread "http-nio-8080-Poller" daemon [_thread_in_native, id=9932, stack(0x0000009f29400000,0x0000009f29500000)]
  0x000002688ace5b10 JavaThread "http-nio-8080-Acceptor" daemon [_thread_in_native, id=2368, stack(0x0000009f29500000,0x0000009f29600000)]
  0x000002688ace6060 JavaThread "DestroyJavaVM" [_thread_blocked, id=13120, stack(0x0000009f25900000,0x0000009f25a00000)]
  0x000002688ace3090 JavaThread "ForkJoinPool.commonPool-worker-2" daemon [_thread_blocked, id=3696, stack(0x0000009f26a00000,0x0000009f26b00000)]

Other Threads:
  0x0000026884184cd0 VMThread "VM Thread" [stack: 0x0000009f25f00000,0x0000009f26000000] [id=6672]
  0x0000026889018340 WatcherThread "VM Periodic Task Thread" [stack: 0x0000009f27900000,0x0000009f27a00000] [id=3792]
  0x00000268eeecab50 WorkerThread "GC Thread#0" [stack: 0x0000009f25a00000,0x0000009f25b00000] [id=2204]
  0x0000026888faabb0 WorkerThread "GC Thread#1" [stack: 0x0000009f27000000,0x0000009f27100000] [id=15716]
  0x0000026888fc4370 WorkerThread "GC Thread#2" [stack: 0x0000009f27100000,0x0000009f27200000] [id=10612]
  0x0000026888fe28e0 WorkerThread "GC Thread#3" [stack: 0x0000009f27200000,0x0000009f27300000] [id=10380]
  0x0000026888fe2fc0 WorkerThread "GC Thread#4" [stack: 0x0000009f27300000,0x0000009f27400000] [id=14300]
  0x0000026888fe3290 WorkerThread "GC Thread#5" [stack: 0x0000009f27400000,0x0000009f27500000] [id=14052]
  0x000002688900b2f0 WorkerThread "GC Thread#6" [stack: 0x0000009f27500000,0x0000009f27600000] [id=9348]
  0x000002688900a210 WorkerThread "GC Thread#7" [stack: 0x0000009f27600000,0x0000009f27700000] [id=612]
  0x00000268eeedd4a0 ConcurrentGCThread "G1 Main Marker" [stack: 0x0000009f25b00000,0x0000009f25c00000] [id=13036]
  0x00000268eeede720 WorkerThread "G1 Conc#0" [stack: 0x0000009f25c00000,0x0000009f25d00000] [id=6064]
  0x000002688900bb60 WorkerThread "G1 Conc#1" [stack: 0x0000009f28100000,0x0000009f28200000] [id=13444]
  0x0000026884045170 ConcurrentGCThread "G1 Refine#0" [stack: 0x0000009f25d00000,0x0000009f25e00000] [id=11788]
  0x0000026884045b20 ConcurrentGCThread "G1 Service" [stack: 0x0000009f25e00000,0x0000009f25f00000] [id=10308]

Threads with active compile tasks:

VM state: not at safepoint (normal execution)

VM Mutex/Monitor currently owned by a thread: None

Heap address: 0x0000000704e00000, size: 4018 MB, Compressed Oops mode: Zero based, Oop shift amount: 3

CDS archive(s) mapped at: [0x0000000800000000-0x0000000800c60000-0x0000000800c60000), size 12976128, SharedBaseAddress: 0x0000000800000000, ArchiveRelocationMode: 0.
Compressed class space mapped at: 0x0000000801000000-0x0000000841000000, reserved size: 1073741824
Narrow klass base: 0x0000000800000000, Narrow klass shift: 0, Narrow klass range: 0x100000000

GC Precious Log:
 CardTable entry size: 512
 Card Set container configuration: InlinePtr #cards 4 size 8 Array Of Cards #cards 16 size 48 Howl #buckets 8 coarsen threshold 3686 Howl Bitmap #cards 512 size 80 coarsen threshold 460 Card regions per heap region 1 cards per card region 4096
 CPUs: 8 total, 8 available
 Memory: 16064M
 Large Page Support: Disabled
 NUMA Support: Disabled
 Compressed Oops: Enabled (Zero based)
 Heap Region Size: 2M
 Heap Min Capacity: 8M
 Heap Initial Capacity: 252M
 Heap Max Capacity: 4018M
 Pre-touch: Disabled
 Parallel Workers: 8
 Concurrent Workers: 2
 Concurrent Refinement Workers: 8
 Periodic GC: Disabled

Heap:
 garbage-first heap   total 137216K, used 104624K [0x0000000704e00000, 0x0000000800000000)
  region size 2048K, 26 young (53248K), 3 survivors (6144K)
 Metaspace       used 82650K, committed 83840K, reserved 1179648K
  class space    used 11426K, committed 11968K, reserved 1048576K

Heap Regions: E=young(eden), S=young(survivor), O=old, HS=humongous(starts), HC=humongous(continues), CS=collection set, F=free, OA=open archive, CA=closed archive, TAMS=top-at-mark-start, PB=parsable bottom
|   0|0x0000000704e00000, 0x0000000705000000, 0x0000000705000000|100%| O|  |TAMS 0x0000000704e00000| PB 0x0000000704e00000| Untracked 
|   1|0x0000000705000000, 0x0000000705200000, 0x0000000705200000|100%| O|  |TAMS 0x0000000705000000| PB 0x0000000705000000| Untracked 
|   2|0x0000000705200000, 0x0000000705400000, 0x0000000705400000|100%| O|  |TAMS 0x0000000705200000| PB 0x0000000705200000| Untracked 
|   3|0x0000000705400000, 0x0000000705600000, 0x0000000705600000|100%| O|  |TAMS 0x0000000705400000| PB 0x0000000705400000| Untracked 
|   4|0x0000000705600000, 0x0000000705800000, 0x0000000705800000|100%| O|  |TAMS 0x0000000705600000| PB 0x0000000705600000| Untracked 
|   5|0x0000000705800000, 0x0000000705a00000, 0x0000000705a00000|100%| O|  |TAMS 0x0000000705800000| PB 0x0000000705800000| Untracked 
|   6|0x0000000705a00000, 0x0000000705c00000, 0x0000000705c00000|100%| O|  |TAMS 0x0000000705a00000| PB 0x0000000705a00000| Untracked 
|   7|0x0000000705c00000, 0x0000000705e00000, 0x0000000705e00000|100%| O|  |TAMS 0x0000000705c00000| PB 0x0000000705c00000| Untracked 
|   8|0x0000000705e00000, 0x0000000706000000, 0x0000000706000000|100%| O|  |TAMS 0x0000000705e00000| PB 0x0000000705e00000| Untracked 
|   9|0x0000000706000000, 0x0000000706200000, 0x0000000706200000|100%| O|  |TAMS 0x0000000706000000| PB 0x0000000706000000| Untracked 
|  10|0x0000000706200000, 0x0000000706400000, 0x0000000706400000|100%| O|  |TAMS 0x0000000706200000| PB 0x0000000706200000| Untracked 
|  11|0x0000000706400000, 0x0000000706600000, 0x0000000706600000|100%| O|  |TAMS 0x0000000706400000| PB 0x0000000706400000| Untracked 
|  12|0x0000000706600000, 0x0000000706800000, 0x0000000706800000|100%| O|  |TAMS 0x0000000706600000| PB 0x0000000706600000| Untracked 
|  13|0x0000000706800000, 0x0000000706a00000, 0x0000000706a00000|100%| O|  |TAMS 0x0000000706800000| PB 0x0000000706800000| Untracked 
|  14|0x0000000706a00000, 0x0000000706c00000, 0x0000000706c00000|100%| O|  |TAMS 0x0000000706a00000| PB 0x0000000706a00000| Untracked 
|  15|0x0000000706c00000, 0x0000000706e00000, 0x0000000706e00000|100%| O|  |TAMS 0x0000000706c00000| PB 0x0000000706c00000| Complete 
|  16|0x0000000706e00000, 0x0000000707000000, 0x0000000707000000|100%| O|  |TAMS 0x0000000706e00000| PB 0x0000000706e00000| Untracked 
|  17|0x0000000707000000, 0x0000000707200000, 0x0000000707200000|100%| O|  |TAMS 0x0000000707000000| PB 0x0000000707000000| Untracked 
|  18|0x0000000707200000, 0x0000000707200000, 0x0000000707400000|  0%| F|  |TAMS 0x0000000707200000| PB 0x0000000707200000| Untracked 
|  19|0x0000000707400000, 0x0000000707600000, 0x0000000707600000|100%| O|  |TAMS 0x0000000707400000| PB 0x0000000707400000| Complete 
|  20|0x0000000707600000, 0x0000000707800000, 0x0000000707800000|100%| O|  |TAMS 0x0000000707600000| PB 0x0000000707600000| Complete 
|  21|0x0000000707800000, 0x0000000707a00000, 0x0000000707a00000|100%| O|  |TAMS 0x0000000707800000| PB 0x0000000707800000| Untracked 
|  22|0x0000000707a00000, 0x0000000707c00000, 0x0000000707c00000|100%| O|  |TAMS 0x0000000707a00000| PB 0x0000000707a00000| Complete 
|  23|0x0000000707c00000, 0x0000000707c00000, 0x0000000707e00000|  0%| F|  |TAMS 0x0000000707c00000| PB 0x0000000707c00000| Untracked 
|  24|0x0000000707e00000, 0x0000000707e00000, 0x0000000708000000|  0%| F|  |TAMS 0x0000000707e00000| PB 0x0000000707e00000| Untracked 
|  25|0x0000000708000000, 0x0000000708000000, 0x0000000708200000|  0%| F|  |TAMS 0x0000000708000000| PB 0x0000000708000000| Untracked 
|  26|0x0000000708200000, 0x0000000708400000, 0x0000000708400000|100%| O|  |TAMS 0x0000000708200000| PB 0x0000000708200000| Untracked 
|  27|0x0000000708400000, 0x0000000708600000, 0x0000000708600000|100%| O|  |TAMS 0x0000000708400000| PB 0x0000000708400000| Untracked 
|  28|0x0000000708600000, 0x0000000708800000, 0x0000000708800000|100%| S|CS|TAMS 0x0000000708600000| PB 0x0000000708600000| Complete 
|  29|0x0000000708800000, 0x0000000708a00000, 0x0000000708a00000|100%| S|CS|TAMS 0x0000000708800000| PB 0x0000000708800000| Complete 
|  30|0x0000000708a00000, 0x0000000708a00000, 0x0000000708c00000|  0%| F|  |TAMS 0x0000000708a00000| PB 0x0000000708a00000| Untracked 
|  31|0x0000000708c00000, 0x0000000708c00000, 0x0000000708e00000|  0%| F|  |TAMS 0x0000000708c00000| PB 0x0000000708c00000| Untracked 
|  32|0x0000000708e00000, 0x0000000708e00000, 0x0000000709000000|  0%| F|  |TAMS 0x0000000708e00000| PB 0x0000000708e00000| Untracked 
|  33|0x0000000709000000, 0x0000000709000000, 0x0000000709200000|  0%| F|  |TAMS 0x0000000709000000| PB 0x0000000709000000| Untracked 
|  34|0x0000000709200000, 0x0000000709200000, 0x0000000709400000|  0%| F|  |TAMS 0x0000000709200000| PB 0x0000000709200000| Untracked 
|  35|0x0000000709400000, 0x0000000709400000, 0x0000000709600000|  0%| F|  |TAMS 0x0000000709400000| PB 0x0000000709400000| Untracked 
|  36|0x0000000709600000, 0x0000000709600000, 0x0000000709800000|  0%| F|  |TAMS 0x0000000709600000| PB 0x0000000709600000| Untracked 
|  37|0x0000000709800000, 0x0000000709800000, 0x0000000709a00000|  0%| F|  |TAMS 0x0000000709800000| PB 0x0000000709800000| Untracked 
|  38|0x0000000709a00000, 0x0000000709a00000, 0x0000000709c00000|  0%| F|  |TAMS 0x0000000709a00000| PB 0x0000000709a00000| Untracked 
|  39|0x0000000709c00000, 0x0000000709d95c10, 0x0000000709e00000| 79%| E|  |TAMS 0x0000000709c00000| PB 0x0000000709c00000| Complete 
|  40|0x0000000709e00000, 0x000000070a000000, 0x000000070a000000|100%| E|CS|TAMS 0x0000000709e00000| PB 0x0000000709e00000| Complete 
|  41|0x000000070a000000, 0x000000070a200000, 0x000000070a200000|100%| E|CS|TAMS 0x000000070a000000| PB 0x000000070a000000| Complete 
|  42|0x000000070a200000, 0x000000070a400000, 0x000000070a400000|100%| E|CS|TAMS 0x000000070a200000| PB 0x000000070a200000| Complete 
|  43|0x000000070a400000, 0x000000070a600000, 0x000000070a600000|100%| E|CS|TAMS 0x000000070a400000| PB 0x000000070a400000| Complete 
|  44|0x000000070a600000, 0x000000070a800000, 0x000000070a800000|100%| E|CS|TAMS 0x000000070a600000| PB 0x000000070a600000| Complete 
|  45|0x000000070a800000, 0x000000070aa00000, 0x000000070aa00000|100%| E|CS|TAMS 0x000000070a800000| PB 0x000000070a800000| Complete 
|  46|0x000000070aa00000, 0x000000070ac00000, 0x000000070ac00000|100%| E|  |TAMS 0x000000070aa00000| PB 0x000000070aa00000| Complete 
|  47|0x000000070ac00000, 0x000000070ae00000, 0x000000070ae00000|100%| E|CS|TAMS 0x000000070ac00000| PB 0x000000070ac00000| Complete 
|  48|0x000000070ae00000, 0x000000070b000000, 0x000000070b000000|100%| E|CS|TAMS 0x000000070ae00000| PB 0x000000070ae00000| Complete 
|  49|0x000000070b000000, 0x000000070b200000, 0x000000070b200000|100%| E|CS|TAMS 0x000000070b000000| PB 0x000000070b000000| Complete 
|  50|0x000000070b200000, 0x000000070b400000, 0x000000070b400000|100%| E|CS|TAMS 0x000000070b200000| PB 0x000000070b200000| Complete 
|  51|0x000000070b400000, 0x000000070b600000, 0x000000070b600000|100%| E|CS|TAMS 0x000000070b400000| PB 0x000000070b400000| Complete 
|  52|0x000000070b600000, 0x000000070b800000, 0x000000070b800000|100%| E|CS|TAMS 0x000000070b600000| PB 0x000000070b600000| Complete 
|  53|0x000000070b800000, 0x000000070ba00000, 0x000000070ba00000|100%| E|CS|TAMS 0x000000070b800000| PB 0x000000070b800000| Complete 
|  54|0x000000070ba00000, 0x000000070bc00000, 0x000000070bc00000|100%| E|CS|TAMS 0x000000070ba00000| PB 0x000000070ba00000| Complete 
|  55|0x000000070bc00000, 0x000000070be00000, 0x000000070be00000|100%| E|CS|TAMS 0x000000070bc00000| PB 0x000000070bc00000| Complete 
|  56|0x000000070be00000, 0x000000070c000000, 0x000000070c000000|100%| E|CS|TAMS 0x000000070be00000| PB 0x000000070be00000| Complete 
|  57|0x000000070c000000, 0x000000070c200000, 0x000000070c200000|100%| E|CS|TAMS 0x000000070c000000| PB 0x000000070c000000| Complete 
|  58|0x000000070c200000, 0x000000070c400000, 0x000000070c400000|100%| E|CS|TAMS 0x000000070c200000| PB 0x000000070c200000| Complete 
|  59|0x000000070c400000, 0x000000070c5524d8, 0x000000070c600000| 66%| S|CS|TAMS 0x000000070c400000| PB 0x000000070c400000| Complete 
|  84|0x000000070f600000, 0x000000070f800000, 0x000000070f800000|100%| E|CS|TAMS 0x000000070f600000| PB 0x000000070f600000| Complete 
| 124|0x0000000714600000, 0x0000000714800000, 0x0000000714800000|100%| E|CS|TAMS 0x0000000714600000| PB 0x0000000714600000| Complete 
| 125|0x0000000714800000, 0x0000000714a00000, 0x0000000714a00000|100%| E|CS|TAMS 0x0000000714800000| PB 0x0000000714800000| Complete 
|2005|0x00000007ff800000, 0x00000007ff8d9c00, 0x00000007ffa00000| 42%| O|  |TAMS 0x00000007ff800000| PB 0x00000007ff800000| Untracked 
|2006|0x00000007ffa00000, 0x00000007ffc00000, 0x00000007ffc00000|100%| O|  |TAMS 0x00000007ffa00000| PB 0x00000007ffa00000| Untracked 
|2007|0x00000007ffc00000, 0x00000007ffe00000, 0x00000007ffe00000|100%| O|  |TAMS 0x00000007ffc00000| PB 0x00000007ffc00000| Complete 
|2008|0x00000007ffe00000, 0x0000000800000000, 0x0000000800000000|100%| O|  |TAMS 0x00000007ffe00000| PB 0x00000007ffe00000| Complete 

Card table byte_map: [0x00000268fc7d0000,0x00000268fcfb0000] _byte_map_base: 0x00000268f8fa9000

Marking Bits: (CMBitMap*) 0x00000268eeecc0a0
 Bits: [0x0000026880000000, 0x0000026883ec8000)

Polling page: 0x00000268eef20000

Metaspace:

Usage:
  Non-class:     69.56 MB used.
      Class:     11.16 MB used.
       Both:     80.71 MB used.

Virtual space:
  Non-class space:      128.00 MB reserved,      70.19 MB ( 55%) committed,  2 nodes.
      Class space:        1.00 GB reserved,      11.69 MB (  1%) committed,  1 nodes.
             Both:        1.12 GB reserved,      81.88 MB (  7%) committed. 

Chunk freelists:
   Non-Class:  1.27 MB
       Class:  352.00 KB
        Both:  1.61 MB

MaxMetaspaceSize: unlimited
CompressedClassSpaceSize: 1.00 GB
Initial GC threshold: 21.00 MB
Current GC threshold: 127.19 MB
CDS: on
MetaspaceReclaimPolicy: balanced
 - commit_granule_bytes: 65536.
 - commit_granule_words: 8192.
 - virtual_space_node_default_size: 8388608.
 - enlarge_chunks_in_place: 1.
 - new_chunks_are_fully_committed: 0.
 - uncommit_free_chunks: 1.
 - use_allocation_guard: 0.


Internal statistics:

num_allocs_failed_limit: 9.
num_arena_births: 1926.
num_arena_deaths: 10.
num_vsnodes_births: 3.
num_vsnodes_deaths: 0.
num_space_committed: 1310.
num_space_uncommitted: 0.
num_chunks_returned_to_freelist: 24.
num_chunks_taken_from_freelist: 4968.
num_chunk_merges: 12.
num_chunk_splits: 3564.
num_chunks_enlarged: 2617.
num_inconsistent_stats: 0.

CodeCache: size=49152Kb used=15964Kb max_used=17555Kb free=33188Kb
 bounds [0x00000268f8700000, 0x00000268f9830000, 0x00000268fb700000]
 total_blobs=8322 nmethods=7333 adapters=913
 compilation: enabled
              stopped_count=0, restarted_count=0
 full_count=0

Compilation events (20 events):
Event: 72.723 Thread 0x00000268841bb410 8217   !   1       java.util.concurrent.ThreadPoolExecutor::getTask (177 bytes)
Event: 72.725 Thread 0x00000268841bb410 nmethod 8217 0x00000268f8993f10 code [0x00000268f8994100, 0x00000268f8994650]
Event: 73.611 Thread 0x00000268841bb410 8218       1       java.util.concurrent.ThreadPoolExecutor::afterExecute (1 bytes)
Event: 73.611 Thread 0x00000268841bb410 nmethod 8218 0x00000268f8993c10 code [0x00000268f8993d80, 0x00000268f8993e48]
Event: 74.095 Thread 0x00000268841bb410 8219       1       java.util.concurrent.LinkedBlockingQueue::dequeue (32 bytes)
Event: 74.095 Thread 0x00000268841bb410 nmethod 8219 0x00000268f8993790 code [0x00000268f8993920, 0x00000268f8993b08]
Event: 74.095 Thread 0x00000268841bb410 8220       1       java.util.concurrent.atomic.AtomicInteger::getAndDecrement (12 bytes)
Event: 74.095 Thread 0x00000268841bb410 nmethod 8220 0x00000268f8993490 code [0x00000268f8993600, 0x00000268f89936d8]
Event: 82.737 Thread 0x00000268841bb410 8221       1       org.apache.catalina.webresources.Cache$$Lambda$1735/0x0000000801a19fa0::applyAsLong (8 bytes)
Event: 82.737 Thread 0x00000268841bb410 nmethod 8221 0x00000268f8993110 code [0x00000268f89932a0, 0x00000268f89933b8]
Event: 82.737 Thread 0x00000268841bb410 8222       1       org.apache.catalina.LifecycleEvent::getType (5 bytes)
Event: 82.738 Thread 0x00000268841bb410 nmethod 8222 0x00000268f8992e10 code [0x00000268f8992f80, 0x00000268f8993050]
Event: 88.604 Thread 0x00000268841bb410 8223       1       java.util.concurrent.ThreadPoolExecutor::getQueue (5 bytes)
Event: 88.604 Thread 0x00000268841bb410 nmethod 8223 0x00000268f8992b10 code [0x00000268f8992c80, 0x00000268f8992d50]
Event: 96.324 Thread 0x00000268841bb410 8224       1       java.util.concurrent.atomic.AtomicLong::set (12 bytes)
Event: 96.325 Thread 0x00000268841bb410 nmethod 8224 0x00000268f8992810 code [0x00000268f8992980, 0x00000268f8992a68]
Event: 102.399 Thread 0x00000268841bb410 8225       1       java.nio.channels.spi.AbstractSelector::isOpen (13 bytes)
Event: 102.400 Thread 0x00000268841bb410 nmethod 8225 0x00000268f8992510 code [0x00000268f8992680, 0x00000268f8992760]
Event: 108.424 Thread 0x00000268841bb410 8226       1       java.util.HashMap$KeySet::contains (9 bytes)
Event: 108.424 Thread 0x00000268841bb410 nmethod 8226 0x00000268f8992210 code [0x00000268f89923a0, 0x00000268f89924a0]

GC Heap History (20 events):
Event: 3.946 GC heap before
{Heap before GC invocations=18 (full 0):
 garbage-first heap   total 92160K, used 75680K [0x0000000704e00000, 0x0000000800000000)
  region size 2048K, 27 young (55296K), 3 survivors (6144K)
 Metaspace       used 57517K, committed 58176K, reserved 1114112K
  class space    used 7866K, committed 8192K, reserved 1048576K
}
Event: 3.954 GC heap after
{Heap after GC invocations=19 (full 0):
 garbage-first heap   total 92160K, used 29208K [0x0000000704e00000, 0x0000000800000000)
  region size 2048K, 3 young (6144K), 3 survivors (6144K)
 Metaspace       used 57517K, committed 58176K, reserved 1114112K
  class space    used 7866K, committed 8192K, reserved 1048576K
}
Event: 4.229 GC heap before
{Heap before GC invocations=19 (full 0):
 garbage-first heap   total 92160K, used 76312K [0x0000000704e00000, 0x0000000800000000)
  region size 2048K, 26 young (53248K), 3 survivors (6144K)
 Metaspace       used 61721K, committed 62400K, reserved 1114112K
  class space    used 8526K, committed 8832K, reserved 1048576K
}
Event: 4.231 GC heap after
{Heap after GC invocations=20 (full 0):
 garbage-first heap   total 92160K, used 29829K [0x0000000704e00000, 0x0000000800000000)
  region size 2048K, 3 young (6144K), 3 survivors (6144K)
 Metaspace       used 61721K, committed 62400K, reserved 1114112K
  class space    used 8526K, committed 8832K, reserved 1048576K
}
Event: 4.498 GC heap before
{Heap before GC invocations=20 (full 0):
 garbage-first heap   total 92160K, used 74885K [0x0000000704e00000, 0x0000000800000000)
  region size 2048K, 26 young (53248K), 3 survivors (6144K)
 Metaspace       used 65754K, committed 66432K, reserved 1114112K
  class space    used 9063K, committed 9344K, reserved 1048576K
}
Event: 4.502 GC heap after
{Heap after GC invocations=21 (full 0):
 garbage-first heap   total 92160K, used 31356K [0x0000000704e00000, 0x0000000800000000)
  region size 2048K, 3 young (6144K), 3 survivors (6144K)
 Metaspace       used 65754K, committed 66432K, reserved 1114112K
  class space    used 9063K, committed 9344K, reserved 1048576K
}
Event: 4.767 GC heap before
{Heap before GC invocations=22 (full 0):
 garbage-first heap   total 92160K, used 78460K [0x0000000704e00000, 0x0000000800000000)
  region size 2048K, 26 young (53248K), 3 survivors (6144K)
 Metaspace       used 66938K, committed 67712K, reserved 1114112K
  class space    used 9293K, committed 9664K, reserved 1048576K
}
Event: 4.770 GC heap after
{Heap after GC invocations=23 (full 0):
 garbage-first heap   total 110592K, used 33089K [0x0000000704e00000, 0x0000000800000000)
  region size 2048K, 3 young (6144K), 3 survivors (6144K)
 Metaspace       used 66938K, committed 67712K, reserved 1114112K
  class space    used 9293K, committed 9664K, reserved 1048576K
}
Event: 5.038 GC heap before
{Heap before GC invocations=23 (full 0):
 garbage-first heap   total 110592K, used 92481K [0x0000000704e00000, 0x0000000800000000)
  region size 2048K, 32 young (65536K), 3 survivors (6144K)
 Metaspace       used 68960K, committed 69760K, reserved 1114112K
  class space    used 9543K, committed 9920K, reserved 1048576K
}
Event: 5.045 GC heap after
{Heap after GC invocations=24 (full 0):
 garbage-first heap   total 110592K, used 39813K [0x0000000704e00000, 0x0000000800000000)
  region size 2048K, 4 young (8192K), 4 survivors (8192K)
 Metaspace       used 68960K, committed 69760K, reserved 1114112K
  class space    used 9543K, committed 9920K, reserved 1048576K
}
Event: 5.148 GC heap before
{Heap before GC invocations=24 (full 0):
 garbage-first heap   total 110592K, used 91013K [0x0000000704e00000, 0x0000000800000000)
  region size 2048K, 30 young (61440K), 4 survivors (8192K)
 Metaspace       used 69061K, committed 69888K, reserved 1114112K
  class space    used 9557K, committed 9920K, reserved 1048576K
}
Event: 5.157 GC heap after
{Heap after GC invocations=25 (full 0):
 garbage-first heap   total 114688K, used 52145K [0x0000000704e00000, 0x0000000800000000)
  region size 2048K, 4 young (8192K), 4 survivors (8192K)
 Metaspace       used 69061K, committed 69888K, reserved 1114112K
  class space    used 9557K, committed 9920K, reserved 1048576K
}
Event: 5.332 GC heap before
{Heap before GC invocations=26 (full 0):
 garbage-first heap   total 131072K, used 93105K [0x0000000704e00000, 0x0000000800000000)
  region size 2048K, 25 young (51200K), 4 survivors (8192K)
 Metaspace       used 69578K, committed 70400K, reserved 1114112K
  class space    used 9649K, committed 10048K, reserved 1048576K
}
Event: 5.335 GC heap after
{Heap after GC invocations=27 (full 0):
 garbage-first heap   total 131072K, used 50817K [0x0000000704e00000, 0x0000000800000000)
  region size 2048K, 1 young (2048K), 1 survivors (2048K)
 Metaspace       used 69578K, committed 70400K, reserved 1114112K
  class space    used 9649K, committed 10048K, reserved 1048576K
}
Event: 13.122 GC heap before
{Heap before GC invocations=27 (full 0):
 garbage-first heap   total 131072K, used 112257K [0x0000000704e00000, 0x0000000800000000)
  region size 2048K, 31 young (63488K), 1 survivors (2048K)
 Metaspace       used 74095K, committed 75072K, reserved 1114112K
  class space    used 10288K, committed 10752K, reserved 1048576K
}
Event: 13.131 GC heap after
{Heap after GC invocations=28 (full 0):
 garbage-first heap   total 131072K, used 52529K [0x0000000704e00000, 0x0000000800000000)
  region size 2048K, 2 young (4096K), 2 survivors (4096K)
 Metaspace       used 74095K, committed 75072K, reserved 1114112K
  class space    used 10288K, committed 10752K, reserved 1048576K
}
Event: 13.427 GC heap before
{Heap before GC invocations=28 (full 0):
 garbage-first heap   total 131072K, used 81201K [0x0000000704e00000, 0x0000000800000000)
  region size 2048K, 18 young (36864K), 2 survivors (4096K)
 Metaspace       used 76464K, committed 77504K, reserved 1179648K
  class space    used 10624K, committed 11136K, reserved 1048576K
}
Event: 13.433 GC heap after
{Heap after GC invocations=29 (full 0):
 garbage-first heap   total 131072K, used 57244K [0x0000000704e00000, 0x0000000800000000)
  region size 2048K, 4 young (8192K), 4 survivors (8192K)
 Metaspace       used 76464K, committed 77504K, reserved 1179648K
  class space    used 10624K, committed 11136K, reserved 1048576K
}
Event: 13.965 GC heap before
{Heap before GC invocations=30 (full 0):
 garbage-first heap   total 131072K, used 120732K [0x0000000704e00000, 0x0000000800000000)
  region size 2048K, 32 young (65536K), 4 survivors (8192K)
 Metaspace       used 79596K, committed 80768K, reserved 1179648K
  class space    used 10987K, committed 11520K, reserved 1048576K
}
Event: 13.972 GC heap after
{Heap after GC invocations=31 (full 0):
 garbage-first heap   total 137216K, used 61616K [0x0000000704e00000, 0x0000000800000000)
  region size 2048K, 3 young (6144K), 3 survivors (6144K)
 Metaspace       used 79596K, committed 80768K, reserved 1179648K
  class space    used 10987K, committed 11520K, reserved 1048576K
}

Dll operation events (13 events):
Event: 0.006 Loaded shared library C:\Program Files\Java\jdk-20\bin\java.dll
Event: 0.015 Loaded shared library C:\Program Files\Java\jdk-20\bin\jsvml.dll
Event: 0.224 Loaded shared library C:\Program Files\Java\jdk-20\bin\zip.dll
Event: 0.226 Loaded shared library C:\Program Files\Java\jdk-20\bin\instrument.dll
Event: 0.230 Loaded shared library C:\Program Files\Java\jdk-20\bin\net.dll
Event: 0.231 Loaded shared library C:\Program Files\Java\jdk-20\bin\nio.dll
Event: 0.233 Loaded shared library C:\Program Files\Java\jdk-20\bin\zip.dll
Event: 0.313 Loaded shared library C:\Program Files\Java\jdk-20\bin\jimage.dll
Event: 0.363 Loaded shared library C:\Program Files\Java\jdk-20\bin\management.dll
Event: 0.369 Loaded shared library C:\Program Files\Java\jdk-20\bin\management_ext.dll
Event: 0.530 Loaded shared library C:\Program Files\Java\jdk-20\bin\extnet.dll
Event: 0.550 Loaded shared library C:\Program Files\Java\jdk-20\bin\verify.dll
Event: 2.522 Loaded shared library C:\Program Files\Java\jdk-20\bin\sunmscapi.dll

Deoptimization events (20 events):
Event: 15.553 Thread 0x000002688ace4b20 DEOPT PACKING pc=0x00000268f949e2e4 sp=0x0000009f293fb810
Event: 15.553 Thread 0x000002688ace4b20 DEOPT UNPACKING pc=0x00000268f876e462 sp=0x0000009f293facd0 mode 1
Event: 15.553 Thread 0x000002688ace4b20 DEOPT PACKING pc=0x00000268f899eccc sp=0x0000009f293fb700
Event: 15.553 Thread 0x000002688ace4b20 DEOPT UNPACKING pc=0x00000268f876e462 sp=0x0000009f293fac58 mode 1
Event: 15.553 Thread 0x000002688ace4b20 DEOPT PACKING pc=0x00000268f949e2e4 sp=0x0000009f293fb810
Event: 15.553 Thread 0x000002688ace4b20 DEOPT UNPACKING pc=0x00000268f876e462 sp=0x0000009f293facd0 mode 1
Event: 15.553 Thread 0x000002688ace4b20 DEOPT PACKING pc=0x00000268f8fb6224 sp=0x0000009f293fac00
Event: 15.553 Thread 0x000002688ace4b20 DEOPT UNPACKING pc=0x00000268f876e462 sp=0x0000009f293fa138 mode 1
Event: 15.553 Thread 0x000002688ace4b20 DEOPT PACKING pc=0x00000268f8fb747c sp=0x0000009f293facf0
Event: 15.553 Thread 0x000002688ace4b20 DEOPT UNPACKING pc=0x00000268f876e462 sp=0x0000009f293fa2a0 mode 1
Event: 15.553 Thread 0x000002688ace4b20 DEOPT PACKING pc=0x00000268f8fb43b4 sp=0x0000009f293fae60
Event: 15.553 Thread 0x000002688ace4b20 DEOPT UNPACKING pc=0x00000268f876e462 sp=0x0000009f293fa420 mode 1
Event: 15.553 Thread 0x000002688ace4b20 DEOPT PACKING pc=0x00000268f8fb6224 sp=0x0000009f293fabf0
Event: 15.553 Thread 0x000002688ace4b20 DEOPT UNPACKING pc=0x00000268f876e462 sp=0x0000009f293fa128 mode 1
Event: 15.553 Thread 0x000002688ace4b20 DEOPT PACKING pc=0x00000268f8fb747c sp=0x0000009f293face0
Event: 15.553 Thread 0x000002688ace4b20 DEOPT UNPACKING pc=0x00000268f876e462 sp=0x0000009f293fa290 mode 1
Event: 15.553 Thread 0x000002688ace4b20 DEOPT PACKING pc=0x00000268f8fb43b4 sp=0x0000009f293fae50
Event: 15.553 Thread 0x000002688ace4b20 DEOPT UNPACKING pc=0x00000268f876e462 sp=0x0000009f293fa410 mode 1
Event: 114.654 Thread 0x000002688ace4b20 DEOPT PACKING pc=0x00000268f97b5b24 sp=0x0000009f293fbda0
Event: 114.654 Thread 0x000002688ace4b20 DEOPT UNPACKING pc=0x00000268f876e462 sp=0x0000009f293fb248 mode 0

Classes loaded (20 events):
Event: 13.823 Loading class java/util/Collections$UnmodifiableListBeanInfo
Event: 13.823 Loading class java/util/Collections$UnmodifiableListBeanInfo done
Event: 13.824 Loading class java/util/Collections$UnmodifiableListBeanInfo
Event: 13.824 Loading class java/util/Collections$UnmodifiableListBeanInfo done
Event: 13.824 Loading class java/util/Collections$UnmodifiableListCustomizer
Event: 13.824 Loading class java/util/Collections$UnmodifiableListCustomizer done
Event: 13.824 Loading class java/util/Collections$UnmodifiableListCustomizer
Event: 13.824 Loading class java/util/Collections$UnmodifiableListCustomizer done
Event: 13.825 Loading class java/util/Collections$UnmodifiableRandomAccessListCustomizer
Event: 13.825 Loading class java/util/Collections$UnmodifiableRandomAccessListCustomizer done
Event: 13.826 Loading class java/util/Collections$UnmodifiableRandomAccessListCustomizer
Event: 13.826 Loading class java/util/Collections$UnmodifiableRandomAccessListCustomizer done
Event: 13.973 Loading class java/util/concurrent/locks/ReentrantReadWriteLock$Sync$HoldCounter
Event: 13.973 Loading class java/util/concurrent/locks/ReentrantReadWriteLock$Sync$HoldCounter done
Event: 13.979 Loading class java/util/ArrayList$SubList$2
Event: 13.980 Loading class java/util/ArrayList$SubList$2 done
Event: 13.989 Loading class java/time/format/DateTimeFormatterBuilder$ZoneTextPrinterParser
Event: 13.989 Loading class java/time/format/DateTimeFormatterBuilder$ZoneTextPrinterParser done
Event: 13.989 Loading class java/time/format/DateTimeFormatterBuilder$ReducedPrinterParser
Event: 13.990 Loading class java/time/format/DateTimeFormatterBuilder$ReducedPrinterParser done

Classes unloaded (5 events):
Event: 13.459 Thread 0x0000026884184cd0 Unloading class 0x0000000801941400 'jdk/internal/reflect/GeneratedSerializationConstructorAccessor22'
Event: 13.459 Thread 0x0000026884184cd0 Unloading class 0x0000000801941000 'jdk/internal/reflect/GeneratedSerializationConstructorAccessor21'
Event: 13.459 Thread 0x0000026884184cd0 Unloading class 0x0000000801940c00 'jdk/internal/reflect/GeneratedSerializationConstructorAccessor20'
Event: 13.459 Thread 0x0000026884184cd0 Unloading class 0x0000000801940800 'jdk/internal/reflect/GeneratedSerializationConstructorAccessor19'
Event: 13.459 Thread 0x0000026884184cd0 Unloading class 0x0000000801940000 'jdk/internal/reflect/GeneratedSerializationConstructorAccessor18'

Classes redefined (1 events):
Event: 114.672 Thread 0x0000026884184cd0 redefined class name=com.example.demo.controller.admin.AdminEventController, count=1

Internal exceptions (20 events):
Event: 13.826 Thread 0x000002688ace10b0 Exception <a 'java/lang/ClassNotFoundException'{0x000000070921a258}: java/util/Collections$UnmodifiableRandomAccessListCustomizer> (0x000000070921a258) 
thrown [s\open\src\hotspot\share\classfile\systemDictionary.cpp, line 305]
Event: 13.939 Thread 0x000002688ace10b0 Exception <a 'java/lang/ClassNotFoundException'{0x0000000708a99ba8}: org/thymeleaf/model/AttributeValueQuotesBeanInfo> (0x0000000708a99ba8) 
thrown [s\open\src\hotspot\share\classfile\systemDictionary.cpp, line 305]
Event: 13.940 Thread 0x000002688ace10b0 Exception <a 'java/lang/ClassNotFoundException'{0x0000000708aa2c30}: org/thymeleaf/model/AttributeValueQuotesCustomizer> (0x0000000708aa2c30) 
thrown [s\open\src\hotspot\share\classfile\systemDictionary.cpp, line 305]
Event: 13.940 Thread 0x000002688ace10b0 Exception <a 'java/lang/NoSuchMethodError'{0x0000000708aaa500}: 'java.lang.Object java.lang.invoke.DirectMethodHandle$Holder.invokeInterface(java.lang.Object, java.lang.Object, java.lang.Object, java.lang.Object, java.lang.Object, int)'> (0x0000000708aaa500) 
thrown [s\open\src\hotspot\share\interpreter\linkResolver.cpp, line 773]
Event: 13.944 Thread 0x000002688ace10b0 Exception <a 'java/lang/NoSuchMethodError'{0x0000000708aef898}: 'java.lang.Object java.lang.invoke.Invokers$Holder.linkToCallSite(java.lang.Object, java.lang.Object, int, java.lang.Object)'> (0x0000000708aef898) 
thrown [s\open\src\hotspot\share\interpreter\linkResolver.cpp, line 773]
Event: 13.946 Thread 0x000002688ace10b0 Exception <a 'java/lang/ClassNotFoundException'{0x0000000708b07208}: org/thymeleaf/engine/ElementTagStructureHandlerBeanInfo> (0x0000000708b07208) 
thrown [s\open\src\hotspot\share\classfile\systemDictionary.cpp, line 305]
Event: 13.947 Thread 0x000002688ace10b0 Exception <a 'java/lang/ClassNotFoundException'{0x0000000708b10570}: org/thymeleaf/engine/ElementTagStructureHandlerCustomizer> (0x0000000708b10570) 
thrown [s\open\src\hotspot\share\classfile\systemDictionary.cpp, line 305]
Event: 13.948 Thread 0x000002688ace10b0 Exception <a 'java/lang/NoSuchMethodError'{0x0000000708b23e78}: 'void java.lang.invoke.DirectMethodHandle$Holder.invokeInterface(java.lang.Object, java.lang.Object, java.lang.Object, int)'> (0x0000000708b23e78) 
thrown [s\open\src\hotspot\share\interpreter\linkResolver.cpp, line 773]
Event: 13.948 Thread 0x000002688ace10b0 Exception <a 'java/lang/NoSuchMethodError'{0x0000000708b28168}: 'void java.lang.invoke.DirectMethodHandle$Holder.invokeSpecial(java.lang.Object, java.lang.Object, java.lang.Object, java.lang.Object, int)'> (0x0000000708b28168) 
thrown [s\open\src\hotspot\share\interpreter\linkResolver.cpp, line 773]
Event: 13.948 Thread 0x000002688ace10b0 Exception <a 'java/lang/NoSuchMethodError'{0x0000000708b2be60}: 'void java.lang.invoke.DelegatingMethodHandle$Holder.reinvoke_L(java.lang.Object, java.lang.Object, java.lang.Object, int)'> (0x0000000708b2be60) 
thrown [s\open\src\hotspot\share\interpreter\linkResolver.cpp, line 773]
Event: 13.948 Thread 0x000002688ace10b0 Exception <a 'java/lang/NoSuchMethodError'{0x0000000708b35ac8}: 'java.lang.Object java.lang.invoke.DelegatingMethodHandle$Holder.delegate(java.lang.Object, java.lang.Object, java.lang.Object, java.lang.Object, int)'> (0x0000000708b35ac8) 
thrown [s\open\src\hotspot\share\interpreter\linkResolver.cpp, line 773]
Event: 13.949 Thread 0x000002688ace10b0 Exception <a 'java/lang/NoSuchMethodError'{0x0000000708b44e60}: 'int java.lang.invoke.DirectMethodHandle$Holder.invokeSpecial(java.lang.Object, java.lang.Object, java.lang.Object, java.lang.Object, int)'> (0x0000000708b44e60) 
thrown [s\open\src\hotspot\share\interpreter\linkResolver.cpp, line 773]
Event: 13.978 Thread 0x000002688ace25f0 Exception <a 'java/lang/NoSuchMethodError'{0x00000007148f2c50}: 'java.lang.Object java.lang.invoke.DirectMethodHandle$Holder.invokeStatic(java.lang.Object, int, int)'> (0x00000007148f2c50) 
thrown [s\open\src\hotspot\share\interpreter\linkResolver.cpp, line 773]
Event: 13.978 Thread 0x000002688ace4080 Exception <a 'java/lang/NoSuchMethodError'{0x00000007148c8820}: 'java.lang.Object java.lang.invoke.DirectMethodHandle$Holder.invokeStatic(java.lang.Object, int, int)'> (0x00000007148c8820) 
thrown [s\open\src\hotspot\share\interpreter\linkResolver.cpp, line 773]
Event: 13.978 Thread 0x000002688ace7af0 Exception <a 'java/lang/NoSuchMethodError'{0x00000007148a54c0}: 'java.lang.Object java.lang.invoke.DirectMethodHandle$Holder.invokeStatic(java.lang.Object, int, int)'> (0x00000007148a54c0) 
thrown [s\open\src\hotspot\share\interpreter\linkResolver.cpp, line 773]
Event: 13.978 Thread 0x000002688ace00c0 Exception <a 'java/lang/NoSuchMethodError'{0x000000071488d3f0}: 'java.lang.Object java.lang.invoke.DirectMethodHandle$Holder.invokeStatic(java.lang.Object, int, int)'> (0x000000071488d3f0) 
thrown [s\open\src\hotspot\share\interpreter\linkResolver.cpp, line 773]
Event: 13.978 Thread 0x000002688ace1600 Exception <a 'java/lang/NoSuchMethodError'{0x0000000714862038}: 'java.lang.Object java.lang.invoke.DirectMethodHandle$Holder.invokeStatic(java.lang.Object, int, int)'> (0x0000000714862038) 
thrown [s\open\src\hotspot\share\interpreter\linkResolver.cpp, line 773]
Event: 13.978 Thread 0x000002688ace20a0 Exception <a 'java/lang/NoSuchMethodError'{0x00000007148df060}: 'java.lang.Object java.lang.invoke.DirectMethodHandle$Holder.invokeStatic(java.lang.Object, int, int)'> (0x00000007148df060) 
thrown [s\open\src\hotspot\share\interpreter\linkResolver.cpp, line 773]
Event: 15.393 Thread 0x000002688ace35e0 Exception <a 'java/lang/NoSuchMethodError'{0x000000070ac9fe60}: 'void java.lang.invoke.DirectMethodHandle$Holder.invokeSpecialIFC(java.lang.Object, java.lang.Object, int, java.lang.Object, java.lang.Object, java.lang.Object, java.lang.Object)'> (0x000000070ac9fe60) 
thrown [s\open\src\hotspot\share\interpreter\linkResolver.cpp, line 773]
Event: 15.411 Thread 0x000002688ace35e0 Exception <a 'java/lang/IncompatibleClassChangeError'{0x000000070ab13d28}: Found class java.lang.Object, but interface was expected> (0x000000070ab13d28) 
thrown [s\open\src\hotspot\share\interpreter\linkResolver.cpp, line 840]

VM Operations (20 events):
Event: 36.945 Executing VM operation: Cleanup
Event: 36.945 Executing VM operation: Cleanup done
Event: 63.243 Executing VM operation: Cleanup
Event: 63.243 Executing VM operation: Cleanup done
Event: 71.304 Executing VM operation: Cleanup
Event: 71.304 Executing VM operation: Cleanup done
Event: 74.342 Executing VM operation: Cleanup
Event: 74.343 Executing VM operation: Cleanup done
Event: 76.370 Executing VM operation: Cleanup
Event: 76.371 Executing VM operation: Cleanup done
Event: 106.365 Executing VM operation: get/set locals
Event: 106.365 Executing VM operation: get/set locals done
Event: 114.653 Executing VM operation: ChangeSingleStep
Event: 114.653 Executing VM operation: ChangeSingleStep done
Event: 114.654 Executing VM operation: ChangeSingleStep
Event: 114.654 Executing VM operation: ChangeSingleStep done
Event: 114.667 Executing VM operation: RedefineClasses
Event: 114.686 Executing VM operation: RedefineClasses done
Event: 114.688 Executing VM operation: ChangeSingleStep
Event: 114.688 Executing VM operation: ChangeSingleStep done

Events (20 events):
Event: 13.470 Thread 0x0000026884184cd0 flushing nmethod 0x00000268f8b09190
Event: 13.470 Thread 0x0000026884184cd0 flushing nmethod 0x00000268f8b21e10
Event: 13.470 Thread 0x0000026884184cd0 flushing nmethod 0x00000268f8aea890
Event: 13.470 Thread 0x0000026884184cd0 flushing nmethod 0x00000268f8ae4d10
Event: 13.470 Thread 0x0000026884184cd0 flushing nmethod 0x00000268f8aa7890
Event: 13.470 Thread 0x0000026884184cd0 flushing nmethod 0x00000268f8a6c910
Event: 13.470 Thread 0x0000026884184cd0 flushing nmethod 0x00000268f8a6c610
Event: 13.470 Thread 0x0000026884184cd0 flushing nmethod 0x00000268f8a57b10
Event: 13.470 Thread 0x0000026884184cd0 flushing nmethod 0x00000268f8a31f10
Event: 13.470 Thread 0x0000026884184cd0 flushing nmethod 0x00000268f8a30b10
Event: 13.470 Thread 0x0000026884184cd0 flushing nmethod 0x00000268f8a2ca90
Event: 13.553 Thread 0x000002688ace65b0 Thread added: 0x000002688ace65b0
Event: 13.554 Thread 0x000002688ace3090 Thread added: 0x000002688ace3090
Event: 13.573 Thread 0x0000026889e349e0 Thread added: 0x0000026889e349e0
Event: 13.575 Thread 0x0000026889e37660 Thread added: 0x0000026889e37660
Event: 15.134 Thread 0x0000026889e37660 Thread exited: 0x0000026889e37660
Event: 20.569 Thread 0x0000026889e349e0 Thread exited: 0x0000026889e349e0
Event: 24.008 Thread 0x0000026888dfc3a0 Thread exited: 0x0000026888dfc3a0
Event: 73.626 Thread 0x000002688ace65b0 Thread exited: 0x000002688ace65b0
Event: 91.013 Thread 0x000002688973d1c0 Thread exited: 0x000002688973d1c0


Dynamic libraries:
0x00007ff6f7fa0000 - 0x00007ff6f7fb0000 	C:\Program Files\Java\jdk-20\bin\javaw.exe
0x00007fffc9b30000 - 0x00007fffc9d28000 	C:\WINDOWS\SYSTEM32\ntdll.dll
0x00007fffc87b0000 - 0x00007fffc886f000 	C:\WINDOWS\System32\KERNEL32.DLL
0x00007fffc7670000 - 0x00007fffc7966000 	C:\WINDOWS\System32\KERNELBASE.dll
0x00007fffc7410000 - 0x00007fffc7510000 	C:\WINDOWS\System32\ucrtbase.dll
0x00007fffbc050000 - 0x00007fffbc069000 	C:\Program Files\Java\jdk-20\bin\jli.dll
0x00007fffa88f0000 - 0x00007fffa890b000 	C:\Program Files\Java\jdk-20\bin\VCRUNTIME140.dll
0x00007fffc8870000 - 0x00007fffc891f000 	C:\WINDOWS\System32\ADVAPI32.dll
0x00007fffc8930000 - 0x00007fffc89ce000 	C:\WINDOWS\System32\msvcrt.dll
0x00007fffc93d0000 - 0x00007fffc946c000 	C:\WINDOWS\System32\sechost.dll
0x00007fffc9890000 - 0x00007fffc99b6000 	C:\WINDOWS\System32\RPCRT4.dll
0x00007fffc9470000 - 0x00007fffc960d000 	C:\WINDOWS\System32\USER32.dll
0x00007fffc7970000 - 0x00007fffc7992000 	C:\WINDOWS\System32\win32u.dll
0x00007fffa7790000 - 0x00007fffa7a2a000 	C:\WINDOWS\WinSxS\amd64_microsoft.windows.common-controls_6595b64144ccf1df_6.0.19041.1110_none_60b5254171f9507e\COMCTL32.dll
0x00007fffc9620000 - 0x00007fffc964c000 	C:\WINDOWS\System32\GDI32.dll
0x00007fffc72c0000 - 0x00007fffc73d5000 	C:\WINDOWS\System32\gdi32full.dll
0x00007fffc7af0000 - 0x00007fffc7b8d000 	C:\WINDOWS\System32\msvcp_win.dll
0x00007fffbe570000 - 0x00007fffbe57a000 	C:\WINDOWS\SYSTEM32\VERSION.dll
0x00007fffc8fb0000 - 0x00007fffc8fe0000 	C:\WINDOWS\System32\IMM32.DLL
0x00007fffbf700000 - 0x00007fffbf70c000 	C:\Program Files\Java\jdk-20\bin\vcruntime140_1.dll
0x00007fff8e2d0000 - 0x00007fff8e35e000 	C:\Program Files\Java\jdk-20\bin\msvcp140.dll
0x00007fff5ec90000 - 0x00007fff5f927000 	C:\Program Files\Java\jdk-20\bin\server\jvm.dll
0x00007fffbc3f0000 - 0x00007fffbc417000 	C:\WINDOWS\SYSTEM32\WINMM.dll
0x00007fffbc630000 - 0x00007fffbc639000 	C:\WINDOWS\SYSTEM32\WSOCK32.dll
0x00007fffc8b80000 - 0x00007fffc8beb000 	C:\WINDOWS\System32\WS2_32.dll
0x00007fffc5a10000 - 0x00007fffc5a22000 	C:\WINDOWS\SYSTEM32\kernel.appcore.dll
0x00007fffbc040000 - 0x00007fffbc04a000 	C:\Program Files\Java\jdk-20\bin\jimage.dll
0x00007fffc5800000 - 0x00007fffc59e4000 	C:\WINDOWS\SYSTEM32\DBGHELP.DLL
0x00007fffa5270000 - 0x00007fffa52a4000 	C:\WINDOWS\SYSTEM32\dbgcore.DLL
0x00007fffc7a60000 - 0x00007fffc7ae2000 	C:\WINDOWS\System32\bcryptPrimitives.dll
0x00007fff9c4c0000 - 0x00007fff9c4fc000 	C:\Program Files\Java\jdk-20\bin\jdwp.dll
0x00007fffbbfa0000 - 0x00007fffbbfae000 	C:\Program Files\Java\jdk-20\bin\instrument.dll
0x00007fff9aeb0000 - 0x00007fff9aed6000 	C:\Program Files\Java\jdk-20\bin\java.dll
0x00007fff87b40000 - 0x00007fff87c17000 	C:\Program Files\Java\jdk-20\bin\jsvml.dll
0x00007fffc7bf0000 - 0x00007fffc8334000 	C:\WINDOWS\System32\SHELL32.dll
0x00007fffc4fa0000 - 0x00007fffc5733000 	C:\WINDOWS\SYSTEM32\windows.storage.dll
0x00007fffc8c50000 - 0x00007fffc8fa4000 	C:\WINDOWS\System32\combase.dll
0x00007fffc6c70000 - 0x00007fffc6c9e000 	C:\WINDOWS\SYSTEM32\Wldp.dll
0x00007fffc9a40000 - 0x00007fffc9aed000 	C:\WINDOWS\System32\SHCORE.dll
0x00007fffc99c0000 - 0x00007fffc9a15000 	C:\WINDOWS\System32\shlwapi.dll
0x00007fffc7150000 - 0x00007fffc716f000 	C:\WINDOWS\SYSTEM32\profapi.dll
0x00007fffbbd00000 - 0x00007fffbbd0c000 	C:\Program Files\Java\jdk-20\bin\dt_socket.dll
0x00007fffc6670000 - 0x00007fffc66ac000 	C:\WINDOWS\SYSTEM32\IPHLPAPI.DLL
0x00007fffc69d0000 - 0x00007fffc6a3a000 	C:\WINDOWS\system32\mswsock.dll
0x00007fffc66b0000 - 0x00007fffc677b000 	C:\WINDOWS\SYSTEM32\DNSAPI.dll
0x00007fffc8920000 - 0x00007fffc8928000 	C:\WINDOWS\System32\NSI.dll
0x00007fffbc330000 - 0x00007fffbc33a000 	C:\Windows\System32\rasadhlp.dll
0x00007fffbb830000 - 0x00007fffbb8b2000 	C:\WINDOWS\System32\fwpuclnt.dll
0x00007fffc73e0000 - 0x00007fffc7407000 	C:\WINDOWS\System32\bcrypt.dll
0x00007fff9a7d0000 - 0x00007fff9a7e8000 	C:\Program Files\Java\jdk-20\bin\zip.dll
0x00007fff986f0000 - 0x00007fff98703000 	C:\Program Files\Java\jdk-20\bin\net.dll
0x00007fffc15f0000 - 0x00007fffc16fa000 	C:\WINDOWS\SYSTEM32\WINHTTP.dll
0x00007fff95390000 - 0x00007fff953a6000 	C:\Program Files\Java\jdk-20\bin\nio.dll
0x00007fffbbc90000 - 0x00007fffbbc9a000 	C:\Program Files\Java\jdk-20\bin\management.dll
0x00007fffbb9b0000 - 0x00007fffbb9bb000 	C:\Program Files\Java\jdk-20\bin\management_ext.dll
0x00007fffc9610000 - 0x00007fffc9618000 	C:\WINDOWS\System32\PSAPI.DLL
0x00007fff88e60000 - 0x00007fff88e77000 	C:\WINDOWS\system32\napinsp.dll
0x00007fff8f430000 - 0x00007fff8f44b000 	C:\WINDOWS\system32\pnrpnsp.dll
0x00007fffc1e80000 - 0x00007fffc1e95000 	C:\WINDOWS\system32\wshbth.dll
0x00007fffc26f0000 - 0x00007fffc270d000 	C:\WINDOWS\system32\NLAapi.dll
0x00007fff92910000 - 0x00007fff92922000 	C:\WINDOWS\System32\winrnr.dll
0x00007fffc6bc0000 - 0x00007fffc6bd8000 	C:\WINDOWS\SYSTEM32\CRYPTSP.dll
0x00007fffc6250000 - 0x00007fffc6284000 	C:\WINDOWS\system32\rsaenh.dll
0x00007fffc70d0000 - 0x00007fffc70fe000 	C:\WINDOWS\SYSTEM32\USERENV.dll
0x00007fffc6be0000 - 0x00007fffc6bec000 	C:\WINDOWS\SYSTEM32\CRYPTBASE.dll
0x00007fffbe840000 - 0x00007fffbe857000 	C:\WINDOWS\SYSTEM32\dhcpcsvc6.DLL
0x00007fffbe7e0000 - 0x00007fffbe7fd000 	C:\WINDOWS\SYSTEM32\dhcpcsvc.DLL
0x00007fffa6e60000 - 0x00007fffa6e67000 	C:\Program Files\Java\jdk-20\bin\extnet.dll
0x00007fffa6d50000 - 0x00007fffa6d60000 	C:\Program Files\Java\jdk-20\bin\verify.dll
0x00007fffa5970000 - 0x00007fffa597e000 	C:\Program Files\Java\jdk-20\bin\sunmscapi.dll
0x00007fffc7510000 - 0x00007fffc766e000 	C:\WINDOWS\System32\CRYPT32.dll
0x00007fffc6ce0000 - 0x00007fffc6d08000 	C:\WINDOWS\SYSTEM32\ncrypt.dll
0x00007fffc6ca0000 - 0x00007fffc6cdb000 	C:\WINDOWS\SYSTEM32\NTASN1.dll
0x00007fffa44a0000 - 0x00007fffa44a7000 	C:\WINDOWS\system32\wshunix.dll

dbghelp: loaded successfully - version: 4.0.5 - missing functions: none
symbol engine: initialized successfully - sym options: 0x614 - pdb path: .;C:\Program Files\Java\jdk-20\bin;C:\WINDOWS\SYSTEM32;C:\WINDOWS\WinSxS\amd64_microsoft.windows.common-controls_6595b64144ccf1df_6.0.19041.1110_none_60b5254171f9507e;C:\Program Files\Java\jdk-20\bin\server

VM Arguments:
jvm_args: -XX:+ShowCodeDetailsInExceptionMessages -agentlib:jdwp=transport=dt_socket,suspend=y,address=localhost:53741 -Dcom.sun.management.jmxremote -Dcom.sun.management.jmxremote.port=53740 -Dcom.sun.management.jmxremote.authenticate=false -Dcom.sun.management.jmxremote.ssl=false -Djava.rmi.server.hostname=localhost -Dspring.jmx.enabled=true -Dmanagement.endpoints.jmx.exposure.include=* -Dspring.application.admin.enabled=true -XX:TieredStopAtLevel=1 -Dspring.boot.project.name=enkai -javaagent:C:\pleiades\eclipse\configuration\org.eclipse.osgi\231\0\.cp\lib\javaagent-shaded.jar -Dfile.encoding=UTF-8 
java_command: com.example.demo.EnkaiApplication --spring.output.ansi.enabled=always
java_class_path (initial): C:\pleiades\workspace\enkai\target\classes;C:\Users\no1s\.m2\repository\org\springframework\boot\spring-boot-starter-data-jpa\3.1.0\spring-boot-starter-data-jpa-3.1.0.jar;C:\Users\no1s\.m2\repository\org\springframework\boot\spring-boot-starter-aop\3.1.0\spring-boot-starter-aop-3.1.0.jar;C:\Users\no1s\.m2\repository\org\aspectj\aspectjweaver\1.9.19\aspectjweaver-1.9.19.jar;C:\Users\no1s\.m2\repository\org\springframework\boot\spring-boot-starter-jdbc\3.1.0\spring-boot-starter-jdbc-3.1.0.jar;C:\Users\no1s\.m2\repository\com\zaxxer\HikariCP\5.0.1\HikariCP-5.0.1.jar;C:\Users\no1s\.m2\repository\org\springframework\spring-jdbc\6.0.9\spring-jdbc-6.0.9.jar;C:\Users\no1s\.m2\repository\org\hibernate\orm\hibernate-core\6.2.2.Final\hibernate-core-6.2.2.Final.jar;C:\Users\no1s\.m2\repository\jakarta\persistence\jakarta.persistence-api\3.1.0\jakarta.persistence-api-3.1.0.jar;C:\Users\no1s\.m2\repository\jakarta\transaction\jakarta.transaction-api\2.0.1\jakarta.transaction-api-2.0.1.jar;C:\Users\no1s\.m2\repository\org\jboss\logging\jboss-logging\3.5.0.Final\jboss-logging-3.5.0.Final.jar;C:\Users\no1s\.m2\repository\org\hibernate\common\hibernate-commons-annotations\6.0.6.Final\hibernate-commons-annotations-6.0.6.Final.jar;C:\Users\no1s\.m2\repository\io\smallrye\jandex\3.0.5\jandex-3.0.5.jar;C:\Users\no1s\.m2\repository\com\fasterxml\classmate\1.5.1\classmate-1.5.1.jar;C:\Users\no1s\.m2\repository\net\bytebuddy\byte-buddy\1.14.4\byte-buddy-1.14.4.jar;C:\Users\no1s\.m2\repository\org\glassfish\jaxb\jaxb-runtime\4.0.2\jaxb-runtime-4.0.2.jar;C:\Users\no1s\.m2\repository\org\glassfish\jaxb\jaxb-core\4.0.2\jaxb-core-4.0.2.jar;C:\Users\no1s\.m2\repository\org\eclipse\angus\angus-activation\2.0.0\angus-activation-2.0.0.jar;C:\Users\no1s\.m2\repository\org\glassfish\jaxb\txw2\4.0.2\txw2-4.0.2.jar;C:\Users\no1s\.m2\repository\com\sun\istack\istack-commons-runtime\4.1.1\istack-commons-runtime-4.1.1.jar;C:\Users\no1s\.m2\repository\jakarta\inject\jakarta.inject-api\2.0.1\jakarta.inject-api-2.0.1.jar;C:\Users\no1s\.m2\repository\org\antlr\antlr4-runtime\4.10.1\antlr4-runtime-4.10.1.jar;C:\Users\no1s\.m2\repository\org\springframework\data\spring-data-jpa\3.1.0\spring-data-jpa-3.1.0.jar;C:\Users\no1s\.m2\repository\org\springframework\data\spring-data-commons\3.1.0\spring-data-commons-3.1.0.jar;C:\Users\no1s\.m2\repository\org\springframework\spring-orm\6.0.9\spring-orm-6.0.9.jar;C:\Users\no1s\.m2\repository\org\springframework\spring-context\6.0.9\spring-context-6.0.9.jar;C:\Users\no1s\.m2\repository\org\springframework\spring-tx\6.0.9\spring-tx-6.0.9.jar;C:\Users\no1s\.m2\repository\org\springframework\spring-beans\6.0.9\spring-beans-6.0.9.jar;C:\Users\no1s\.m2\repository\jakarta\annotation\jakarta.annotation-api\2.1.1\jakarta.annotation-api-2.1.1.jar;C:\Users\no1s\.m2\repository\org\springframework\spring-aspects\6.0.9\spring-aspects-6.0.9.jar;C:\Users\no1s\.m2\repository\org\springframework\boot\spring-boot-starter-thymeleaf\3.1.0\spring-boot-starter-thymeleaf-3.1.0.jar;C:\Users\no1s\.m2\repository\org\springframework\boot\spring-boot-starter\3.1.0\spring-boot-starter-3.1.0.jar;C:\Users\no1s\.m2\repository\org\springframework\boot\spring-boot-starter-logging\3.1.0\spring-boot-starter-logging-3.1.0.jar;C:\Users\no1s\.m2\repository\ch\qos\logback\logback-classic\1.4.7\logback-classic-1.4.7.jar;C:\Users\no1s\.m2\repository\ch\qos\logback\logback-core\1.4.7\logback-core-1.4.7.jar;C:\Users\no1s\.m2\repository\org\apache\logging\log4j\log4j-to-slf4j\2.20.0\log4j-to-slf4j-2.20.0.jar;C:\Users\no1s\.m2\repository\org\apache\logging\log4j\log4j-api\2.20.0\log4j-api-2.20.0.jar;C:\Users\no1s\.m2\repository\org\slf4j\jul-to-slf4j\2.0.7\jul-to-slf4j-2.0.7.jar;C:\Users\no1s\.m2\repository\org\yaml\snakeyaml\1.33\snakeyaml-1.33.jar;C:\Users\no1s\.m2\repository\org\thymeleaf\thymeleaf-spring6\3.1.1.RELEASE\thymeleaf-spring6-3.1.1.RELEASE.jar;C:\Users\no1s\.m2\repository\org\springframework\boot\spring-boot-starter-validation\3.1.0\spring-boot-starter-validation-3.1.0.jar;C:\Users\no1s\.m2\repository\org\apache\tomcat\embed\tomcat-embed-el\10.1.8\tomcat-embed-el-10.1.8.jar;C:\Users\no1s\.m2\repository\org\hibernate\validator\hibernate-validator\8.0.0.Final\hibernate-validator-8.0.0.Final.jar;C:\Users\no1s\.m2\repository\jakarta\validation\jakarta.validation-api\3.0.2\jakarta.validation-api-3.0.2.jar;C:\Users\no1s\.m2\repository\org\springframework\boot\spring-boot-starter-web\3.1.0\spring-boot-starter-web-3.1.0.jar;C:\Users\no1s\.m2\repository\org\springframework\boot\spring-boot-starter-json\3.1.0\spring-boot-starter-json-3.1.0.jar;C:\Users\no1s\.m2\repository\com\fasterxml\jackson\core\jackson-databind\2.15.0\jackson-databind-2.15.0.jar;C:\Users\no1s\.m2\repository\com\fasterxml\jackson\core\jackson-annotations\2.15.0\jackson-annotations-2.15.0.jar;C:\Users\no1s\.m2\repository\com\fasterxml\jackson\datatype\jackson-datatype-jdk8\2.15.0\jackson-datatype-jdk8-2.15.0.jar;C:\Users\no1s\.m2\repository\com\fasterxml\jackson\datatype\jackson-datatype-jsr310\2.15.0\jackson-datatype-jsr310-2.15.0.jar;C:\Users\no1s\.m2\repository\com\fasterxml\jackson\module\jackson-module-parameter-names\2.15.0\jackson-module-parameter-names-2.15.0.jar;C:\Users\no1s\.m2\repository\org\springframework\boot\spring-boot-starter-tomcat\3.1.0\spring-boot-starter-tomcat-3.1.0.jar;C:\Users\no1s\.m2\repository\org\apache\tomcat\embed\tomcat-embed-core\10.1.8\tomcat-embed-core-10.1.8.jar;C:\Users\no1s\.m2\repository\org\apache\tomcat\embed\tomcat-embed-websocket\10.1.8\tomcat-embed-websocket-10.1.8.jar;C:\Users\no1s\.m2\repository\org\springframework\spring-web\6.0.9\spring-web-6.0.9.jar;C:\Users\no1s\.m2\repository\io\micrometer\micrometer-observation\1.11.0\micrometer-observation-1.11.0.jar;C:\Users\no1s\.m2\repository\io\micrometer\micrometer-commons\1.11.0\micrometer-commons-1.11.0.jar;C:\Users\no1s\.m2\repository\org\springframework\spring-webmvc\6.0.9\spring-webmvc-6.0.9.jar;C:\Users\no1s\.m2\repository\org\springframework\spring-expression\6.0.9\spring-expression-6.0.9.jar;C:\Users\no1s\.m2\repository\org\springframework\boot\spring-boot-devtools\3.1.0\spring-boot-devtools-3.1.0.jar;C:\Users\no1s\.m2\repository\org\springframework\boot\spring-boot\3.1.0\spring-boot-3.1.0.jar;C:\Users\no1s\.m2\repository\org\springframework\boot\spring-boot-autoconfigure\3.1.0\spring-boot-autoconfigure-3.1.0.jar;C:\Users\no1s\.m2\repository\com\mysql\mysql-connector-j\8.0.33\mysql-connector-j-8.0.33.jar;C:\Users\no1s\.m2\repository\org\projectlombok\lombok\1.18.26\lombok-1.18.26.jar;C:\Users\no1s\.m2\repository\jakarta\xml\bind\jakarta.xml.bind-api\4.0.0\jakarta.xml.bind-api-4.0.0.jar;C:\Users\no1s\.m2\repository\jakarta\activation\jakarta.activation-api\2.1.2\jakarta.activation-api-2.1.2.jar;C:\Users\no1s\.m2\repository\org\springframework\spring-core\6.0.9\spring-core-6.0.9.jar;C:\Users\no1s\.m2\repository\org\springframework\spring-jcl\6.0.9\spring-jcl-6.0.9.jar;C:\Users\no1s\.m2\repository\org\flywaydb\flyway-mysql\9.16.3\flyway-mysql-9.16.3.jar;C:\Users\no1s\.m2\repository\org\flywaydb\flyway-core\9.16.3\flyway-core-9.16.3.jar;C:\Users\no1s\.m2\repository\com\fasterxml\jackson\dataformat\jackson-dataformat-toml\2.15.0\jackson-dataformat-toml-2.15.0.jar;C:\Users\no1s\.m2\repository\org\apache\commons\commons-text\1.10.0\commons-text-1.10.0.jar;C:\Users\no1s\.m2\repository\org\apache\commons\commons-lang3\3.12.0\commons-lang3-3.12.0.jar;C:\Users\no1s\.m2\repository\org\springframework\boot\spring-boot-starter-security\3.1.0\spring-boot-starter-security-3.1.0.jar;C:\Users\no1s\.m2\repository\org\springframework\spring-aop\6.0.9\spring-aop-6.0.9.jar;C:\Users\no1s\.m2\repository\org\springframework\security\spring-security-config\6.1.0\spring-security-config-6.1.0.jar;C:\Users\no1s\.m2\repository\org\springframework\security\spring-security-core\6.1.0\spring-security-core-6.1.0.jar;C:\Users\no1s\.m2\repository\org\springframework\security\spring-security-crypto\6.1.0\spring-security-crypto-6.1.0.jar;C:\Users\no1s\.m2\repository\org\springframework\security\spring-security-web\6.1.0\spring-security-web-6.1.0.jar;C:\Users\no1s\.m2\repository\org\thymeleaf\extras\thymeleaf-extras-springsecurity6\3.1.1.RELEASE\thymeleaf-extras-springsecurity6-3.1.1.RELEASE.jar;C:\Users\no1s\.m2\repository\org\slf4j\slf4j-api\2.0.7\slf4j-api-2.0.7.jar;C:\Users\no1s\.m2\repository\org\webjars\bootstrap\5.2.3\bootstrap-5.2.3.jar;C:\Users\no1s\.m2\repository\org\webjars\webjars-locator-core\0.52\webjars-locator-core-0.52.jar;C:\Users\no1s\.m2\repository\io\github\classgraph\classgraph\4.8.147\classgraph-4.8.147.jar;C:\Users\no1s\.m2\repository\com\fasterxml\jackson\core\jackson-core\2.15.0\jackson-core-2.15.0.jar;C:\Users\no1s\.m2\repository\org\webjars\npm\bootstrap-icons\1.10.5\bootstrap-icons-1.10.5.jar;C:\Users\no1s\.m2\repository\nz\net\ultraq\thymeleaf\thymeleaf-layout-dialect\3.2.1\thymeleaf-layout-dialect-3.2.1.jar;C:\Users\no1s\.m2\repository\org\apache\groovy\groovy\4.0.12\groovy-4.0.12.jar;C:\Users\no1s\.m2\repository\nz\net\ultraq\groovy\groovy-extensions\2.1.0\groovy-extensions-2.1.0.jar;C:\Users\no1s\.m2\repository\nz\net\ultraq\thymeleaf\thymeleaf-expression-processor\3.1.1\thymeleaf-expression-processor-3.1.1.jar;C:\Users\no1s\.m2\repository\org\thymeleaf\thymeleaf\3.1.1.RELEASE\thymeleaf-3.1.1.RELEASE.jar;C:\Users\no1s\.m2\repository\ognl\ognl\3.3.4\ognl-3.3.4.jar;C:\Users\no1s\.m2\repository\org\javassist\javassist\3.29.0-GA\javassist-3.29.0-GA.jar;C:\Users\no1s\.m2\repository\org\attoparser\attoparser\2.0.6.RELEASE\attoparser-2.0.6.RELEASE.jar;C:\Users\no1s\.m2\repository\org\unbescape\unbescape\1.1.6.RELEASE\unbescape-1.1.6.RELEASE.jar
Launcher Type: SUN_STANDARD

[Global flags]
     intx CICompilerCount                          = 4                                         {product} {ergonomic}
     uint ConcGCThreads                            = 2                                         {product} {ergonomic}
     uint G1ConcRefinementThreads                  = 8                                         {product} {ergonomic}
   size_t G1HeapRegionSize                         = 2097152                                   {product} {ergonomic}
    uintx GCDrainStackTargetSize                   = 64                                        {product} {ergonomic}
   size_t InitialHeapSize                          = 264241152                                 {product} {ergonomic}
     bool ManagementServer                         = true                                      {product} {command line}
   size_t MarkStackSize                            = 4194304                                   {product} {ergonomic}
   size_t MaxHeapSize                              = 4213178368                                {product} {ergonomic}
   size_t MaxNewSize                               = 2527068160                                {product} {ergonomic}
   size_t MinHeapDeltaBytes                        = 2097152                                   {product} {ergonomic}
   size_t MinHeapSize                              = 8388608                                   {product} {ergonomic}
    uintx NonProfiledCodeHeapSize                  = 0                                      {pd product} {ergonomic}
     bool ProfileInterpreter                       = false                                  {pd product} {command line}
    uintx ProfiledCodeHeapSize                     = 0                                      {pd product} {ergonomic}
     bool ShowCodeDetailsInExceptionMessages       = true                                   {manageable} {command line}
   size_t SoftMaxHeapSize                          = 4213178368                             {manageable} {ergonomic}
     intx TieredStopAtLevel                        = 1                                         {product} {command line}
     bool UseCompressedClassPointers               = true                           {product lp64_product} {ergonomic}
     bool UseCompressedOops                        = true                           {product lp64_product} {ergonomic}
     bool UseG1GC                                  = true                                      {product} {ergonomic}
     bool UseLargePagesIndividualAllocation        = false                                  {pd product} {ergonomic}

Logging:
Log output configuration:
 #0: stdout all=warning uptime,level,tags foldmultilines=false
 #1: stderr all=off uptime,level,tags foldmultilines=false

Environment Variables:
JAVA_HOME=C:\Program Files\Java\jdk-20
PATH=C:/pleiades/java/17/bin/server;C:/pleiades/java/17/bin;C:\Program Files\Java\jdk-20\bin;C:\Program Files\Common Files\Oracle\Java\javapath;C:\WINDOWS\system32;C:\WINDOWS;C:\WINDOWS\System32\Wbem;C:\WINDOWS\System32\WindowsPowerShell\v1.0\;C:\WINDOWS\System32\OpenSSH\;C:\xampp\php;C:\composer;C:\ProgramData\chocolatey\bin;C:\ProgramData\chocolatey\lib\maven\apache-maven-3.9.1\bin;C:\Program Files\Docker\Docker\resources\bin;C:\Program Files\Java\jdk-20\bin;C:\Users\no1s\AppData\Local\Microsoft\WindowsApps;;C:\Users\no1s\AppData\Local\Programs\Microsoft VS Code\bin;C:\Users\no1s\AppData\Roaming\Composer\vendor\bin;C:\pleiades\eclipse;
USERNAME=no1s
OS=Windows_NT
PROCESSOR_IDENTIFIER=Intel64 Family 6 Model 140 Stepping 1, GenuineIntel
TMP=C:\Users\no1s\AppData\Local\Temp
TEMP=C:\Users\no1s\AppData\Local\Temp




---------------  S Y S T E M  ---------------

OS:
 Windows 10 , 64 bit Build 19041 (10.0.19041.2913)
OS uptime: 12 days 5:01 hours
Hyper-V role detected

CPU: total 8 (initial active 8) (4 cores per cpu, 2 threads per core) family 6 model 140 stepping 1 microcode 0xa6, cx8, cmov, fxsr, ht, mmx, 3dnowpref, sse, sse2, sse3, ssse3, sse4.1, sse4.2, popcnt, lzcnt, tsc, tscinvbit, avx, avx2, aes, erms, clmul, bmi1, bmi2, adx, avx512f, avx512dq, avx512cd, avx512bw, avx512vl, sha, fma, vzeroupper, avx512_vpopcntdq, avx512_vpclmulqdq, avx512_vaes, avx512_vnni, clflush, clflushopt, clwb, avx512_vbmi2, avx512_vbmi, hv, rdtscp, rdpid, fsrm, gfni, avx512_bitalg, f16c, cet_ibt, cet_ss, avx512_ifma

Memory: 4k page, system-wide physical 16064M (8529M free)
TotalPageFile size 18496M (AvailPageFile size 8595M)
current process WorkingSet (physical memory assigned to process): 320M, peak: 320M
current process commit charge ("private bytes"): 365M, peak: 371M

vm_info: Java HotSpot(TM) 64-Bit Server VM (20+36-2344) for windows-amd64 JRE (20+36-2344), built on 2023-02-10T19:30:15Z by "mach5one" with MS VC++ 17.1 (VS2022)

END.
